66.0 APEX_CODE,FINEST;APEX_PROFILING,INFO;CALLOUT,INFO;DATA_ACCESS,INFO;DB,INFO;NBA,INFO;SYSTEM,DEBUG;VALIDATION,INFO;VISUALFORCE,INFO;WAVE,INFO;WORKFLOW,INFO
18:19:38.1 (1445078)|USER_INFO|[EXTERNAL]|005a500001kpSnF|takahiro.nagai.docusigndemo20250910@gmail.com|(GMT+09:00) 日本標準時 (Asia/Tokyo)|GMT+09:00
18:19:38.1 (3718017)|ENTERING_MANAGED_PKG|dfsle
18:19:38.1 (4485740)|ENTERING_MANAGED_PKG|dfsle
18:19:38.1 (11973495)|ENTERING_MANAGED_PKG|dfsle
18:19:38.1 (17145269)|ENTERING_MANAGED_PKG|dfsle
18:19:38.1 (17818317)|ENTERING_MANAGED_PKG|dfsle
18:19:38.1 (17882510)|ENTERING_MANAGED_PKG|dfsle
18:19:38.1 (27018161)|SOQL_EXECUTE_BEGIN|[41]|Aggregations:0|SELECT InstanceName, IsSandbox, OrganizationType, NamespacePrefix FROM Organization LIMIT 1
18:19:38.1 (35175496)|SOQL_EXECUTE_END|[41]|Rows:1
18:19:38.1 (35732147)|ENTERING_MANAGED_PKG|dfsle
18:19:38.1 (35798512)|ENTERING_MANAGED_PKG|dfsle
18:19:38.1 (35882419)|ENTERING_MANAGED_PKG|dfsle
18:19:38.1 (36027273)|ENTERING_MANAGED_PKG|dfsle
18:19:38.1 (36063657)|ENTERING_MANAGED_PKG|dfsle
18:19:38.1 (36086129)|ENTERING_MANAGED_PKG|dfsle
18:19:38.1 (36133976)|ENTERING_MANAGED_PKG|dfsle
18:19:38.1 (36177128)|ENTERING_MANAGED_PKG|dfsle
18:19:38.1 (36221145)|ENTERING_MANAGED_PKG|dfsle
18:19:38.1 (292647944)|ENTERING_MANAGED_PKG|dfsle
18:19:38.1 (292710912)|ENTERING_MANAGED_PKG|dfsle
18:19:38.1 (292772894)|ENTERING_MANAGED_PKG|dfsle
18:19:38.1 (293129870)|ENTERING_MANAGED_PKG|dfsle
18:19:38.1 (293165423)|ENTERING_MANAGED_PKG|dfsle
18:19:38.1 (293185028)|ENTERING_MANAGED_PKG|dfsle
18:19:38.1 (297303938)|ENTERING_MANAGED_PKG|dfsle
18:19:38.1 (297764083)|ENTERING_MANAGED_PKG|dfsle
18:19:38.1 (299813604)|ENTERING_MANAGED_PKG|dfsle
18:19:38.1 (300047126)|ENTERING_MANAGED_PKG|dfsle
18:19:38.1 (308501427)|ENTERING_MANAGED_PKG|dfsle
18:19:38.1 (308581569)|ENTERING_MANAGED_PKG|dfsle
18:19:38.1 (309055989)|ENTERING_MANAGED_PKG|dfsle
18:19:38.1 (309127207)|ENTERING_MANAGED_PKG|dfsle
18:19:38.1 (309915091)|ENTERING_MANAGED_PKG|dfsle
18:19:38.1 (310374231)|ENTERING_MANAGED_PKG|dfsle
18:19:38.1 (314593725)|ENTERING_MANAGED_PKG|dfsle
18:19:38.1 (314640589)|ENTERING_MANAGED_PKG|dfsle
18:19:38.1 (320141037)|ENTERING_MANAGED_PKG|dfsle
18:19:38.1 (320315400)|ENTERING_MANAGED_PKG|dfsle
18:19:38.1 (321084383)|ENTERING_MANAGED_PKG|dfsle
18:19:38.1 (321152579)|ENTERING_MANAGED_PKG|dfsle
18:19:38.1 (321196165)|ENTERING_MANAGED_PKG|dfsle
18:19:38.1 (321236178)|ENTERING_MANAGED_PKG|dfsle
18:19:38.1 (321250803)|ENTERING_MANAGED_PKG|dfsle
18:19:38.1 (321447630)|ENTERING_MANAGED_PKG|dfsle
18:19:38.1 (321491521)|ENTERING_MANAGED_PKG|dfsle
18:19:38.1 (321671375)|ENTERING_MANAGED_PKG|dfsle
18:19:38.1 (321740992)|ENTERING_MANAGED_PKG|dfsle
18:19:38.1 (321841990)|ENTERING_MANAGED_PKG|dfsle
18:19:38.1 (327873705)|ENTERING_MANAGED_PKG|dfsle
18:19:38.1 (328069185)|ENTERING_MANAGED_PKG|dfsle
18:19:38.1 (328126845)|ENTERING_MANAGED_PKG|dfsle
18:19:38.1 (328149928)|ENTERING_MANAGED_PKG|dfsle
18:19:38.1 (328179285)|ENTERING_MANAGED_PKG|dfsle
18:19:38.1 (328205488)|ENTERING_MANAGED_PKG|dfsle
18:19:38.1 (328348618)|ENTERING_MANAGED_PKG|dfsle
18:19:38.1 (328436285)|ENTERING_MANAGED_PKG|dfsle
18:19:38.1 (328477304)|ENTERING_MANAGED_PKG|dfsle
18:19:38.1 (328508723)|ENTERING_MANAGED_PKG|dfsle
18:19:38.1 (328534166)|ENTERING_MANAGED_PKG|dfsle
18:19:38.1 (328583096)|ENTERING_MANAGED_PKG|dfsle
18:19:38.1 (329215616)|SOQL_EXECUTE_BEGIN|[37]|Aggregations:0|SELECT Username__c FROM User WHERE Id = :tmpVar1 LIMIT 1
18:19:38.1 (339783122)|SOQL_EXECUTE_END|[37]|Rows:1
18:19:38.1 (340019646)|ENTERING_MANAGED_PKG|dfsle
18:19:38.1 (340103494)|ENTERING_MANAGED_PKG|dfsle
18:19:38.1 (340414506)|ENTERING_MANAGED_PKG|dfsle
18:19:38.1 (341237958)|ENTERING_MANAGED_PKG|dfsle
18:19:38.1 (341300797)|ENTERING_MANAGED_PKG|dfsle
18:19:38.1 (341421767)|ENTERING_MANAGED_PKG|dfsle
18:19:38.1 (341484445)|ENTERING_MANAGED_PKG|dfsle
18:19:38.1 (341518361)|ENTERING_MANAGED_PKG|dfsle
18:19:38.1 (341545992)|ENTERING_MANAGED_PKG|dfsle
18:19:38.1 (341573776)|ENTERING_MANAGED_PKG|dfsle
18:19:38.1 (341613152)|ENTERING_MANAGED_PKG|dfsle
