66.0 APEX_CODE,FINEST;APEX_PROFILING,INFO;CALLOUT,INFO;DATA_ACCESS,INFO;DB,INFO;NBA,INFO;SYSTEM,DEBUG;VALIDATION,INFO;VISUALFORCE,INFO;WAVE,INFO;WORKFLOW,INFO
18:32:02.5 (5049013)|USER_INFO|[EXTERNAL]|005a500001kpSnF|takahiro.nagai.docusigndemo20250910@gmail.com|(GMT+09:00) 日本標準時 (Asia/Tokyo)|GMT+09:00
18:32:02.5 (5125522)|EXECUTION_STARTED
18:32:02.5 (5159548)|CODE_UNIT_STARTED|[EXTERNAL]|apex://DocuSignEnvelopeController/ACTION$getOpportunityPDFFiles
18:32:02.5 (7678471)|CODE_UNIT_STARTED|[EXTERNAL]|01pa500000QHAX3|DocuSignEnvelopeController.getOpportunityPDFFiles(Id)
18:32:02.5 (10071798)|HEAP_ALLOCATE|[95]|Bytes:3
18:32:02.5 (10201977)|HEAP_ALLOCATE|[100]|Bytes:152
18:32:02.5 (10218728)|HEAP_ALLOCATE|[417]|Bytes:408
18:32:02.5 (10229683)|HEAP_ALLOCATE|[430]|Bytes:408
18:32:02.5 (10249437)|HEAP_ALLOCATE|[317]|Bytes:6
18:32:02.5 (10257237)|HEAP_ALLOCATE|[EXTERNAL]|Bytes:8
18:32:02.5 (10260887)|HEAP_ALLOCATE|[EXTERNAL]|Bytes:11
18:32:02.5 (10262764)|HEAP_ALLOCATE|[EXTERNAL]|Bytes:22
18:32:02.5 (10322058)|METHOD_ENTRY|[1]|01pa500000QHAX3|DocuSignEnvelopeController.DocuSignEnvelopeController()
18:32:02.5 (10415060)|STATEMENT_EXECUTE|[1]
18:32:02.5 (10430960)|STATEMENT_EXECUTE|[1]
18:32:02.5 (10452513)|HEAP_ALLOCATE|[68]|Bytes:5
18:32:02.5 (10489647)|HEAP_ALLOCATE|[74]|Bytes:5
18:32:02.5 (10494452)|HEAP_ALLOCATE|[82]|Bytes:7
18:32:02.5 (10950029)|HEAP_ALLOCATE|[EXTERNAL]|Bytes:5
18:32:02.5 (10960220)|STATEMENT_EXECUTE|[164]
18:32:02.5 (10983296)|METHOD_EXIT|[1]|DocuSignEnvelopeController
18:32:02.5 (11048100)|HEAP_ALLOCATE|[EXTERNAL]|Bytes:4
18:32:02.5 (11065437)|VARIABLE_SCOPE_BEGIN|[9]|recordId|Id|false|false
18:32:02.5 (11322238)|VARIABLE_ASSIGNMENT|[9]|recordId|"006a500000u0NM9AAM"
18:32:02.5 (11349458)|HEAP_ALLOCATE|[10]|Bytes:5
18:32:02.5 (11353565)|STATEMENT_EXECUTE|[9]
18:32:02.5 (11356393)|STATEMENT_EXECUTE|[10]
18:32:02.5 (11371943)|HEAP_ALLOCATE|[10]|Bytes:4
18:32:02.5 (11495732)|VARIABLE_SCOPE_BEGIN|[10]|files|List<DocuSignEnvelopeController.FileInfo>|true|false
18:32:02.5 (11539835)|HEAP_ALLOCATE|[EXTERNAL]|Bytes:4
18:32:02.5 (11566486)|VARIABLE_ASSIGNMENT|[10]|files|[]|0x39781dd1
18:32:02.5 (11570757)|STATEMENT_EXECUTE|[12]
18:32:02.5 (11571793)|STATEMENT_EXECUTE|[12]
18:32:02.5 (11572688)|STATEMENT_EXECUTE|[14]
18:32:02.5 (11575270)|HEAP_ALLOCATE|[14]|Bytes:297
18:32:02.5 (11592483)|HEAP_ALLOCATE|[14]|Bytes:4
18:32:02.5 (11600781)|HEAP_ALLOCATE|[14]|Bytes:7
18:32:02.5 (28606564)|SOQL_EXECUTE_BEGIN|[14]|Aggregations:0|SELECT ContentDocumentId, ContentDocument.Title, ContentDocument.FileExtension, ContentDocument.ContentSize, ContentDocument.LatestPublishedVersionId FROM ContentDocumentLink WHERE (LinkedEntityId = :tmpVar1 AND ContentDocument.FileExtension = 'pdf') ORDER BY ContentDocument.Title ASC NULLS FIRST
18:32:02.5 (64135670)|SOQL_EXECUTE_END|[14]|Rows:1
18:32:02.5 (64187370)|HEAP_ALLOCATE|[14]|Bytes:8
18:32:02.5 (64217661)|HEAP_ALLOCATE|[14]|Bytes:214
18:32:02.5 (64350127)|HEAP_ALLOCATE|[14]|Bytes:8
18:32:02.5 (64378715)|VARIABLE_SCOPE_BEGIN|[14]|cdLinks|List<ContentDocumentLink>|true|false
18:32:02.5 (64675945)|VARIABLE_ASSIGNMENT|[14]|cdLinks|[{"ContentDocument":{"Title":"白紙の文書","Id":"069a500000FhWDhAAN","LatestPublishedVersionId":"068a500000Fou4nAAB","ContentSize":88372,"FileExtension":"pdf"},"ContentDocumentId":"069a500000FhWDhAAN","Id":"06Aa500000HdmJ8EAJ"}]|0x18906048
18:32:02.5 (65024305)|HEAP_ALLOCATE|[24]|Bytes:5
18:32:02.5 (65080284)|HEAP_ALLOCATE|[24]|Bytes:16
18:32:02.5 (65093181)|VARIABLE_SCOPE_BEGIN|[24]|link|ContentDocumentLink|true|false
18:32:02.5 (65181399)|VARIABLE_ASSIGNMENT|[24]|link|{"ContentDocument":{"Title":"白紙の文書","Id":"069a500000FhWDhAAN","LatestPublishedVersionId":"068a500000Fou4nAAB","ContentSize":88372,"FileExtension":"pdf"},"ContentDocumentId":"069a500000FhWDhAAN","Id":"06Aa500000HdmJ8EAJ"}|0x4506acef
18:32:02.5 (65195359)|STATEMENT_EXECUTE|[24]
18:32:02.5 (65201373)|STATEMENT_EXECUTE|[25]
18:32:02.5 (65283022)|HEAP_ALLOCATE|[25]|Bytes:3
18:32:02.5 (65315644)|HEAP_ALLOCATE|[25]|Bytes:20
18:32:02.5 (65378799)|HEAP_ALLOCATE|[25]|Bytes:18
18:32:02.5 (65529304)|CONSTRUCTOR_ENTRY|[25]|01pa500000QHAX3|<init>(String,String,String,Integer)|DocuSignEnvelopeController.FileInfo
18:32:02.5 (65575761)|VARIABLE_SCOPE_BEGIN|[170]|this|DocuSignEnvelopeController.FileInfo|true|false
18:32:02.5 (65662454)|VARIABLE_ASSIGNMENT|[170]|this|{}|0x79d9be41
18:32:02.5 (65670324)|VARIABLE_SCOPE_BEGIN|[170]|docId|String|false|false
18:32:02.5 (65680399)|VARIABLE_ASSIGNMENT|[170]|docId|"069a500000FhWDhAAN"
18:32:02.5 (65703959)|VARIABLE_SCOPE_BEGIN|[170]|title|String|false|false
18:32:02.5 (65711081)|VARIABLE_ASSIGNMENT|[170]|title|"白紙の文書"
18:32:02.5 (65716722)|VARIABLE_SCOPE_BEGIN|[170]|ext|String|false|false
18:32:02.5 (65723159)|VARIABLE_ASSIGNMENT|[170]|ext|"pdf"
18:32:02.5 (65726940)|VARIABLE_SCOPE_BEGIN|[170]|size|Integer|false|false
18:32:02.5 (65734795)|VARIABLE_ASSIGNMENT|[170]|size|88372
18:32:02.5 (65742339)|STATEMENT_EXECUTE|[164]
18:32:02.5 (65745119)|STATEMENT_EXECUTE|[165]
18:32:02.5 (65747058)|STATEMENT_EXECUTE|[166]
18:32:02.5 (65748392)|STATEMENT_EXECUTE|[167]
18:32:02.5 (65749876)|STATEMENT_EXECUTE|[168]
18:32:02.5 (65758713)|HEAP_ALLOCATE|[171]|Bytes:6
18:32:02.5 (66696831)|STATEMENT_EXECUTE|[170]
18:32:02.5 (66701918)|STATEMENT_EXECUTE|[171]
18:32:02.5 (66733623)|VARIABLE_ASSIGNMENT|[171]|this.documentId|"069a500000FhWDhAAN"|0x79d9be41
18:32:02.5 (66747913)|STATEMENT_EXECUTE|[172]
18:32:02.5 (66754702)|VARIABLE_ASSIGNMENT|[172]|this.title|"白紙の文書"|0x79d9be41
18:32:02.5 (66760945)|STATEMENT_EXECUTE|[173]
18:32:02.5 (66765512)|VARIABLE_ASSIGNMENT|[173]|this.fileExtension|"pdf"|0x79d9be41
18:32:02.5 (66769674)|STATEMENT_EXECUTE|[174]
18:32:02.5 (66775100)|VARIABLE_ASSIGNMENT|[174]|this.fileSize|88372|0x79d9be41
18:32:02.5 (66797243)|CONSTRUCTOR_EXIT|[25]|01pa500000QHAX3|<init>(String,String,String,Integer)|DocuSignEnvelopeController.FileInfo
18:32:02.5 (66821291)|HEAP_ALLOCATE|[EXTERNAL]|Bytes:4
18:32:02.5 (66843564)|HEAP_ALLOCATE|[24]|Bytes:5
18:32:02.5 (66859760)|VARIABLE_ASSIGNMENT|[24]|link|null|
18:32:02.5 (66865158)|STATEMENT_EXECUTE|[37]
18:32:02.66 (66937130)|CUMULATIVE_LIMIT_USAGE
18:32:02.66 (66937130)|LIMIT_USAGE_FOR_NS|(default)|
  Number of SOQL queries: 1 out of 100
  Number of query rows: 1 out of 50000
  Number of SOSL queries: 0 out of 20
  Number of DML statements: 0 out of 0
  Number of Publish Immediate DML: 0 out of 150
  Number of DML rows: 0 out of 10000
  Maximum CPU time: 0 out of 10000
  Maximum heap size: 0 out of 6000000
  Number of callouts: 0 out of 100
  Number of Email Invocations: 0 out of 10
  Number of future calls: 0 out of 50
  Number of queueable jobs added to the queue: 0 out of 50
  Number of Mobile Apex push calls: 0 out of 10

18:32:02.66 (66937130)|CUMULATIVE_LIMIT_USAGE_END

18:32:02.5 (66993310)|CODE_UNIT_FINISHED|DocuSignEnvelopeController.getOpportunityPDFFiles(Id)
18:32:02.5 (67328525)|CODE_UNIT_FINISHED|apex://DocuSignEnvelopeController/ACTION$getOpportunityPDFFiles
18:32:02.5 (67343199)|EXECUTION_FINISHED
