66.0 APEX_CODE,FINEST;APEX_PROFILING,INFO;CALLOUT,INFO;DATA_ACCESS,INFO;DB,INFO;NBA,INFO;SYSTEM,DEBUG;VALIDATION,INFO;VISUALFORCE,INFO;WAVE,INFO;WORKFLOW,INFO
18:32:06.1 (1760293)|USER_INFO|[EXTERNAL]|005a500001kpSnF|takahiro.nagai.docusigndemo20250910@gmail.com|(GMT+09:00) 日本標準時 (Asia/Tokyo)|GMT+09:00
18:32:06.1 (1847543)|EXECUTION_STARTED
18:32:06.1 (1879580)|CODE_UNIT_STARTED|[EXTERNAL]|apex://WorkspaceController/ACTION$getSavedWorkspaceId
18:32:06.1 (6309210)|CODE_UNIT_STARTED|[EXTERNAL]|01pa500000QRBV3|WorkspaceController.getSavedWorkspaceId(String)
18:32:06.1 (6905792)|HEAP_ALLOCATE|[95]|Bytes:3
18:32:06.1 (7065840)|HEAP_ALLOCATE|[100]|Bytes:152
18:32:06.1 (7104562)|HEAP_ALLOCATE|[417]|Bytes:408
18:32:06.1 (7129842)|HEAP_ALLOCATE|[430]|Bytes:408
18:32:06.1 (7183820)|HEAP_ALLOCATE|[317]|Bytes:6
18:32:06.1 (7203550)|HEAP_ALLOCATE|[EXTERNAL]|Bytes:43
18:32:06.1 (7228132)|METHOD_ENTRY|[1]|01pa500000QRBV3|WorkspaceController.WorkspaceController()
18:32:06.1 (7248635)|STATEMENT_EXECUTE|[1]
18:32:06.1 (7259504)|STATEMENT_EXECUTE|[1]
18:32:06.1 (7283826)|HEAP_ALLOCATE|[68]|Bytes:5
18:32:06.1 (7327829)|HEAP_ALLOCATE|[74]|Bytes:5
18:32:06.1 (7334757)|HEAP_ALLOCATE|[82]|Bytes:7
18:32:06.1 (7357512)|HEAP_ALLOCATE|[EXTERNAL]|Bytes:5
18:32:06.1 (7371037)|METHOD_EXIT|[1]|WorkspaceController
18:32:06.1 (7375542)|HEAP_ALLOCATE|[EXTERNAL]|Bytes:18
18:32:06.1 (7404937)|VARIABLE_SCOPE_BEGIN|[30]|opportunityId|String|false|false
18:32:06.1 (7516716)|VARIABLE_ASSIGNMENT|[30]|opportunityId|"006a500000u0NM9AAM"
18:32:06.1 (7536361)|HEAP_ALLOCATE|[31]|Bytes:5
18:32:06.1 (7540218)|STATEMENT_EXECUTE|[30]
18:32:06.1 (7541916)|STATEMENT_EXECUTE|[31]
18:32:06.1 (7547083)|HEAP_ALLOCATE|[31]|Bytes:76
18:32:06.1 (7567041)|HEAP_ALLOCATE|[31]|Bytes:4
18:32:06.1 (7582089)|HEAP_ALLOCATE|[31]|Bytes:7
18:32:06.1 (8332358)|SOQL_EXECUTE_BEGIN|[31]|Aggregations:0|SELECT DocuSign_Workspace_Id__c FROM Opportunity WHERE Id = :tmpVar1 LIMIT 1
18:32:06.1 (20458096)|SOQL_EXECUTE_END|[31]|Rows:1
18:32:06.1 (20499266)|HEAP_ALLOCATE|[31]|Bytes:8
18:32:06.1 (20520405)|HEAP_ALLOCATE|[31]|Bytes:64
18:32:06.1 (20619801)|HEAP_ALLOCATE|[31]|Bytes:8
18:32:06.1 (20643751)|HEAP_ALLOCATE|[31]|Bytes:37
18:32:06.1 (20775243)|HEAP_ALLOCATE|[31]|Bytes:12
18:32:06.1 (20792830)|VARIABLE_SCOPE_BEGIN|[31]|opp|Opportunity|true|false
18:32:06.1 (20937381)|VARIABLE_ASSIGNMENT|[31]|opp|{"DocuSign_Workspace_Id__c":"1978033","Id":"006a500000u0NM9AAM"}|0x7335036d
18:32:06.1 (20954482)|STATEMENT_EXECUTE|[32]
18:32:06.21 (21094891)|CUMULATIVE_LIMIT_USAGE
18:32:06.21 (21094891)|LIMIT_USAGE_FOR_NS|(default)|
  Number of SOQL queries: 1 out of 100
  Number of query rows: 1 out of 50000
  Number of SOSL queries: 0 out of 20
  Number of DML statements: 0 out of 150
  Number of Publish Immediate DML: 0 out of 150
  Number of DML rows: 0 out of 10000
  Maximum CPU time: 0 out of 10000
  Maximum heap size: 0 out of 6000000
  Number of callouts: 0 out of 100
  Number of Email Invocations: 0 out of 10
  Number of future calls: 0 out of 50
  Number of queueable jobs added to the queue: 0 out of 50
  Number of Mobile Apex push calls: 0 out of 10

18:32:06.21 (21094891)|CUMULATIVE_LIMIT_USAGE_END

18:32:06.1 (21179662)|CODE_UNIT_FINISHED|WorkspaceController.getSavedWorkspaceId(String)
18:32:06.1 (21624121)|CODE_UNIT_FINISHED|apex://WorkspaceController/ACTION$getSavedWorkspaceId
18:32:06.1 (21640488)|EXECUTION_FINISHED
