66.0 APEX_CODE,FINEST;APEX_PROFILING,INFO;CALLOUT,INFO;DATA_ACCESS,INFO;DB,INFO;NBA,INFO;SYSTEM,DEBUG;VALIDATION,INFO;VISUALFORCE,INFO;WAVE,INFO;WORKFLOW,INFO
18:19:36.1 (1237145)|USER_INFO|[EXTERNAL]|005a500001kpSnF|takahiro.nagai.docusigndemo20250910@gmail.com|(GMT+09:00) 日本標準時 (Asia/Tokyo)|GMT+09:00
18:19:36.1 (10253587)|ENTERING_MANAGED_PKG|dfsle
18:19:36.1 (11012310)|ENTERING_MANAGED_PKG|dfsle
18:19:36.1 (22189134)|ENTERING_MANAGED_PKG|dfsle
18:19:36.1 (22284139)|ENTERING_MANAGED_PKG|dfsle
18:19:36.1 (22764102)|ENTERING_MANAGED_PKG|dfsle
18:19:36.1 (22826662)|ENTERING_MANAGED_PKG|dfsle
18:19:36.1 (22956142)|ENTERING_MANAGED_PKG|dfsle
18:19:36.1 (22973247)|ENTERING_MANAGED_PKG|dfsle
18:19:36.1 (23042927)|ENTERING_MANAGED_PKG|dfsle
18:19:36.1 (25817420)|ENTERING_MANAGED_PKG|dfsle
18:19:36.1 (30361823)|ENTERING_MANAGED_PKG|dfsle
18:19:36.1 (31014598)|ENTERING_MANAGED_PKG|dfsle
18:19:36.1 (31090894)|ENTERING_MANAGED_PKG|dfsle
18:19:36.1 (40851444)|SOQL_EXECUTE_BEGIN|[41]|Aggregations:0|SELECT InstanceName, IsSandbox, OrganizationType, NamespacePrefix FROM Organization LIMIT 1
18:19:36.1 (45320048)|SOQL_EXECUTE_END|[41]|Rows:1
18:19:36.1 (45759303)|ENTERING_MANAGED_PKG|dfsle
18:19:36.1 (45833466)|ENTERING_MANAGED_PKG|dfsle
18:19:36.1 (45894712)|ENTERING_MANAGED_PKG|dfsle
18:19:36.1 (46022379)|ENTERING_MANAGED_PKG|dfsle
18:19:36.1 (46051378)|ENTERING_MANAGED_PKG|dfsle
18:19:36.1 (46070967)|ENTERING_MANAGED_PKG|dfsle
18:19:36.1 (46119292)|ENTERING_MANAGED_PKG|dfsle
18:19:36.1 (46138847)|ENTERING_MANAGED_PKG|dfsle
18:19:36.1 (46159559)|ENTERING_MANAGED_PKG|dfsle
18:19:36.1 (759456031)|ENTERING_MANAGED_PKG|dfsle
18:19:36.1 (759528899)|ENTERING_MANAGED_PKG|dfsle
18:19:36.1 (759597392)|ENTERING_MANAGED_PKG|dfsle
18:19:36.1 (759914985)|ENTERING_MANAGED_PKG|dfsle
18:19:36.1 (759949772)|ENTERING_MANAGED_PKG|dfsle
18:19:36.1 (762673613)|SOQL_EXECUTE_BEGIN|[70]|Aggregations:0|SELECT PermissionSet.Name FROM PermissionSetAssignment WHERE (AssigneeId = :tmpVar1 AND PermissionSet.NamespacePrefix = :tmpVar2 AND PermissionSet.Name = :tmpVar3)
18:19:37.295 (1295078046)|SOQL_EXECUTE_END|[70]|Rows:2
18:19:37.295 (1309213795)|ENTERING_MANAGED_PKG|dfsle
18:19:37.295 (1309335061)|ENTERING_MANAGED_PKG|dfsle
18:19:37.295 (1311989842)|ENTERING_MANAGED_PKG|dfsle
18:19:37.295 (1312043145)|ENTERING_MANAGED_PKG|dfsle
18:19:37.295 (1312127687)|ENTERING_MANAGED_PKG|dfsle
18:19:37.295 (1312185870)|ENTERING_MANAGED_PKG|dfsle
18:19:37.295 (1312258310)|ENTERING_MANAGED_PKG|dfsle
18:19:37.295 (1312276325)|ENTERING_MANAGED_PKG|dfsle
18:19:37.295 (1312291574)|ENTERING_MANAGED_PKG|dfsle
18:19:37.295 (1312313479)|ENTERING_MANAGED_PKG|dfsle
18:19:37.295 (1319572197)|ENTERING_MANAGED_PKG|dfsle
18:19:37.295 (1320006073)|ENTERING_MANAGED_PKG|dfsle
18:19:37.295 (1320105727)|ENTERING_MANAGED_PKG|dfsle
18:19:37.295 (1320150811)|ENTERING_MANAGED_PKG|dfsle
18:19:37.295 (1320176098)|ENTERING_MANAGED_PKG|dfsle
18:19:37.295 (1320206434)|ENTERING_MANAGED_PKG|dfsle
18:19:37.295 (1320249783)|ENTERING_MANAGED_PKG|dfsle
18:19:37.295 (1320295349)|ENTERING_MANAGED_PKG|dfsle
18:19:37.295 (1320318818)|ENTERING_MANAGED_PKG|dfsle
18:19:37.295 (1320337829)|ENTERING_MANAGED_PKG|dfsle
18:19:37.295 (1320358773)|ENTERING_MANAGED_PKG|dfsle
18:19:37.295 (1328996324)|ENTERING_MANAGED_PKG|dfsle
18:19:37.295 (1330351169)|ENTERING_MANAGED_PKG|dfsle
18:19:37.295 (1330428675)|ENTERING_MANAGED_PKG|dfsle
18:19:37.295 (1335693750)|ENTERING_MANAGED_PKG|dfsle
18:19:37.295 (1335784615)|ENTERING_MANAGED_PKG|dfsle
18:19:37.295 (1336248927)|ENTERING_MANAGED_PKG|dfsle
18:19:37.295 (1336504380)|ENTERING_MANAGED_PKG|dfsle
18:19:37.295 (1340099855)|ENTERING_MANAGED_PKG|dfsle
18:19:37.295 (1340142521)|ENTERING_MANAGED_PKG|dfsle
18:19:37.295 (1346749769)|ENTERING_MANAGED_PKG|dfsle
18:19:37.295 (1346874715)|ENTERING_MANAGED_PKG|dfsle
18:19:37.295 (1347626922)|ENTERING_MANAGED_PKG|dfsle
18:19:37.295 (1347684245)|ENTERING_MANAGED_PKG|dfsle
18:19:37.295 (1347710783)|ENTERING_MANAGED_PKG|dfsle
18:19:37.295 (1347740022)|ENTERING_MANAGED_PKG|dfsle
18:19:37.295 (1347751338)|ENTERING_MANAGED_PKG|dfsle
18:19:37.295 (1347883653)|ENTERING_MANAGED_PKG|dfsle
18:19:37.295 (1347917953)|ENTERING_MANAGED_PKG|dfsle
18:19:37.295 (1348030402)|ENTERING_MANAGED_PKG|dfsle
18:19:37.295 (1348077044)|ENTERING_MANAGED_PKG|dfsle
18:19:37.295 (1348201486)|ENTERING_MANAGED_PKG|dfsle
18:19:37.295 (1348231994)|ENTERING_MANAGED_PKG|dfsle
18:19:37.295 (1348368294)|ENTERING_MANAGED_PKG|dfsle
18:19:37.295 (1348410034)|ENTERING_MANAGED_PKG|dfsle
18:19:37.295 (1348429210)|ENTERING_MANAGED_PKG|dfsle
18:19:37.295 (1364747686)|ENTERING_MANAGED_PKG|dfsle
18:19:37.295 (1364921757)|ENTERING_MANAGED_PKG|dfsle
18:19:37.295 (1364972393)|ENTERING_MANAGED_PKG|dfsle
18:19:37.295 (1364988951)|ENTERING_MANAGED_PKG|dfsle
18:19:37.295 (1365011321)|ENTERING_MANAGED_PKG|dfsle
18:19:37.295 (1365023154)|ENTERING_MANAGED_PKG|dfsle
18:19:37.295 (1365128609)|ENTERING_MANAGED_PKG|dfsle
18:19:37.295 (1365174250)|ENTERING_MANAGED_PKG|dfsle
18:19:37.295 (1365200895)|ENTERING_MANAGED_PKG|dfsle
18:19:37.295 (1365219251)|ENTERING_MANAGED_PKG|dfsle
18:19:37.295 (1365235330)|ENTERING_MANAGED_PKG|dfsle
18:19:37.295 (1365267338)|ENTERING_MANAGED_PKG|dfsle
18:19:37.295 (1365969065)|SOQL_EXECUTE_BEGIN|[105]|Aggregations:0|SELECT DocuSignId__c FROM Envelope__c WHERE (SourceId__c = :tmpVar1 AND DocuSignId__c != NULL AND Sent__c != NULL) ORDER BY Sent__c DESC NULLS FIRST LIMIT :tmpVar2
18:19:37.295 (1378105222)|SOQL_EXECUTE_END|[105]|Rows:1
18:19:37.295 (1378772644)|ENTERING_MANAGED_PKG|dfsle
18:19:37.295 (1378923043)|ENTERING_MANAGED_PKG|dfsle
18:19:37.295 (1379167058)|ENTERING_MANAGED_PKG|dfsle
18:19:37.295 (1379239170)|ENTERING_MANAGED_PKG|dfsle
18:19:37.295 (1379274676)|ENTERING_MANAGED_PKG|dfsle
18:19:37.295 (1379357560)|ENTERING_MANAGED_PKG|dfsle
18:19:37.295 (1379418306)|ENTERING_MANAGED_PKG|dfsle
18:19:37.295 (1379681731)|ENTERING_MANAGED_PKG|dfsle
18:19:37.295 (1379772236)|ENTERING_MANAGED_PKG|dfsle
18:19:37.295 (1379824740)|ENTERING_MANAGED_PKG|dfsle
18:19:37.295 (1379843312)|ENTERING_MANAGED_PKG|dfsle
18:19:37.295 (1379860402)|ENTERING_MANAGED_PKG|dfsle
18:19:37.295 (1380202789)|ENTERING_MANAGED_PKG|dfsle
18:19:37.295 (1382460711)|ENTERING_MANAGED_PKG|dfsle
18:19:37.295 (1382538881)|ENTERING_MANAGED_PKG|dfsle
18:19:37.295 (1382627892)|ENTERING_MANAGED_PKG|dfsle
18:19:37.295 (1382680073)|ENTERING_MANAGED_PKG|dfsle
18:19:37.295 (1382702814)|ENTERING_MANAGED_PKG|dfsle
18:19:37.295 (1382732784)|ENTERING_MANAGED_PKG|dfsle
18:19:37.295 (1382744840)|ENTERING_MANAGED_PKG|dfsle
18:19:37.295 (1382811426)|ENTERING_MANAGED_PKG|dfsle
18:19:37.295 (1382839545)|ENTERING_MANAGED_PKG|dfsle
18:19:37.295 (1382911818)|ENTERING_MANAGED_PKG|dfsle
18:19:37.295 (1382954783)|ENTERING_MANAGED_PKG|dfsle
18:19:37.295 (1383014149)|ENTERING_MANAGED_PKG|dfsle
18:19:37.295 (1391096791)|ENTERING_MANAGED_PKG|dfsle
18:19:37.295 (1391221980)|ENTERING_MANAGED_PKG|dfsle
18:19:37.295 (1391257729)|ENTERING_MANAGED_PKG|dfsle
18:19:37.295 (1391274206)|ENTERING_MANAGED_PKG|dfsle
18:19:37.295 (1391295161)|ENTERING_MANAGED_PKG|dfsle
18:19:37.295 (1391304181)|ENTERING_MANAGED_PKG|dfsle
18:19:37.295 (1391406948)|ENTERING_MANAGED_PKG|dfsle
18:19:37.295 (1391439531)|ENTERING_MANAGED_PKG|dfsle
18:19:37.295 (1391528617)|ENTERING_MANAGED_PKG|dfsle
18:19:37.295 (1391552164)|ENTERING_MANAGED_PKG|dfsle
18:19:37.295 (1391640738)|ENTERING_MANAGED_PKG|dfsle
18:19:37.295 (1391680868)|ENTERING_MANAGED_PKG|dfsle
18:19:37.295 (1391695406)|ENTERING_MANAGED_PKG|dfsle
18:19:37.295 (1394807892)|ENTERING_MANAGED_PKG|dfsle
18:19:37.295 (1394917293)|ENTERING_MANAGED_PKG|dfsle
18:19:37.295 (1394951282)|ENTERING_MANAGED_PKG|dfsle
18:19:37.295 (1394969535)|ENTERING_MANAGED_PKG|dfsle
18:19:37.295 (1394990386)|ENTERING_MANAGED_PKG|dfsle
18:19:37.295 (1394998662)|ENTERING_MANAGED_PKG|dfsle
18:19:37.295 (1395063244)|ENTERING_MANAGED_PKG|dfsle
18:19:37.295 (1395094310)|ENTERING_MANAGED_PKG|dfsle
18:19:37.295 (1395177062)|ENTERING_MANAGED_PKG|dfsle
18:19:37.295 (1395200452)|ENTERING_MANAGED_PKG|dfsle
18:19:37.295 (1395282116)|ENTERING_MANAGED_PKG|dfsle
18:19:37.295 (1395312512)|ENTERING_MANAGED_PKG|dfsle
18:19:37.295 (1395326540)|ENTERING_MANAGED_PKG|dfsle
18:19:37.295 (1395640798)|ENTERING_MANAGED_PKG|dfsle
18:19:37.295 (1395688218)|ENTERING_MANAGED_PKG|dfsle
18:19:37.295 (1395711266)|ENTERING_MANAGED_PKG|dfsle
18:19:37.295 (1395722684)|ENTERING_MANAGED_PKG|dfsle
18:19:37.295 (1395739937)|ENTERING_MANAGED_PKG|dfsle
18:19:37.295 (1395752999)|ENTERING_MANAGED_PKG|dfsle
18:19:37.295 (1395799021)|ENTERING_MANAGED_PKG|dfsle
18:19:37.295 (1395820475)|ENTERING_MANAGED_PKG|dfsle
18:19:37.295 (1395880803)|ENTERING_MANAGED_PKG|dfsle
18:19:37.295 (1395900089)|ENTERING_MANAGED_PKG|dfsle
18:19:37.295 (1395963585)|ENTERING_MANAGED_PKG|dfsle
18:19:37.295 (1395983749)|ENTERING_MANAGED_PKG|dfsle
18:19:37.295 (1395996685)|ENTERING_MANAGED_PKG|dfsle
18:19:37.295 (1396163731)|ENTERING_MANAGED_PKG|dfsle
18:19:37.295 (1396204385)|ENTERING_MANAGED_PKG|dfsle
18:19:37.295 (1396223288)|ENTERING_MANAGED_PKG|dfsle
18:19:37.295 (1396233964)|ENTERING_MANAGED_PKG|dfsle
18:19:37.295 (1396250164)|ENTERING_MANAGED_PKG|dfsle
18:19:37.295 (1396257224)|ENTERING_MANAGED_PKG|dfsle
18:19:37.295 (1396298931)|ENTERING_MANAGED_PKG|dfsle
18:19:37.295 (1396319350)|ENTERING_MANAGED_PKG|dfsle
18:19:37.295 (1396373598)|ENTERING_MANAGED_PKG|dfsle
18:19:37.295 (1396392302)|ENTERING_MANAGED_PKG|dfsle
18:19:37.295 (1396451979)|ENTERING_MANAGED_PKG|dfsle
18:19:37.295 (1396472112)|ENTERING_MANAGED_PKG|dfsle
18:19:37.295 (1396485213)|ENTERING_MANAGED_PKG|dfsle
18:19:37.295 (1396620176)|ENTERING_MANAGED_PKG|dfsle
18:19:37.295 (1396659248)|ENTERING_MANAGED_PKG|dfsle
18:19:37.295 (1396678210)|ENTERING_MANAGED_PKG|dfsle
18:19:37.295 (1396688872)|ENTERING_MANAGED_PKG|dfsle
18:19:37.295 (1396705093)|ENTERING_MANAGED_PKG|dfsle
18:19:37.295 (1396711693)|ENTERING_MANAGED_PKG|dfsle
18:19:37.295 (1396752554)|ENTERING_MANAGED_PKG|dfsle
18:19:37.295 (1396773053)|ENTERING_MANAGED_PKG|dfsle
18:19:37.295 (1396826306)|ENTERING_MANAGED_PKG|dfsle
18:19:37.295 (1396845574)|ENTERING_MANAGED_PKG|dfsle
18:19:37.295 (1396903824)|ENTERING_MANAGED_PKG|dfsle
18:19:37.295 (1396923369)|ENTERING_MANAGED_PKG|dfsle
18:19:37.295 (1396936937)|ENTERING_MANAGED_PKG|dfsle
18:19:37.295 (1397071803)|ENTERING_MANAGED_PKG|dfsle
18:19:37.295 (1397114672)|ENTERING_MANAGED_PKG|dfsle
18:19:37.295 (1397133923)|ENTERING_MANAGED_PKG|dfsle
18:19:37.295 (1397144562)|ENTERING_MANAGED_PKG|dfsle
18:19:37.295 (1397160817)|ENTERING_MANAGED_PKG|dfsle
18:19:37.295 (1397167664)|ENTERING_MANAGED_PKG|dfsle
18:19:37.295 (1397207392)|ENTERING_MANAGED_PKG|dfsle
18:19:37.295 (1397228301)|ENTERING_MANAGED_PKG|dfsle
18:19:37.295 (1397287993)|ENTERING_MANAGED_PKG|dfsle
18:19:37.295 (1397307660)|ENTERING_MANAGED_PKG|dfsle
18:19:37.295 (1397366989)|ENTERING_MANAGED_PKG|dfsle
18:19:37.295 (1397386733)|ENTERING_MANAGED_PKG|dfsle
18:19:37.295 (1397400217)|ENTERING_MANAGED_PKG|dfsle
18:19:37.295 (1397526342)|ENTERING_MANAGED_PKG|dfsle
18:19:37.295 (1397565032)|ENTERING_MANAGED_PKG|dfsle
18:19:37.295 (1397584137)|ENTERING_MANAGED_PKG|dfsle
18:19:37.295 (1397594755)|ENTERING_MANAGED_PKG|dfsle
18:19:37.295 (1397610987)|ENTERING_MANAGED_PKG|dfsle
18:19:37.295 (1397618101)|ENTERING_MANAGED_PKG|dfsle
18:19:37.295 (1397657953)|ENTERING_MANAGED_PKG|dfsle
18:19:37.295 (1397678160)|ENTERING_MANAGED_PKG|dfsle
18:19:37.295 (1397729844)|ENTERING_MANAGED_PKG|dfsle
18:19:37.295 (1397748590)|ENTERING_MANAGED_PKG|dfsle
18:19:37.295 (1397807326)|ENTERING_MANAGED_PKG|dfsle
18:19:37.295 (1397826774)|ENTERING_MANAGED_PKG|dfsle
18:19:37.295 (1397839632)|ENTERING_MANAGED_PKG|dfsle
18:19:37.295 (1397986745)|ENTERING_MANAGED_PKG|dfsle
18:19:37.295 (1398033955)|ENTERING_MANAGED_PKG|dfsle
18:19:37.295 (1398054384)|ENTERING_MANAGED_PKG|dfsle
18:19:37.295 (1398064979)|ENTERING_MANAGED_PKG|dfsle
18:19:37.295 (1398081587)|ENTERING_MANAGED_PKG|dfsle
18:19:37.295 (1398088810)|ENTERING_MANAGED_PKG|dfsle
18:19:37.295 (1398130679)|ENTERING_MANAGED_PKG|dfsle
18:19:37.295 (1398151719)|ENTERING_MANAGED_PKG|dfsle
18:19:37.295 (1398205303)|ENTERING_MANAGED_PKG|dfsle
18:19:37.295 (1398224343)|ENTERING_MANAGED_PKG|dfsle
18:19:37.295 (1398284075)|ENTERING_MANAGED_PKG|dfsle
18:19:37.295 (1398303521)|ENTERING_MANAGED_PKG|dfsle
18:19:37.295 (1398316315)|ENTERING_MANAGED_PKG|dfsle
18:19:37.295 (1398436715)|ENTERING_MANAGED_PKG|dfsle
18:19:37.295 (1398474616)|ENTERING_MANAGED_PKG|dfsle
18:19:37.295 (1398492773)|ENTERING_MANAGED_PKG|dfsle
18:19:37.295 (1398503410)|ENTERING_MANAGED_PKG|dfsle
18:19:37.295 (1398519419)|ENTERING_MANAGED_PKG|dfsle
18:19:37.295 (1398526189)|ENTERING_MANAGED_PKG|dfsle
18:19:37.295 (1398565503)|ENTERING_MANAGED_PKG|dfsle
18:19:37.295 (1398585539)|ENTERING_MANAGED_PKG|dfsle
18:19:37.295 (1398637053)|ENTERING_MANAGED_PKG|dfsle
18:19:37.295 (1398655809)|ENTERING_MANAGED_PKG|dfsle
18:19:37.295 (1398730087)|ENTERING_MANAGED_PKG|dfsle
18:19:37.295 (1398749898)|ENTERING_MANAGED_PKG|dfsle
18:19:37.295 (1398762889)|ENTERING_MANAGED_PKG|dfsle
18:19:37.295 (1398876236)|ENTERING_MANAGED_PKG|dfsle
18:19:37.295 (1398915905)|ENTERING_MANAGED_PKG|dfsle
18:19:37.295 (1398934748)|ENTERING_MANAGED_PKG|dfsle
18:19:37.295 (1398945064)|ENTERING_MANAGED_PKG|dfsle
18:19:37.295 (1398962723)|ENTERING_MANAGED_PKG|dfsle
18:19:37.295 (1398969387)|ENTERING_MANAGED_PKG|dfsle
18:19:37.295 (1399008774)|ENTERING_MANAGED_PKG|dfsle
18:19:37.295 (1399030008)|ENTERING_MANAGED_PKG|dfsle
18:19:37.295 (1399080628)|ENTERING_MANAGED_PKG|dfsle
18:19:37.295 (1399099942)|ENTERING_MANAGED_PKG|dfsle
18:19:37.295 (1399156913)|ENTERING_MANAGED_PKG|dfsle
18:19:37.295 (1399175972)|ENTERING_MANAGED_PKG|dfsle
18:19:37.295 (1399188328)|ENTERING_MANAGED_PKG|dfsle
18:19:37.295 (1399319963)|ENTERING_MANAGED_PKG|dfsle
18:19:37.295 (1399357925)|ENTERING_MANAGED_PKG|dfsle
18:19:37.295 (1399404641)|ENTERING_MANAGED_PKG|dfsle
18:19:37.295 (1399416223)|ENTERING_MANAGED_PKG|dfsle
18:19:37.295 (1399432351)|ENTERING_MANAGED_PKG|dfsle
18:19:37.295 (1399439224)|ENTERING_MANAGED_PKG|dfsle
18:19:37.295 (1399480258)|ENTERING_MANAGED_PKG|dfsle
18:19:37.295 (1399501248)|ENTERING_MANAGED_PKG|dfsle
18:19:37.295 (1399553187)|ENTERING_MANAGED_PKG|dfsle
18:19:37.295 (1399571591)|ENTERING_MANAGED_PKG|dfsle
18:19:37.295 (1399630011)|ENTERING_MANAGED_PKG|dfsle
18:19:37.295 (1399649332)|ENTERING_MANAGED_PKG|dfsle
18:19:37.295 (1399662325)|ENTERING_MANAGED_PKG|dfsle
18:19:37.295 (1399787341)|ENTERING_MANAGED_PKG|dfsle
18:19:37.295 (1399826777)|ENTERING_MANAGED_PKG|dfsle
18:19:37.295 (1399845596)|ENTERING_MANAGED_PKG|dfsle
18:19:37.295 (1399856485)|ENTERING_MANAGED_PKG|dfsle
18:19:37.295 (1399872151)|ENTERING_MANAGED_PKG|dfsle
18:19:37.295 (1399878768)|ENTERING_MANAGED_PKG|dfsle
18:19:37.295 (1399912211)|ENTERING_MANAGED_PKG|dfsle
18:19:37.295 (1399938302)|ENTERING_MANAGED_PKG|dfsle
18:19:37.295 (1399951266)|ENTERING_MANAGED_PKG|dfsle
18:19:37.295 (1399965901)|ENTERING_MANAGED_PKG|dfsle
18:19:37.295 (1399978753)|ENTERING_MANAGED_PKG|dfsle
18:19:37.295 (1400004526)|ENTERING_MANAGED_PKG|dfsle
18:19:37.295 (1400085757)|ENTERING_MANAGED_PKG|dfsle
18:19:37.295 (1400129996)|ENTERING_MANAGED_PKG|dfsle
18:19:37.295 (1400143327)|ENTERING_MANAGED_PKG|dfsle
18:19:37.295 (1400154977)|ENTERING_MANAGED_PKG|dfsle
18:19:37.295 (1400418387)|ENTERING_MANAGED_PKG|dfsle
18:19:37.295 (1406768221)|ENTERING_MANAGED_PKG|dfsle
18:19:37.295 (1406852528)|ENTERING_MANAGED_PKG|dfsle
18:19:37.295 (1406931265)|ENTERING_MANAGED_PKG|dfsle
18:19:37.295 (1406970701)|ENTERING_MANAGED_PKG|dfsle
18:19:37.295 (1406987641)|ENTERING_MANAGED_PKG|dfsle
18:19:37.295 (1407009451)|ENTERING_MANAGED_PKG|dfsle
18:19:37.295 (1407018068)|ENTERING_MANAGED_PKG|dfsle
18:19:37.295 (1407073986)|ENTERING_MANAGED_PKG|dfsle
18:19:37.295 (1407099190)|ENTERING_MANAGED_PKG|dfsle
18:19:37.295 (1407154841)|ENTERING_MANAGED_PKG|dfsle
18:19:37.295 (1407184592)|ENTERING_MANAGED_PKG|dfsle
18:19:37.295 (1407226973)|ENTERING_MANAGED_PKG|dfsle
18:19:37.295 (1413766288)|ENTERING_MANAGED_PKG|dfsle
18:19:37.295 (1413880592)|ENTERING_MANAGED_PKG|dfsle
18:19:37.295 (1413917223)|ENTERING_MANAGED_PKG|dfsle
18:19:37.295 (1413933264)|ENTERING_MANAGED_PKG|dfsle
18:19:37.295 (1413954995)|ENTERING_MANAGED_PKG|dfsle
18:19:37.295 (1413963664)|ENTERING_MANAGED_PKG|dfsle
18:19:37.295 (1414030008)|ENTERING_MANAGED_PKG|dfsle
18:19:37.295 (1414064394)|ENTERING_MANAGED_PKG|dfsle
18:19:37.295 (1414215252)|ENTERING_MANAGED_PKG|dfsle
18:19:37.295 (1414239000)|ENTERING_MANAGED_PKG|dfsle
18:19:37.295 (1414325831)|ENTERING_MANAGED_PKG|dfsle
18:19:37.295 (1414359829)|ENTERING_MANAGED_PKG|dfsle
18:19:37.295 (1414379711)|ENTERING_MANAGED_PKG|dfsle
18:19:37.295 (1414923774)|ENTERING_MANAGED_PKG|dfsle
18:19:37.295 (1414985858)|ENTERING_MANAGED_PKG|dfsle
18:19:37.295 (1415017089)|ENTERING_MANAGED_PKG|dfsle
18:19:37.295 (1415030679)|ENTERING_MANAGED_PKG|dfsle
18:19:37.295 (1415048923)|ENTERING_MANAGED_PKG|dfsle
18:19:37.295 (1415056107)|ENTERING_MANAGED_PKG|dfsle
18:19:37.295 (1415123695)|ENTERING_MANAGED_PKG|dfsle
18:19:37.295 (1415147590)|ENTERING_MANAGED_PKG|dfsle
18:19:37.295 (1415216355)|ENTERING_MANAGED_PKG|dfsle
18:19:37.295 (1415237049)|ENTERING_MANAGED_PKG|dfsle
18:19:37.295 (1415303882)|ENTERING_MANAGED_PKG|dfsle
18:19:37.295 (1415331452)|ENTERING_MANAGED_PKG|dfsle
18:19:37.295 (1415345544)|ENTERING_MANAGED_PKG|dfsle
18:19:37.295 (1423739672)|ENTERING_MANAGED_PKG|dfsle
18:19:37.295 (1423854505)|ENTERING_MANAGED_PKG|dfsle
18:19:37.295 (1423916594)|ENTERING_MANAGED_PKG|dfsle
18:19:37.295 (1423931705)|ENTERING_MANAGED_PKG|dfsle
18:19:37.295 (1423951204)|ENTERING_MANAGED_PKG|dfsle
18:19:37.295 (1423958826)|ENTERING_MANAGED_PKG|dfsle
18:19:37.295 (1424023019)|ENTERING_MANAGED_PKG|dfsle
18:19:37.295 (1424052056)|ENTERING_MANAGED_PKG|dfsle
18:19:37.295 (1424130707)|ENTERING_MANAGED_PKG|dfsle
18:19:37.295 (1424151758)|ENTERING_MANAGED_PKG|dfsle
18:19:37.295 (1424228195)|ENTERING_MANAGED_PKG|dfsle
18:19:37.295 (1424255726)|ENTERING_MANAGED_PKG|dfsle
18:19:37.295 (1424269179)|ENTERING_MANAGED_PKG|dfsle
18:19:37.295 (1424578775)|ENTERING_MANAGED_PKG|dfsle
18:19:37.295 (1424625901)|ENTERING_MANAGED_PKG|dfsle
18:19:37.295 (1424650217)|ENTERING_MANAGED_PKG|dfsle
18:19:37.295 (1424664724)|ENTERING_MANAGED_PKG|dfsle
18:19:37.295 (1424687012)|ENTERING_MANAGED_PKG|dfsle
18:19:37.295 (1424696931)|ENTERING_MANAGED_PKG|dfsle
18:19:37.295 (1424757496)|ENTERING_MANAGED_PKG|dfsle
18:19:37.295 (1424778838)|ENTERING_MANAGED_PKG|dfsle
18:19:37.295 (1424840668)|ENTERING_MANAGED_PKG|dfsle
18:19:37.295 (1424859215)|ENTERING_MANAGED_PKG|dfsle
18:19:37.295 (1424923072)|ENTERING_MANAGED_PKG|dfsle
18:19:37.295 (1424943092)|ENTERING_MANAGED_PKG|dfsle
18:19:37.295 (1424955686)|ENTERING_MANAGED_PKG|dfsle
18:19:37.295 (1425162943)|ENTERING_MANAGED_PKG|dfsle
18:19:37.295 (1425216716)|ENTERING_MANAGED_PKG|dfsle
18:19:37.295 (1425237686)|ENTERING_MANAGED_PKG|dfsle
18:19:37.295 (1425248317)|ENTERING_MANAGED_PKG|dfsle
18:19:37.295 (1425264443)|ENTERING_MANAGED_PKG|dfsle
18:19:37.295 (1425271044)|ENTERING_MANAGED_PKG|dfsle
18:19:37.295 (1425314706)|ENTERING_MANAGED_PKG|dfsle
18:19:37.295 (1425335489)|ENTERING_MANAGED_PKG|dfsle
18:19:37.295 (1425392159)|ENTERING_MANAGED_PKG|dfsle
18:19:37.295 (1425410751)|ENTERING_MANAGED_PKG|dfsle
18:19:37.295 (1425471397)|ENTERING_MANAGED_PKG|dfsle
18:19:37.295 (1425490622)|ENTERING_MANAGED_PKG|dfsle
18:19:37.295 (1425502743)|ENTERING_MANAGED_PKG|dfsle
18:19:37.295 (1425673651)|ENTERING_MANAGED_PKG|dfsle
18:19:37.295 (1425712177)|ENTERING_MANAGED_PKG|dfsle
18:19:37.295 (1425736897)|ENTERING_MANAGED_PKG|dfsle
18:19:37.295 (1425752015)|ENTERING_MANAGED_PKG|dfsle
18:19:37.295 (1425774334)|ENTERING_MANAGED_PKG|dfsle
18:19:37.295 (1425783067)|ENTERING_MANAGED_PKG|dfsle
18:19:37.295 (1425828990)|ENTERING_MANAGED_PKG|dfsle
18:19:37.295 (1425849376)|ENTERING_MANAGED_PKG|dfsle
18:19:37.295 (1425904832)|ENTERING_MANAGED_PKG|dfsle
18:19:37.295 (1425927539)|ENTERING_MANAGED_PKG|dfsle
18:19:37.295 (1426005745)|ENTERING_MANAGED_PKG|dfsle
18:19:37.295 (1426026994)|ENTERING_MANAGED_PKG|dfsle
18:19:37.295 (1426040200)|ENTERING_MANAGED_PKG|dfsle
18:19:37.295 (1426202658)|ENTERING_MANAGED_PKG|dfsle
18:19:37.295 (1426242408)|ENTERING_MANAGED_PKG|dfsle
18:19:37.295 (1426262019)|ENTERING_MANAGED_PKG|dfsle
18:19:37.295 (1426272265)|ENTERING_MANAGED_PKG|dfsle
18:19:37.295 (1426287844)|ENTERING_MANAGED_PKG|dfsle
18:19:37.295 (1426294315)|ENTERING_MANAGED_PKG|dfsle
18:19:37.295 (1426334349)|ENTERING_MANAGED_PKG|dfsle
18:19:37.295 (1426357111)|ENTERING_MANAGED_PKG|dfsle
18:19:37.295 (1426387423)|ENTERING_MANAGED_PKG|dfsle
18:19:37.295 (1426610381)|ENTERING_MANAGED_PKG|dfsle
18:19:37.295 (1426648918)|ENTERING_MANAGED_PKG|dfsle
18:19:37.295 (1426683982)|ENTERING_MANAGED_PKG|dfsle
18:19:37.295 (1426694582)|ENTERING_MANAGED_PKG|dfsle
18:19:37.295 (1426710187)|ENTERING_MANAGED_PKG|dfsle
18:19:37.295 (1426716549)|ENTERING_MANAGED_PKG|dfsle
18:19:37.295 (1426762804)|ENTERING_MANAGED_PKG|dfsle
18:19:37.295 (1426783330)|ENTERING_MANAGED_PKG|dfsle
18:19:37.295 (1426843734)|ENTERING_MANAGED_PKG|dfsle
18:19:37.295 (1426862568)|ENTERING_MANAGED_PKG|dfsle
18:19:37.295 (1426925073)|ENTERING_MANAGED_PKG|dfsle
18:19:37.295 (1426945835)|ENTERING_MANAGED_PKG|dfsle
18:19:37.295 (1426958426)|ENTERING_MANAGED_PKG|dfsle
18:19:37.295 (1427163402)|ENTERING_MANAGED_PKG|dfsle
18:19:37.295 (1427205057)|ENTERING_MANAGED_PKG|dfsle
18:19:37.295 (1427224128)|ENTERING_MANAGED_PKG|dfsle
18:19:37.295 (1427234356)|ENTERING_MANAGED_PKG|dfsle
18:19:37.295 (1427250308)|ENTERING_MANAGED_PKG|dfsle
18:19:37.295 (1427256787)|ENTERING_MANAGED_PKG|dfsle
18:19:37.295 (1427298443)|ENTERING_MANAGED_PKG|dfsle
18:19:37.295 (1427318587)|ENTERING_MANAGED_PKG|dfsle
18:19:37.295 (1427402284)|ENTERING_MANAGED_PKG|dfsle
18:19:37.295 (1427423206)|ENTERING_MANAGED_PKG|dfsle
18:19:37.295 (1427483630)|ENTERING_MANAGED_PKG|dfsle
18:19:37.295 (1427502642)|ENTERING_MANAGED_PKG|dfsle
18:19:37.295 (1427514791)|ENTERING_MANAGED_PKG|dfsle
18:19:37.295 (1427670596)|ENTERING_MANAGED_PKG|dfsle
18:19:37.295 (1427708896)|ENTERING_MANAGED_PKG|dfsle
18:19:37.295 (1427727600)|ENTERING_MANAGED_PKG|dfsle
18:19:37.295 (1427737672)|ENTERING_MANAGED_PKG|dfsle
18:19:37.295 (1427753267)|ENTERING_MANAGED_PKG|dfsle
18:19:37.295 (1427759484)|ENTERING_MANAGED_PKG|dfsle
18:19:37.295 (1427799852)|ENTERING_MANAGED_PKG|dfsle
18:19:37.295 (1427819732)|ENTERING_MANAGED_PKG|dfsle
18:19:37.295 (1427871567)|ENTERING_MANAGED_PKG|dfsle
18:19:37.295 (1427889696)|ENTERING_MANAGED_PKG|dfsle
18:19:37.295 (1427946377)|ENTERING_MANAGED_PKG|dfsle
18:19:37.295 (1427964207)|ENTERING_MANAGED_PKG|dfsle
18:19:37.295 (1427976212)|ENTERING_MANAGED_PKG|dfsle
18:19:37.295 (1428088765)|ENTERING_MANAGED_PKG|dfsle
18:19:37.295 (1428125046)|ENTERING_MANAGED_PKG|dfsle
18:19:37.295 (1428142329)|ENTERING_MANAGED_PKG|dfsle
18:19:37.295 (1428152340)|ENTERING_MANAGED_PKG|dfsle
18:19:37.295 (1428167612)|ENTERING_MANAGED_PKG|dfsle
18:19:37.295 (1428173800)|ENTERING_MANAGED_PKG|dfsle
18:19:37.295 (1428211543)|ENTERING_MANAGED_PKG|dfsle
18:19:37.295 (1428230459)|ENTERING_MANAGED_PKG|dfsle
18:19:37.295 (1428280130)|ENTERING_MANAGED_PKG|dfsle
18:19:37.295 (1428298110)|ENTERING_MANAGED_PKG|dfsle
18:19:37.295 (1428354639)|ENTERING_MANAGED_PKG|dfsle
18:19:37.295 (1428372442)|ENTERING_MANAGED_PKG|dfsle
18:19:37.295 (1428384490)|ENTERING_MANAGED_PKG|dfsle
18:19:37.295 (1428506972)|ENTERING_MANAGED_PKG|dfsle
18:19:37.295 (1428543158)|ENTERING_MANAGED_PKG|dfsle
18:19:37.295 (1428560805)|ENTERING_MANAGED_PKG|dfsle
18:19:37.295 (1428570623)|ENTERING_MANAGED_PKG|dfsle
18:19:37.295 (1428585679)|ENTERING_MANAGED_PKG|dfsle
18:19:37.295 (1428591919)|ENTERING_MANAGED_PKG|dfsle
18:19:37.295 (1428629850)|ENTERING_MANAGED_PKG|dfsle
18:19:37.295 (1428649275)|ENTERING_MANAGED_PKG|dfsle
18:19:37.295 (1428698234)|ENTERING_MANAGED_PKG|dfsle
18:19:37.295 (1428716210)|ENTERING_MANAGED_PKG|dfsle
18:19:37.295 (1428772445)|ENTERING_MANAGED_PKG|dfsle
18:19:37.295 (1428790488)|ENTERING_MANAGED_PKG|dfsle
18:19:37.295 (1428802720)|ENTERING_MANAGED_PKG|dfsle
18:19:37.295 (1428902805)|ENTERING_MANAGED_PKG|dfsle
18:19:37.295 (1428937965)|ENTERING_MANAGED_PKG|dfsle
18:19:37.295 (1428955121)|ENTERING_MANAGED_PKG|dfsle
18:19:37.295 (1428964844)|ENTERING_MANAGED_PKG|dfsle
18:19:37.295 (1428980159)|ENTERING_MANAGED_PKG|dfsle
18:19:37.295 (1428986340)|ENTERING_MANAGED_PKG|dfsle
18:19:37.295 (1429049259)|ENTERING_MANAGED_PKG|dfsle
18:19:37.295 (1429074791)|ENTERING_MANAGED_PKG|dfsle
18:19:37.295 (1429087652)|ENTERING_MANAGED_PKG|dfsle
18:19:37.295 (1429101781)|ENTERING_MANAGED_PKG|dfsle
18:19:37.295 (1429113869)|ENTERING_MANAGED_PKG|dfsle
18:19:37.295 (1429140227)|ENTERING_MANAGED_PKG|dfsle
18:19:37.295 (1429641806)|ENTERING_MANAGED_PKG|dfsle
18:19:37.295 (1430776710)|SOQL_EXECUTE_BEGIN|[163]|Aggregations:1|SELECT Id, SourceId__c, DocuSignId__c, Status__c, SenderName__c, SenderEmail__c, EmailSubject__c, Sent__c, Expires__c, Completed__c, Reason__c, LastStatusUpdate__c, (SELECT Id, SourceId__c, Type__c, Sequence__c, Status__c, RoutingOrder__c, Name, Email__c, Sent__c, Completed__c, Reason__c, LastStatusUpdate__c FROM Recipients__r ORDER BY Sequence__c ASC NULLS FIRST) FROM EnvelopeStatus__c WHERE DocuSignId__c IN :tmpVar1 ORDER BY Sent__c DESC NULLS FIRST
18:19:37.295 (1456747229)|SOQL_EXECUTE_END|[163]|Rows:1
18:19:37.295 (1456984714)|ENTERING_MANAGED_PKG|dfsle
18:19:37.295 (1457302583)|ENTERING_MANAGED_PKG|dfsle
18:19:37.295 (1470460675)|ENTERING_MANAGED_PKG|dfsle
18:19:37.295 (1483198383)|ENTERING_MANAGED_PKG|dfsle
18:19:37.295 (1483462589)|ENTERING_MANAGED_PKG|dfsle
18:19:37.295 (1483698739)|ENTERING_MANAGED_PKG|dfsle
18:19:37.295 (1483726145)|ENTERING_MANAGED_PKG|dfsle
18:19:37.295 (1483801646)|ENTERING_MANAGED_PKG|dfsle
18:19:37.295 (1483921881)|ENTERING_MANAGED_PKG|dfsle
18:19:37.295 (1483944521)|ENTERING_MANAGED_PKG|dfsle
18:19:37.295 (1483983228)|ENTERING_MANAGED_PKG|dfsle
18:19:37.295 (1484000358)|ENTERING_MANAGED_PKG|dfsle
18:19:37.295 (1485726179)|ENTERING_MANAGED_PKG|dfsle
18:19:37.295 (1485777780)|ENTERING_MANAGED_PKG|dfsle
18:19:37.295 (1485830107)|ENTERING_MANAGED_PKG|dfsle
18:19:37.295 (1485849163)|ENTERING_MANAGED_PKG|dfsle
18:19:37.295 (1485928946)|ENTERING_MANAGED_PKG|dfsle
18:19:37.295 (1486055574)|ENTERING_MANAGED_PKG|dfsle
18:19:37.295 (1486082395)|ENTERING_MANAGED_PKG|dfsle
18:19:37.295 (1486261447)|ENTERING_MANAGED_PKG|dfsle
18:19:37.295 (1486491828)|ENTERING_MANAGED_PKG|dfsle
18:19:37.295 (1486963048)|ENTERING_MANAGED_PKG|dfsle
18:19:37.295 (1487028980)|ENTERING_MANAGED_PKG|dfsle
18:19:37.295 (1487108824)|ENTERING_MANAGED_PKG|dfsle
18:19:37.295 (1487132995)|ENTERING_MANAGED_PKG|dfsle
18:19:37.295 (1487149343)|ENTERING_MANAGED_PKG|dfsle
18:19:37.295 (1487165757)|ENTERING_MANAGED_PKG|dfsle
18:19:37.295 (1487188404)|ENTERING_MANAGED_PKG|dfsle
18:19:37.295 (1487205288)|ENTERING_MANAGED_PKG|dfsle
18:19:37.295 (1487221605)|ENTERING_MANAGED_PKG|dfsle
18:19:37.295 (1487236684)|ENTERING_MANAGED_PKG|dfsle
18:19:37.295 (1487252161)|ENTERING_MANAGED_PKG|dfsle
18:19:37.295 (1487268433)|ENTERING_MANAGED_PKG|dfsle
18:19:37.295 (1487286383)|ENTERING_MANAGED_PKG|dfsle
18:19:37.295 (1487303881)|ENTERING_MANAGED_PKG|dfsle
18:19:37.295 (1487319722)|ENTERING_MANAGED_PKG|dfsle
18:19:37.295 (1487450414)|ENTERING_MANAGED_PKG|dfsle
18:19:37.295 (1487528200)|ENTERING_MANAGED_PKG|dfsle
18:19:37.295 (1487554306)|ENTERING_MANAGED_PKG|dfsle
18:19:37.295 (1487573168)|ENTERING_MANAGED_PKG|dfsle
18:19:37.295 (1487589108)|ENTERING_MANAGED_PKG|dfsle
18:19:37.295 (1487604955)|ENTERING_MANAGED_PKG|dfsle
18:19:37.295 (1487620204)|ENTERING_MANAGED_PKG|dfsle
18:19:37.295 (1487635196)|ENTERING_MANAGED_PKG|dfsle
18:19:37.295 (1487650219)|ENTERING_MANAGED_PKG|dfsle
18:19:37.295 (1487668213)|ENTERING_MANAGED_PKG|dfsle
18:19:37.295 (1487696419)|ENTERING_MANAGED_PKG|dfsle
18:19:37.295 (1487715078)|ENTERING_MANAGED_PKG|dfsle
18:19:37.295 (1487743752)|ENTERING_MANAGED_PKG|dfsle
18:19:37.295 (1487759124)|ENTERING_MANAGED_PKG|dfsle
