66.0 APEX_CODE,FINEST;APEX_PROFILING,INFO;CALLOUT,INFO;DATA_ACCESS,INFO;DB,INFO;NBA,INFO;SYSTEM,DEBUG;VALIDATION,INFO;VISUALFORCE,INFO;WAVE,INFO;WORKFLOW,INFO
18:32:07.0 (623460)|USER_INFO|[EXTERNAL]|005a500001kpSnF|takahiro.nagai.docusigndemo20250910@gmail.com|(GMT+09:00) 日本標準時 (Asia/Tokyo)|GMT+09:00
18:32:07.0 (728731)|EXECUTION_STARTED
18:32:07.0 (756259)|CODE_UNIT_STARTED|[EXTERNAL]|apex://WorkspaceController/ACTION$getWorkspaceDocuments
18:32:07.0 (4441776)|CODE_UNIT_STARTED|[EXTERNAL]|01pa500000QRBV3|WorkspaceController.getWorkspaceDocuments(String)
18:32:07.0 (4891489)|HEAP_ALLOCATE|[95]|Bytes:3
18:32:07.0 (5090837)|HEAP_ALLOCATE|[100]|Bytes:152
18:32:07.0 (5120876)|HEAP_ALLOCATE|[417]|Bytes:408
18:32:07.0 (5144274)|HEAP_ALLOCATE|[430]|Bytes:408
18:32:07.0 (5175286)|HEAP_ALLOCATE|[317]|Bytes:6
18:32:07.0 (5192668)|HEAP_ALLOCATE|[EXTERNAL]|Bytes:43
18:32:07.0 (5212840)|METHOD_ENTRY|[1]|01pa500000QRBV3|WorkspaceController.WorkspaceController()
18:32:07.0 (5233354)|STATEMENT_EXECUTE|[1]
18:32:07.0 (5254999)|STATEMENT_EXECUTE|[1]
18:32:07.0 (5283013)|HEAP_ALLOCATE|[68]|Bytes:5
18:32:07.0 (5313372)|HEAP_ALLOCATE|[74]|Bytes:5
18:32:07.0 (5321115)|HEAP_ALLOCATE|[82]|Bytes:7
18:32:07.0 (6001224)|HEAP_ALLOCATE|[EXTERNAL]|Bytes:5
18:32:07.0 (6042365)|METHOD_EXIT|[1]|WorkspaceController
18:32:07.0 (6073154)|HEAP_ALLOCATE|[EXTERNAL]|Bytes:7
18:32:07.0 (6089453)|VARIABLE_SCOPE_BEGIN|[72]|workspaceId|String|false|false
18:32:07.0 (6198185)|VARIABLE_ASSIGNMENT|[72]|workspaceId|"1978033"
18:32:07.0 (6229078)|HEAP_ALLOCATE|[73]|Bytes:5
18:32:07.0 (6235685)|STATEMENT_EXECUTE|[72]
18:32:07.0 (6239913)|STATEMENT_EXECUTE|[73]
18:32:07.0 (75299787)|VARIABLE_SCOPE_BEGIN|[5]|WorkspaceService.MULTIPART_BOUNDARY|String|false|true
18:32:07.0 (75328150)|VARIABLE_SCOPE_BEGIN|[4]|WorkspaceService.WORKSPACE_APP_URL|String|false|true
18:32:07.0 (75332916)|VARIABLE_SCOPE_BEGIN|[3]|WorkspaceService.WORKSPACE_BASE_URL|String|false|true
18:32:07.0 (75361899)|HEAP_ALLOCATE|[73]|Bytes:53
18:32:07.0 (75374419)|HEAP_ALLOCATE|[73]|Bytes:19
18:32:07.0 (75379782)|HEAP_ALLOCATE|[73]|Bytes:24
18:32:07.0 (75430871)|VARIABLE_ASSIGNMENT|[73]|WorkspaceService.MULTIPART_BOUNDARY|"----DocuSignApexBoun (4 more) ..."
18:32:07.0 (75476312)|HEAP_ALLOCATE|[73]|Bytes:39
18:32:07.0 (75482841)|VARIABLE_ASSIGNMENT|[73]|WorkspaceService.WORKSPACE_APP_URL|"https://apps-d.docus (19 more) ..."
18:32:07.0 (75486604)|HEAP_ALLOCATE|[73]|Bytes:39
18:32:07.0 (75493248)|VARIABLE_ASSIGNMENT|[73]|WorkspaceService.WORKSPACE_BASE_URL|"callout:DocuSign_Nav (19 more) ..."
18:32:07.0 (75551825)|METHOD_ENTRY|[1]|01pa500000QRBV4|WorkspaceService.WorkspaceService()
18:32:07.0 (75558425)|STATEMENT_EXECUTE|[1]
18:32:07.0 (75568671)|STATEMENT_EXECUTE|[1]
18:32:07.0 (75584745)|HEAP_ALLOCATE|[73]|Bytes:5
18:32:07.0 (75599285)|METHOD_EXIT|[1]|WorkspaceService
18:32:07.0 (75650625)|METHOD_ENTRY|[73]|01pa500000QRBV4|WorkspaceService.getWorkspaceDocuments(String)
18:32:07.0 (75737951)|VARIABLE_SCOPE_BEGIN|[50]|workspaceId|String|false|false
18:32:07.0 (75752466)|VARIABLE_ASSIGNMENT|[50]|workspaceId|"1978033"
18:32:07.0 (75767596)|HEAP_ALLOCATE|[51]|Bytes:5
18:32:07.0 (75771281)|STATEMENT_EXECUTE|[50]
18:32:07.0 (75772522)|STATEMENT_EXECUTE|[51]
18:32:07.0 (78447896)|HEAP_ALLOCATE|[51]|Bytes:17
18:32:07.0 (78464563)|HEAP_ALLOCATE|[51]|Bytes:39
18:32:07.0 (78488829)|METHOD_ENTRY|[1]|01pa500000QOKzh|NavigatorService.NavigatorService()
18:32:07.0 (78495920)|STATEMENT_EXECUTE|[1]
18:32:07.0 (78502653)|STATEMENT_EXECUTE|[1]
18:32:07.0 (78514050)|HEAP_ALLOCATE|[51]|Bytes:5
18:32:07.0 (78516510)|STATEMENT_EXECUTE|[3]
18:32:07.0 (78517299)|STATEMENT_EXECUTE|[11]
18:32:07.0 (78526138)|METHOD_EXIT|[1]|NavigatorService
18:32:07.0 (78552513)|METHOD_ENTRY|[51]|01pa500000QOKzh|NavigatorService.loadConfig()
18:32:07.0 (78764464)|HEAP_ALLOCATE|[25]|Bytes:5
18:32:07.0 (78772002)|STATEMENT_EXECUTE|[24]
18:32:07.0 (78775038)|STATEMENT_EXECUTE|[25]
18:32:07.0 (78779314)|HEAP_ALLOCATE|[25]|Bytes:158
18:32:07.0 (78808799)|HEAP_ALLOCATE|[25]|Bytes:4
18:32:07.0 (79376468)|SOQL_EXECUTE_BEGIN|[25]|Aggregations:0|SELECT Integration_Key__c, User_Id__c, Private_Key__c, Auth_Server__c, Account_Id__c FROM DocuSign_JWT_Config_mdt__mdt WHERE DeveloperName = 'Default' LIMIT 1
18:32:07.0 (95194587)|SOQL_EXECUTE_END|[25]|Rows:1
18:32:07.0 (95233219)|HEAP_ALLOCATE|[25]|Bytes:8
18:32:07.0 (95279123)|HEAP_ALLOCATE|[25]|Bytes:1956
18:32:07.0 (95423392)|HEAP_ALLOCATE|[25]|Bytes:8
18:32:07.0 (95450248)|HEAP_ALLOCATE|[25]|Bytes:54
18:32:07.0 (95538829)|HEAP_ALLOCATE|[25]|Bytes:28
18:32:07.0 (95549149)|VARIABLE_SCOPE_BEGIN|[25]|mdt|DocuSign_JWT_Config_mdt__mdt|true|false
18:32:07.0 (95741123)|VARIABLE_ASSIGNMENT|[25]|mdt|{"User_Id__c":"21fb243e-b09c-4d23-a (16 more) ...","Auth_Server__c":"https://account-d.do (10 more) ...","Integration_Key__c":"b3e14877-7590-49d0-9 (16 more) ...","Id":"m0Ba500000KVLsfEAH","Account_Id__c":"6cba485c-0fae-4108-a (16 more) ...","Private_Key__c":"-----BEGIN RSA PRIVA (1680 more) ..."}|0x4d57a7e4
18:32:07.0 (95758736)|STATEMENT_EXECUTE|[32]
18:32:07.0 (95823598)|HEAP_ALLOCATE|[32]|Bytes:24
18:32:07.0 (95890625)|CONSTRUCTOR_ENTRY|[32]|01pa500000QOKzh|<init>()|NavigatorService.Config
18:32:07.0 (95957857)|VARIABLE_SCOPE_BEGIN|[3]|this|NavigatorService.Config|true|false
18:32:07.0 (96064028)|VARIABLE_ASSIGNMENT|[3]|this|{}|0x8cd7954
18:32:07.0 (96080619)|HEAP_ALLOCATE|[EXTERNAL]|Bytes:6
18:32:07.0 (97528404)|STATEMENT_EXECUTE|[3]
18:32:07.0 (97547226)|STATEMENT_EXECUTE|[4]
18:32:07.0 (97551881)|STATEMENT_EXECUTE|[5]
18:32:07.0 (97552944)|STATEMENT_EXECUTE|[6]
18:32:07.0 (97554242)|STATEMENT_EXECUTE|[7]
18:32:07.0 (97555372)|STATEMENT_EXECUTE|[8]
18:32:07.0 (97580037)|CONSTRUCTOR_EXIT|[32]|01pa500000QOKzh|<init>()|NavigatorService.Config
18:32:07.0 (97640395)|VARIABLE_SCOPE_BEGIN|[32]|cfg|NavigatorService.Config|true|false
18:32:07.0 (97826885)|VARIABLE_ASSIGNMENT|[32]|cfg|{}|0x8cd7954
18:32:07.0 (97841341)|STATEMENT_EXECUTE|[33]
18:32:07.0 (98075660)|VARIABLE_ASSIGNMENT|[33]|this.integrationKey|"b3e14877-7590-49d0-9 (16 more) ..."|0x8cd7954
18:32:07.0 (98141256)|STATEMENT_EXECUTE|[34]
18:32:07.0 (98162570)|VARIABLE_ASSIGNMENT|[34]|this.userId|"21fb243e-b09c-4d23-a (16 more) ..."|0x8cd7954
18:32:07.0 (98169362)|STATEMENT_EXECUTE|[35]
18:32:07.0 (98184667)|VARIABLE_ASSIGNMENT|[35]|this.privateKey|"-----BEGIN RSA PRIVA (1680 more) ..."|0x8cd7954
18:32:07.0 (98192670)|STATEMENT_EXECUTE|[36]
18:32:07.0 (98365312)|VARIABLE_ASSIGNMENT|[36]|this.authServer|"https://account-d.do (10 more) ..."|0x8cd7954
18:32:07.0 (98372034)|STATEMENT_EXECUTE|[39]
18:32:07.0 (98386210)|VARIABLE_ASSIGNMENT|[39]|this.accountId|"6cba485c-0fae-4108-a (16 more) ..."|0x8cd7954
18:32:07.0 (98390595)|STATEMENT_EXECUTE|[40]
18:32:07.0 (98410633)|METHOD_EXIT|[51]|01pa500000QOKzh|NavigatorService.loadConfig()
18:32:07.0 (98417714)|VARIABLE_SCOPE_BEGIN|[51]|cfg|NavigatorService.Config|true|false
18:32:07.0 (98467360)|VARIABLE_ASSIGNMENT|[51]|cfg|{"accountId":"6cba485c-0fae-4108-a (16 more) ...","authServer":"https://account-d.do (10 more) ...","integrationKey":"b3e14877-7590-49d0-9 (16 more) ...","privateKey":"-----BEGIN RSA PRIVA (1680 more) ...","userId":"21fb243e-b09c-4d23-a (16 more) ..."}|0x8cd7954
18:32:07.0 (98477294)|STATEMENT_EXECUTE|[52]
18:32:07.0 (98492429)|METHOD_ENTRY|[52]|01pa500000QOKzh|NavigatorService.getAccessToken(NavigatorService.Config)
18:32:07.0 (98508927)|VARIABLE_SCOPE_BEGIN|[43]|cfg|NavigatorService.Config|true|false
18:32:07.0 (98527168)|VARIABLE_ASSIGNMENT|[43]|cfg|{"accountId":"6cba485c-0fae-4108-a (16 more) ...","authServer":"https://account-d.do (10 more) ...","integrationKey":"b3e14877-7590-49d0-9 (16 more) ...","privateKey":"-----BEGIN RSA PRIVA (1680 more) ...","userId":"21fb243e-b09c-4d23-a (16 more) ..."}|0x8cd7954
18:32:07.0 (98551060)|HEAP_ALLOCATE|[44]|Bytes:5
18:32:07.0 (98561889)|STATEMENT_EXECUTE|[43]
18:32:07.0 (98563101)|STATEMENT_EXECUTE|[44]
18:32:07.0 (98630120)|HEAP_ALLOCATE|[44]|Bytes:56
18:32:07.0 (98679531)|HEAP_ALLOCATE|[95]|Bytes:4
18:32:07.0 (98710801)|HEAP_ALLOCATE|[44]|Bytes:12
18:32:07.0 (98727052)|HEAP_ALLOCATE|[44]|Bytes:12
18:32:07.0 (98733624)|HEAP_ALLOCATE|[44]|Bytes:12
18:32:07.0 (98736764)|VARIABLE_SCOPE_BEGIN|[44]|nowSec|Long|false|false
18:32:07.0 (98745204)|VARIABLE_ASSIGNMENT|[44]|nowSec|1778232727
18:32:07.0 (98752240)|STATEMENT_EXECUTE|[45]
18:32:07.0 (98754607)|HEAP_ALLOCATE|[45]|Bytes:12
18:32:07.0 (98757535)|HEAP_ALLOCATE|[45]|Bytes:12
18:32:07.0 (98759649)|VARIABLE_SCOPE_BEGIN|[45]|exp|Long|false|false
18:32:07.0 (98764677)|VARIABLE_ASSIGNMENT|[45]|exp|1778236327
18:32:07.0 (98766821)|STATEMENT_EXECUTE|[47]
18:32:07.0 (98793285)|HEAP_ALLOCATE|[47]|Bytes:4
18:32:07.0 (98802045)|HEAP_ALLOCATE|[48]|Bytes:3
18:32:07.0 (98805183)|HEAP_ALLOCATE|[48]|Bytes:5
18:32:07.0 (98846580)|HEAP_ALLOCATE|[49]|Bytes:3
18:32:07.0 (98849635)|HEAP_ALLOCATE|[49]|Bytes:3
18:32:07.0 (98855065)|VARIABLE_SCOPE_BEGIN|[47]|headerMap|Map<String,ANY>|true|false
18:32:07.0 (98879657)|VARIABLE_ASSIGNMENT|[47]|headerMap|{"alg":"RS256","typ":"JWT"}|0x4fc4d35c
18:32:07.0 (98885171)|STATEMENT_EXECUTE|[51]
18:32:07.0 (98888305)|HEAP_ALLOCATE|[51]|Bytes:4
18:32:07.0 (98891142)|HEAP_ALLOCATE|[52]|Bytes:3
18:32:07.0 (98905545)|HEAP_ALLOCATE|[53]|Bytes:3
18:32:07.0 (98911854)|HEAP_ALLOCATE|[54]|Bytes:3
18:32:07.0 (98914092)|HEAP_ALLOCATE|[54]|Bytes:22
18:32:07.0 (98919709)|HEAP_ALLOCATE|[55]|Bytes:3
18:32:07.0 (98947180)|HEAP_ALLOCATE|[56]|Bytes:3
18:32:07.0 (98953770)|HEAP_ALLOCATE|[57]|Bytes:5
18:32:07.0 (98956027)|HEAP_ALLOCATE|[57]|Bytes:124
18:32:07.0 (98960788)|VARIABLE_SCOPE_BEGIN|[51]|payloadMap|Map<String,ANY>|true|false
18:32:07.0 (98969363)|VARIABLE_ASSIGNMENT|[51]|payloadMap|"Map of size 6 too large to display"|0x62603df5
18:32:07.0 (98972894)|STATEMENT_EXECUTE|[60]
18:32:07.0 (99058120)|HEAP_ALLOCATE|[60]|Bytes:24
18:32:07.0 (99070584)|SYSTEM_METHOD_ENTRY|[1]|JSON.JSON()
18:32:07.0 (99072799)|STATEMENT_EXECUTE|[1]
18:32:07.0 (99079629)|SYSTEM_METHOD_EXIT|[1]|JSON
18:32:07.0 (99087517)|METHOD_ENTRY|[60]||System.JSON.serialize(Object)
18:32:07.0 (99638923)|METHOD_EXIT|[60]||System.JSON.serialize(Object)
18:32:07.0 (99694531)|HEAP_ALLOCATE|[60]|Bytes:4
18:32:07.0 (99738018)|METHOD_ENTRY|[60]|01pa500000QOKzh|NavigatorService.base64UrlEncode(Blob)
18:32:07.0 (99747608)|VARIABLE_SCOPE_BEGIN|[134]|input|Blob|false|false
18:32:07.0 (99777724)|VARIABLE_ASSIGNMENT|[134]|input|BLOB(27 bytes)
18:32:07.0 (99791118)|HEAP_ALLOCATE|[135]|Bytes:5
18:32:07.0 (99795529)|STATEMENT_EXECUTE|[134]
18:32:07.0 (99797547)|STATEMENT_EXECUTE|[135]
18:32:07.0 (99826430)|HEAP_ALLOCATE|[135]|Bytes:15
18:32:07.0 (99837820)|SYSTEM_METHOD_ENTRY|[1]|EncodingUtil.EncodingUtil()
18:32:07.0 (99843171)|STATEMENT_EXECUTE|[1]
18:32:07.0 (99851415)|SYSTEM_METHOD_EXIT|[1]|EncodingUtil
18:32:07.0 (99863056)|METHOD_ENTRY|[135]||System.EncodingUtil.base64Encode(Blob)
18:32:07.0 (99969389)|METHOD_EXIT|[135]||System.EncodingUtil.base64Encode(Blob)
18:32:07.0 (99974914)|HEAP_ALLOCATE|[136]|Bytes:1
18:32:07.0 (100022622)|HEAP_ALLOCATE|[136]|Bytes:36
18:32:07.0 (100031329)|HEAP_ALLOCATE|[136]|Bytes:1
18:32:07.0 (100033856)|HEAP_ALLOCATE|[136]|Bytes:1
18:32:07.0 (100041889)|HEAP_ALLOCATE|[136]|Bytes:36
18:32:07.0 (100046170)|HEAP_ALLOCATE|[136]|Bytes:1
18:32:07.0 (100047915)|HEAP_ALLOCATE|[136]|Bytes:1
18:32:07.0 (100053944)|HEAP_ALLOCATE|[136]|Bytes:36
18:32:07.0 (100064139)|METHOD_EXIT|[60]|01pa500000QOKzh|NavigatorService.base64UrlEncode(Blob)
18:32:07.0 (100066902)|HEAP_ALLOCATE|[61]|Bytes:1
18:32:07.0 (100070952)|METHOD_ENTRY|[61]||System.JSON.serialize(Object)
18:32:07.0 (100443409)|METHOD_EXIT|[61]||System.JSON.serialize(Object)
18:32:07.0 (100516974)|HEAP_ALLOCATE|[61]|Bytes:4
18:32:07.0 (100526524)|METHOD_ENTRY|[61]|01pa500000QOKzh|NavigatorService.base64UrlEncode(Blob)
18:32:07.0 (100531837)|VARIABLE_SCOPE_BEGIN|[134]|input|Blob|false|false
18:32:07.0 (100582232)|VARIABLE_ASSIGNMENT|[134]|input|BLOB(291 bytes)
18:32:07.0 (100593422)|HEAP_ALLOCATE|[135]|Bytes:5
18:32:07.0 (100597014)|STATEMENT_EXECUTE|[134]
18:32:07.0 (100601122)|STATEMENT_EXECUTE|[135]
18:32:07.0 (100603537)|METHOD_ENTRY|[135]||System.EncodingUtil.base64Encode(Blob)
18:32:07.0 (100631134)|METHOD_EXIT|[135]||System.EncodingUtil.base64Encode(Blob)
18:32:07.0 (100643693)|HEAP_ALLOCATE|[136]|Bytes:388
18:32:07.0 (100655843)|HEAP_ALLOCATE|[136]|Bytes:388
18:32:07.0 (100667097)|HEAP_ALLOCATE|[136]|Bytes:388
18:32:07.0 (100672888)|METHOD_EXIT|[61]|01pa500000QOKzh|NavigatorService.base64UrlEncode(Blob)
18:32:07.0 (100680958)|HEAP_ALLOCATE|[60]|Bytes:425
18:32:07.0 (100684577)|VARIABLE_SCOPE_BEGIN|[60]|signingInput|String|false|false
18:32:07.0 (100698925)|VARIABLE_ASSIGNMENT|[60]|signingInput|"eyJ0eXAiOiJKV1QiLCJh (405 more) ..."
18:32:07.0 (100703335)|STATEMENT_EXECUTE|[62]
18:32:07.0 (100717204)|METHOD_ENTRY|[62]|01pa500000QOKzh|NavigatorService.pemToPrivateKeyBlob(String)
18:32:07.0 (100733164)|VARIABLE_SCOPE_BEGIN|[139]|pem|String|false|false
18:32:07.0 (100742146)|VARIABLE_ASSIGNMENT|[139]|pem|"-----BEGIN RSA PRIVA (1680 more) ..."
18:32:07.0 (100748225)|HEAP_ALLOCATE|[140]|Bytes:5
18:32:07.0 (100750556)|STATEMENT_EXECUTE|[139]
18:32:07.0 (100751618)|STATEMENT_EXECUTE|[140]
18:32:07.0 (100753308)|HEAP_ALLOCATE|[141]|Bytes:31
18:32:07.0 (100781938)|HEAP_ALLOCATE|[141]|Bytes:1669
18:32:07.0 (100790945)|HEAP_ALLOCATE|[142]|Bytes:29
18:32:07.0 (100830973)|HEAP_ALLOCATE|[142]|Bytes:1640
18:32:07.0 (100839743)|HEAP_ALLOCATE|[143]|Bytes:27
18:32:07.0 (100869708)|HEAP_ALLOCATE|[143]|Bytes:1640
18:32:07.0 (100879007)|HEAP_ALLOCATE|[144]|Bytes:25
18:32:07.0 (100907927)|HEAP_ALLOCATE|[144]|Bytes:1640
18:32:07.0 (100915673)|HEAP_ALLOCATE|[145]|Bytes:3
18:32:07.0 (100969808)|HEAP_ALLOCATE|[145]|Bytes:1588
18:32:07.0 (100977635)|VARIABLE_SCOPE_BEGIN|[140]|cleaned|String|false|false
18:32:07.0 (100987551)|VARIABLE_ASSIGNMENT|[140]|cleaned|"MIIEowIBAAKCAQEAnZtp (1568 more) ..."
18:32:07.0 (100991202)|STATEMENT_EXECUTE|[147]
18:32:07.0 (100997368)|METHOD_ENTRY|[147]||System.EncodingUtil.base64Decode(String)
18:32:07.0 (101093599)|METHOD_EXIT|[147]||System.EncodingUtil.base64Decode(String)
18:32:07.0 (101102421)|VARIABLE_SCOPE_BEGIN|[147]|keyBlob|Blob|false|false
18:32:07.0 (101117728)|VARIABLE_ASSIGNMENT|[147]|keyBlob|BLOB(1191 bytes)
18:32:07.0 (101139010)|STATEMENT_EXECUTE|[149]
18:32:07.0 (101140423)|STATEMENT_EXECUTE|[153]
18:32:07.0 (101143887)|METHOD_ENTRY|[153]||System.EncodingUtil.convertToHex(Blob)
18:32:07.0 (101224938)|METHOD_EXIT|[153]||System.EncodingUtil.convertToHex(Blob)
18:32:07.0 (101227327)|VARIABLE_SCOPE_BEGIN|[153]|pkcs1Hex|String|false|false
18:32:07.0 (101236537)|VARIABLE_ASSIGNMENT|[153]|pkcs1Hex|"308204a3020100028201 (2362 more) ..."
18:32:07.0 (101239597)|STATEMENT_EXECUTE|[154]
18:32:07.0 (101271905)|VARIABLE_SCOPE_BEGIN|[154]|pkcs1Len|Integer|false|false
18:32:07.0 (101279987)|HEAP_ALLOCATE|[154]|Bytes:4
18:32:07.0 (101290857)|VARIABLE_ASSIGNMENT|[154]|pkcs1Len|1191
18:32:07.0 (101294791)|STATEMENT_EXECUTE|[155]
18:32:07.0 (101297517)|HEAP_ALLOCATE|[155]|Bytes:30
18:32:07.0 (101304071)|VARIABLE_SCOPE_BEGIN|[155]|oidHex|String|false|false
18:32:07.0 (101311902)|VARIABLE_ASSIGNMENT|[155]|oidHex|"300d06092a864886f70d (10 more) ..."
18:32:07.0 (101314948)|STATEMENT_EXECUTE|[157]
18:32:07.0 (101318314)|VARIABLE_SCOPE_BEGIN|[157]|octetHex|String|false|false
18:32:07.0 (101325296)|VARIABLE_ASSIGNMENT|[157]|octetHex|null
18:32:07.0 (101331901)|STATEMENT_EXECUTE|[162]
18:32:07.0 (101332797)|STATEMENT_EXECUTE|[163]
18:32:07.0 (101334023)|HEAP_ALLOCATE|[163]|Bytes:4
18:32:07.0 (101342079)|METHOD_ENTRY|[163]|01pa500000QOKzh|NavigatorService.intToHex4(Integer)
18:32:07.0 (101348459)|VARIABLE_SCOPE_BEGIN|[187]|val|Integer|false|false
18:32:07.0 (101352934)|VARIABLE_ASSIGNMENT|[187]|val|1191
18:32:07.0 (101361246)|HEAP_ALLOCATE|[188]|Bytes:5
18:32:07.0 (101364743)|STATEMENT_EXECUTE|[187]
18:32:07.0 (101366123)|STATEMENT_EXECUTE|[188]
18:32:07.0 (101370330)|METHOD_ENTRY|[188]|01pa500000QOKzh|NavigatorService.intToHex(Integer)
18:32:07.0 (101379632)|VARIABLE_SCOPE_BEGIN|[193]|val|Integer|false|false
18:32:07.0 (101386103)|VARIABLE_ASSIGNMENT|[193]|val|1191
18:32:07.0 (101392263)|HEAP_ALLOCATE|[194]|Bytes:5
18:32:07.0 (101397392)|STATEMENT_EXECUTE|[193]
18:32:07.0 (101402603)|STATEMENT_EXECUTE|[194]
18:32:07.0 (101403942)|STATEMENT_EXECUTE|[195]
18:32:07.0 (101405949)|HEAP_ALLOCATE|[195]|Bytes:16
18:32:07.0 (101410949)|VARIABLE_SCOPE_BEGIN|[195]|chars|String|false|false
18:32:07.0 (101417805)|VARIABLE_ASSIGNMENT|[195]|chars|"0123456789abcdef"
18:32:07.0 (101419957)|STATEMENT_EXECUTE|[196]
18:32:07.0 (101421058)|VARIABLE_SCOPE_BEGIN|[196]|hex|String|false|false
18:32:07.0 (101426038)|VARIABLE_ASSIGNMENT|[196]|hex|""
18:32:07.0 (101432482)|STATEMENT_EXECUTE|[197]
18:32:07.0 (101433369)|STATEMENT_EXECUTE|[198]
18:32:07.0 (101503894)|VARIABLE_SCOPE_BEGIN|[2]|System.Math.E|Double|false|true
18:32:07.0 (101510988)|VARIABLE_SCOPE_BEGIN|[3]|System.Math.PI|Double|false|true
18:32:07.0 (101526926)|HEAP_ALLOCATE|[198]|Bytes:206
18:32:07.0 (101538812)|SYSTEM_METHOD_ENTRY|[1]|Math.Math()
18:32:07.0 (101541171)|STATEMENT_EXECUTE|[1]
18:32:07.0 (101590492)|SYSTEM_METHOD_EXIT|[1]|Math
18:32:07.0 (101599322)|METHOD_ENTRY|[198]||System.Math.mod(Integer, Integer)
18:32:07.0 (101628234)|METHOD_EXIT|[198]||System.Math.mod(Integer, Integer)
18:32:07.0 (101631523)|METHOD_ENTRY|[198]||System.Math.mod(Integer, Integer)
18:32:07.0 (101641834)|METHOD_EXIT|[198]||System.Math.mod(Integer, Integer)
18:32:07.0 (101655363)|HEAP_ALLOCATE|[198]|Bytes:1
18:32:07.0 (101663311)|HEAP_ALLOCATE|[198]|Bytes:1
18:32:07.0 (101667409)|VARIABLE_ASSIGNMENT|[198]|hex|"7"
18:32:07.0 (101670323)|STATEMENT_EXECUTE|[199]
18:32:07.0 (101673581)|HEAP_ALLOCATE|[199]|Bytes:4
18:32:07.0 (101676913)|VARIABLE_ASSIGNMENT|[199]|val|74
18:32:07.0 (101681706)|STATEMENT_EXECUTE|[197]
18:32:07.0 (101682490)|STATEMENT_EXECUTE|[198]
18:32:07.0 (101684032)|METHOD_ENTRY|[198]||System.Math.mod(Integer, Integer)
18:32:07.0 (101693201)|METHOD_EXIT|[198]||System.Math.mod(Integer, Integer)
18:32:07.0 (101695768)|METHOD_ENTRY|[198]||System.Math.mod(Integer, Integer)
18:32:07.0 (101711633)|METHOD_EXIT|[198]||System.Math.mod(Integer, Integer)
18:32:07.0 (101719750)|HEAP_ALLOCATE|[198]|Bytes:1
18:32:07.0 (101772204)|HEAP_ALLOCATE|[198]|Bytes:2
18:32:07.0 (101777565)|VARIABLE_ASSIGNMENT|[198]|hex|"a7"
18:32:07.0 (101780015)|STATEMENT_EXECUTE|[199]
18:32:07.0 (101781638)|HEAP_ALLOCATE|[199]|Bytes:4
18:32:07.0 (101784458)|VARIABLE_ASSIGNMENT|[199]|val|4
18:32:07.0 (101787337)|STATEMENT_EXECUTE|[197]
18:32:07.0 (101788400)|STATEMENT_EXECUTE|[198]
18:32:07.0 (101790179)|METHOD_ENTRY|[198]||System.Math.mod(Integer, Integer)
18:32:07.0 (101800157)|METHOD_EXIT|[198]||System.Math.mod(Integer, Integer)
18:32:07.0 (101802414)|METHOD_ENTRY|[198]||System.Math.mod(Integer, Integer)
18:32:07.0 (101810392)|METHOD_EXIT|[198]||System.Math.mod(Integer, Integer)
18:32:07.0 (101814738)|HEAP_ALLOCATE|[198]|Bytes:1
18:32:07.0 (101819177)|HEAP_ALLOCATE|[198]|Bytes:3
18:32:07.0 (101822576)|VARIABLE_ASSIGNMENT|[198]|hex|"4a7"
18:32:07.0 (101825177)|STATEMENT_EXECUTE|[199]
18:32:07.0 (101826316)|HEAP_ALLOCATE|[199]|Bytes:4
18:32:07.0 (101829026)|VARIABLE_ASSIGNMENT|[199]|val|0
18:32:07.0 (101832412)|STATEMENT_EXECUTE|[201]
18:32:07.0 (101836786)|METHOD_EXIT|[188]|01pa500000QOKzh|NavigatorService.intToHex(Integer)
18:32:07.0 (101840173)|VARIABLE_SCOPE_BEGIN|[188]|h|String|false|false
18:32:07.0 (101846923)|VARIABLE_ASSIGNMENT|[188]|h|"4a7"
18:32:07.0 (101867002)|STATEMENT_EXECUTE|[189]
18:32:07.0 (101868603)|HEAP_ALLOCATE|[189]|Bytes:1
18:32:07.0 (101872917)|HEAP_ALLOCATE|[189]|Bytes:4
18:32:07.0 (101880733)|VARIABLE_ASSIGNMENT|[189]|h|"04a7"
18:32:07.0 (101894158)|STATEMENT_EXECUTE|[190]
18:32:07.0 (101899217)|METHOD_EXIT|[163]|01pa500000QOKzh|NavigatorService.intToHex4(Integer)
18:32:07.0 (101905340)|HEAP_ALLOCATE|[163]|Bytes:8
18:32:07.0 (101909128)|VARIABLE_ASSIGNMENT|[163]|octetHex|"048204a7"
18:32:07.0 (101911797)|STATEMENT_EXECUTE|[166]
18:32:07.0 (101914309)|HEAP_ALLOCATE|[166]|Bytes:6
18:32:07.0 (101923122)|HEAP_ALLOCATE|[166]|Bytes:2426
18:32:07.0 (101927393)|VARIABLE_SCOPE_BEGIN|[166]|innerHex|String|false|false
18:32:07.0 (101936182)|VARIABLE_ASSIGNMENT|[166]|innerHex|"020100300d06092a8648 (2406 more) ..."
18:32:07.0 (101939881)|STATEMENT_EXECUTE|[167]
18:32:07.0 (101960133)|VARIABLE_SCOPE_BEGIN|[167]|innerLen|Integer|false|false
18:32:07.0 (101966701)|HEAP_ALLOCATE|[167]|Bytes:4
18:32:07.0 (101971099)|VARIABLE_ASSIGNMENT|[167]|innerLen|1213
18:32:07.0 (101974832)|STATEMENT_EXECUTE|[169]
18:32:07.0 (101976705)|VARIABLE_SCOPE_BEGIN|[169]|seqHex|String|false|false
18:32:07.0 (101983595)|VARIABLE_ASSIGNMENT|[169]|seqHex|null
18:32:07.0 (101989671)|STATEMENT_EXECUTE|[174]
18:32:07.0 (101992241)|STATEMENT_EXECUTE|[175]
18:32:07.0 (101994752)|HEAP_ALLOCATE|[175]|Bytes:4
18:32:07.0 (101999633)|METHOD_ENTRY|[175]|01pa500000QOKzh|NavigatorService.intToHex4(Integer)
18:32:07.0 (102006450)|VARIABLE_SCOPE_BEGIN|[187]|val|Integer|false|false
18:32:07.0 (102013698)|VARIABLE_ASSIGNMENT|[187]|val|1213
18:32:07.0 (102020775)|HEAP_ALLOCATE|[188]|Bytes:5
18:32:07.0 (102023347)|STATEMENT_EXECUTE|[187]
18:32:07.0 (102024442)|STATEMENT_EXECUTE|[188]
18:32:07.0 (102027293)|METHOD_ENTRY|[188]|01pa500000QOKzh|NavigatorService.intToHex(Integer)
18:32:07.0 (102030997)|VARIABLE_SCOPE_BEGIN|[193]|val|Integer|false|false
18:32:07.0 (102036219)|VARIABLE_ASSIGNMENT|[193]|val|1213
18:32:07.0 (102040671)|HEAP_ALLOCATE|[194]|Bytes:5
18:32:07.0 (102043805)|STATEMENT_EXECUTE|[193]
18:32:07.0 (102045591)|STATEMENT_EXECUTE|[194]
18:32:07.0 (102046717)|STATEMENT_EXECUTE|[195]
18:32:07.0 (102048596)|VARIABLE_SCOPE_BEGIN|[195]|chars|String|false|false
18:32:07.0 (102055576)|VARIABLE_ASSIGNMENT|[195]|chars|"0123456789abcdef"
18:32:07.0 (102058900)|STATEMENT_EXECUTE|[196]
18:32:07.0 (102060397)|VARIABLE_SCOPE_BEGIN|[196]|hex|String|false|false
18:32:07.0 (102068785)|VARIABLE_ASSIGNMENT|[196]|hex|""
18:32:07.0 (102074022)|STATEMENT_EXECUTE|[197]
18:32:07.0 (102075206)|STATEMENT_EXECUTE|[198]
18:32:07.0 (102079092)|METHOD_ENTRY|[198]||System.Math.mod(Integer, Integer)
18:32:07.0 (102095649)|METHOD_EXIT|[198]||System.Math.mod(Integer, Integer)
18:32:07.0 (102098231)|METHOD_ENTRY|[198]||System.Math.mod(Integer, Integer)
18:32:07.0 (102106414)|METHOD_EXIT|[198]||System.Math.mod(Integer, Integer)
18:32:07.0 (102112423)|HEAP_ALLOCATE|[198]|Bytes:1
18:32:07.0 (102117032)|HEAP_ALLOCATE|[198]|Bytes:1
18:32:07.0 (102120097)|VARIABLE_ASSIGNMENT|[198]|hex|"d"
18:32:07.0 (102122476)|STATEMENT_EXECUTE|[199]
18:32:07.0 (102123921)|HEAP_ALLOCATE|[199]|Bytes:4
18:32:07.0 (102126816)|VARIABLE_ASSIGNMENT|[199]|val|75
18:32:07.0 (102129322)|STATEMENT_EXECUTE|[197]
18:32:07.0 (102130070)|STATEMENT_EXECUTE|[198]
18:32:07.0 (102131513)|METHOD_ENTRY|[198]||System.Math.mod(Integer, Integer)
18:32:07.0 (102140372)|METHOD_EXIT|[198]||System.Math.mod(Integer, Integer)
18:32:07.0 (102142891)|METHOD_ENTRY|[198]||System.Math.mod(Integer, Integer)
18:32:07.0 (102151662)|METHOD_EXIT|[198]||System.Math.mod(Integer, Integer)
18:32:07.0 (102156017)|HEAP_ALLOCATE|[198]|Bytes:1
18:32:07.0 (102159937)|HEAP_ALLOCATE|[198]|Bytes:2
18:32:07.0 (102162860)|VARIABLE_ASSIGNMENT|[198]|hex|"bd"
18:32:07.0 (102164832)|STATEMENT_EXECUTE|[199]
18:32:07.0 (102165977)|HEAP_ALLOCATE|[199]|Bytes:4
18:32:07.0 (102168697)|VARIABLE_ASSIGNMENT|[199]|val|4
18:32:07.0 (102172132)|STATEMENT_EXECUTE|[197]
18:32:07.0 (102172914)|STATEMENT_EXECUTE|[198]
18:32:07.0 (102174305)|METHOD_ENTRY|[198]||System.Math.mod(Integer, Integer)
18:32:07.0 (102182879)|METHOD_EXIT|[198]||System.Math.mod(Integer, Integer)
18:32:07.0 (102185053)|METHOD_ENTRY|[198]||System.Math.mod(Integer, Integer)
18:32:07.0 (102192595)|METHOD_EXIT|[198]||System.Math.mod(Integer, Integer)
18:32:07.0 (102196414)|HEAP_ALLOCATE|[198]|Bytes:1
18:32:07.0 (102200907)|HEAP_ALLOCATE|[198]|Bytes:3
18:32:07.0 (102203835)|VARIABLE_ASSIGNMENT|[198]|hex|"4bd"
18:32:07.0 (102206120)|STATEMENT_EXECUTE|[199]
18:32:07.0 (102207253)|HEAP_ALLOCATE|[199]|Bytes:4
18:32:07.0 (102210441)|VARIABLE_ASSIGNMENT|[199]|val|0
18:32:07.0 (102212595)|STATEMENT_EXECUTE|[201]
18:32:07.0 (102214968)|METHOD_EXIT|[188]|01pa500000QOKzh|NavigatorService.intToHex(Integer)
18:32:07.0 (102217445)|VARIABLE_SCOPE_BEGIN|[188]|h|String|false|false
18:32:07.0 (102222636)|VARIABLE_ASSIGNMENT|[188]|h|"4bd"
18:32:07.0 (102230652)|STATEMENT_EXECUTE|[189]
18:32:07.0 (102232060)|HEAP_ALLOCATE|[189]|Bytes:4
18:32:07.0 (102235097)|VARIABLE_ASSIGNMENT|[189]|h|"04bd"
18:32:07.0 (102241820)|STATEMENT_EXECUTE|[190]
18:32:07.0 (102243951)|METHOD_EXIT|[175]|01pa500000QOKzh|NavigatorService.intToHex4(Integer)
18:32:07.0 (102246985)|HEAP_ALLOCATE|[175]|Bytes:8
18:32:07.0 (102250780)|VARIABLE_ASSIGNMENT|[175]|seqHex|"308204bd"
18:32:07.0 (102252996)|STATEMENT_EXECUTE|[178]
18:32:07.0 (102254769)|HEAP_ALLOCATE|[178]|Bytes:2434
18:32:07.0 (102262197)|METHOD_ENTRY|[178]||System.EncodingUtil.convertFromHex(String)
18:32:07.0 (102355056)|METHOD_EXIT|[178]||System.EncodingUtil.convertFromHex(String)
18:32:07.0 (102360552)|METHOD_EXIT|[62]|01pa500000QOKzh|NavigatorService.pemToPrivateKeyBlob(String)
18:32:07.0 (102364104)|VARIABLE_SCOPE_BEGIN|[62]|privateKeyBlob|Blob|false|false
18:32:07.0 (102383484)|VARIABLE_ASSIGNMENT|[62]|privateKeyBlob|BLOB(1217 bytes)
18:32:07.0 (102387869)|STATEMENT_EXECUTE|[63]
18:32:07.0 (102389649)|HEAP_ALLOCATE|[63]|Bytes:10
18:32:07.0 (102417394)|HEAP_ALLOCATE|[63]|Bytes:4
18:32:07.0 (102485489)|HEAP_ALLOCATE|[63]|Bytes:55
18:32:07.0 (102495098)|SYSTEM_METHOD_ENTRY|[1]|Crypto.Crypto()
18:32:07.0 (102497936)|STATEMENT_EXECUTE|[1]
18:32:07.0 (102503335)|SYSTEM_METHOD_EXIT|[1]|Crypto
18:32:07.0 (102514160)|METHOD_ENTRY|[63]||System.Crypto.sign(String, Blob, Blob)
18:32:07.0 (104706938)|METHOD_EXIT|[63]||System.Crypto.sign(String, Blob, Blob)
18:32:07.0 (104721165)|VARIABLE_SCOPE_BEGIN|[63]|sig|Blob|false|false
18:32:07.0 (104741930)|VARIABLE_ASSIGNMENT|[63]|sig|BLOB(256 bytes)
18:32:07.0 (104747938)|STATEMENT_EXECUTE|[64]
18:32:07.0 (104760507)|METHOD_ENTRY|[64]|01pa500000QOKzh|NavigatorService.base64UrlEncode(Blob)
18:32:07.0 (104803563)|VARIABLE_SCOPE_BEGIN|[134]|input|Blob|false|false
18:32:07.0 (104809360)|VARIABLE_ASSIGNMENT|[134]|input|BLOB(256 bytes)
18:32:07.0 (104828728)|HEAP_ALLOCATE|[135]|Bytes:5
18:32:07.0 (104836444)|STATEMENT_EXECUTE|[134]
18:32:07.0 (104837933)|STATEMENT_EXECUTE|[135]
18:32:07.0 (104842303)|METHOD_ENTRY|[135]||System.EncodingUtil.base64Encode(Blob)
18:32:07.0 (104882450)|METHOD_EXIT|[135]||System.EncodingUtil.base64Encode(Blob)
18:32:07.0 (104918501)|HEAP_ALLOCATE|[136]|Bytes:342
18:32:07.0 (104932469)|HEAP_ALLOCATE|[136]|Bytes:342
18:32:07.0 (104944180)|HEAP_ALLOCATE|[136]|Bytes:342
18:32:07.0 (104951806)|METHOD_EXIT|[64]|01pa500000QOKzh|NavigatorService.base64UrlEncode(Blob)
18:32:07.0 (104959014)|HEAP_ALLOCATE|[64]|Bytes:768
18:32:07.0 (104961954)|VARIABLE_SCOPE_BEGIN|[64]|jwt|String|false|false
18:32:07.0 (104971305)|VARIABLE_ASSIGNMENT|[64]|jwt|"eyJ0eXAiOiJKV1QiLCJh (748 more) ..."
18:32:07.0 (104973790)|STATEMENT_EXECUTE|[66]
18:32:07.0 (105003925)|VARIABLE_SCOPE_BEGIN|[66]|tokenReq|System.HttpRequest|true|false
18:32:07.0 (105284825)|VARIABLE_ASSIGNMENT|[66]|tokenReq|"System.HttpRequest[Endpoint=null, Method=null]"|0x7b28e6e4
18:32:07.0 (105293471)|STATEMENT_EXECUTE|[67]
18:32:07.0 (105306806)|HEAP_ALLOCATE|[67]|Bytes:12
18:32:07.0 (105314797)|HEAP_ALLOCATE|[67]|Bytes:42
18:32:07.0 (105417193)|STATEMENT_EXECUTE|[68]
18:32:07.0 (105418737)|HEAP_ALLOCATE|[68]|Bytes:4
18:32:07.0 (105431583)|STATEMENT_EXECUTE|[69]
18:32:07.0 (105434755)|HEAP_ALLOCATE|[69]|Bytes:12
18:32:07.0 (105437133)|HEAP_ALLOCATE|[69]|Bytes:33
18:32:07.0 (105458572)|STATEMENT_EXECUTE|[70]
18:32:07.0 (105459909)|HEAP_ALLOCATE|[70]|Bytes:65
18:32:07.0 (105462652)|HEAP_ALLOCATE|[71]|Bytes:5
18:32:07.0 (105474824)|METHOD_ENTRY|[71]||System.EncodingUtil.urlEncode(String, String)
18:32:07.0 (105524107)|METHOD_EXIT|[71]||System.EncodingUtil.urlEncode(String, String)
18:32:07.0 (105527558)|HEAP_ALLOCATE|[70]|Bytes:833
18:32:07.0 (105571385)|STATEMENT_EXECUTE|[73]
18:32:07.0 (105680884)|CALLOUT_REQUEST|[73]|System.HttpRequest[Endpoint=https://account-d.docusign.com/oauth/token, Method=POST]
18:32:07.0 (346271706)|HEAP_ALLOCATE|[EXTERNAL]|Bytes:1819
18:32:07.0 (347414048)|CALLOUT_RESPONSE|[73]|System.HttpResponse[Status=OK, StatusCode=200]
18:32:07.0 (347445564)|HEAP_ALLOCATE|[73]|Bytes:1308
18:32:07.0 (347484150)|VARIABLE_SCOPE_BEGIN|[73]|tokenRes|System.HttpResponse|true|false
18:32:07.0 (347544218)|VARIABLE_ASSIGNMENT|[73]|tokenRes|"System.HttpResponse[Status=OK, StatusCode=200]"|0x3f6901e4
18:32:07.0 (347622823)|STATEMENT_EXECUTE|[74]
18:32:07.0 (347628002)|STATEMENT_EXECUTE|[78]
18:32:07.0 (347693927)|HEAP_ALLOCATE|[78]|Bytes:1302
18:32:07.0 (347733145)|METHOD_ENTRY|[78]||System.JSON.deserializeUntyped(String)
18:32:07.0 (348094467)|METHOD_EXIT|[78]||System.JSON.deserializeUntyped(String)
18:32:07.0 (348108306)|VARIABLE_SCOPE_BEGIN|[78]|tokenMap|Map<String,ANY>|true|false
18:32:07.0 (348144194)|VARIABLE_ASSIGNMENT|[78]|tokenMap|{"access_token":"eyJ0eXAiOiJKV1QiLCJh (1088 more) ...","token_type":"Bearer","expires_in":3600,"scope":"signature adm_store_ (104 more) ..."}|0x38c2a02e
18:32:07.0 (348150958)|HEAP_ALLOCATE|[79]|Bytes:12
18:32:07.0 (348183857)|STATEMENT_EXECUTE|[79]
18:32:07.0 (348186355)|STATEMENT_EXECUTE|[82]
18:32:07.0 (348206930)|METHOD_EXIT|[52]|01pa500000QOKzh|NavigatorService.getAccessToken(NavigatorService.Config)
18:32:07.0 (348211337)|VARIABLE_SCOPE_BEGIN|[52]|token|String|false|false
18:32:07.0 (348219949)|VARIABLE_ASSIGNMENT|[52]|token|"eyJ0eXAiOiJKV1QiLCJh (1088 more) ..."
18:32:07.0 (348227368)|STATEMENT_EXECUTE|[53]
18:32:07.0 (348242904)|HEAP_ALLOCATE|[53]|Bytes:12
18:32:07.0 (348257042)|METHOD_ENTRY|[53]|01pa500000QRBV4|WorkspaceService.toApiId(String)
18:32:07.0 (348270602)|VARIABLE_SCOPE_BEGIN|[240]|workspaceId|String|false|false
18:32:07.0 (348276168)|VARIABLE_ASSIGNMENT|[240]|workspaceId|"1978033"
18:32:07.0 (348286965)|HEAP_ALLOCATE|[241]|Bytes:5
18:32:07.0 (348290062)|STATEMENT_EXECUTE|[240]
18:32:07.0 (348328876)|STATEMENT_EXECUTE|[241]
18:32:07.0 (348329839)|STATEMENT_EXECUTE|[242]
18:32:07.0 (348337495)|METHOD_ENTRY|[242]|01pa500000QRBV4|WorkspaceService.numericIdToUuid(String)
18:32:07.0 (348345133)|VARIABLE_SCOPE_BEGIN|[246]|numericId|String|false|false
18:32:07.0 (348351703)|VARIABLE_ASSIGNMENT|[246]|numericId|"1978033"
18:32:07.0 (348358440)|HEAP_ALLOCATE|[247]|Bytes:5
18:32:07.0 (348360728)|STATEMENT_EXECUTE|[246]
18:32:07.0 (348361635)|STATEMENT_EXECUTE|[247]
18:32:07.0 (348384347)|HEAP_ALLOCATE|[247]|Bytes:12
18:32:07.0 (348389212)|VARIABLE_SCOPE_BEGIN|[247]|val|Long|false|false
18:32:07.0 (348395270)|VARIABLE_ASSIGNMENT|[247]|val|1978033
18:32:07.0 (348397383)|STATEMENT_EXECUTE|[248]
18:32:07.0 (348399500)|VARIABLE_SCOPE_BEGIN|[248]|hexChars|String|false|false
18:32:07.0 (348404284)|VARIABLE_ASSIGNMENT|[248]|hexChars|"0123456789abcdef"
18:32:07.0 (348406476)|STATEMENT_EXECUTE|[249]
18:32:07.0 (348407925)|VARIABLE_SCOPE_BEGIN|[249]|hex|String|false|false
18:32:07.0 (348412309)|VARIABLE_ASSIGNMENT|[249]|hex|""
18:32:07.0 (348414409)|STATEMENT_EXECUTE|[250]
18:32:07.0 (348415538)|VARIABLE_SCOPE_BEGIN|[250]|remaining|Long|false|false
18:32:07.0 (348419788)|VARIABLE_ASSIGNMENT|[250]|remaining|1978033
18:32:07.0 (348430538)|HEAP_ALLOCATE|[251]|Bytes:12
18:32:07.0 (348434484)|STATEMENT_EXECUTE|[251]
18:32:07.0 (348435382)|STATEMENT_EXECUTE|[252]
18:32:07.0 (348438100)|HEAP_ALLOCATE|[252]|Bytes:12
18:32:07.0 (348445941)|METHOD_ENTRY|[252]||System.Math.mod(Long, Long)
18:32:07.0 (348498489)|METHOD_EXIT|[252]||System.Math.mod(Long, Long)
18:32:07.0 (348513425)|VARIABLE_SCOPE_BEGIN|[252]|digit|Integer|false|false
18:32:07.0 (348517542)|HEAP_ALLOCATE|[252]|Bytes:4
18:32:07.0 (348520678)|VARIABLE_ASSIGNMENT|[252]|digit|1
18:32:07.0 (348522984)|STATEMENT_EXECUTE|[253]
18:32:07.0 (348535185)|HEAP_ALLOCATE|[253]|Bytes:1
18:32:07.0 (348543189)|HEAP_ALLOCATE|[253]|Bytes:1
18:32:07.0 (348546616)|VARIABLE_ASSIGNMENT|[253]|hex|"1"
18:32:07.0 (348548585)|STATEMENT_EXECUTE|[254]
18:32:07.0 (348550765)|HEAP_ALLOCATE|[254]|Bytes:12
18:32:07.0 (348556259)|HEAP_ALLOCATE|[254]|Bytes:12
18:32:07.0 (348559068)|VARIABLE_ASSIGNMENT|[254]|remaining|123627
18:32:07.0 (348562641)|HEAP_ALLOCATE|[251]|Bytes:12
18:32:07.0 (348564573)|STATEMENT_EXECUTE|[251]
18:32:07.0 (348565378)|STATEMENT_EXECUTE|[252]
18:32:07.0 (348566661)|HEAP_ALLOCATE|[252]|Bytes:12
18:32:07.0 (348568963)|METHOD_ENTRY|[252]||System.Math.mod(Long, Long)
18:32:07.0 (348586356)|METHOD_EXIT|[252]||System.Math.mod(Long, Long)
18:32:07.0 (348597323)|VARIABLE_SCOPE_BEGIN|[252]|digit|Integer|false|false
18:32:07.0 (348602153)|HEAP_ALLOCATE|[252]|Bytes:4
18:32:07.0 (348606067)|VARIABLE_ASSIGNMENT|[252]|digit|11
18:32:07.0 (348608887)|STATEMENT_EXECUTE|[253]
18:32:07.0 (348614449)|HEAP_ALLOCATE|[253]|Bytes:1
18:32:07.0 (348621357)|HEAP_ALLOCATE|[253]|Bytes:2
18:32:07.0 (348626368)|VARIABLE_ASSIGNMENT|[253]|hex|"b1"
18:32:07.0 (348629447)|STATEMENT_EXECUTE|[254]
18:32:07.0 (348632043)|HEAP_ALLOCATE|[254]|Bytes:12
18:32:07.0 (348635389)|HEAP_ALLOCATE|[254]|Bytes:12
18:32:07.0 (348639287)|VARIABLE_ASSIGNMENT|[254]|remaining|7726
18:32:07.0 (348644409)|HEAP_ALLOCATE|[251]|Bytes:12
18:32:07.0 (348647278)|STATEMENT_EXECUTE|[251]
18:32:07.0 (348648391)|STATEMENT_EXECUTE|[252]
18:32:07.0 (348650515)|HEAP_ALLOCATE|[252]|Bytes:12
18:32:07.0 (348654258)|METHOD_ENTRY|[252]||System.Math.mod(Long, Long)
18:32:07.0 (348671747)|METHOD_EXIT|[252]||System.Math.mod(Long, Long)
18:32:07.0 (348681069)|VARIABLE_SCOPE_BEGIN|[252]|digit|Integer|false|false
18:32:07.0 (348684707)|HEAP_ALLOCATE|[252]|Bytes:4
18:32:07.0 (348687468)|VARIABLE_ASSIGNMENT|[252]|digit|14
18:32:07.0 (348689384)|STATEMENT_EXECUTE|[253]
18:32:07.0 (348692855)|HEAP_ALLOCATE|[253]|Bytes:1
18:32:07.0 (348696834)|HEAP_ALLOCATE|[253]|Bytes:3
18:32:07.0 (348700038)|VARIABLE_ASSIGNMENT|[253]|hex|"eb1"
18:32:07.0 (348703127)|STATEMENT_EXECUTE|[254]
18:32:07.0 (348705793)|HEAP_ALLOCATE|[254]|Bytes:12
18:32:07.0 (348709402)|HEAP_ALLOCATE|[254]|Bytes:12
18:32:07.0 (348713224)|VARIABLE_ASSIGNMENT|[254]|remaining|482
18:32:07.0 (348718243)|HEAP_ALLOCATE|[251]|Bytes:12
18:32:07.0 (348721026)|STATEMENT_EXECUTE|[251]
18:32:07.0 (348722167)|STATEMENT_EXECUTE|[252]
18:32:07.0 (348724524)|HEAP_ALLOCATE|[252]|Bytes:12
18:32:07.0 (348728434)|METHOD_ENTRY|[252]||System.Math.mod(Long, Long)
18:32:07.0 (348743587)|METHOD_EXIT|[252]||System.Math.mod(Long, Long)
18:32:07.0 (348752474)|VARIABLE_SCOPE_BEGIN|[252]|digit|Integer|false|false
18:32:07.0 (348756676)|HEAP_ALLOCATE|[252]|Bytes:4
18:32:07.0 (348760738)|VARIABLE_ASSIGNMENT|[252]|digit|2
18:32:07.0 (348763618)|STATEMENT_EXECUTE|[253]
18:32:07.0 (348769088)|HEAP_ALLOCATE|[253]|Bytes:1
18:32:07.0 (348775517)|HEAP_ALLOCATE|[253]|Bytes:4
18:32:07.0 (348780808)|VARIABLE_ASSIGNMENT|[253]|hex|"2eb1"
18:32:07.0 (348783774)|STATEMENT_EXECUTE|[254]
18:32:07.0 (348786548)|HEAP_ALLOCATE|[254]|Bytes:12
18:32:07.0 (348790401)|HEAP_ALLOCATE|[254]|Bytes:12
18:32:07.0 (348794555)|VARIABLE_ASSIGNMENT|[254]|remaining|30
18:32:07.0 (348799054)|HEAP_ALLOCATE|[251]|Bytes:12
18:32:07.0 (348801980)|STATEMENT_EXECUTE|[251]
18:32:07.0 (348803159)|STATEMENT_EXECUTE|[252]
18:32:07.0 (348805182)|HEAP_ALLOCATE|[252]|Bytes:12
18:32:07.0 (348808812)|METHOD_ENTRY|[252]||System.Math.mod(Long, Long)
18:32:07.0 (348827038)|METHOD_EXIT|[252]||System.Math.mod(Long, Long)
18:32:07.0 (348838124)|VARIABLE_SCOPE_BEGIN|[252]|digit|Integer|false|false
18:32:07.0 (348843739)|HEAP_ALLOCATE|[252]|Bytes:4
18:32:07.0 (348847847)|VARIABLE_ASSIGNMENT|[252]|digit|14
18:32:07.0 (348851002)|STATEMENT_EXECUTE|[253]
18:32:07.0 (348856591)|HEAP_ALLOCATE|[253]|Bytes:1
18:32:07.0 (348862988)|HEAP_ALLOCATE|[253]|Bytes:5
18:32:07.0 (348868265)|VARIABLE_ASSIGNMENT|[253]|hex|"e2eb1"
18:32:07.0 (348871152)|STATEMENT_EXECUTE|[254]
18:32:07.0 (348874142)|HEAP_ALLOCATE|[254]|Bytes:12
18:32:07.0 (348877712)|HEAP_ALLOCATE|[254]|Bytes:12
18:32:07.0 (348881667)|VARIABLE_ASSIGNMENT|[254]|remaining|1
18:32:07.0 (348886377)|HEAP_ALLOCATE|[251]|Bytes:12
18:32:07.0 (348889528)|STATEMENT_EXECUTE|[251]
18:32:07.0 (348890569)|STATEMENT_EXECUTE|[252]
18:32:07.0 (348892652)|HEAP_ALLOCATE|[252]|Bytes:12
18:32:07.0 (348896528)|METHOD_ENTRY|[252]||System.Math.mod(Long, Long)
18:32:07.0 (348912309)|METHOD_EXIT|[252]||System.Math.mod(Long, Long)
18:32:07.0 (348921953)|VARIABLE_SCOPE_BEGIN|[252]|digit|Integer|false|false
18:32:07.0 (348927224)|HEAP_ALLOCATE|[252]|Bytes:4
18:32:07.0 (348931229)|VARIABLE_ASSIGNMENT|[252]|digit|1
18:32:07.0 (348934049)|STATEMENT_EXECUTE|[253]
18:32:07.0 (348939582)|HEAP_ALLOCATE|[253]|Bytes:1
18:32:07.0 (348946703)|HEAP_ALLOCATE|[253]|Bytes:6
18:32:07.0 (348951729)|VARIABLE_ASSIGNMENT|[253]|hex|"1e2eb1"
18:32:07.0 (348955082)|STATEMENT_EXECUTE|[254]
18:32:07.0 (348957667)|HEAP_ALLOCATE|[254]|Bytes:12
18:32:07.0 (348961559)|HEAP_ALLOCATE|[254]|Bytes:12
18:32:07.0 (348965749)|VARIABLE_ASSIGNMENT|[254]|remaining|0
18:32:07.0 (348970354)|HEAP_ALLOCATE|[251]|Bytes:12
18:32:07.0 (348997314)|STATEMENT_EXECUTE|[256]
18:32:07.0 (349000014)|HEAP_ALLOCATE|[256]|Bytes:7
18:32:07.0 (349005289)|VARIABLE_ASSIGNMENT|[256]|hex|"01e2eb1"
18:32:07.0 (349012403)|STATEMENT_EXECUTE|[256]
18:32:07.0 (349013784)|HEAP_ALLOCATE|[256]|Bytes:8
18:32:07.0 (349016753)|VARIABLE_ASSIGNMENT|[256]|hex|"001e2eb1"
18:32:07.0 (349023442)|STATEMENT_EXECUTE|[257]
18:32:07.0 (349024840)|HEAP_ALLOCATE|[257]|Bytes:28
18:32:07.0 (349027095)|HEAP_ALLOCATE|[257]|Bytes:36
18:32:07.0 (349033858)|METHOD_EXIT|[242]|01pa500000QRBV4|WorkspaceService.numericIdToUuid(String)
18:32:07.0 (349038955)|METHOD_EXIT|[53]|01pa500000QRBV4|WorkspaceService.toApiId(String)
18:32:07.0 (349041924)|HEAP_ALLOCATE|[53]|Bytes:10
18:32:07.0 (349051642)|HEAP_ALLOCATE|[53]|Bytes:133
18:32:07.0 (349055545)|VARIABLE_SCOPE_BEGIN|[53]|url|String|false|false
18:32:07.0 (349064825)|VARIABLE_ASSIGNMENT|[53]|url|"callout:DocuSign_Nav (113 more) ..."
18:32:07.0 (349068291)|STATEMENT_EXECUTE|[55]
18:32:07.0 (349078608)|METHOD_ENTRY|[55]|01pa500000QOKzh|NavigatorService.callGet(String, String)
18:32:07.0 (349090973)|VARIABLE_SCOPE_BEGIN|[112]|url|String|false|false
18:32:07.0 (349096379)|VARIABLE_ASSIGNMENT|[112]|url|"callout:DocuSign_Nav (113 more) ..."
18:32:07.0 (349099524)|VARIABLE_SCOPE_BEGIN|[112]|accessToken|String|false|false
18:32:07.0 (349107178)|VARIABLE_ASSIGNMENT|[112]|accessToken|"eyJ0eXAiOiJKV1QiLCJh (1088 more) ..."
18:32:07.0 (349115318)|HEAP_ALLOCATE|[113]|Bytes:5
18:32:07.0 (349118775)|STATEMENT_EXECUTE|[112]
18:32:07.0 (349120057)|STATEMENT_EXECUTE|[113]
18:32:07.0 (349143073)|VARIABLE_SCOPE_BEGIN|[113]|req|System.HttpRequest|true|false
18:32:07.0 (349236029)|VARIABLE_ASSIGNMENT|[113]|req|"System.HttpRequest[Endpoint=null, Method=null]"|0x60ba9978
18:32:07.0 (349240871)|STATEMENT_EXECUTE|[114]
18:32:07.0 (349287254)|STATEMENT_EXECUTE|[115]
18:32:07.0 (349290006)|HEAP_ALLOCATE|[115]|Bytes:3
18:32:07.0 (349307023)|STATEMENT_EXECUTE|[116]
18:32:07.0 (349309005)|HEAP_ALLOCATE|[116]|Bytes:13
18:32:07.0 (349311549)|HEAP_ALLOCATE|[116]|Bytes:7
18:32:07.0 (349315692)|HEAP_ALLOCATE|[116]|Bytes:1115
18:32:07.0 (349330859)|STATEMENT_EXECUTE|[117]
18:32:07.0 (349332177)|HEAP_ALLOCATE|[117]|Bytes:6
18:32:07.0 (349334254)|HEAP_ALLOCATE|[117]|Bytes:16
18:32:07.0 (349487309)|STATEMENT_EXECUTE|[118]
18:32:07.0 (349542889)|CALLOUT_REQUEST|[118]|System.HttpRequest[Endpoint=callout:DocuSign_Navigator/v1/accounts/6cba485c-0fae-4108-acc1-b0678559780c/workspaces/001e2eb1-0000-0000-0000-000000000000/documents, Method=GET]
18:32:08.214 (1214912661)|NAMED_CREDENTIAL_REQUEST|NamedCallout[Named Credential Id=0XAa5000000TNyv, Named Credential Name=DocuSign_Navigator, Endpoint=https://api-d.docusign.com/v1/accounts/6cba485c-0fae-4108-acc1-b0678559780c/workspaces/001e2eb1-0000-0000-0000-000000000000/documents, Method=GET, External Credential Type=EXTERNAL, HTTP Header Authorization=Method: Not set - Credential: Not set, Content-Type=null, Request Size bytes=-1, Retry on 401=True]
18:32:08.215 (1215286067)|HEAP_ALLOCATE|[EXTERNAL]|Bytes:1072
18:32:08.216 (1216142806)|NAMED_CREDENTIAL_RESPONSE|NamedCallout[Named Credential Id=0XAa5000000TNyv, Named Credential Name=DocuSign_Navigator, Status Code=200, Content-Type=null, Response Size bytes=666, Overall Callout Time ms=847, Connect Time ms=4, Interceptor Time ms=0
18:32:08.215 (1216723247)|CALLOUT_RESPONSE|[118]|System.HttpResponse[Status=OK, StatusCode=200]
18:32:08.215 (1216749636)|HEAP_ALLOCATE|[118]|Bytes:672
18:32:08.215 (1216790933)|METHOD_EXIT|[55]|01pa500000QOKzh|NavigatorService.callGet(String, String)
18:32:08.215 (1216803551)|VARIABLE_SCOPE_BEGIN|[55]|res|System.HttpResponse|true|false
18:32:08.215 (1216862099)|VARIABLE_ASSIGNMENT|[55]|res|"System.HttpResponse[Status=OK, StatusCode=200]"|0x67374acb
18:32:08.215 (1216929897)|STATEMENT_EXECUTE|[56]
18:32:08.215 (1216934093)|STATEMENT_EXECUTE|[59]
18:32:08.215 (1216979895)|HEAP_ALLOCATE|[59]|Bytes:630
18:32:08.215 (1216992754)|METHOD_ENTRY|[59]||System.JSON.deserializeUntyped(String)
18:32:08.215 (1217789872)|METHOD_EXIT|[59]||System.JSON.deserializeUntyped(String)
18:32:08.215 (1217802143)|VARIABLE_SCOPE_BEGIN|[59]|body|Map<String,ANY>|true|false
18:32:08.215 (1217826544)|HEAP_ALLOCATE|[EXTERNAL]|Bytes:12
18:32:08.215 (1217860058)|VARIABLE_ASSIGNMENT|[59]|body|{"documents":["Map of size 7 too large to display","Map of size 7 too large to display"],"result_set_size":2,"start_position":0,"end_position":1}|0x34edea87
18:32:08.215 (1217864862)|STATEMENT_EXECUTE|[60]
18:32:08.215 (1217869232)|HEAP_ALLOCATE|[60]|Bytes:9
18:32:08.215 (1217948552)|METHOD_EXIT|[73]|01pa500000QRBV4|WorkspaceService.getWorkspaceDocuments(String)
18:32:08.217 (1217976950)|CUMULATIVE_LIMIT_USAGE
18:32:08.217 (1217976950)|LIMIT_USAGE_FOR_NS|(default)|
  Number of SOQL queries: 1 out of 100
  Number of query rows: 1 out of 50000
  Number of SOSL queries: 0 out of 20
  Number of DML statements: 0 out of 150
  Number of Publish Immediate DML: 0 out of 150
  Number of DML rows: 0 out of 10000
  Maximum CPU time: 51 out of 10000
  Maximum heap size: 0 out of 6000000
  Number of callouts: 2 out of 100
  Number of Email Invocations: 0 out of 10
  Number of future calls: 0 out of 50
  Number of queueable jobs added to the queue: 0 out of 50
  Number of Mobile Apex push calls: 0 out of 10

18:32:08.217 (1217976950)|CUMULATIVE_LIMIT_USAGE_END

18:32:08.215 (1218023313)|CODE_UNIT_FINISHED|WorkspaceController.getWorkspaceDocuments(String)
18:32:08.215 (1218252823)|CODE_UNIT_FINISHED|apex://WorkspaceController/ACTION$getWorkspaceDocuments
18:32:08.215 (1218258643)|EXECUTION_FINISHED
