66.0 APEX_CODE,FINEST;APEX_PROFILING,INFO;CALLOUT,INFO;DATA_ACCESS,INFO;DB,INFO;NBA,INFO;SYSTEM,DEBUG;VALIDATION,INFO;VISUALFORCE,INFO;WAVE,INFO;WORKFLOW,INFO
18:06:35.0 (982406)|USER_INFO|[EXTERNAL]|005a500001kpSnF|takahiro.nagai.docusigndemo20250910@gmail.com|(GMT+09:00) 日本標準時 (Asia/Tokyo)|GMT+09:00
18:06:35.0 (1108509)|EXECUTION_STARTED
18:06:35.0 (1163419)|CODE_UNIT_STARTED|[EXTERNAL]|apex://WorkspaceController/ACTION$createUploadRequest
18:06:35.0 (4937667)|HEAP_ALLOCATE|[EXTERNAL]|Bytes:8
18:06:35.0 (5703897)|CODE_UNIT_STARTED|[EXTERNAL]|01pa500000QRBV3|WorkspaceController.createUploadRequest(String, String, String, String, List<String>)
18:06:35.0 (8286921)|HEAP_ALLOCATE|[95]|Bytes:3
18:06:35.0 (8391182)|HEAP_ALLOCATE|[100]|Bytes:152
18:06:35.0 (8409877)|HEAP_ALLOCATE|[417]|Bytes:408
18:06:35.0 (8425433)|HEAP_ALLOCATE|[430]|Bytes:408
18:06:35.0 (8495173)|HEAP_ALLOCATE|[317]|Bytes:6
18:06:35.0 (8513011)|HEAP_ALLOCATE|[EXTERNAL]|Bytes:43
18:06:35.0 (8578203)|METHOD_ENTRY|[1]|01pa500000QRBV3|WorkspaceController.WorkspaceController()
18:06:35.0 (8598073)|STATEMENT_EXECUTE|[1]
18:06:35.0 (8620594)|STATEMENT_EXECUTE|[1]
18:06:35.0 (8639003)|HEAP_ALLOCATE|[68]|Bytes:5
18:06:35.0 (8682149)|HEAP_ALLOCATE|[74]|Bytes:5
18:06:35.0 (8687911)|HEAP_ALLOCATE|[82]|Bytes:7
18:06:35.0 (9310596)|HEAP_ALLOCATE|[EXTERNAL]|Bytes:5
18:06:35.0 (9357396)|METHOD_EXIT|[1]|WorkspaceController
18:06:35.0 (9369964)|HEAP_ALLOCATE|[EXTERNAL]|Bytes:7
18:06:35.0 (9374413)|HEAP_ALLOCATE|[EXTERNAL]|Bytes:3
18:06:35.0 (9377723)|HEAP_ALLOCATE|[EXTERNAL]|Bytes:3
18:06:35.0 (9381074)|HEAP_ALLOCATE|[EXTERNAL]|Bytes:10
18:06:35.0 (9425001)|HEAP_ALLOCATE|[EXTERNAL]|Bytes:8
18:06:35.0 (9446576)|VARIABLE_SCOPE_BEGIN|[150]|workspaceId|String|false|false
18:06:35.0 (9564666)|VARIABLE_ASSIGNMENT|[150]|workspaceId|"1978033"
18:06:35.0 (9595329)|VARIABLE_SCOPE_BEGIN|[150]|name|String|false|false
18:06:35.0 (9605766)|VARIABLE_ASSIGNMENT|[150]|name|"テスト"
18:06:35.0 (9614113)|VARIABLE_SCOPE_BEGIN|[150]|description|String|false|false
18:06:35.0 (9620947)|VARIABLE_ASSIGNMENT|[150]|description|"テスト"
18:06:35.0 (9625727)|VARIABLE_SCOPE_BEGIN|[150]|dueDate|String|false|false
18:06:35.0 (9643517)|VARIABLE_ASSIGNMENT|[150]|dueDate|"2026-05-30"
18:06:35.0 (9650712)|VARIABLE_SCOPE_BEGIN|[150]|assigneeEmails|List<String>|true|false
18:06:35.0 (9683725)|VARIABLE_ASSIGNMENT|[150]|assigneeEmails|["kei.suzuki.docusignd (13 more) ..."]|0x4c54c1e0
18:06:35.0 (9724385)|HEAP_ALLOCATE|[153]|Bytes:5
18:06:35.0 (9734645)|STATEMENT_EXECUTE|[152]
18:06:35.0 (9740325)|STATEMENT_EXECUTE|[153]
18:06:35.0 (13033445)|VARIABLE_SCOPE_BEGIN|[5]|WorkspaceService.MULTIPART_BOUNDARY|String|false|true
18:06:35.0 (13105830)|VARIABLE_SCOPE_BEGIN|[4]|WorkspaceService.WORKSPACE_APP_URL|String|false|true
18:06:35.0 (13111434)|VARIABLE_SCOPE_BEGIN|[3]|WorkspaceService.WORKSPACE_BASE_URL|String|false|true
18:06:35.0 (13128936)|HEAP_ALLOCATE|[153]|Bytes:53
18:06:35.0 (13141685)|HEAP_ALLOCATE|[153]|Bytes:19
18:06:35.0 (13143834)|HEAP_ALLOCATE|[153]|Bytes:24
18:06:35.0 (13172330)|VARIABLE_ASSIGNMENT|[153]|WorkspaceService.MULTIPART_BOUNDARY|"----DocuSignApexBoun (4 more) ..."
18:06:35.0 (13176449)|HEAP_ALLOCATE|[153]|Bytes:39
18:06:35.0 (13180318)|VARIABLE_ASSIGNMENT|[153]|WorkspaceService.WORKSPACE_APP_URL|"https://apps-d.docus (19 more) ..."
18:06:35.0 (13182578)|HEAP_ALLOCATE|[153]|Bytes:39
18:06:35.0 (13186049)|VARIABLE_ASSIGNMENT|[153]|WorkspaceService.WORKSPACE_BASE_URL|"callout:DocuSign_Nav (19 more) ..."
18:06:35.0 (13211389)|METHOD_ENTRY|[1]|01pa500000QRBV4|WorkspaceService.WorkspaceService()
18:06:35.0 (13215848)|STATEMENT_EXECUTE|[1]
18:06:35.0 (13224324)|STATEMENT_EXECUTE|[1]
18:06:35.0 (13233496)|HEAP_ALLOCATE|[153]|Bytes:5
18:06:35.0 (13243475)|METHOD_EXIT|[1]|WorkspaceService
18:06:35.0 (13276169)|METHOD_ENTRY|[153]|01pa500000QRBV4|WorkspaceService.createUploadRequest(String, String, String, String, List<String>)
18:06:35.0 (13305817)|VARIABLE_SCOPE_BEGIN|[193]|workspaceId|String|false|false
18:06:35.0 (13319558)|VARIABLE_ASSIGNMENT|[193]|workspaceId|"1978033"
18:06:35.0 (13327189)|VARIABLE_SCOPE_BEGIN|[193]|name|String|false|false
18:06:35.0 (13332695)|VARIABLE_ASSIGNMENT|[193]|name|"テスト"
18:06:35.0 (13337470)|VARIABLE_SCOPE_BEGIN|[193]|description|String|false|false
18:06:35.0 (13346586)|VARIABLE_ASSIGNMENT|[193]|description|"テスト"
18:06:35.0 (13349019)|VARIABLE_SCOPE_BEGIN|[193]|dueDate|String|false|false
18:06:35.0 (13353104)|VARIABLE_ASSIGNMENT|[193]|dueDate|"2026-05-30"
18:06:35.0 (13355955)|VARIABLE_SCOPE_BEGIN|[193]|assigneeEmails|List<String>|true|false
18:06:35.0 (13369968)|VARIABLE_ASSIGNMENT|[193]|assigneeEmails|["kei.suzuki.docusignd (13 more) ..."]|0x4c54c1e0
18:06:35.0 (13377440)|HEAP_ALLOCATE|[196]|Bytes:5
18:06:35.0 (13380694)|STATEMENT_EXECUTE|[195]
18:06:35.0 (13381763)|STATEMENT_EXECUTE|[196]
18:06:35.0 (16497198)|HEAP_ALLOCATE|[196]|Bytes:17
18:06:35.0 (16513958)|HEAP_ALLOCATE|[196]|Bytes:39
18:06:35.0 (16543493)|METHOD_ENTRY|[1]|01pa500000QOKzh|NavigatorService.NavigatorService()
18:06:35.0 (16551270)|STATEMENT_EXECUTE|[1]
18:06:35.0 (16557836)|STATEMENT_EXECUTE|[1]
18:06:35.0 (16567689)|HEAP_ALLOCATE|[196]|Bytes:5
18:06:35.0 (16570813)|STATEMENT_EXECUTE|[3]
18:06:35.0 (16572651)|STATEMENT_EXECUTE|[11]
18:06:35.0 (16583469)|METHOD_EXIT|[1]|NavigatorService
18:06:35.0 (16610318)|METHOD_ENTRY|[196]|01pa500000QOKzh|NavigatorService.loadConfig()
18:06:35.0 (16814091)|HEAP_ALLOCATE|[25]|Bytes:5
18:06:35.0 (16822759)|STATEMENT_EXECUTE|[24]
18:06:35.0 (16824684)|STATEMENT_EXECUTE|[25]
18:06:35.0 (16828183)|HEAP_ALLOCATE|[25]|Bytes:158
18:06:35.0 (16849170)|HEAP_ALLOCATE|[25]|Bytes:4
18:06:35.0 (18575994)|SOQL_EXECUTE_BEGIN|[25]|Aggregations:0|SELECT Integration_Key__c, User_Id__c, Private_Key__c, Auth_Server__c, Account_Id__c FROM DocuSign_JWT_Config_mdt__mdt WHERE DeveloperName = 'Default' LIMIT 1
18:06:35.0 (26525581)|SOQL_EXECUTE_END|[25]|Rows:1
18:06:35.0 (26563798)|HEAP_ALLOCATE|[25]|Bytes:8
18:06:35.0 (26579448)|HEAP_ALLOCATE|[25]|Bytes:1956
18:06:35.0 (26680708)|HEAP_ALLOCATE|[25]|Bytes:8
18:06:35.0 (26702170)|HEAP_ALLOCATE|[25]|Bytes:54
18:06:35.0 (26770293)|HEAP_ALLOCATE|[25]|Bytes:28
18:06:35.0 (26777900)|VARIABLE_SCOPE_BEGIN|[25]|mdt|DocuSign_JWT_Config_mdt__mdt|true|false
18:06:35.0 (26899736)|VARIABLE_ASSIGNMENT|[25]|mdt|{"User_Id__c":"21fb243e-b09c-4d23-a (16 more) ...","Auth_Server__c":"https://account-d.do (10 more) ...","Integration_Key__c":"b3e14877-7590-49d0-9 (16 more) ...","Id":"m0Ba500000KVLsfEAH","Account_Id__c":"6cba485c-0fae-4108-a (16 more) ...","Private_Key__c":"-----BEGIN RSA PRIVA (1680 more) ..."}|0x7647a388
18:06:35.0 (26910828)|STATEMENT_EXECUTE|[32]
18:06:35.0 (26934940)|HEAP_ALLOCATE|[32]|Bytes:24
18:06:35.0 (26974984)|CONSTRUCTOR_ENTRY|[32]|01pa500000QOKzh|<init>()|NavigatorService.Config
18:06:35.0 (27030119)|VARIABLE_SCOPE_BEGIN|[3]|this|NavigatorService.Config|true|false
18:06:35.0 (27108537)|VARIABLE_ASSIGNMENT|[3]|this|{}|0x60eb205d
18:06:35.0 (27124539)|HEAP_ALLOCATE|[EXTERNAL]|Bytes:6
18:06:35.0 (27918966)|STATEMENT_EXECUTE|[3]
18:06:35.0 (27922668)|STATEMENT_EXECUTE|[4]
18:06:35.0 (27924029)|STATEMENT_EXECUTE|[5]
18:06:35.0 (27924787)|STATEMENT_EXECUTE|[6]
18:06:35.0 (27925812)|STATEMENT_EXECUTE|[7]
18:06:35.0 (27926728)|STATEMENT_EXECUTE|[8]
18:06:35.0 (27935070)|CONSTRUCTOR_EXIT|[32]|01pa500000QOKzh|<init>()|NavigatorService.Config
18:06:35.0 (27943088)|VARIABLE_SCOPE_BEGIN|[32]|cfg|NavigatorService.Config|true|false
18:06:35.0 (27967248)|VARIABLE_ASSIGNMENT|[32]|cfg|{}|0x60eb205d
18:06:35.0 (27970878)|STATEMENT_EXECUTE|[33]
18:06:35.0 (28030614)|VARIABLE_ASSIGNMENT|[33]|this.integrationKey|"b3e14877-7590-49d0-9 (16 more) ..."|0x60eb205d
18:06:35.0 (28036773)|STATEMENT_EXECUTE|[34]
18:06:35.0 (28048062)|VARIABLE_ASSIGNMENT|[34]|this.userId|"21fb243e-b09c-4d23-a (16 more) ..."|0x60eb205d
18:06:35.0 (28051191)|STATEMENT_EXECUTE|[35]
18:06:35.0 (28059013)|VARIABLE_ASSIGNMENT|[35]|this.privateKey|"-----BEGIN RSA PRIVA (1680 more) ..."|0x60eb205d
18:06:35.0 (28062093)|STATEMENT_EXECUTE|[36]
18:06:35.0 (28156883)|VARIABLE_ASSIGNMENT|[36]|this.authServer|"https://account-d.do (10 more) ..."|0x60eb205d
18:06:35.0 (28162326)|STATEMENT_EXECUTE|[39]
18:06:35.0 (28177842)|VARIABLE_ASSIGNMENT|[39]|this.accountId|"6cba485c-0fae-4108-a (16 more) ..."|0x60eb205d
18:06:35.0 (28180747)|STATEMENT_EXECUTE|[40]
18:06:35.0 (28193134)|METHOD_EXIT|[196]|01pa500000QOKzh|NavigatorService.loadConfig()
18:06:35.0 (28198479)|VARIABLE_SCOPE_BEGIN|[196]|cfg|NavigatorService.Config|true|false
18:06:35.0 (28223416)|VARIABLE_ASSIGNMENT|[196]|cfg|{"accountId":"6cba485c-0fae-4108-a (16 more) ...","authServer":"https://account-d.do (10 more) ...","integrationKey":"b3e14877-7590-49d0-9 (16 more) ...","privateKey":"-----BEGIN RSA PRIVA (1680 more) ...","userId":"21fb243e-b09c-4d23-a (16 more) ..."}|0x60eb205d
18:06:35.0 (28227953)|STATEMENT_EXECUTE|[197]
18:06:35.0 (28240688)|METHOD_ENTRY|[197]|01pa500000QOKzh|NavigatorService.getAccessToken(NavigatorService.Config)
18:06:35.0 (28253289)|VARIABLE_SCOPE_BEGIN|[43]|cfg|NavigatorService.Config|true|false
18:06:35.0 (28299264)|VARIABLE_ASSIGNMENT|[43]|cfg|{"accountId":"6cba485c-0fae-4108-a (16 more) ...","authServer":"https://account-d.do (10 more) ...","integrationKey":"b3e14877-7590-49d0-9 (16 more) ...","privateKey":"-----BEGIN RSA PRIVA (1680 more) ...","userId":"21fb243e-b09c-4d23-a (16 more) ..."}|0x60eb205d
18:06:35.0 (28319526)|HEAP_ALLOCATE|[44]|Bytes:5
18:06:35.0 (28323919)|STATEMENT_EXECUTE|[43]
18:06:35.0 (28324838)|STATEMENT_EXECUTE|[44]
18:06:35.0 (28381603)|HEAP_ALLOCATE|[44]|Bytes:56
18:06:35.0 (28420539)|HEAP_ALLOCATE|[95]|Bytes:4
18:06:35.0 (28445803)|HEAP_ALLOCATE|[44]|Bytes:12
18:06:35.0 (28463543)|HEAP_ALLOCATE|[44]|Bytes:12
18:06:35.0 (28477610)|HEAP_ALLOCATE|[44]|Bytes:12
18:06:35.0 (28481294)|VARIABLE_SCOPE_BEGIN|[44]|nowSec|Long|false|false
18:06:35.0 (28492641)|VARIABLE_ASSIGNMENT|[44]|nowSec|1778231195
18:06:35.0 (28500653)|STATEMENT_EXECUTE|[45]
18:06:35.0 (28503994)|HEAP_ALLOCATE|[45]|Bytes:12
18:06:35.0 (28513253)|HEAP_ALLOCATE|[45]|Bytes:12
18:06:35.0 (28515799)|VARIABLE_SCOPE_BEGIN|[45]|exp|Long|false|false
18:06:35.0 (28522635)|VARIABLE_ASSIGNMENT|[45]|exp|1778234795
18:06:35.0 (28525949)|STATEMENT_EXECUTE|[47]
18:06:35.0 (28544639)|HEAP_ALLOCATE|[47]|Bytes:4
18:06:35.0 (28554564)|HEAP_ALLOCATE|[48]|Bytes:3
18:06:35.0 (28557527)|HEAP_ALLOCATE|[48]|Bytes:5
18:06:35.0 (28601834)|HEAP_ALLOCATE|[49]|Bytes:3
18:06:35.0 (28604504)|HEAP_ALLOCATE|[49]|Bytes:3
18:06:35.0 (28610003)|VARIABLE_SCOPE_BEGIN|[47]|headerMap|Map<String,ANY>|true|false
18:06:35.0 (28630977)|VARIABLE_ASSIGNMENT|[47]|headerMap|{"alg":"RS256","typ":"JWT"}|0x66eb5e74
18:06:35.0 (28635210)|STATEMENT_EXECUTE|[51]
18:06:35.0 (28639329)|HEAP_ALLOCATE|[51]|Bytes:4
18:06:35.0 (28642525)|HEAP_ALLOCATE|[52]|Bytes:3
18:06:35.0 (28656370)|HEAP_ALLOCATE|[53]|Bytes:3
18:06:35.0 (28662063)|HEAP_ALLOCATE|[54]|Bytes:3
18:06:35.0 (28664189)|HEAP_ALLOCATE|[54]|Bytes:22
18:06:35.0 (28671471)|HEAP_ALLOCATE|[55]|Bytes:3
18:06:35.0 (28693774)|HEAP_ALLOCATE|[56]|Bytes:3
18:06:35.0 (28699673)|HEAP_ALLOCATE|[57]|Bytes:5
18:06:35.0 (28702048)|HEAP_ALLOCATE|[57]|Bytes:124
18:06:35.0 (28706753)|VARIABLE_SCOPE_BEGIN|[51]|payloadMap|Map<String,ANY>|true|false
18:06:35.0 (28717488)|VARIABLE_ASSIGNMENT|[51]|payloadMap|"Map of size 6 too large to display"|0x678bc122
18:06:35.0 (28722278)|STATEMENT_EXECUTE|[60]
18:06:35.0 (28781710)|HEAP_ALLOCATE|[60]|Bytes:24
18:06:35.0 (28814260)|SYSTEM_METHOD_ENTRY|[1]|JSON.JSON()
18:06:35.0 (28819165)|STATEMENT_EXECUTE|[1]
18:06:35.0 (28827636)|SYSTEM_METHOD_EXIT|[1]|JSON
18:06:35.0 (28837850)|METHOD_ENTRY|[60]||System.JSON.serialize(Object)
18:06:35.0 (29258387)|METHOD_EXIT|[60]||System.JSON.serialize(Object)
18:06:35.0 (29315929)|HEAP_ALLOCATE|[60]|Bytes:4
18:06:35.0 (29346508)|METHOD_ENTRY|[60]|01pa500000QOKzh|NavigatorService.base64UrlEncode(Blob)
18:06:35.0 (29354573)|VARIABLE_SCOPE_BEGIN|[134]|input|Blob|false|false
18:06:35.0 (29384774)|VARIABLE_ASSIGNMENT|[134]|input|BLOB(27 bytes)
18:06:35.0 (29394271)|HEAP_ALLOCATE|[135]|Bytes:5
18:06:35.0 (29397796)|STATEMENT_EXECUTE|[134]
18:06:35.0 (29399886)|STATEMENT_EXECUTE|[135]
18:06:35.0 (29427944)|HEAP_ALLOCATE|[135]|Bytes:15
18:06:35.0 (29435772)|SYSTEM_METHOD_ENTRY|[1]|EncodingUtil.EncodingUtil()
18:06:35.0 (29438181)|STATEMENT_EXECUTE|[1]
18:06:35.0 (29443528)|SYSTEM_METHOD_EXIT|[1]|EncodingUtil
18:06:35.0 (29450408)|METHOD_ENTRY|[135]||System.EncodingUtil.base64Encode(Blob)
18:06:35.0 (29505341)|METHOD_EXIT|[135]||System.EncodingUtil.base64Encode(Blob)
18:06:35.0 (29508211)|HEAP_ALLOCATE|[136]|Bytes:1
18:06:35.0 (29546767)|HEAP_ALLOCATE|[136]|Bytes:36
18:06:35.0 (29553989)|HEAP_ALLOCATE|[136]|Bytes:1
18:06:35.0 (29556942)|HEAP_ALLOCATE|[136]|Bytes:1
18:06:35.0 (29568021)|HEAP_ALLOCATE|[136]|Bytes:36
18:06:35.0 (29572336)|HEAP_ALLOCATE|[136]|Bytes:1
18:06:35.0 (29574284)|HEAP_ALLOCATE|[136]|Bytes:1
18:06:35.0 (29580116)|HEAP_ALLOCATE|[136]|Bytes:36
18:06:35.0 (29589019)|METHOD_EXIT|[60]|01pa500000QOKzh|NavigatorService.base64UrlEncode(Blob)
18:06:35.0 (29593201)|HEAP_ALLOCATE|[61]|Bytes:1
18:06:35.0 (29598569)|METHOD_ENTRY|[61]||System.JSON.serialize(Object)
18:06:35.0 (29874587)|METHOD_EXIT|[61]||System.JSON.serialize(Object)
18:06:35.0 (29904750)|HEAP_ALLOCATE|[61]|Bytes:4
18:06:35.0 (29911430)|METHOD_ENTRY|[61]|01pa500000QOKzh|NavigatorService.base64UrlEncode(Blob)
18:06:35.0 (29914804)|VARIABLE_SCOPE_BEGIN|[134]|input|Blob|false|false
18:06:35.0 (29930574)|VARIABLE_ASSIGNMENT|[134]|input|BLOB(291 bytes)
18:06:35.0 (29939453)|HEAP_ALLOCATE|[135]|Bytes:5
18:06:35.0 (29942878)|STATEMENT_EXECUTE|[134]
18:06:35.0 (29945355)|STATEMENT_EXECUTE|[135]
18:06:35.0 (29948767)|METHOD_ENTRY|[135]||System.EncodingUtil.base64Encode(Blob)
18:06:35.0 (29969824)|METHOD_EXIT|[135]||System.EncodingUtil.base64Encode(Blob)
18:06:35.0 (29987282)|HEAP_ALLOCATE|[136]|Bytes:388
18:06:35.0 (29999432)|HEAP_ALLOCATE|[136]|Bytes:388
18:06:35.0 (30010839)|HEAP_ALLOCATE|[136]|Bytes:388
18:06:35.0 (30018039)|METHOD_EXIT|[61]|01pa500000QOKzh|NavigatorService.base64UrlEncode(Blob)
18:06:35.0 (30026191)|HEAP_ALLOCATE|[60]|Bytes:425
18:06:35.0 (30029749)|VARIABLE_SCOPE_BEGIN|[60]|signingInput|String|false|false
18:06:35.0 (30044045)|VARIABLE_ASSIGNMENT|[60]|signingInput|"eyJ0eXAiOiJKV1QiLCJh (405 more) ..."
18:06:35.0 (30048383)|STATEMENT_EXECUTE|[62]
18:06:35.0 (30057741)|METHOD_ENTRY|[62]|01pa500000QOKzh|NavigatorService.pemToPrivateKeyBlob(String)
18:06:35.0 (30069653)|VARIABLE_SCOPE_BEGIN|[139]|pem|String|false|false
18:06:35.0 (30077219)|VARIABLE_ASSIGNMENT|[139]|pem|"-----BEGIN RSA PRIVA (1680 more) ..."
18:06:35.0 (30084450)|HEAP_ALLOCATE|[140]|Bytes:5
18:06:35.0 (30087597)|STATEMENT_EXECUTE|[139]
18:06:35.0 (30089000)|STATEMENT_EXECUTE|[140]
18:06:35.0 (30090966)|HEAP_ALLOCATE|[141]|Bytes:31
18:06:35.0 (30125330)|HEAP_ALLOCATE|[141]|Bytes:1669
18:06:35.0 (30133479)|HEAP_ALLOCATE|[142]|Bytes:29
18:06:35.0 (30158577)|HEAP_ALLOCATE|[142]|Bytes:1640
18:06:35.0 (30164533)|HEAP_ALLOCATE|[143]|Bytes:27
18:06:35.0 (30186884)|HEAP_ALLOCATE|[143]|Bytes:1640
18:06:35.0 (30192952)|HEAP_ALLOCATE|[144]|Bytes:25
18:06:35.0 (30216269)|HEAP_ALLOCATE|[144]|Bytes:1640
18:06:35.0 (30222203)|HEAP_ALLOCATE|[145]|Bytes:3
18:06:35.0 (30281570)|HEAP_ALLOCATE|[145]|Bytes:1588
18:06:35.0 (30289722)|VARIABLE_SCOPE_BEGIN|[140]|cleaned|String|false|false
18:06:35.0 (30299599)|VARIABLE_ASSIGNMENT|[140]|cleaned|"MIIEowIBAAKCAQEAnZtp (1568 more) ..."
18:06:35.0 (30302572)|STATEMENT_EXECUTE|[147]
18:06:35.0 (30308407)|METHOD_ENTRY|[147]||System.EncodingUtil.base64Decode(String)
18:06:35.0 (30389174)|METHOD_EXIT|[147]||System.EncodingUtil.base64Decode(String)
18:06:35.0 (30393002)|VARIABLE_SCOPE_BEGIN|[147]|keyBlob|Blob|false|false
18:06:35.0 (30404061)|VARIABLE_ASSIGNMENT|[147]|keyBlob|BLOB(1191 bytes)
18:06:35.0 (30424729)|STATEMENT_EXECUTE|[149]
18:06:35.0 (30426310)|STATEMENT_EXECUTE|[153]
18:06:35.0 (30430946)|METHOD_ENTRY|[153]||System.EncodingUtil.convertToHex(Blob)
18:06:35.0 (30515671)|METHOD_EXIT|[153]||System.EncodingUtil.convertToHex(Blob)
18:06:35.0 (30518751)|VARIABLE_SCOPE_BEGIN|[153]|pkcs1Hex|String|false|false
18:06:35.0 (30527865)|VARIABLE_ASSIGNMENT|[153]|pkcs1Hex|"308204a3020100028201 (2362 more) ..."
18:06:35.0 (30536636)|STATEMENT_EXECUTE|[154]
18:06:35.0 (30573048)|VARIABLE_SCOPE_BEGIN|[154]|pkcs1Len|Integer|false|false
18:06:35.0 (30579667)|HEAP_ALLOCATE|[154]|Bytes:4
18:06:35.0 (30586799)|VARIABLE_ASSIGNMENT|[154]|pkcs1Len|1191
18:06:35.0 (30590045)|STATEMENT_EXECUTE|[155]
18:06:35.0 (30592063)|HEAP_ALLOCATE|[155]|Bytes:30
18:06:35.0 (30595168)|VARIABLE_SCOPE_BEGIN|[155]|oidHex|String|false|false
18:06:35.0 (30604604)|VARIABLE_ASSIGNMENT|[155]|oidHex|"300d06092a864886f70d (10 more) ..."
18:06:35.0 (30607492)|STATEMENT_EXECUTE|[157]
18:06:35.0 (30609893)|VARIABLE_SCOPE_BEGIN|[157]|octetHex|String|false|false
18:06:35.0 (30615662)|VARIABLE_ASSIGNMENT|[157]|octetHex|null
18:06:35.0 (30623928)|STATEMENT_EXECUTE|[162]
18:06:35.0 (30625021)|STATEMENT_EXECUTE|[163]
18:06:35.0 (30626264)|HEAP_ALLOCATE|[163]|Bytes:4
18:06:35.0 (30633466)|METHOD_ENTRY|[163]|01pa500000QOKzh|NavigatorService.intToHex4(Integer)
18:06:35.0 (30641800)|VARIABLE_SCOPE_BEGIN|[187]|val|Integer|false|false
18:06:35.0 (30648293)|VARIABLE_ASSIGNMENT|[187]|val|1191
18:06:35.0 (30655089)|HEAP_ALLOCATE|[188]|Bytes:5
18:06:35.0 (30657440)|STATEMENT_EXECUTE|[187]
18:06:35.0 (30658410)|STATEMENT_EXECUTE|[188]
18:06:35.0 (30662229)|METHOD_ENTRY|[188]|01pa500000QOKzh|NavigatorService.intToHex(Integer)
18:06:35.0 (30667455)|VARIABLE_SCOPE_BEGIN|[193]|val|Integer|false|false
18:06:35.0 (30671329)|VARIABLE_ASSIGNMENT|[193]|val|1191
18:06:35.0 (30674955)|HEAP_ALLOCATE|[194]|Bytes:5
18:06:35.0 (30676947)|STATEMENT_EXECUTE|[193]
18:06:35.0 (30679809)|STATEMENT_EXECUTE|[194]
18:06:35.0 (30680896)|STATEMENT_EXECUTE|[195]
18:06:35.0 (30682181)|HEAP_ALLOCATE|[195]|Bytes:16
18:06:35.0 (30684793)|VARIABLE_SCOPE_BEGIN|[195]|chars|String|false|false
18:06:35.0 (30692199)|VARIABLE_ASSIGNMENT|[195]|chars|"0123456789abcdef"
18:06:35.0 (30695625)|STATEMENT_EXECUTE|[196]
18:06:35.0 (30697306)|VARIABLE_SCOPE_BEGIN|[196]|hex|String|false|false
18:06:35.0 (30703920)|VARIABLE_ASSIGNMENT|[196]|hex|""
18:06:35.0 (30710859)|STATEMENT_EXECUTE|[197]
18:06:35.0 (30711829)|STATEMENT_EXECUTE|[198]
18:06:35.0 (30751579)|VARIABLE_SCOPE_BEGIN|[2]|System.Math.E|Double|false|true
18:06:35.0 (30760025)|VARIABLE_SCOPE_BEGIN|[3]|System.Math.PI|Double|false|true
18:06:35.0 (30769797)|HEAP_ALLOCATE|[198]|Bytes:206
18:06:35.0 (30779407)|SYSTEM_METHOD_ENTRY|[1]|Math.Math()
18:06:35.0 (30781986)|STATEMENT_EXECUTE|[1]
18:06:35.0 (30845616)|SYSTEM_METHOD_EXIT|[1]|Math
18:06:35.0 (30854345)|METHOD_ENTRY|[198]||System.Math.mod(Integer, Integer)
18:06:35.0 (30889715)|METHOD_EXIT|[198]||System.Math.mod(Integer, Integer)
18:06:35.0 (30893217)|METHOD_ENTRY|[198]||System.Math.mod(Integer, Integer)
18:06:35.0 (30904054)|METHOD_EXIT|[198]||System.Math.mod(Integer, Integer)
18:06:35.0 (30919797)|HEAP_ALLOCATE|[198]|Bytes:1
18:06:35.0 (30929138)|HEAP_ALLOCATE|[198]|Bytes:1
18:06:35.0 (30933638)|VARIABLE_ASSIGNMENT|[198]|hex|"7"
18:06:35.0 (30936644)|STATEMENT_EXECUTE|[199]
18:06:35.0 (30941949)|HEAP_ALLOCATE|[199]|Bytes:4
18:06:35.0 (30945608)|VARIABLE_ASSIGNMENT|[199]|val|74
18:06:35.0 (30949059)|STATEMENT_EXECUTE|[197]
18:06:35.0 (30949854)|STATEMENT_EXECUTE|[198]
18:06:35.0 (30951711)|METHOD_ENTRY|[198]||System.Math.mod(Integer, Integer)
18:06:35.0 (30960662)|METHOD_EXIT|[198]||System.Math.mod(Integer, Integer)
18:06:35.0 (30962955)|METHOD_ENTRY|[198]||System.Math.mod(Integer, Integer)
18:06:35.0 (30970958)|METHOD_EXIT|[198]||System.Math.mod(Integer, Integer)
18:06:35.0 (30975606)|HEAP_ALLOCATE|[198]|Bytes:1
18:06:35.0 (30979861)|HEAP_ALLOCATE|[198]|Bytes:2
18:06:35.0 (30983090)|VARIABLE_ASSIGNMENT|[198]|hex|"a7"
18:06:35.0 (30985045)|STATEMENT_EXECUTE|[199]
18:06:35.0 (30986407)|HEAP_ALLOCATE|[199]|Bytes:4
18:06:35.0 (30988980)|VARIABLE_ASSIGNMENT|[199]|val|4
18:06:35.0 (30991097)|STATEMENT_EXECUTE|[197]
18:06:35.0 (30991874)|STATEMENT_EXECUTE|[198]
18:06:35.0 (30993484)|METHOD_ENTRY|[198]||System.Math.mod(Integer, Integer)
18:06:35.0 (31001894)|METHOD_EXIT|[198]||System.Math.mod(Integer, Integer)
18:06:35.0 (31005063)|METHOD_ENTRY|[198]||System.Math.mod(Integer, Integer)
18:06:35.0 (31013069)|METHOD_EXIT|[198]||System.Math.mod(Integer, Integer)
18:06:35.0 (31017473)|HEAP_ALLOCATE|[198]|Bytes:1
18:06:35.0 (31021573)|HEAP_ALLOCATE|[198]|Bytes:3
18:06:35.0 (31024514)|VARIABLE_ASSIGNMENT|[198]|hex|"4a7"
18:06:35.0 (31026524)|STATEMENT_EXECUTE|[199]
18:06:35.0 (31027641)|HEAP_ALLOCATE|[199]|Bytes:4
18:06:35.0 (31030063)|VARIABLE_ASSIGNMENT|[199]|val|0
18:06:35.0 (31033264)|STATEMENT_EXECUTE|[201]
18:06:35.0 (31037602)|METHOD_EXIT|[188]|01pa500000QOKzh|NavigatorService.intToHex(Integer)
18:06:35.0 (31040134)|VARIABLE_SCOPE_BEGIN|[188]|h|String|false|false
18:06:35.0 (31044773)|VARIABLE_ASSIGNMENT|[188]|h|"4a7"
18:06:35.0 (31065370)|STATEMENT_EXECUTE|[189]
18:06:35.0 (31067539)|HEAP_ALLOCATE|[189]|Bytes:1
18:06:35.0 (31071433)|HEAP_ALLOCATE|[189]|Bytes:4
18:06:35.0 (31075844)|VARIABLE_ASSIGNMENT|[189]|h|"04a7"
18:06:35.0 (31086907)|STATEMENT_EXECUTE|[190]
18:06:35.0 (31091178)|METHOD_EXIT|[163]|01pa500000QOKzh|NavigatorService.intToHex4(Integer)
18:06:35.0 (31095731)|HEAP_ALLOCATE|[163]|Bytes:8
18:06:35.0 (31100745)|VARIABLE_ASSIGNMENT|[163]|octetHex|"048204a7"
18:06:35.0 (31104419)|STATEMENT_EXECUTE|[166]
18:06:35.0 (31106299)|HEAP_ALLOCATE|[166]|Bytes:6
18:06:35.0 (31114323)|HEAP_ALLOCATE|[166]|Bytes:2426
18:06:35.0 (31117684)|VARIABLE_SCOPE_BEGIN|[166]|innerHex|String|false|false
18:06:35.0 (31125675)|VARIABLE_ASSIGNMENT|[166]|innerHex|"020100300d06092a8648 (2406 more) ..."
18:06:35.0 (31129475)|STATEMENT_EXECUTE|[167]
18:06:35.0 (31145168)|VARIABLE_SCOPE_BEGIN|[167]|innerLen|Integer|false|false
18:06:35.0 (31150421)|HEAP_ALLOCATE|[167]|Bytes:4
18:06:35.0 (31153690)|VARIABLE_ASSIGNMENT|[167]|innerLen|1213
18:06:35.0 (31155837)|STATEMENT_EXECUTE|[169]
18:06:35.0 (31157344)|VARIABLE_SCOPE_BEGIN|[169]|seqHex|String|false|false
18:06:35.0 (31161555)|VARIABLE_ASSIGNMENT|[169]|seqHex|null
18:06:35.0 (31164997)|STATEMENT_EXECUTE|[174]
18:06:35.0 (31166069)|STATEMENT_EXECUTE|[175]
18:06:35.0 (31167364)|HEAP_ALLOCATE|[175]|Bytes:4
18:06:35.0 (31170856)|METHOD_ENTRY|[175]|01pa500000QOKzh|NavigatorService.intToHex4(Integer)
18:06:35.0 (31175908)|VARIABLE_SCOPE_BEGIN|[187]|val|Integer|false|false
18:06:35.0 (31180901)|VARIABLE_ASSIGNMENT|[187]|val|1213
18:06:35.0 (31186773)|HEAP_ALLOCATE|[188]|Bytes:5
18:06:35.0 (31188624)|STATEMENT_EXECUTE|[187]
18:06:35.0 (31189469)|STATEMENT_EXECUTE|[188]
18:06:35.0 (31191400)|METHOD_ENTRY|[188]|01pa500000QOKzh|NavigatorService.intToHex(Integer)
18:06:35.0 (31194885)|VARIABLE_SCOPE_BEGIN|[193]|val|Integer|false|false
18:06:35.0 (31200941)|VARIABLE_ASSIGNMENT|[193]|val|1213
18:06:35.0 (31206207)|HEAP_ALLOCATE|[194]|Bytes:5
18:06:35.0 (31209089)|STATEMENT_EXECUTE|[193]
18:06:35.0 (31210990)|STATEMENT_EXECUTE|[194]
18:06:35.0 (31212315)|STATEMENT_EXECUTE|[195]
18:06:35.0 (31214060)|VARIABLE_SCOPE_BEGIN|[195]|chars|String|false|false
18:06:35.0 (31220859)|VARIABLE_ASSIGNMENT|[195]|chars|"0123456789abcdef"
18:06:35.0 (31224038)|STATEMENT_EXECUTE|[196]
18:06:35.0 (31225585)|VARIABLE_SCOPE_BEGIN|[196]|hex|String|false|false
18:06:35.0 (31231623)|VARIABLE_ASSIGNMENT|[196]|hex|""
18:06:35.0 (31236229)|STATEMENT_EXECUTE|[197]
18:06:35.0 (31237603)|STATEMENT_EXECUTE|[198]
18:06:35.0 (31240593)|METHOD_ENTRY|[198]||System.Math.mod(Integer, Integer)
18:06:35.0 (31258139)|METHOD_EXIT|[198]||System.Math.mod(Integer, Integer)
18:06:35.0 (31261688)|METHOD_ENTRY|[198]||System.Math.mod(Integer, Integer)
18:06:35.0 (31274319)|METHOD_EXIT|[198]||System.Math.mod(Integer, Integer)
18:06:35.0 (31282048)|HEAP_ALLOCATE|[198]|Bytes:1
18:06:35.0 (31287724)|HEAP_ALLOCATE|[198]|Bytes:1
18:06:35.0 (31291074)|VARIABLE_ASSIGNMENT|[198]|hex|"d"
18:06:35.0 (31293688)|STATEMENT_EXECUTE|[199]
18:06:35.0 (31295033)|HEAP_ALLOCATE|[199]|Bytes:4
18:06:35.0 (31297592)|VARIABLE_ASSIGNMENT|[199]|val|75
18:06:35.0 (31300002)|STATEMENT_EXECUTE|[197]
18:06:35.0 (31300799)|STATEMENT_EXECUTE|[198]
18:06:35.0 (31302559)|METHOD_ENTRY|[198]||System.Math.mod(Integer, Integer)
18:06:35.0 (31311650)|METHOD_EXIT|[198]||System.Math.mod(Integer, Integer)
18:06:35.0 (31313939)|METHOD_ENTRY|[198]||System.Math.mod(Integer, Integer)
18:06:35.0 (31321850)|METHOD_EXIT|[198]||System.Math.mod(Integer, Integer)
18:06:35.0 (31325948)|HEAP_ALLOCATE|[198]|Bytes:1
18:06:35.0 (31330023)|HEAP_ALLOCATE|[198]|Bytes:2
18:06:35.0 (31333113)|VARIABLE_ASSIGNMENT|[198]|hex|"bd"
18:06:35.0 (31334970)|STATEMENT_EXECUTE|[199]
18:06:35.0 (31336052)|HEAP_ALLOCATE|[199]|Bytes:4
18:06:35.0 (31338518)|VARIABLE_ASSIGNMENT|[199]|val|4
18:06:35.0 (31340753)|STATEMENT_EXECUTE|[197]
18:06:35.0 (31341528)|STATEMENT_EXECUTE|[198]
18:06:35.0 (31343010)|METHOD_ENTRY|[198]||System.Math.mod(Integer, Integer)
18:06:35.0 (31351132)|METHOD_EXIT|[198]||System.Math.mod(Integer, Integer)
18:06:35.0 (31353359)|METHOD_ENTRY|[198]||System.Math.mod(Integer, Integer)
18:06:35.0 (31361402)|METHOD_EXIT|[198]||System.Math.mod(Integer, Integer)
18:06:35.0 (31365585)|HEAP_ALLOCATE|[198]|Bytes:1
18:06:35.0 (31369573)|HEAP_ALLOCATE|[198]|Bytes:3
18:06:35.0 (31372665)|VARIABLE_ASSIGNMENT|[198]|hex|"4bd"
18:06:35.0 (31374674)|STATEMENT_EXECUTE|[199]
18:06:35.0 (31375796)|HEAP_ALLOCATE|[199]|Bytes:4
18:06:35.0 (31378301)|VARIABLE_ASSIGNMENT|[199]|val|0
18:06:35.0 (31380778)|STATEMENT_EXECUTE|[201]
18:06:35.0 (31384507)|METHOD_EXIT|[188]|01pa500000QOKzh|NavigatorService.intToHex(Integer)
18:06:35.0 (31388034)|VARIABLE_SCOPE_BEGIN|[188]|h|String|false|false
18:06:35.0 (31394405)|VARIABLE_ASSIGNMENT|[188]|h|"4bd"
18:06:35.0 (31405753)|STATEMENT_EXECUTE|[189]
18:06:35.0 (31408279)|HEAP_ALLOCATE|[189]|Bytes:4
18:06:35.0 (31413117)|VARIABLE_ASSIGNMENT|[189]|h|"04bd"
18:06:35.0 (31424012)|STATEMENT_EXECUTE|[190]
18:06:35.0 (31427924)|METHOD_EXIT|[175]|01pa500000QOKzh|NavigatorService.intToHex4(Integer)
18:06:35.0 (31432851)|HEAP_ALLOCATE|[175]|Bytes:8
18:06:35.0 (31436429)|VARIABLE_ASSIGNMENT|[175]|seqHex|"308204bd"
18:06:35.0 (31438437)|STATEMENT_EXECUTE|[178]
18:06:35.0 (31440238)|HEAP_ALLOCATE|[178]|Bytes:2434
18:06:35.0 (31458937)|METHOD_ENTRY|[178]||System.EncodingUtil.convertFromHex(String)
18:06:35.0 (31544538)|METHOD_EXIT|[178]||System.EncodingUtil.convertFromHex(String)
18:06:35.0 (31553424)|METHOD_EXIT|[62]|01pa500000QOKzh|NavigatorService.pemToPrivateKeyBlob(String)
18:06:35.0 (31558115)|VARIABLE_SCOPE_BEGIN|[62]|privateKeyBlob|Blob|false|false
18:06:35.0 (31573196)|VARIABLE_ASSIGNMENT|[62]|privateKeyBlob|BLOB(1217 bytes)
18:06:35.0 (31577858)|STATEMENT_EXECUTE|[63]
18:06:35.0 (31580774)|HEAP_ALLOCATE|[63]|Bytes:10
18:06:35.0 (31614758)|HEAP_ALLOCATE|[63]|Bytes:4
18:06:35.0 (31663060)|HEAP_ALLOCATE|[63]|Bytes:55
18:06:35.0 (31673430)|SYSTEM_METHOD_ENTRY|[1]|Crypto.Crypto()
18:06:35.0 (31676230)|STATEMENT_EXECUTE|[1]
18:06:35.0 (31683326)|SYSTEM_METHOD_EXIT|[1]|Crypto
18:06:35.0 (31704527)|METHOD_ENTRY|[63]||System.Crypto.sign(String, Blob, Blob)
18:06:35.0 (34156086)|METHOD_EXIT|[63]||System.Crypto.sign(String, Blob, Blob)
18:06:35.0 (34173274)|VARIABLE_SCOPE_BEGIN|[63]|sig|Blob|false|false
18:06:35.0 (34198296)|VARIABLE_ASSIGNMENT|[63]|sig|BLOB(256 bytes)
18:06:35.0 (34205625)|STATEMENT_EXECUTE|[64]
18:06:35.0 (34221645)|METHOD_ENTRY|[64]|01pa500000QOKzh|NavigatorService.base64UrlEncode(Blob)
18:06:35.0 (34248366)|VARIABLE_SCOPE_BEGIN|[134]|input|Blob|false|false
18:06:35.0 (34258655)|VARIABLE_ASSIGNMENT|[134]|input|BLOB(256 bytes)
18:06:35.0 (34275739)|HEAP_ALLOCATE|[135]|Bytes:5
18:06:35.0 (34281856)|STATEMENT_EXECUTE|[134]
18:06:35.0 (34283769)|STATEMENT_EXECUTE|[135]
18:06:35.0 (34288136)|METHOD_ENTRY|[135]||System.EncodingUtil.base64Encode(Blob)
18:06:35.0 (34319106)|METHOD_EXIT|[135]||System.EncodingUtil.base64Encode(Blob)
18:06:35.0 (34352930)|HEAP_ALLOCATE|[136]|Bytes:342
18:06:35.0 (34374372)|HEAP_ALLOCATE|[136]|Bytes:342
18:06:35.0 (34393546)|HEAP_ALLOCATE|[136]|Bytes:342
18:06:35.0 (34403488)|METHOD_EXIT|[64]|01pa500000QOKzh|NavigatorService.base64UrlEncode(Blob)
18:06:35.0 (34411164)|HEAP_ALLOCATE|[64]|Bytes:768
18:06:35.0 (34415705)|VARIABLE_SCOPE_BEGIN|[64]|jwt|String|false|false
18:06:35.0 (34428070)|VARIABLE_ASSIGNMENT|[64]|jwt|"eyJ0eXAiOiJKV1QiLCJh (748 more) ..."
18:06:35.0 (34432225)|STATEMENT_EXECUTE|[66]
18:06:35.0 (34460661)|VARIABLE_SCOPE_BEGIN|[66]|tokenReq|System.HttpRequest|true|false
18:06:35.0 (34665170)|VARIABLE_ASSIGNMENT|[66]|tokenReq|"System.HttpRequest[Endpoint=null, Method=null]"|0x11be0d18
18:06:35.0 (34673240)|STATEMENT_EXECUTE|[67]
18:06:35.0 (34682261)|HEAP_ALLOCATE|[67]|Bytes:12
18:06:35.0 (34691527)|HEAP_ALLOCATE|[67]|Bytes:42
18:06:35.0 (34768486)|STATEMENT_EXECUTE|[68]
18:06:35.0 (34771013)|HEAP_ALLOCATE|[68]|Bytes:4
18:06:35.0 (34785159)|STATEMENT_EXECUTE|[69]
18:06:35.0 (34786938)|HEAP_ALLOCATE|[69]|Bytes:12
18:06:35.0 (34790170)|HEAP_ALLOCATE|[69]|Bytes:33
18:06:35.0 (34810066)|STATEMENT_EXECUTE|[70]
18:06:35.0 (34812059)|HEAP_ALLOCATE|[70]|Bytes:65
18:06:35.0 (34815363)|HEAP_ALLOCATE|[71]|Bytes:5
18:06:35.0 (34841685)|METHOD_ENTRY|[71]||System.EncodingUtil.urlEncode(String, String)
18:06:35.0 (34889321)|METHOD_EXIT|[71]||System.EncodingUtil.urlEncode(String, String)
18:06:35.0 (34894004)|HEAP_ALLOCATE|[70]|Bytes:833
18:06:35.0 (34945888)|STATEMENT_EXECUTE|[73]
18:06:35.0 (35029674)|CALLOUT_REQUEST|[73]|System.HttpRequest[Endpoint=https://account-d.docusign.com/oauth/token, Method=POST]
18:06:35.0 (300692250)|HEAP_ALLOCATE|[EXTERNAL]|Bytes:1819
18:06:35.0 (302953064)|CALLOUT_RESPONSE|[73]|System.HttpResponse[Status=OK, StatusCode=200]
18:06:35.0 (302991087)|HEAP_ALLOCATE|[73]|Bytes:1308
18:06:35.0 (303028074)|VARIABLE_SCOPE_BEGIN|[73]|tokenRes|System.HttpResponse|true|false
18:06:35.0 (303121207)|VARIABLE_ASSIGNMENT|[73]|tokenRes|"System.HttpResponse[Status=OK, StatusCode=200]"|0x3a67ae8b
18:06:35.0 (303222652)|STATEMENT_EXECUTE|[74]
18:06:35.0 (303229063)|STATEMENT_EXECUTE|[78]
18:06:35.0 (303305884)|HEAP_ALLOCATE|[78]|Bytes:1302
18:06:35.0 (303341921)|METHOD_ENTRY|[78]||System.JSON.deserializeUntyped(String)
18:06:35.0 (303787461)|METHOD_EXIT|[78]||System.JSON.deserializeUntyped(String)
18:06:35.0 (303800492)|VARIABLE_SCOPE_BEGIN|[78]|tokenMap|Map<String,ANY>|true|false
18:06:35.0 (303844719)|VARIABLE_ASSIGNMENT|[78]|tokenMap|{"access_token":"eyJ0eXAiOiJKV1QiLCJh (1088 more) ...","token_type":"Bearer","expires_in":3600,"scope":"signature adm_store_ (104 more) ..."}|0x4b0a38a9
18:06:35.0 (303853082)|HEAP_ALLOCATE|[79]|Bytes:12
18:06:35.0 (303898393)|STATEMENT_EXECUTE|[79]
18:06:35.0 (303901442)|STATEMENT_EXECUTE|[82]
18:06:35.0 (303927034)|METHOD_EXIT|[197]|01pa500000QOKzh|NavigatorService.getAccessToken(NavigatorService.Config)
18:06:35.0 (303933347)|VARIABLE_SCOPE_BEGIN|[197]|token|String|false|false
18:06:35.0 (303942728)|VARIABLE_ASSIGNMENT|[197]|token|"eyJ0eXAiOiJKV1QiLCJh (1088 more) ..."
18:06:35.0 (303952398)|STATEMENT_EXECUTE|[198]
18:06:35.0 (303967741)|HEAP_ALLOCATE|[198]|Bytes:12
18:06:35.0 (303982945)|METHOD_ENTRY|[198]|01pa500000QRBV4|WorkspaceService.toApiId(String)
18:06:35.0 (303997844)|VARIABLE_SCOPE_BEGIN|[240]|workspaceId|String|false|false
18:06:35.0 (304010687)|VARIABLE_ASSIGNMENT|[240]|workspaceId|"1978033"
18:06:35.0 (304025682)|HEAP_ALLOCATE|[241]|Bytes:5
18:06:35.0 (304029403)|STATEMENT_EXECUTE|[240]
18:06:35.0 (304075853)|STATEMENT_EXECUTE|[241]
18:06:35.0 (304077503)|STATEMENT_EXECUTE|[242]
18:06:35.0 (304087426)|METHOD_ENTRY|[242]|01pa500000QRBV4|WorkspaceService.numericIdToUuid(String)
18:06:35.0 (304095467)|VARIABLE_SCOPE_BEGIN|[246]|numericId|String|false|false
18:06:35.0 (304102215)|VARIABLE_ASSIGNMENT|[246]|numericId|"1978033"
18:06:35.0 (304108685)|HEAP_ALLOCATE|[247]|Bytes:5
18:06:35.0 (304112317)|STATEMENT_EXECUTE|[246]
18:06:35.0 (304113807)|STATEMENT_EXECUTE|[247]
18:06:35.0 (304152507)|HEAP_ALLOCATE|[247]|Bytes:12
18:06:35.0 (304159244)|VARIABLE_SCOPE_BEGIN|[247]|val|Long|false|false
18:06:35.0 (304168111)|VARIABLE_ASSIGNMENT|[247]|val|1978033
18:06:35.0 (304171819)|STATEMENT_EXECUTE|[248]
18:06:35.0 (304174662)|VARIABLE_SCOPE_BEGIN|[248]|hexChars|String|false|false
18:06:35.0 (304182489)|VARIABLE_ASSIGNMENT|[248]|hexChars|"0123456789abcdef"
18:06:35.0 (304186137)|STATEMENT_EXECUTE|[249]
18:06:35.0 (304188087)|VARIABLE_SCOPE_BEGIN|[249]|hex|String|false|false
18:06:35.0 (304195021)|VARIABLE_ASSIGNMENT|[249]|hex|""
18:06:35.0 (304198479)|STATEMENT_EXECUTE|[250]
18:06:35.0 (304200423)|VARIABLE_SCOPE_BEGIN|[250]|remaining|Long|false|false
18:06:35.0 (304206732)|VARIABLE_ASSIGNMENT|[250]|remaining|1978033
18:06:35.0 (304219846)|HEAP_ALLOCATE|[251]|Bytes:12
18:06:35.0 (304227547)|STATEMENT_EXECUTE|[251]
18:06:35.0 (304229105)|STATEMENT_EXECUTE|[252]
18:06:35.0 (304232943)|HEAP_ALLOCATE|[252]|Bytes:12
18:06:35.0 (304260888)|METHOD_ENTRY|[252]||System.Math.mod(Long, Long)
18:06:35.0 (304361192)|METHOD_EXIT|[252]||System.Math.mod(Long, Long)
18:06:35.0 (304378686)|VARIABLE_SCOPE_BEGIN|[252]|digit|Integer|false|false
18:06:35.0 (304386243)|HEAP_ALLOCATE|[252]|Bytes:4
18:06:35.0 (304391979)|VARIABLE_ASSIGNMENT|[252]|digit|1
18:06:35.0 (304395937)|STATEMENT_EXECUTE|[253]
18:06:35.0 (304413211)|HEAP_ALLOCATE|[253]|Bytes:1
18:06:35.0 (304424333)|HEAP_ALLOCATE|[253]|Bytes:1
18:06:35.0 (304429982)|VARIABLE_ASSIGNMENT|[253]|hex|"1"
18:06:35.0 (304433747)|STATEMENT_EXECUTE|[254]
18:06:35.0 (304437209)|HEAP_ALLOCATE|[254]|Bytes:12
18:06:35.0 (304444409)|HEAP_ALLOCATE|[254]|Bytes:12
18:06:35.0 (304448656)|VARIABLE_ASSIGNMENT|[254]|remaining|123627
18:06:35.0 (304454320)|HEAP_ALLOCATE|[251]|Bytes:12
18:06:35.0 (304457616)|STATEMENT_EXECUTE|[251]
18:06:35.0 (304458988)|STATEMENT_EXECUTE|[252]
18:06:35.0 (304461045)|HEAP_ALLOCATE|[252]|Bytes:12
18:06:35.0 (304465299)|METHOD_ENTRY|[252]||System.Math.mod(Long, Long)
18:06:35.0 (304485918)|METHOD_EXIT|[252]||System.Math.mod(Long, Long)
18:06:35.0 (304495939)|VARIABLE_SCOPE_BEGIN|[252]|digit|Integer|false|false
18:06:35.0 (304501534)|HEAP_ALLOCATE|[252]|Bytes:4
18:06:35.0 (304505743)|VARIABLE_ASSIGNMENT|[252]|digit|11
18:06:35.0 (304514427)|STATEMENT_EXECUTE|[253]
18:06:35.0 (304520738)|HEAP_ALLOCATE|[253]|Bytes:1
18:06:35.0 (304527339)|HEAP_ALLOCATE|[253]|Bytes:2
18:06:35.0 (304531956)|VARIABLE_ASSIGNMENT|[253]|hex|"b1"
18:06:35.0 (304535221)|STATEMENT_EXECUTE|[254]
18:06:35.0 (304537743)|HEAP_ALLOCATE|[254]|Bytes:12
18:06:35.0 (304541508)|HEAP_ALLOCATE|[254]|Bytes:12
18:06:35.0 (304545573)|VARIABLE_ASSIGNMENT|[254]|remaining|7726
18:06:35.0 (304549966)|HEAP_ALLOCATE|[251]|Bytes:12
18:06:35.0 (304552998)|STATEMENT_EXECUTE|[251]
18:06:35.0 (304554380)|STATEMENT_EXECUTE|[252]
18:06:35.0 (304556444)|HEAP_ALLOCATE|[252]|Bytes:12
18:06:35.0 (304560302)|METHOD_ENTRY|[252]||System.Math.mod(Long, Long)
18:06:35.0 (304577174)|METHOD_EXIT|[252]||System.Math.mod(Long, Long)
18:06:35.0 (304586717)|VARIABLE_SCOPE_BEGIN|[252]|digit|Integer|false|false
18:06:35.0 (304592002)|HEAP_ALLOCATE|[252]|Bytes:4
18:06:35.0 (304596183)|VARIABLE_ASSIGNMENT|[252]|digit|14
18:06:35.0 (304599200)|STATEMENT_EXECUTE|[253]
18:06:35.0 (304604858)|HEAP_ALLOCATE|[253]|Bytes:1
18:06:35.0 (304611505)|HEAP_ALLOCATE|[253]|Bytes:3
18:06:35.0 (304616049)|VARIABLE_ASSIGNMENT|[253]|hex|"eb1"
18:06:35.0 (304619210)|STATEMENT_EXECUTE|[254]
18:06:35.0 (304621622)|HEAP_ALLOCATE|[254]|Bytes:12
18:06:35.0 (304625291)|HEAP_ALLOCATE|[254]|Bytes:12
18:06:35.0 (304629420)|VARIABLE_ASSIGNMENT|[254]|remaining|482
18:06:35.0 (304633716)|HEAP_ALLOCATE|[251]|Bytes:12
18:06:35.0 (304636435)|STATEMENT_EXECUTE|[251]
18:06:35.0 (304637883)|STATEMENT_EXECUTE|[252]
18:06:35.0 (304640073)|HEAP_ALLOCATE|[252]|Bytes:12
18:06:35.0 (304643601)|METHOD_ENTRY|[252]||System.Math.mod(Long, Long)
18:06:35.0 (304659175)|METHOD_EXIT|[252]||System.Math.mod(Long, Long)
18:06:35.0 (304668492)|VARIABLE_SCOPE_BEGIN|[252]|digit|Integer|false|false
18:06:35.0 (304673806)|HEAP_ALLOCATE|[252]|Bytes:4
18:06:35.0 (304677806)|VARIABLE_ASSIGNMENT|[252]|digit|2
18:06:35.0 (304681071)|STATEMENT_EXECUTE|[253]
18:06:35.0 (304686408)|HEAP_ALLOCATE|[253]|Bytes:1
18:06:35.0 (304692788)|HEAP_ALLOCATE|[253]|Bytes:4
18:06:35.0 (304697386)|VARIABLE_ASSIGNMENT|[253]|hex|"2eb1"
18:06:35.0 (304700719)|STATEMENT_EXECUTE|[254]
18:06:35.0 (304703056)|HEAP_ALLOCATE|[254]|Bytes:12
18:06:35.0 (304706581)|HEAP_ALLOCATE|[254]|Bytes:12
18:06:35.0 (304710463)|VARIABLE_ASSIGNMENT|[254]|remaining|30
18:06:35.0 (304715027)|HEAP_ALLOCATE|[251]|Bytes:12
18:06:35.0 (304717843)|STATEMENT_EXECUTE|[251]
18:06:35.0 (304719106)|STATEMENT_EXECUTE|[252]
18:06:35.0 (304721099)|HEAP_ALLOCATE|[252]|Bytes:12
18:06:35.0 (304724567)|METHOD_ENTRY|[252]||System.Math.mod(Long, Long)
18:06:35.0 (304740062)|METHOD_EXIT|[252]||System.Math.mod(Long, Long)
18:06:35.0 (304749996)|VARIABLE_SCOPE_BEGIN|[252]|digit|Integer|false|false
18:06:35.0 (304755166)|HEAP_ALLOCATE|[252]|Bytes:4
18:06:35.0 (304759298)|VARIABLE_ASSIGNMENT|[252]|digit|14
18:06:35.0 (304762542)|STATEMENT_EXECUTE|[253]
18:06:35.0 (304767997)|HEAP_ALLOCATE|[253]|Bytes:1
18:06:35.0 (304774299)|HEAP_ALLOCATE|[253]|Bytes:5
18:06:35.0 (304778759)|VARIABLE_ASSIGNMENT|[253]|hex|"e2eb1"
18:06:35.0 (304782066)|STATEMENT_EXECUTE|[254]
18:06:35.0 (304784540)|HEAP_ALLOCATE|[254]|Bytes:12
18:06:35.0 (304787973)|HEAP_ALLOCATE|[254]|Bytes:12
18:06:35.0 (304791958)|VARIABLE_ASSIGNMENT|[254]|remaining|1
18:06:35.0 (304796499)|HEAP_ALLOCATE|[251]|Bytes:12
18:06:35.0 (304799342)|STATEMENT_EXECUTE|[251]
18:06:35.0 (304800504)|STATEMENT_EXECUTE|[252]
18:06:35.0 (304802813)|HEAP_ALLOCATE|[252]|Bytes:12
18:06:35.0 (304806539)|METHOD_ENTRY|[252]||System.Math.mod(Long, Long)
18:06:35.0 (304822101)|METHOD_EXIT|[252]||System.Math.mod(Long, Long)
18:06:35.0 (304831431)|VARIABLE_SCOPE_BEGIN|[252]|digit|Integer|false|false
18:06:35.0 (304836606)|HEAP_ALLOCATE|[252]|Bytes:4
18:06:35.0 (304840367)|VARIABLE_ASSIGNMENT|[252]|digit|1
18:06:35.0 (304843656)|STATEMENT_EXECUTE|[253]
18:06:35.0 (304849142)|HEAP_ALLOCATE|[253]|Bytes:1
18:06:35.0 (304855617)|HEAP_ALLOCATE|[253]|Bytes:6
18:06:35.0 (304860203)|VARIABLE_ASSIGNMENT|[253]|hex|"1e2eb1"
18:06:35.0 (304863396)|STATEMENT_EXECUTE|[254]
18:06:35.0 (304865622)|HEAP_ALLOCATE|[254]|Bytes:12
18:06:35.0 (304869382)|HEAP_ALLOCATE|[254]|Bytes:12
18:06:35.0 (304873526)|VARIABLE_ASSIGNMENT|[254]|remaining|0
18:06:35.0 (304877809)|HEAP_ALLOCATE|[251]|Bytes:12
18:06:35.0 (304900781)|STATEMENT_EXECUTE|[256]
18:06:35.0 (304904513)|HEAP_ALLOCATE|[256]|Bytes:7
18:06:35.0 (304909991)|VARIABLE_ASSIGNMENT|[256]|hex|"01e2eb1"
18:06:35.0 (304920936)|STATEMENT_EXECUTE|[256]
18:06:35.0 (304922792)|HEAP_ALLOCATE|[256]|Bytes:8
18:06:35.0 (304927312)|VARIABLE_ASSIGNMENT|[256]|hex|"001e2eb1"
18:06:35.0 (304938498)|STATEMENT_EXECUTE|[257]
18:06:35.0 (304940879)|HEAP_ALLOCATE|[257]|Bytes:28
18:06:35.0 (304944732)|HEAP_ALLOCATE|[257]|Bytes:36
18:06:35.0 (304953657)|METHOD_EXIT|[242]|01pa500000QRBV4|WorkspaceService.numericIdToUuid(String)
18:06:35.0 (304960803)|METHOD_EXIT|[198]|01pa500000QRBV4|WorkspaceService.toApiId(String)
18:06:35.0 (304964881)|HEAP_ALLOCATE|[198]|Bytes:16
18:06:35.0 (304974522)|HEAP_ALLOCATE|[198]|Bytes:139
18:06:35.0 (304977936)|VARIABLE_SCOPE_BEGIN|[198]|url|String|false|false
18:06:35.0 (304987082)|VARIABLE_ASSIGNMENT|[198]|url|"callout:DocuSign_Nav (119 more) ..."
18:06:35.0 (304990767)|STATEMENT_EXECUTE|[201]
18:06:35.0 (304992603)|VARIABLE_SCOPE_BEGIN|[201]|effectiveDueDate|String|false|false
18:06:35.0 (305000082)|VARIABLE_ASSIGNMENT|[201]|effectiveDueDate|"2026-05-30"
18:06:35.0 (305018463)|STATEMENT_EXECUTE|[202]
18:06:35.0 (305019872)|STATEMENT_EXECUTE|[207]
18:06:35.0 (305038645)|HEAP_ALLOCATE|[207]|Bytes:4
18:06:35.0 (305048364)|HEAP_ALLOCATE|[208]|Bytes:4
18:06:35.0 (305075155)|HEAP_ALLOCATE|[209]|Bytes:11
18:06:35.0 (305083692)|HEAP_ALLOCATE|[210]|Bytes:8
18:06:35.0 (305091633)|HEAP_ALLOCATE|[211]|Bytes:6
18:06:35.0 (305094877)|HEAP_ALLOCATE|[211]|Bytes:5
18:06:35.0 (305101949)|VARIABLE_SCOPE_BEGIN|[207]|bodyMap|Map<String,ANY>|true|false
18:06:35.0 (305128208)|VARIABLE_ASSIGNMENT|[207]|bodyMap|{"name":"テスト","description":"テスト","due_date":"2026-05-30","status":"draft"}|0x2d37b253
18:06:35.0 (305155982)|STATEMENT_EXECUTE|[213]
18:06:35.0 (305175333)|HEAP_ALLOCATE|[213]|Bytes:4
18:06:35.0 (305200503)|VARIABLE_SCOPE_BEGIN|[213]|assignments|List<Map<String,ANY>>|true|false
18:06:35.0 (305241604)|HEAP_ALLOCATE|[EXTERNAL]|Bytes:4
18:06:35.0 (305252979)|VARIABLE_ASSIGNMENT|[213]|assignments|[]|0x7f8e5f5a
18:06:35.0 (305258593)|STATEMENT_EXECUTE|[214]
18:06:35.0 (305301021)|HEAP_ALLOCATE|[215]|Bytes:5
18:06:35.0 (305317866)|HEAP_ALLOCATE|[215]|Bytes:33
18:06:35.0 (305325046)|VARIABLE_SCOPE_BEGIN|[215]|email|String|false|false
18:06:35.0 (305334205)|VARIABLE_ASSIGNMENT|[215]|email|"kei.suzuki.docusignd (13 more) ..."
18:06:35.0 (305338762)|STATEMENT_EXECUTE|[215]
18:06:35.0 (305357395)|STATEMENT_EXECUTE|[216]
18:06:35.0 (305358764)|STATEMENT_EXECUTE|[217]
18:06:35.0 (305363799)|HEAP_ALLOCATE|[217]|Bytes:4
18:06:35.0 (305368463)|HEAP_ALLOCATE|[218]|Bytes:5
18:06:35.0 (305384422)|HEAP_ALLOCATE|[219]|Bytes:37
18:06:35.0 (305388062)|HEAP_ALLOCATE|[219]|Bytes:8
18:06:35.0 (305409460)|HEAP_ALLOCATE|[EXTERNAL]|Bytes:4
18:06:35.0 (305418831)|HEAP_ALLOCATE|[215]|Bytes:5
18:06:35.0 (305427550)|VARIABLE_ASSIGNMENT|[215]|email|null
18:06:35.0 (305432594)|STATEMENT_EXECUTE|[224]
18:06:35.0 (305434861)|HEAP_ALLOCATE|[224]|Bytes:11
18:06:35.0 (305452375)|HEAP_ALLOCATE|[EXTERNAL]|Bytes:-4
18:06:35.0 (305457122)|STATEMENT_EXECUTE|[225]
18:06:35.0 (305463825)|METHOD_ENTRY|[225]||System.JSON.serialize(Object)
18:06:35.0 (306198219)|METHOD_EXIT|[225]||System.JSON.serialize(Object)
18:06:35.0 (306208859)|VARIABLE_SCOPE_BEGIN|[225]|reqBody|String|false|false
18:06:35.0 (306224885)|VARIABLE_ASSIGNMENT|[225]|reqBody|"{\"assignments\":[{\"up (168 more) ..."
18:06:35.0 (306230569)|STATEMENT_EXECUTE|[226]
18:06:35.0 (306233995)|HEAP_ALLOCATE|[226]|Bytes:25
18:06:35.0 (306239495)|HEAP_ALLOCATE|[226]|Bytes:7
18:06:35.0 (306249172)|HEAP_ALLOCATE|[226]|Bytes:359
18:06:35.0 (306311620)|USER_DEBUG|[226]|DEBUG|createUploadRequest url: callout:DocuSign_Navigator/v1/accounts/6cba485c-0fae-4108-acc1-b0678559780c/workspaces/001e2eb1-0000-0000-0000-000000000000/upload-requests body: {"assignments":[{"upload_request_responsibility_type_id":"complete","email":"kei.suzuki.docusigndemo@gmail.com"}],"status":"draft","due_date":"2026-05-30","description":"テスト","name":"テスト"}
18:06:35.0 (306326879)|STATEMENT_EXECUTE|[228]
18:06:35.0 (306343286)|METHOD_ENTRY|[228]|01pa500000QOKzh|NavigatorService.callPost(String, String, String)
18:06:35.0 (306358029)|VARIABLE_SCOPE_BEGIN|[121]|url|String|false|false
18:06:35.0 (306370341)|VARIABLE_ASSIGNMENT|[121]|url|"callout:DocuSign_Nav (119 more) ..."
18:06:35.0 (306374790)|VARIABLE_SCOPE_BEGIN|[121]|accessToken|String|false|false
18:06:35.0 (306382234)|VARIABLE_ASSIGNMENT|[121]|accessToken|"eyJ0eXAiOiJKV1QiLCJh (1088 more) ..."
18:06:35.0 (306385886)|VARIABLE_SCOPE_BEGIN|[121]|body|String|false|false
18:06:35.0 (306393255)|VARIABLE_ASSIGNMENT|[121]|body|"{\"assignments\":[{\"up (168 more) ..."
18:06:35.0 (306403287)|HEAP_ALLOCATE|[122]|Bytes:5
18:06:35.0 (306407456)|STATEMENT_EXECUTE|[121]
18:06:35.0 (306408980)|STATEMENT_EXECUTE|[122]
18:06:35.0 (306428355)|VARIABLE_SCOPE_BEGIN|[122]|req|System.HttpRequest|true|false
18:06:35.0 (306545835)|VARIABLE_ASSIGNMENT|[122]|req|"System.HttpRequest[Endpoint=null, Method=null]"|0x3136b8e8
18:06:35.0 (306552517)|STATEMENT_EXECUTE|[123]
18:06:35.0 (306594754)|STATEMENT_EXECUTE|[124]
18:06:35.0 (306607123)|STATEMENT_EXECUTE|[125]
18:06:35.0 (306609677)|HEAP_ALLOCATE|[125]|Bytes:13
18:06:35.0 (306613585)|HEAP_ALLOCATE|[125]|Bytes:7
18:06:35.0 (306620696)|HEAP_ALLOCATE|[125]|Bytes:1115
18:06:35.0 (306639794)|STATEMENT_EXECUTE|[126]
18:06:35.0 (306642293)|HEAP_ALLOCATE|[126]|Bytes:16
18:06:35.0 (306654798)|STATEMENT_EXECUTE|[127]
18:06:35.0 (306656597)|HEAP_ALLOCATE|[127]|Bytes:6
18:06:35.0 (306667586)|STATEMENT_EXECUTE|[128]
18:06:35.0 (306719335)|STATEMENT_EXECUTE|[129]
18:06:35.0 (306773016)|CALLOUT_REQUEST|[129]|System.HttpRequest[Endpoint=callout:DocuSign_Navigator/v1/accounts/6cba485c-0fae-4108-acc1-b0678559780c/workspaces/001e2eb1-0000-0000-0000-000000000000/upload-requests, Method=POST]
18:06:35.638 (638615017)|NAMED_CREDENTIAL_REQUEST|NamedCallout[Named Credential Id=0XAa5000000TNyv, Named Credential Name=DocuSign_Navigator, Endpoint=https://api-d.docusign.com/v1/accounts/6cba485c-0fae-4108-acc1-b0678559780c/workspaces/001e2eb1-0000-0000-0000-000000000000/upload-requests, Method=POST, External Credential Type=EXTERNAL, HTTP Header Authorization=Method: Not set - Credential: Not set, Content-Type=application/json, Request Size bytes=200, Retry on 401=True]
18:06:35.0 (639378548)|HEAP_ALLOCATE|[EXTERNAL]|Bytes:507
18:06:35.640 (640233751)|NAMED_CREDENTIAL_RESPONSE|NamedCallout[Named Credential Id=0XAa5000000TNyv, Named Credential Name=DocuSign_Navigator, Status Code=400, Content-Type=null, Response Size bytes=92, Overall Callout Time ms=318, Connect Time ms=4, Interceptor Time ms=0
18:06:35.0 (641379488)|CALLOUT_RESPONSE|[129]|System.HttpResponse[Status=Bad Request, StatusCode=400]
18:06:35.0 (641413234)|HEAP_ALLOCATE|[129]|Bytes:107
18:06:35.0 (641459722)|METHOD_EXIT|[228]|01pa500000QOKzh|NavigatorService.callPost(String, String, String)
18:06:35.0 (641473915)|VARIABLE_SCOPE_BEGIN|[228]|res|System.HttpResponse|true|false
18:06:35.0 (641534459)|VARIABLE_ASSIGNMENT|[228]|res|"System.HttpResponse[Status=Bad Request, StatusCode=400]"|0x5ff6521d
18:06:35.0 (641541730)|STATEMENT_EXECUTE|[229]
18:06:35.0 (641551893)|HEAP_ALLOCATE|[229]|Bytes:30
18:06:35.0 (641657257)|HEAP_ALLOCATE|[229]|Bytes:3
18:06:35.0 (641664048)|HEAP_ALLOCATE|[229]|Bytes:1
18:06:35.0 (641684188)|HEAP_ALLOCATE|[229]|Bytes:92
18:06:35.0 (641694190)|HEAP_ALLOCATE|[229]|Bytes:126
18:06:35.0 (641714075)|USER_DEBUG|[229]|DEBUG|createUploadRequest response: 400 {"message":"The request was malformed or missing required values","errorCode":"BAD_REQUEST"}
18:06:35.0 (641732661)|STATEMENT_EXECUTE|[230]
18:06:35.0 (641734794)|STATEMENT_EXECUTE|[231]
18:06:35.0 (641761800)|HEAP_ALLOCATE|[231]|Bytes:22
18:06:35.0 (641774992)|HEAP_ALLOCATE|[231]|Bytes:3
18:06:35.0 (641785737)|HEAP_ALLOCATE|[231]|Bytes:92
18:06:35.0 (641790379)|HEAP_ALLOCATE|[231]|Bytes:118
18:06:35.0 (641876188)|METHOD_EXIT|[153]|01pa500000QRBV4|WorkspaceService.createUploadRequest(String, String, String, String, List<String>)
18:06:35.0 (641987396)|FATAL_ERROR|System.CalloutException: アップロードリクエスト作成失敗: HTTP 400 {"message":"The request was malformed or missing required values","errorCode":"BAD_REQUEST"}

Class.WorkspaceService.createUploadRequest: line 231, column 1
Class.WorkspaceController.createUploadRequest: line 153, column 1
18:06:35.0 (642003697)|FATAL_ERROR|System.CalloutException: アップロードリクエスト作成失敗: HTTP 400 {"message":"The request was malformed or missing required values","errorCode":"BAD_REQUEST"}

Class.WorkspaceService.createUploadRequest: line 231, column 1
Class.WorkspaceController.createUploadRequest: line 153, column 1
18:06:35.642 (642023337)|CUMULATIVE_LIMIT_USAGE
18:06:35.642 (642023337)|LIMIT_USAGE_FOR_NS|(default)|
  Number of SOQL queries: 1 out of 100
  Number of query rows: 1 out of 50000
  Number of SOSL queries: 0 out of 20
  Number of DML statements: 0 out of 150
  Number of Publish Immediate DML: 0 out of 150
  Number of DML rows: 0 out of 10000
  Maximum CPU time: 26 out of 10000
  Maximum heap size: 0 out of 6000000
  Number of callouts: 2 out of 100
  Number of Email Invocations: 0 out of 10
  Number of future calls: 0 out of 50
  Number of queueable jobs added to the queue: 0 out of 50
  Number of Mobile Apex push calls: 0 out of 10

18:06:35.642 (642023337)|CUMULATIVE_LIMIT_USAGE_END

18:06:35.0 (642064914)|CODE_UNIT_FINISHED|WorkspaceController.createUploadRequest(String, String, String, String, List<String>)
18:06:35.0 (667686709)|CODE_UNIT_FINISHED|apex://WorkspaceController/ACTION$createUploadRequest
18:06:35.0 (667734739)|EXECUTION_FINISHED
