66.0 APEX_CODE,FINEST;APEX_PROFILING,INFO;CALLOUT,INFO;DATA_ACCESS,INFO;DB,INFO;NBA,INFO;SYSTEM,DEBUG;VALIDATION,INFO;VISUALFORCE,INFO;WAVE,INFO;WORKFLOW,INFO
18:32:03.1 (1006703)|USER_INFO|[EXTERNAL]|005a500001kpSnF|takahiro.nagai.docusigndemo20250910@gmail.com|(GMT+09:00) 日本標準時 (Asia/Tokyo)|GMT+09:00
18:32:03.1 (15472578)|ENTERING_MANAGED_PKG|dfsle
18:32:03.1 (16034666)|ENTERING_MANAGED_PKG|dfsle
18:32:03.1 (26676081)|ENTERING_MANAGED_PKG|dfsle
18:32:03.1 (26741938)|ENTERING_MANAGED_PKG|dfsle
18:32:03.1 (27101743)|ENTERING_MANAGED_PKG|dfsle
18:32:03.1 (27133689)|ENTERING_MANAGED_PKG|dfsle
18:32:03.1 (27216971)|ENTERING_MANAGED_PKG|dfsle
18:32:03.1 (27232451)|ENTERING_MANAGED_PKG|dfsle
18:32:03.1 (27289678)|ENTERING_MANAGED_PKG|dfsle
18:32:03.1 (30703088)|ENTERING_MANAGED_PKG|dfsle
18:32:03.1 (40602899)|ENTERING_MANAGED_PKG|dfsle
18:32:03.1 (41094622)|ENTERING_MANAGED_PKG|dfsle
18:32:03.1 (41157371)|ENTERING_MANAGED_PKG|dfsle
18:32:03.1 (48760300)|SOQL_EXECUTE_BEGIN|[41]|Aggregations:0|SELECT InstanceName, IsSandbox, OrganizationType, NamespacePrefix FROM Organization LIMIT 1
18:32:03.1 (52929347)|SOQL_EXECUTE_END|[41]|Rows:1
18:32:03.1 (53242023)|ENTERING_MANAGED_PKG|dfsle
18:32:03.1 (53292003)|ENTERING_MANAGED_PKG|dfsle
18:32:03.1 (53342388)|ENTERING_MANAGED_PKG|dfsle
18:32:03.1 (53451899)|ENTERING_MANAGED_PKG|dfsle
18:32:03.1 (53478234)|ENTERING_MANAGED_PKG|dfsle
18:32:03.1 (53496497)|ENTERING_MANAGED_PKG|dfsle
18:32:03.1 (53539136)|ENTERING_MANAGED_PKG|dfsle
18:32:03.1 (53556575)|ENTERING_MANAGED_PKG|dfsle
18:32:03.1 (53574236)|ENTERING_MANAGED_PKG|dfsle
18:32:04.4 (1004531773)|ENTERING_MANAGED_PKG|dfsle
18:32:04.4 (1004603023)|ENTERING_MANAGED_PKG|dfsle
18:32:04.4 (1004661231)|ENTERING_MANAGED_PKG|dfsle
18:32:04.4 (1005697373)|ENTERING_MANAGED_PKG|dfsle
18:32:04.4 (1005751099)|ENTERING_MANAGED_PKG|dfsle
18:32:04.4 (1008226682)|SOQL_EXECUTE_BEGIN|[70]|Aggregations:0|SELECT PermissionSet.Name FROM PermissionSetAssignment WHERE (AssigneeId = :tmpVar1 AND PermissionSet.NamespacePrefix = :tmpVar2 AND PermissionSet.Name = :tmpVar3)
18:32:04.4 (1103399972)|SOQL_EXECUTE_END|[70]|Rows:2
18:32:04.4 (1114202295)|ENTERING_MANAGED_PKG|dfsle
18:32:04.4 (1114267244)|ENTERING_MANAGED_PKG|dfsle
18:32:04.4 (1115923484)|ENTERING_MANAGED_PKG|dfsle
18:32:04.4 (1116002127)|ENTERING_MANAGED_PKG|dfsle
18:32:04.4 (1116078051)|ENTERING_MANAGED_PKG|dfsle
18:32:04.4 (1116121596)|ENTERING_MANAGED_PKG|dfsle
18:32:04.4 (1116146447)|ENTERING_MANAGED_PKG|dfsle
18:32:04.4 (1116170298)|ENTERING_MANAGED_PKG|dfsle
18:32:04.4 (1116186107)|ENTERING_MANAGED_PKG|dfsle
18:32:04.4 (1116200757)|ENTERING_MANAGED_PKG|dfsle
18:32:04.4 (1123248655)|ENTERING_MANAGED_PKG|dfsle
18:32:04.4 (1123554941)|ENTERING_MANAGED_PKG|dfsle
18:32:04.4 (1123635019)|ENTERING_MANAGED_PKG|dfsle
18:32:04.4 (1123663652)|ENTERING_MANAGED_PKG|dfsle
18:32:04.4 (1123681474)|ENTERING_MANAGED_PKG|dfsle
18:32:04.4 (1123700024)|ENTERING_MANAGED_PKG|dfsle
18:32:04.4 (1123735739)|ENTERING_MANAGED_PKG|dfsle
18:32:04.4 (1123769884)|ENTERING_MANAGED_PKG|dfsle
18:32:04.4 (1123789976)|ENTERING_MANAGED_PKG|dfsle
18:32:04.4 (1123806972)|ENTERING_MANAGED_PKG|dfsle
18:32:04.4 (1123821947)|ENTERING_MANAGED_PKG|dfsle
18:32:04.4 (1133533398)|ENTERING_MANAGED_PKG|dfsle
18:32:04.4 (1134656579)|ENTERING_MANAGED_PKG|dfsle
18:32:04.4 (1134721538)|ENTERING_MANAGED_PKG|dfsle
18:32:04.4 (1139495099)|ENTERING_MANAGED_PKG|dfsle
18:32:04.4 (1139567476)|ENTERING_MANAGED_PKG|dfsle
18:32:04.4 (1140044068)|ENTERING_MANAGED_PKG|dfsle
18:32:04.4 (1140268546)|ENTERING_MANAGED_PKG|dfsle
18:32:04.4 (1143880681)|ENTERING_MANAGED_PKG|dfsle
18:32:04.4 (1143917875)|ENTERING_MANAGED_PKG|dfsle
18:32:04.4 (1149692096)|ENTERING_MANAGED_PKG|dfsle
18:32:04.4 (1149797298)|ENTERING_MANAGED_PKG|dfsle
18:32:04.4 (1150406070)|ENTERING_MANAGED_PKG|dfsle
18:32:04.4 (1150456902)|ENTERING_MANAGED_PKG|dfsle
18:32:04.4 (1150479639)|ENTERING_MANAGED_PKG|dfsle
18:32:04.4 (1150507395)|ENTERING_MANAGED_PKG|dfsle
18:32:04.4 (1150516885)|ENTERING_MANAGED_PKG|dfsle
18:32:04.4 (1150641451)|ENTERING_MANAGED_PKG|dfsle
18:32:04.4 (1150671517)|ENTERING_MANAGED_PKG|dfsle
18:32:04.4 (1150755201)|ENTERING_MANAGED_PKG|dfsle
18:32:04.4 (1150791454)|ENTERING_MANAGED_PKG|dfsle
18:32:04.4 (1150883805)|ENTERING_MANAGED_PKG|dfsle
18:32:04.4 (1150910781)|ENTERING_MANAGED_PKG|dfsle
18:32:04.4 (1151022953)|ENTERING_MANAGED_PKG|dfsle
18:32:04.4 (1151057893)|ENTERING_MANAGED_PKG|dfsle
18:32:04.4 (1151075849)|ENTERING_MANAGED_PKG|dfsle
18:32:04.4 (1167243577)|ENTERING_MANAGED_PKG|dfsle
18:32:04.4 (1167385054)|ENTERING_MANAGED_PKG|dfsle
18:32:04.4 (1167429209)|ENTERING_MANAGED_PKG|dfsle
18:32:04.4 (1167443908)|ENTERING_MANAGED_PKG|dfsle
18:32:04.4 (1167465452)|ENTERING_MANAGED_PKG|dfsle
18:32:04.4 (1167475859)|ENTERING_MANAGED_PKG|dfsle
18:32:04.4 (1167569294)|ENTERING_MANAGED_PKG|dfsle
18:32:04.4 (1167612141)|ENTERING_MANAGED_PKG|dfsle
18:32:04.4 (1167633996)|ENTERING_MANAGED_PKG|dfsle
18:32:04.4 (1167652016)|ENTERING_MANAGED_PKG|dfsle
18:32:04.4 (1167666120)|ENTERING_MANAGED_PKG|dfsle
18:32:04.4 (1167698521)|ENTERING_MANAGED_PKG|dfsle
18:32:04.4 (1168347780)|SOQL_EXECUTE_BEGIN|[105]|Aggregations:0|SELECT DocuSignId__c FROM Envelope__c WHERE (SourceId__c = :tmpVar1 AND DocuSignId__c != NULL AND Sent__c != NULL) ORDER BY Sent__c DESC NULLS FIRST LIMIT :tmpVar2
18:32:04.4 (1179133818)|SOQL_EXECUTE_END|[105]|Rows:1
18:32:04.4 (1179705011)|ENTERING_MANAGED_PKG|dfsle
18:32:04.4 (1179842659)|ENTERING_MANAGED_PKG|dfsle
18:32:04.4 (1180064378)|ENTERING_MANAGED_PKG|dfsle
18:32:04.4 (1180118293)|ENTERING_MANAGED_PKG|dfsle
18:32:04.4 (1180142380)|ENTERING_MANAGED_PKG|dfsle
18:32:04.4 (1180198861)|ENTERING_MANAGED_PKG|dfsle
18:32:04.4 (1180222674)|ENTERING_MANAGED_PKG|dfsle
18:32:04.4 (1180447236)|ENTERING_MANAGED_PKG|dfsle
18:32:04.4 (1180510029)|ENTERING_MANAGED_PKG|dfsle
18:32:04.4 (1180547383)|ENTERING_MANAGED_PKG|dfsle
18:32:04.4 (1180560182)|ENTERING_MANAGED_PKG|dfsle
18:32:04.4 (1180572704)|ENTERING_MANAGED_PKG|dfsle
18:32:04.4 (1180851412)|ENTERING_MANAGED_PKG|dfsle
18:32:04.4 (1186232852)|ENTERING_MANAGED_PKG|dfsle
18:32:04.4 (1186300424)|ENTERING_MANAGED_PKG|dfsle
18:32:04.4 (1186367889)|ENTERING_MANAGED_PKG|dfsle
18:32:04.4 (1186398134)|ENTERING_MANAGED_PKG|dfsle
18:32:04.4 (1186414605)|ENTERING_MANAGED_PKG|dfsle
18:32:04.4 (1186436780)|ENTERING_MANAGED_PKG|dfsle
18:32:04.4 (1186444280)|ENTERING_MANAGED_PKG|dfsle
18:32:04.4 (1186495309)|ENTERING_MANAGED_PKG|dfsle
18:32:04.4 (1186515839)|ENTERING_MANAGED_PKG|dfsle
18:32:04.4 (1186570405)|ENTERING_MANAGED_PKG|dfsle
18:32:04.4 (1186600010)|ENTERING_MANAGED_PKG|dfsle
18:32:04.4 (1186642268)|ENTERING_MANAGED_PKG|dfsle
18:32:04.4 (1194897803)|ENTERING_MANAGED_PKG|dfsle
18:32:04.4 (1194993854)|ENTERING_MANAGED_PKG|dfsle
18:32:04.4 (1195022611)|ENTERING_MANAGED_PKG|dfsle
18:32:04.4 (1195040946)|ENTERING_MANAGED_PKG|dfsle
18:32:04.4 (1195066892)|ENTERING_MANAGED_PKG|dfsle
18:32:04.4 (1195077736)|ENTERING_MANAGED_PKG|dfsle
18:32:04.4 (1195157096)|ENTERING_MANAGED_PKG|dfsle
18:32:04.4 (1195185560)|ENTERING_MANAGED_PKG|dfsle
18:32:04.4 (1195270016)|ENTERING_MANAGED_PKG|dfsle
18:32:04.4 (1195292319)|ENTERING_MANAGED_PKG|dfsle
18:32:04.4 (1195374735)|ENTERING_MANAGED_PKG|dfsle
18:32:04.4 (1195404195)|ENTERING_MANAGED_PKG|dfsle
18:32:04.4 (1195417997)|ENTERING_MANAGED_PKG|dfsle
18:32:04.4 (1207729752)|ENTERING_MANAGED_PKG|dfsle
18:32:04.4 (1207833880)|ENTERING_MANAGED_PKG|dfsle
18:32:04.4 (1207864135)|ENTERING_MANAGED_PKG|dfsle
18:32:04.4 (1207877492)|ENTERING_MANAGED_PKG|dfsle
18:32:04.4 (1207896910)|ENTERING_MANAGED_PKG|dfsle
18:32:04.4 (1207904533)|ENTERING_MANAGED_PKG|dfsle
18:32:04.4 (1207998072)|ENTERING_MANAGED_PKG|dfsle
18:32:04.4 (1208025562)|ENTERING_MANAGED_PKG|dfsle
18:32:04.4 (1208107383)|ENTERING_MANAGED_PKG|dfsle
18:32:04.4 (1208128594)|ENTERING_MANAGED_PKG|dfsle
18:32:04.4 (1208207534)|ENTERING_MANAGED_PKG|dfsle
18:32:04.4 (1208235986)|ENTERING_MANAGED_PKG|dfsle
18:32:04.4 (1208249211)|ENTERING_MANAGED_PKG|dfsle
18:32:04.4 (1208580880)|ENTERING_MANAGED_PKG|dfsle
18:32:04.4 (1208628624)|ENTERING_MANAGED_PKG|dfsle
18:32:04.4 (1208650126)|ENTERING_MANAGED_PKG|dfsle
18:32:04.4 (1208661022)|ENTERING_MANAGED_PKG|dfsle
18:32:04.4 (1208677989)|ENTERING_MANAGED_PKG|dfsle
18:32:04.4 (1208684498)|ENTERING_MANAGED_PKG|dfsle
18:32:04.4 (1208728573)|ENTERING_MANAGED_PKG|dfsle
18:32:04.4 (1208748321)|ENTERING_MANAGED_PKG|dfsle
18:32:04.4 (1208803384)|ENTERING_MANAGED_PKG|dfsle
18:32:04.4 (1208820828)|ENTERING_MANAGED_PKG|dfsle
18:32:04.4 (1208879610)|ENTERING_MANAGED_PKG|dfsle
18:32:04.4 (1208899528)|ENTERING_MANAGED_PKG|dfsle
18:32:04.4 (1208911855)|ENTERING_MANAGED_PKG|dfsle
18:32:04.4 (1209070329)|ENTERING_MANAGED_PKG|dfsle
18:32:04.4 (1209108304)|ENTERING_MANAGED_PKG|dfsle
18:32:04.4 (1209126204)|ENTERING_MANAGED_PKG|dfsle
18:32:04.4 (1209136057)|ENTERING_MANAGED_PKG|dfsle
18:32:04.4 (1209151384)|ENTERING_MANAGED_PKG|dfsle
18:32:04.4 (1209157350)|ENTERING_MANAGED_PKG|dfsle
18:32:04.4 (1209195397)|ENTERING_MANAGED_PKG|dfsle
18:32:04.4 (1209213824)|ENTERING_MANAGED_PKG|dfsle
18:32:04.4 (1209263482)|ENTERING_MANAGED_PKG|dfsle
18:32:04.4 (1209280570)|ENTERING_MANAGED_PKG|dfsle
18:32:04.4 (1209354148)|ENTERING_MANAGED_PKG|dfsle
18:32:04.4 (1209380282)|ENTERING_MANAGED_PKG|dfsle
18:32:04.4 (1209395152)|ENTERING_MANAGED_PKG|dfsle
18:32:04.4 (1209582305)|ENTERING_MANAGED_PKG|dfsle
18:32:04.4 (1209641435)|ENTERING_MANAGED_PKG|dfsle
18:32:04.4 (1209663243)|ENTERING_MANAGED_PKG|dfsle
18:32:04.4 (1209675374)|ENTERING_MANAGED_PKG|dfsle
18:32:04.4 (1209691956)|ENTERING_MANAGED_PKG|dfsle
18:32:04.4 (1209698266)|ENTERING_MANAGED_PKG|dfsle
18:32:04.4 (1209744419)|ENTERING_MANAGED_PKG|dfsle
18:32:04.4 (1209766331)|ENTERING_MANAGED_PKG|dfsle
18:32:04.4 (1209834146)|ENTERING_MANAGED_PKG|dfsle
18:32:04.4 (1209852680)|ENTERING_MANAGED_PKG|dfsle
18:32:04.4 (1209926537)|ENTERING_MANAGED_PKG|dfsle
18:32:04.4 (1209948520)|ENTERING_MANAGED_PKG|dfsle
18:32:04.4 (1209960919)|ENTERING_MANAGED_PKG|dfsle
18:32:04.4 (1210179747)|ENTERING_MANAGED_PKG|dfsle
18:32:04.4 (1210229310)|ENTERING_MANAGED_PKG|dfsle
18:32:04.4 (1210249695)|ENTERING_MANAGED_PKG|dfsle
18:32:04.4 (1210262032)|ENTERING_MANAGED_PKG|dfsle
18:32:04.4 (1210284558)|ENTERING_MANAGED_PKG|dfsle
18:32:04.4 (1210291205)|ENTERING_MANAGED_PKG|dfsle
18:32:04.4 (1210337935)|ENTERING_MANAGED_PKG|dfsle
18:32:04.4 (1210360298)|ENTERING_MANAGED_PKG|dfsle
18:32:04.4 (1210427898)|ENTERING_MANAGED_PKG|dfsle
18:32:04.4 (1210446202)|ENTERING_MANAGED_PKG|dfsle
18:32:04.4 (1210526221)|ENTERING_MANAGED_PKG|dfsle
18:32:04.4 (1210553740)|ENTERING_MANAGED_PKG|dfsle
18:32:04.4 (1210572128)|ENTERING_MANAGED_PKG|dfsle
18:32:04.4 (1210782901)|ENTERING_MANAGED_PKG|dfsle
18:32:04.4 (1210835086)|ENTERING_MANAGED_PKG|dfsle
18:32:04.4 (1210855829)|ENTERING_MANAGED_PKG|dfsle
18:32:04.4 (1210866662)|ENTERING_MANAGED_PKG|dfsle
18:32:04.4 (1210883858)|ENTERING_MANAGED_PKG|dfsle
18:32:04.4 (1210890357)|ENTERING_MANAGED_PKG|dfsle
18:32:04.4 (1210933672)|ENTERING_MANAGED_PKG|dfsle
18:32:04.4 (1210957550)|ENTERING_MANAGED_PKG|dfsle
18:32:04.4 (1211015019)|ENTERING_MANAGED_PKG|dfsle
18:32:04.4 (1211035578)|ENTERING_MANAGED_PKG|dfsle
18:32:04.4 (1211095990)|ENTERING_MANAGED_PKG|dfsle
18:32:04.4 (1211114624)|ENTERING_MANAGED_PKG|dfsle
18:32:04.4 (1211126617)|ENTERING_MANAGED_PKG|dfsle
18:32:04.4 (1211296351)|ENTERING_MANAGED_PKG|dfsle
18:32:04.4 (1211355045)|ENTERING_MANAGED_PKG|dfsle
18:32:04.4 (1211374606)|ENTERING_MANAGED_PKG|dfsle
18:32:04.4 (1211387802)|ENTERING_MANAGED_PKG|dfsle
18:32:04.4 (1211404372)|ENTERING_MANAGED_PKG|dfsle
18:32:04.4 (1211410481)|ENTERING_MANAGED_PKG|dfsle
18:32:04.4 (1211456133)|ENTERING_MANAGED_PKG|dfsle
18:32:04.4 (1211476476)|ENTERING_MANAGED_PKG|dfsle
18:32:04.4 (1211548613)|ENTERING_MANAGED_PKG|dfsle
18:32:04.4 (1211571580)|ENTERING_MANAGED_PKG|dfsle
18:32:04.4 (1211636652)|ENTERING_MANAGED_PKG|dfsle
18:32:04.4 (1211663367)|ENTERING_MANAGED_PKG|dfsle
18:32:04.4 (1211681482)|ENTERING_MANAGED_PKG|dfsle
18:32:04.4 (1211872849)|ENTERING_MANAGED_PKG|dfsle
18:32:04.4 (1211920452)|ENTERING_MANAGED_PKG|dfsle
18:32:04.4 (1211977995)|ENTERING_MANAGED_PKG|dfsle
18:32:04.4 (1211992440)|ENTERING_MANAGED_PKG|dfsle
18:32:04.4 (1212009226)|ENTERING_MANAGED_PKG|dfsle
18:32:04.4 (1212016793)|ENTERING_MANAGED_PKG|dfsle
18:32:04.4 (1212076695)|ENTERING_MANAGED_PKG|dfsle
18:32:04.4 (1212105214)|ENTERING_MANAGED_PKG|dfsle
18:32:04.4 (1212172383)|ENTERING_MANAGED_PKG|dfsle
18:32:04.4 (1212197018)|ENTERING_MANAGED_PKG|dfsle
18:32:04.4 (1212264508)|ENTERING_MANAGED_PKG|dfsle
18:32:04.4 (1212286479)|ENTERING_MANAGED_PKG|dfsle
18:32:04.4 (1212298712)|ENTERING_MANAGED_PKG|dfsle
18:32:04.4 (1212487356)|ENTERING_MANAGED_PKG|dfsle
18:32:04.4 (1212537268)|ENTERING_MANAGED_PKG|dfsle
18:32:04.4 (1212558032)|ENTERING_MANAGED_PKG|dfsle
18:32:04.4 (1212571992)|ENTERING_MANAGED_PKG|dfsle
18:32:04.4 (1212590573)|ENTERING_MANAGED_PKG|dfsle
18:32:04.4 (1212596812)|ENTERING_MANAGED_PKG|dfsle
18:32:04.4 (1212638815)|ENTERING_MANAGED_PKG|dfsle
18:32:04.4 (1212658150)|ENTERING_MANAGED_PKG|dfsle
18:32:04.4 (1212713071)|ENTERING_MANAGED_PKG|dfsle
18:32:04.4 (1212731363)|ENTERING_MANAGED_PKG|dfsle
18:32:04.4 (1212799720)|ENTERING_MANAGED_PKG|dfsle
18:32:04.4 (1212818618)|ENTERING_MANAGED_PKG|dfsle
18:32:04.4 (1212832191)|ENTERING_MANAGED_PKG|dfsle
18:32:04.4 (1213006166)|ENTERING_MANAGED_PKG|dfsle
18:32:04.4 (1213113790)|ENTERING_MANAGED_PKG|dfsle
18:32:04.4 (1213134157)|ENTERING_MANAGED_PKG|dfsle
18:32:04.4 (1213144029)|ENTERING_MANAGED_PKG|dfsle
18:32:04.4 (1213161743)|ENTERING_MANAGED_PKG|dfsle
18:32:04.4 (1213170967)|ENTERING_MANAGED_PKG|dfsle
18:32:04.4 (1213220686)|ENTERING_MANAGED_PKG|dfsle
18:32:04.4 (1213240527)|ENTERING_MANAGED_PKG|dfsle
18:32:04.4 (1213294512)|ENTERING_MANAGED_PKG|dfsle
18:32:04.4 (1213311892)|ENTERING_MANAGED_PKG|dfsle
18:32:04.4 (1213382270)|ENTERING_MANAGED_PKG|dfsle
18:32:04.4 (1213401995)|ENTERING_MANAGED_PKG|dfsle
18:32:04.4 (1213414608)|ENTERING_MANAGED_PKG|dfsle
18:32:04.4 (1213656475)|ENTERING_MANAGED_PKG|dfsle
18:32:04.4 (1213709478)|ENTERING_MANAGED_PKG|dfsle
18:32:04.4 (1213730543)|ENTERING_MANAGED_PKG|dfsle
18:32:04.4 (1213740998)|ENTERING_MANAGED_PKG|dfsle
18:32:04.4 (1213757436)|ENTERING_MANAGED_PKG|dfsle
18:32:04.4 (1213763623)|ENTERING_MANAGED_PKG|dfsle
18:32:04.4 (1213801445)|ENTERING_MANAGED_PKG|dfsle
18:32:04.4 (1213825487)|ENTERING_MANAGED_PKG|dfsle
18:32:04.4 (1213837603)|ENTERING_MANAGED_PKG|dfsle
18:32:04.4 (1213850741)|ENTERING_MANAGED_PKG|dfsle
18:32:04.4 (1213861806)|ENTERING_MANAGED_PKG|dfsle
18:32:04.4 (1213886290)|ENTERING_MANAGED_PKG|dfsle
18:32:04.4 (1213965262)|ENTERING_MANAGED_PKG|dfsle
18:32:04.4 (1214003054)|ENTERING_MANAGED_PKG|dfsle
18:32:04.4 (1214015329)|ENTERING_MANAGED_PKG|dfsle
18:32:04.4 (1214026080)|ENTERING_MANAGED_PKG|dfsle
18:32:04.4 (1214268660)|ENTERING_MANAGED_PKG|dfsle
18:32:04.4 (1221702956)|ENTERING_MANAGED_PKG|dfsle
18:32:04.4 (1221765846)|ENTERING_MANAGED_PKG|dfsle
18:32:04.4 (1221828596)|ENTERING_MANAGED_PKG|dfsle
18:32:04.4 (1221855948)|ENTERING_MANAGED_PKG|dfsle
18:32:04.4 (1221868242)|ENTERING_MANAGED_PKG|dfsle
18:32:04.4 (1221889759)|ENTERING_MANAGED_PKG|dfsle
18:32:04.4 (1221898867)|ENTERING_MANAGED_PKG|dfsle
18:32:04.4 (1221950743)|ENTERING_MANAGED_PKG|dfsle
18:32:04.4 (1221972514)|ENTERING_MANAGED_PKG|dfsle
18:32:04.4 (1222025706)|ENTERING_MANAGED_PKG|dfsle
18:32:04.4 (1222054070)|ENTERING_MANAGED_PKG|dfsle
18:32:04.4 (1222091528)|ENTERING_MANAGED_PKG|dfsle
18:32:04.4 (1230329022)|ENTERING_MANAGED_PKG|dfsle
18:32:04.4 (1230432828)|ENTERING_MANAGED_PKG|dfsle
18:32:04.4 (1230465036)|ENTERING_MANAGED_PKG|dfsle
18:32:04.4 (1230477539)|ENTERING_MANAGED_PKG|dfsle
18:32:04.4 (1230496776)|ENTERING_MANAGED_PKG|dfsle
18:32:04.4 (1230503334)|ENTERING_MANAGED_PKG|dfsle
18:32:04.4 (1230563419)|ENTERING_MANAGED_PKG|dfsle
18:32:04.4 (1230588253)|ENTERING_MANAGED_PKG|dfsle
18:32:04.4 (1230667338)|ENTERING_MANAGED_PKG|dfsle
18:32:04.4 (1230687819)|ENTERING_MANAGED_PKG|dfsle
18:32:04.4 (1230760125)|ENTERING_MANAGED_PKG|dfsle
18:32:04.4 (1230791013)|ENTERING_MANAGED_PKG|dfsle
18:32:04.4 (1230804573)|ENTERING_MANAGED_PKG|dfsle
18:32:04.4 (1231155181)|ENTERING_MANAGED_PKG|dfsle
18:32:04.4 (1231222603)|ENTERING_MANAGED_PKG|dfsle
18:32:04.4 (1231245982)|ENTERING_MANAGED_PKG|dfsle
18:32:04.4 (1231258466)|ENTERING_MANAGED_PKG|dfsle
18:32:04.4 (1231278215)|ENTERING_MANAGED_PKG|dfsle
18:32:04.4 (1231284951)|ENTERING_MANAGED_PKG|dfsle
18:32:04.4 (1231331982)|ENTERING_MANAGED_PKG|dfsle
18:32:04.4 (1231357449)|ENTERING_MANAGED_PKG|dfsle
18:32:04.4 (1231429927)|ENTERING_MANAGED_PKG|dfsle
18:32:04.4 (1231455047)|ENTERING_MANAGED_PKG|dfsle
18:32:04.4 (1231542172)|ENTERING_MANAGED_PKG|dfsle
18:32:04.4 (1231567194)|ENTERING_MANAGED_PKG|dfsle
18:32:04.4 (1231580006)|ENTERING_MANAGED_PKG|dfsle
18:32:04.4 (1241335922)|ENTERING_MANAGED_PKG|dfsle
18:32:04.4 (1241429074)|ENTERING_MANAGED_PKG|dfsle
18:32:04.4 (1241455376)|ENTERING_MANAGED_PKG|dfsle
18:32:04.4 (1241467317)|ENTERING_MANAGED_PKG|dfsle
18:32:04.4 (1241485510)|ENTERING_MANAGED_PKG|dfsle
18:32:04.4 (1241492026)|ENTERING_MANAGED_PKG|dfsle
18:32:04.4 (1241545191)|ENTERING_MANAGED_PKG|dfsle
18:32:04.4 (1241568769)|ENTERING_MANAGED_PKG|dfsle
18:32:04.4 (1241645765)|ENTERING_MANAGED_PKG|dfsle
18:32:04.4 (1241665281)|ENTERING_MANAGED_PKG|dfsle
18:32:04.4 (1241731051)|ENTERING_MANAGED_PKG|dfsle
18:32:04.4 (1241754180)|ENTERING_MANAGED_PKG|dfsle
18:32:04.4 (1241772808)|ENTERING_MANAGED_PKG|dfsle
18:32:04.4 (1242053831)|ENTERING_MANAGED_PKG|dfsle
18:32:04.4 (1242103929)|ENTERING_MANAGED_PKG|dfsle
18:32:04.4 (1242125819)|ENTERING_MANAGED_PKG|dfsle
18:32:04.4 (1242136556)|ENTERING_MANAGED_PKG|dfsle
18:32:04.4 (1242153204)|ENTERING_MANAGED_PKG|dfsle
18:32:04.4 (1242159620)|ENTERING_MANAGED_PKG|dfsle
18:32:04.4 (1242210242)|ENTERING_MANAGED_PKG|dfsle
18:32:04.4 (1242238466)|ENTERING_MANAGED_PKG|dfsle
18:32:04.4 (1242316255)|ENTERING_MANAGED_PKG|dfsle
18:32:04.4 (1242335522)|ENTERING_MANAGED_PKG|dfsle
18:32:04.4 (1242398145)|ENTERING_MANAGED_PKG|dfsle
18:32:04.4 (1242419395)|ENTERING_MANAGED_PKG|dfsle
18:32:04.4 (1242431558)|ENTERING_MANAGED_PKG|dfsle
18:32:04.4 (1242646389)|ENTERING_MANAGED_PKG|dfsle
18:32:04.4 (1242691988)|ENTERING_MANAGED_PKG|dfsle
18:32:04.4 (1242712938)|ENTERING_MANAGED_PKG|dfsle
18:32:04.4 (1242723635)|ENTERING_MANAGED_PKG|dfsle
18:32:04.4 (1242739980)|ENTERING_MANAGED_PKG|dfsle
18:32:04.4 (1242746314)|ENTERING_MANAGED_PKG|dfsle
18:32:04.4 (1242796922)|ENTERING_MANAGED_PKG|dfsle
18:32:04.4 (1242817010)|ENTERING_MANAGED_PKG|dfsle
18:32:04.4 (1242872100)|ENTERING_MANAGED_PKG|dfsle
18:32:04.4 (1242890115)|ENTERING_MANAGED_PKG|dfsle
18:32:04.4 (1242956932)|ENTERING_MANAGED_PKG|dfsle
18:32:04.4 (1242976421)|ENTERING_MANAGED_PKG|dfsle
18:32:04.4 (1242988441)|ENTERING_MANAGED_PKG|dfsle
18:32:04.4 (1243161181)|ENTERING_MANAGED_PKG|dfsle
18:32:04.4 (1243205106)|ENTERING_MANAGED_PKG|dfsle
18:32:04.4 (1243224586)|ENTERING_MANAGED_PKG|dfsle
18:32:04.4 (1243234423)|ENTERING_MANAGED_PKG|dfsle
18:32:04.4 (1243250804)|ENTERING_MANAGED_PKG|dfsle
18:32:04.4 (1243256957)|ENTERING_MANAGED_PKG|dfsle
18:32:04.4 (1243296603)|ENTERING_MANAGED_PKG|dfsle
18:32:04.4 (1243315318)|ENTERING_MANAGED_PKG|dfsle
18:32:04.4 (1243367413)|ENTERING_MANAGED_PKG|dfsle
18:32:04.4 (1243384908)|ENTERING_MANAGED_PKG|dfsle
18:32:04.4 (1243442274)|ENTERING_MANAGED_PKG|dfsle
18:32:04.4 (1243460679)|ENTERING_MANAGED_PKG|dfsle
18:32:04.4 (1243472768)|ENTERING_MANAGED_PKG|dfsle
18:32:04.4 (1243658843)|ENTERING_MANAGED_PKG|dfsle
18:32:04.4 (1243703549)|ENTERING_MANAGED_PKG|dfsle
18:32:04.4 (1243723381)|ENTERING_MANAGED_PKG|dfsle
18:32:04.4 (1243734064)|ENTERING_MANAGED_PKG|dfsle
18:32:04.4 (1243750097)|ENTERING_MANAGED_PKG|dfsle
18:32:04.4 (1243756569)|ENTERING_MANAGED_PKG|dfsle
18:32:04.4 (1243797603)|ENTERING_MANAGED_PKG|dfsle
18:32:04.4 (1243820851)|ENTERING_MANAGED_PKG|dfsle
18:32:04.4 (1243851436)|ENTERING_MANAGED_PKG|dfsle
18:32:04.4 (1244093238)|ENTERING_MANAGED_PKG|dfsle
18:32:04.4 (1244136411)|ENTERING_MANAGED_PKG|dfsle
18:32:04.4 (1244154873)|ENTERING_MANAGED_PKG|dfsle
18:32:04.4 (1244164725)|ENTERING_MANAGED_PKG|dfsle
18:32:04.4 (1244180124)|ENTERING_MANAGED_PKG|dfsle
18:32:04.4 (1244186180)|ENTERING_MANAGED_PKG|dfsle
18:32:04.4 (1244226279)|ENTERING_MANAGED_PKG|dfsle
18:32:04.4 (1244245899)|ENTERING_MANAGED_PKG|dfsle
18:32:04.4 (1244302954)|ENTERING_MANAGED_PKG|dfsle
18:32:04.4 (1244320619)|ENTERING_MANAGED_PKG|dfsle
18:32:04.4 (1244381656)|ENTERING_MANAGED_PKG|dfsle
18:32:04.4 (1244401064)|ENTERING_MANAGED_PKG|dfsle
18:32:04.4 (1244413130)|ENTERING_MANAGED_PKG|dfsle
18:32:04.4 (1244575613)|ENTERING_MANAGED_PKG|dfsle
18:32:04.4 (1244613187)|ENTERING_MANAGED_PKG|dfsle
18:32:04.4 (1244634810)|ENTERING_MANAGED_PKG|dfsle
18:32:04.4 (1244648295)|ENTERING_MANAGED_PKG|dfsle
18:32:04.4 (1244669565)|ENTERING_MANAGED_PKG|dfsle
18:32:04.4 (1244678122)|ENTERING_MANAGED_PKG|dfsle
18:32:04.4 (1244735147)|ENTERING_MANAGED_PKG|dfsle
18:32:04.4 (1244756164)|ENTERING_MANAGED_PKG|dfsle
18:32:04.4 (1244810855)|ENTERING_MANAGED_PKG|dfsle
18:32:04.4 (1244828407)|ENTERING_MANAGED_PKG|dfsle
18:32:04.4 (1244887294)|ENTERING_MANAGED_PKG|dfsle
18:32:04.4 (1244907070)|ENTERING_MANAGED_PKG|dfsle
18:32:04.4 (1244919338)|ENTERING_MANAGED_PKG|dfsle
18:32:04.4 (1245065153)|ENTERING_MANAGED_PKG|dfsle
18:32:04.4 (1245101887)|ENTERING_MANAGED_PKG|dfsle
18:32:04.4 (1245119851)|ENTERING_MANAGED_PKG|dfsle
18:32:04.4 (1245129739)|ENTERING_MANAGED_PKG|dfsle
18:32:04.4 (1245145378)|ENTERING_MANAGED_PKG|dfsle
18:32:04.4 (1245151453)|ENTERING_MANAGED_PKG|dfsle
18:32:04.4 (1245189041)|ENTERING_MANAGED_PKG|dfsle
18:32:04.4 (1245207344)|ENTERING_MANAGED_PKG|dfsle
18:32:04.4 (1245256715)|ENTERING_MANAGED_PKG|dfsle
18:32:04.4 (1245273744)|ENTERING_MANAGED_PKG|dfsle
18:32:04.4 (1245334474)|ENTERING_MANAGED_PKG|dfsle
18:32:04.4 (1245351974)|ENTERING_MANAGED_PKG|dfsle
18:32:04.4 (1245363752)|ENTERING_MANAGED_PKG|dfsle
18:32:04.4 (1245478288)|ENTERING_MANAGED_PKG|dfsle
18:32:04.4 (1245512782)|ENTERING_MANAGED_PKG|dfsle
18:32:04.4 (1245529744)|ENTERING_MANAGED_PKG|dfsle
18:32:04.4 (1245539329)|ENTERING_MANAGED_PKG|dfsle
18:32:04.4 (1245554380)|ENTERING_MANAGED_PKG|dfsle
18:32:04.4 (1245560215)|ENTERING_MANAGED_PKG|dfsle
18:32:04.4 (1245667230)|ENTERING_MANAGED_PKG|dfsle
18:32:04.4 (1245687207)|ENTERING_MANAGED_PKG|dfsle
18:32:04.4 (1245736349)|ENTERING_MANAGED_PKG|dfsle
18:32:04.4 (1245753345)|ENTERING_MANAGED_PKG|dfsle
18:32:04.4 (1245814063)|ENTERING_MANAGED_PKG|dfsle
18:32:04.4 (1245842788)|ENTERING_MANAGED_PKG|dfsle
18:32:04.4 (1245859834)|ENTERING_MANAGED_PKG|dfsle
18:32:04.4 (1246047015)|ENTERING_MANAGED_PKG|dfsle
18:32:04.4 (1246097006)|ENTERING_MANAGED_PKG|dfsle
18:32:04.4 (1246139942)|ENTERING_MANAGED_PKG|dfsle
18:32:04.4 (1246151131)|ENTERING_MANAGED_PKG|dfsle
18:32:04.4 (1246168019)|ENTERING_MANAGED_PKG|dfsle
18:32:04.4 (1246174369)|ENTERING_MANAGED_PKG|dfsle
18:32:04.4 (1246220520)|ENTERING_MANAGED_PKG|dfsle
18:32:04.4 (1246240545)|ENTERING_MANAGED_PKG|dfsle
18:32:04.4 (1246296006)|ENTERING_MANAGED_PKG|dfsle
18:32:04.4 (1246313907)|ENTERING_MANAGED_PKG|dfsle
18:32:04.4 (1246373635)|ENTERING_MANAGED_PKG|dfsle
18:32:04.4 (1246393300)|ENTERING_MANAGED_PKG|dfsle
18:32:04.4 (1246405627)|ENTERING_MANAGED_PKG|dfsle
18:32:04.4 (1246544240)|ENTERING_MANAGED_PKG|dfsle
18:32:04.4 (1246581640)|ENTERING_MANAGED_PKG|dfsle
18:32:04.4 (1246599310)|ENTERING_MANAGED_PKG|dfsle
18:32:04.4 (1246615653)|ENTERING_MANAGED_PKG|dfsle
18:32:04.4 (1246631964)|ENTERING_MANAGED_PKG|dfsle
18:32:04.4 (1246637923)|ENTERING_MANAGED_PKG|dfsle
18:32:04.4 (1246671080)|ENTERING_MANAGED_PKG|dfsle
18:32:04.4 (1246695051)|ENTERING_MANAGED_PKG|dfsle
18:32:04.4 (1246706778)|ENTERING_MANAGED_PKG|dfsle
18:32:04.4 (1246720066)|ENTERING_MANAGED_PKG|dfsle
18:32:04.4 (1246731595)|ENTERING_MANAGED_PKG|dfsle
18:32:04.4 (1246756208)|ENTERING_MANAGED_PKG|dfsle
18:32:04.4 (1247224623)|ENTERING_MANAGED_PKG|dfsle
18:32:04.4 (1248249692)|SOQL_EXECUTE_BEGIN|[163]|Aggregations:1|SELECT Id, SourceId__c, DocuSignId__c, Status__c, SenderName__c, SenderEmail__c, EmailSubject__c, Sent__c, Expires__c, Completed__c, Reason__c, LastStatusUpdate__c, (SELECT Id, SourceId__c, Type__c, Sequence__c, Status__c, RoutingOrder__c, Name, Email__c, Sent__c, Completed__c, Reason__c, LastStatusUpdate__c FROM Recipients__r ORDER BY Sequence__c ASC NULLS FIRST) FROM EnvelopeStatus__c WHERE DocuSignId__c IN :tmpVar1 ORDER BY Sent__c DESC NULLS FIRST
18:32:04.4 (1275770538)|SOQL_EXECUTE_END|[163]|Rows:1
18:32:04.4 (1275989238)|ENTERING_MANAGED_PKG|dfsle
18:32:04.4 (1276300522)|ENTERING_MANAGED_PKG|dfsle
18:32:04.4 (1291084992)|ENTERING_MANAGED_PKG|dfsle
18:32:04.4 (1301402383)|ENTERING_MANAGED_PKG|dfsle
18:32:04.4 (1301628454)|ENTERING_MANAGED_PKG|dfsle
18:32:04.4 (1302017466)|ENTERING_MANAGED_PKG|dfsle
18:32:04.4 (1302041282)|ENTERING_MANAGED_PKG|dfsle
18:32:04.4 (1302112643)|ENTERING_MANAGED_PKG|dfsle
18:32:04.4 (1302213292)|ENTERING_MANAGED_PKG|dfsle
18:32:04.4 (1302234460)|ENTERING_MANAGED_PKG|dfsle
18:32:04.4 (1302269342)|ENTERING_MANAGED_PKG|dfsle
18:32:04.4 (1302286147)|ENTERING_MANAGED_PKG|dfsle
18:32:04.4 (1302887404)|ENTERING_MANAGED_PKG|dfsle
18:32:04.4 (1302926107)|ENTERING_MANAGED_PKG|dfsle
18:32:04.4 (1302965824)|ENTERING_MANAGED_PKG|dfsle
18:32:04.4 (1302990660)|ENTERING_MANAGED_PKG|dfsle
18:32:04.4 (1303050005)|ENTERING_MANAGED_PKG|dfsle
18:32:04.4 (1303164708)|ENTERING_MANAGED_PKG|dfsle
18:32:04.4 (1303188520)|ENTERING_MANAGED_PKG|dfsle
18:32:04.4 (1303336485)|ENTERING_MANAGED_PKG|dfsle
18:32:04.4 (1303549123)|ENTERING_MANAGED_PKG|dfsle
18:32:04.4 (1303875352)|ENTERING_MANAGED_PKG|dfsle
18:32:04.4 (1303933455)|ENTERING_MANAGED_PKG|dfsle
18:32:04.4 (1304045848)|ENTERING_MANAGED_PKG|dfsle
18:32:04.4 (1304076586)|ENTERING_MANAGED_PKG|dfsle
18:32:04.4 (1304098141)|ENTERING_MANAGED_PKG|dfsle
18:32:04.4 (1304120591)|ENTERING_MANAGED_PKG|dfsle
18:32:04.4 (1304145105)|ENTERING_MANAGED_PKG|dfsle
18:32:04.4 (1304165033)|ENTERING_MANAGED_PKG|dfsle
18:32:04.4 (1304181061)|ENTERING_MANAGED_PKG|dfsle
18:32:04.4 (1304195743)|ENTERING_MANAGED_PKG|dfsle
18:32:04.4 (1304210513)|ENTERING_MANAGED_PKG|dfsle
18:32:04.4 (1304226216)|ENTERING_MANAGED_PKG|dfsle
18:32:04.4 (1304243545)|ENTERING_MANAGED_PKG|dfsle
18:32:04.4 (1304259878)|ENTERING_MANAGED_PKG|dfsle
18:32:04.4 (1304274182)|ENTERING_MANAGED_PKG|dfsle
18:32:04.4 (1304376135)|ENTERING_MANAGED_PKG|dfsle
18:32:04.4 (1304452311)|ENTERING_MANAGED_PKG|dfsle
18:32:04.4 (1304482161)|ENTERING_MANAGED_PKG|dfsle
18:32:04.4 (1304507046)|ENTERING_MANAGED_PKG|dfsle
18:32:04.4 (1304529934)|ENTERING_MANAGED_PKG|dfsle
18:32:04.4 (1304546724)|ENTERING_MANAGED_PKG|dfsle
18:32:04.4 (1304561932)|ENTERING_MANAGED_PKG|dfsle
18:32:04.4 (1304577105)|ENTERING_MANAGED_PKG|dfsle
18:32:04.4 (1304592193)|ENTERING_MANAGED_PKG|dfsle
18:32:04.4 (1304609714)|ENTERING_MANAGED_PKG|dfsle
18:32:04.4 (1304637990)|ENTERING_MANAGED_PKG|dfsle
18:32:04.4 (1304655135)|ENTERING_MANAGED_PKG|dfsle
18:32:04.4 (1304680623)|ENTERING_MANAGED_PKG|dfsle
18:32:04.4 (1304695399)|ENTERING_MANAGED_PKG|dfsle
