66.0 APEX_CODE,FINEST;APEX_PROFILING,INFO;CALLOUT,INFO;DATA_ACCESS,INFO;DB,INFO;NBA,INFO;SYSTEM,DEBUG;VALIDATION,INFO;VISUALFORCE,INFO;WAVE,INFO;WORKFLOW,INFO
18:19:36.0 (923687)|USER_INFO|[EXTERNAL]|005a500001kpSnF|takahiro.nagai.docusigndemo20250910@gmail.com|(GMT+09:00) 日本標準時 (Asia/Tokyo)|GMT+09:00
18:19:36.0 (4771291)|ENTERING_MANAGED_PKG|dfsle
18:19:36.0 (5404673)|ENTERING_MANAGED_PKG|dfsle
18:19:36.0 (30271117)|ENTERING_MANAGED_PKG|dfsle
18:19:36.0 (39490392)|ENTERING_MANAGED_PKG|dfsle
18:19:36.0 (40099755)|ENTERING_MANAGED_PKG|dfsle
18:19:36.0 (40165049)|ENTERING_MANAGED_PKG|dfsle
18:19:36.0 (48297217)|SOQL_EXECUTE_BEGIN|[41]|Aggregations:0|SELECT InstanceName, IsSandbox, OrganizationType, NamespacePrefix FROM Organization LIMIT 1
18:19:36.0 (54949497)|SOQL_EXECUTE_END|[41]|Rows:1
18:19:36.0 (55323602)|ENTERING_MANAGED_PKG|dfsle
18:19:36.0 (55382577)|ENTERING_MANAGED_PKG|dfsle
18:19:36.0 (55445854)|ENTERING_MANAGED_PKG|dfsle
18:19:36.0 (55563639)|ENTERING_MANAGED_PKG|dfsle
18:19:36.0 (55589763)|ENTERING_MANAGED_PKG|dfsle
18:19:36.0 (55608354)|ENTERING_MANAGED_PKG|dfsle
18:19:36.0 (55654308)|ENTERING_MANAGED_PKG|dfsle
18:19:36.0 (55672967)|ENTERING_MANAGED_PKG|dfsle
18:19:36.0 (55691160)|ENTERING_MANAGED_PKG|dfsle
18:19:37.8 (1008259159)|ENTERING_MANAGED_PKG|dfsle
18:19:37.8 (1008401202)|ENTERING_MANAGED_PKG|dfsle
18:19:37.8 (1008488385)|ENTERING_MANAGED_PKG|dfsle
18:19:37.8 (1008825576)|ENTERING_MANAGED_PKG|dfsle
18:19:37.8 (1008868804)|ENTERING_MANAGED_PKG|dfsle
18:19:37.8 (1008897433)|ENTERING_MANAGED_PKG|dfsle
18:19:37.8 (1017356961)|ENTERING_MANAGED_PKG|dfsle
18:19:37.8 (1018048612)|ENTERING_MANAGED_PKG|dfsle
18:19:37.8 (1019781386)|ENTERING_MANAGED_PKG|dfsle
18:19:37.8 (1020005969)|ENTERING_MANAGED_PKG|dfsle
18:19:37.8 (1026054636)|ENTERING_MANAGED_PKG|dfsle
18:19:37.8 (1026145134)|ENTERING_MANAGED_PKG|dfsle
18:19:37.8 (1026465989)|ENTERING_MANAGED_PKG|dfsle
18:19:37.8 (1026511214)|ENTERING_MANAGED_PKG|dfsle
18:19:37.8 (1026962049)|ENTERING_MANAGED_PKG|dfsle
18:19:37.8 (1027174269)|ENTERING_MANAGED_PKG|dfsle
18:19:37.8 (1035585430)|ENTERING_MANAGED_PKG|dfsle
18:19:37.8 (1035637632)|ENTERING_MANAGED_PKG|dfsle
18:19:37.8 (1037777596)|ENTERING_MANAGED_PKG|dfsle
18:19:37.8 (1037898347)|ENTERING_MANAGED_PKG|dfsle
18:19:37.8 (1038526274)|ENTERING_MANAGED_PKG|dfsle
18:19:37.8 (1038578370)|ENTERING_MANAGED_PKG|dfsle
18:19:37.8 (1038604705)|ENTERING_MANAGED_PKG|dfsle
18:19:37.8 (1038637755)|ENTERING_MANAGED_PKG|dfsle
18:19:37.8 (1038648436)|ENTERING_MANAGED_PKG|dfsle
18:19:37.8 (1038779827)|ENTERING_MANAGED_PKG|dfsle
18:19:37.8 (1038812925)|ENTERING_MANAGED_PKG|dfsle
18:19:37.8 (1038943655)|ENTERING_MANAGED_PKG|dfsle
18:19:37.8 (1038987369)|ENTERING_MANAGED_PKG|dfsle
18:19:37.8 (1039053339)|ENTERING_MANAGED_PKG|dfsle
18:19:37.8 (1039732301)|ENTERING_MANAGED_PKG|dfsle
18:19:37.8 (1039837819)|ENTERING_MANAGED_PKG|dfsle
18:19:37.8 (1039880618)|ENTERING_MANAGED_PKG|dfsle
18:19:37.8 (1039898794)|ENTERING_MANAGED_PKG|dfsle
18:19:37.8 (1039929657)|ENTERING_MANAGED_PKG|dfsle
18:19:37.8 (1039943779)|ENTERING_MANAGED_PKG|dfsle
18:19:37.8 (1040047204)|ENTERING_MANAGED_PKG|dfsle
18:19:37.8 (1040105874)|ENTERING_MANAGED_PKG|dfsle
18:19:37.8 (1040163074)|ENTERING_MANAGED_PKG|dfsle
18:19:37.8 (1040182544)|ENTERING_MANAGED_PKG|dfsle
18:19:37.8 (1040198840)|ENTERING_MANAGED_PKG|dfsle
18:19:37.8 (1040232153)|ENTERING_MANAGED_PKG|dfsle
18:19:37.8 (1040696687)|SOQL_EXECUTE_BEGIN|[37]|Aggregations:0|SELECT Username__c FROM User WHERE Id = :tmpVar1 LIMIT 1
18:19:37.8 (1051375916)|SOQL_EXECUTE_END|[37]|Rows:1
18:19:37.8 (1051584523)|ENTERING_MANAGED_PKG|dfsle
18:19:37.8 (1051654403)|ENTERING_MANAGED_PKG|dfsle
18:19:37.8 (1051852115)|ENTERING_MANAGED_PKG|dfsle
18:19:37.8 (1052428552)|ENTERING_MANAGED_PKG|dfsle
18:19:37.8 (1052476421)|ENTERING_MANAGED_PKG|dfsle
18:19:37.8 (1052562379)|ENTERING_MANAGED_PKG|dfsle
18:19:37.8 (1052592905)|ENTERING_MANAGED_PKG|dfsle
18:19:37.8 (1052610961)|ENTERING_MANAGED_PKG|dfsle
18:19:37.8 (1052626223)|ENTERING_MANAGED_PKG|dfsle
18:19:37.8 (1052641016)|ENTERING_MANAGED_PKG|dfsle
18:19:37.8 (1052656119)|ENTERING_MANAGED_PKG|dfsle
