66.0 APEX_CODE,FINEST;APEX_PROFILING,INFO;CALLOUT,INFO;DATA_ACCESS,INFO;DB,INFO;NBA,INFO;SYSTEM,DEBUG;VALIDATION,INFO;VISUALFORCE,INFO;WAVE,INFO;WORKFLOW,INFO
18:32:05.1 (1110608)|USER_INFO|[EXTERNAL]|005a500001kpSnF|takahiro.nagai.docusigndemo20250910@gmail.com|(GMT+09:00) 日本標準時 (Asia/Tokyo)|GMT+09:00
18:32:05.1 (3354522)|ENTERING_MANAGED_PKG|dfsle
18:32:05.1 (4012624)|ENTERING_MANAGED_PKG|dfsle
18:32:05.1 (16112584)|ENTERING_MANAGED_PKG|dfsle
18:32:05.1 (21241294)|ENTERING_MANAGED_PKG|dfsle
18:32:05.1 (21803941)|ENTERING_MANAGED_PKG|dfsle
18:32:05.1 (21875101)|ENTERING_MANAGED_PKG|dfsle
18:32:05.1 (32522467)|SOQL_EXECUTE_BEGIN|[41]|Aggregations:0|SELECT InstanceName, IsSandbox, OrganizationType, NamespacePrefix FROM Organization LIMIT 1
18:32:05.1 (37713389)|SOQL_EXECUTE_END|[41]|Rows:1
18:32:05.1 (38014225)|ENTERING_MANAGED_PKG|dfsle
18:32:05.1 (38068124)|ENTERING_MANAGED_PKG|dfsle
18:32:05.1 (38128272)|ENTERING_MANAGED_PKG|dfsle
18:32:05.1 (38234279)|ENTERING_MANAGED_PKG|dfsle
18:32:05.1 (38259573)|ENTERING_MANAGED_PKG|dfsle
18:32:05.1 (38277406)|ENTERING_MANAGED_PKG|dfsle
18:32:05.1 (38314467)|ENTERING_MANAGED_PKG|dfsle
18:32:05.1 (38331595)|ENTERING_MANAGED_PKG|dfsle
18:32:05.1 (38347887)|ENTERING_MANAGED_PKG|dfsle
18:32:05.1 (274143472)|ENTERING_MANAGED_PKG|dfsle
18:32:05.1 (274212717)|ENTERING_MANAGED_PKG|dfsle
18:32:05.1 (274270958)|ENTERING_MANAGED_PKG|dfsle
18:32:05.1 (274551558)|ENTERING_MANAGED_PKG|dfsle
18:32:05.1 (274581607)|ENTERING_MANAGED_PKG|dfsle
18:32:05.1 (274601892)|ENTERING_MANAGED_PKG|dfsle
18:32:05.1 (278557246)|ENTERING_MANAGED_PKG|dfsle
18:32:05.1 (278951982)|ENTERING_MANAGED_PKG|dfsle
18:32:05.1 (280404265)|ENTERING_MANAGED_PKG|dfsle
18:32:05.1 (280631037)|ENTERING_MANAGED_PKG|dfsle
18:32:05.1 (287168466)|ENTERING_MANAGED_PKG|dfsle
18:32:05.1 (287233503)|ENTERING_MANAGED_PKG|dfsle
18:32:05.1 (287573114)|ENTERING_MANAGED_PKG|dfsle
18:32:05.1 (287616133)|ENTERING_MANAGED_PKG|dfsle
18:32:05.1 (288123813)|ENTERING_MANAGED_PKG|dfsle
18:32:05.1 (288341385)|ENTERING_MANAGED_PKG|dfsle
18:32:05.1 (293589217)|ENTERING_MANAGED_PKG|dfsle
18:32:05.1 (293668166)|ENTERING_MANAGED_PKG|dfsle
18:32:05.1 (297044798)|ENTERING_MANAGED_PKG|dfsle
18:32:05.1 (297178589)|ENTERING_MANAGED_PKG|dfsle
18:32:05.1 (297943028)|ENTERING_MANAGED_PKG|dfsle
18:32:05.1 (297997796)|ENTERING_MANAGED_PKG|dfsle
18:32:05.1 (298023125)|ENTERING_MANAGED_PKG|dfsle
18:32:05.1 (298053384)|ENTERING_MANAGED_PKG|dfsle
18:32:05.1 (298063356)|ENTERING_MANAGED_PKG|dfsle
18:32:05.1 (298195907)|ENTERING_MANAGED_PKG|dfsle
18:32:05.1 (298228656)|ENTERING_MANAGED_PKG|dfsle
18:32:05.1 (298349443)|ENTERING_MANAGED_PKG|dfsle
18:32:05.1 (298390471)|ENTERING_MANAGED_PKG|dfsle
18:32:05.1 (298456692)|ENTERING_MANAGED_PKG|dfsle
18:32:05.1 (303557441)|ENTERING_MANAGED_PKG|dfsle
18:32:05.1 (303713345)|ENTERING_MANAGED_PKG|dfsle
18:32:05.1 (303769215)|ENTERING_MANAGED_PKG|dfsle
18:32:05.1 (303785495)|ENTERING_MANAGED_PKG|dfsle
18:32:05.1 (303807600)|ENTERING_MANAGED_PKG|dfsle
18:32:05.1 (303817634)|ENTERING_MANAGED_PKG|dfsle
18:32:05.1 (303920652)|ENTERING_MANAGED_PKG|dfsle
18:32:05.1 (303974883)|ENTERING_MANAGED_PKG|dfsle
18:32:05.1 (304005190)|ENTERING_MANAGED_PKG|dfsle
18:32:05.1 (304022962)|ENTERING_MANAGED_PKG|dfsle
18:32:05.1 (304038057)|ENTERING_MANAGED_PKG|dfsle
18:32:05.1 (304068871)|ENTERING_MANAGED_PKG|dfsle
18:32:05.1 (304445756)|SOQL_EXECUTE_BEGIN|[37]|Aggregations:0|SELECT Username__c FROM User WHERE Id = :tmpVar1 LIMIT 1
18:32:05.1 (312057701)|SOQL_EXECUTE_END|[37]|Rows:1
18:32:05.1 (312265828)|ENTERING_MANAGED_PKG|dfsle
18:32:05.1 (312332496)|ENTERING_MANAGED_PKG|dfsle
18:32:05.1 (312536803)|ENTERING_MANAGED_PKG|dfsle
18:32:05.1 (313204988)|ENTERING_MANAGED_PKG|dfsle
18:32:05.1 (313255329)|ENTERING_MANAGED_PKG|dfsle
18:32:05.1 (313367298)|ENTERING_MANAGED_PKG|dfsle
18:32:05.1 (313416776)|ENTERING_MANAGED_PKG|dfsle
18:32:05.1 (313446252)|ENTERING_MANAGED_PKG|dfsle
18:32:05.1 (313470506)|ENTERING_MANAGED_PKG|dfsle
18:32:05.1 (313493928)|ENTERING_MANAGED_PKG|dfsle
18:32:05.1 (313517135)|ENTERING_MANAGED_PKG|dfsle
