66.0 APEX_CODE,FINEST;APEX_PROFILING,INFO;CALLOUT,INFO;DATA_ACCESS,INFO;DB,INFO;NBA,INFO;SYSTEM,DEBUG;VALIDATION,INFO;VISUALFORCE,INFO;WAVE,INFO;WORKFLOW,INFO
18:32:07.0 (996673)|USER_INFO|[EXTERNAL]|005a500001kpSnF|takahiro.nagai.docusigndemo20250910@gmail.com|(GMT+09:00) 日本標準時 (Asia/Tokyo)|GMT+09:00
18:32:07.0 (1069291)|EXECUTION_STARTED
18:32:07.0 (1097121)|CODE_UNIT_STARTED|[EXTERNAL]|apex://WorkspaceController/ACTION$getWorkspaceInfo
18:32:07.0 (3216014)|CODE_UNIT_STARTED|[EXTERNAL]|01pa500000QRBV3|WorkspaceController.getWorkspaceInfo(String)
18:32:07.0 (3706222)|HEAP_ALLOCATE|[95]|Bytes:3
18:32:07.0 (3849956)|HEAP_ALLOCATE|[100]|Bytes:152
18:32:07.0 (3873804)|HEAP_ALLOCATE|[417]|Bytes:408
18:32:07.0 (3885702)|HEAP_ALLOCATE|[430]|Bytes:408
18:32:07.0 (3937977)|HEAP_ALLOCATE|[317]|Bytes:6
18:32:07.0 (3951376)|HEAP_ALLOCATE|[EXTERNAL]|Bytes:43
18:32:07.0 (3975295)|METHOD_ENTRY|[1]|01pa500000QRBV3|WorkspaceController.WorkspaceController()
18:32:07.0 (3986735)|STATEMENT_EXECUTE|[1]
18:32:07.0 (3994812)|STATEMENT_EXECUTE|[1]
18:32:07.0 (4016806)|HEAP_ALLOCATE|[68]|Bytes:5
18:32:07.0 (4052237)|HEAP_ALLOCATE|[74]|Bytes:5
18:32:07.0 (4057560)|HEAP_ALLOCATE|[82]|Bytes:7
18:32:07.0 (4505967)|HEAP_ALLOCATE|[EXTERNAL]|Bytes:5
18:32:07.0 (4526718)|METHOD_EXIT|[1]|WorkspaceController
18:32:07.0 (4532358)|HEAP_ALLOCATE|[EXTERNAL]|Bytes:7
18:32:07.0 (4551145)|VARIABLE_SCOPE_BEGIN|[23]|workspaceId|String|false|false
18:32:07.0 (4629907)|VARIABLE_ASSIGNMENT|[23]|workspaceId|"1978033"
18:32:07.0 (4644268)|HEAP_ALLOCATE|[24]|Bytes:5
18:32:07.0 (4665834)|STATEMENT_EXECUTE|[23]
18:32:07.0 (4667349)|STATEMENT_EXECUTE|[24]
18:32:07.0 (70082035)|VARIABLE_SCOPE_BEGIN|[5]|WorkspaceService.MULTIPART_BOUNDARY|String|false|true
18:32:07.0 (70109318)|VARIABLE_SCOPE_BEGIN|[4]|WorkspaceService.WORKSPACE_APP_URL|String|false|true
18:32:07.0 (70114073)|VARIABLE_SCOPE_BEGIN|[3]|WorkspaceService.WORKSPACE_BASE_URL|String|false|true
18:32:07.0 (70137130)|HEAP_ALLOCATE|[24]|Bytes:53
18:32:07.0 (70151325)|HEAP_ALLOCATE|[24]|Bytes:19
18:32:07.0 (70153584)|HEAP_ALLOCATE|[24]|Bytes:24
18:32:07.0 (70188440)|VARIABLE_ASSIGNMENT|[24]|WorkspaceService.MULTIPART_BOUNDARY|"----DocuSignApexBoun (4 more) ..."
18:32:07.0 (70191653)|HEAP_ALLOCATE|[24]|Bytes:39
18:32:07.0 (70222833)|VARIABLE_ASSIGNMENT|[24]|WorkspaceService.WORKSPACE_APP_URL|"https://apps-d.docus (19 more) ..."
18:32:07.0 (70225745)|HEAP_ALLOCATE|[24]|Bytes:39
18:32:07.0 (70229753)|VARIABLE_ASSIGNMENT|[24]|WorkspaceService.WORKSPACE_BASE_URL|"callout:DocuSign_Nav (19 more) ..."
18:32:07.0 (70264885)|METHOD_ENTRY|[1]|01pa500000QRBV4|WorkspaceService.WorkspaceService()
18:32:07.0 (70270265)|STATEMENT_EXECUTE|[1]
18:32:07.0 (70275885)|STATEMENT_EXECUTE|[1]
18:32:07.0 (70292354)|HEAP_ALLOCATE|[24]|Bytes:5
18:32:07.0 (70311903)|METHOD_EXIT|[1]|WorkspaceService
18:32:07.0 (70344928)|METHOD_ENTRY|[24]|01pa500000QRBV4|WorkspaceService.getWorkspace(String)
18:32:07.0 (70383299)|VARIABLE_SCOPE_BEGIN|[30]|workspaceId|String|false|false
18:32:07.0 (70391261)|VARIABLE_ASSIGNMENT|[30]|workspaceId|"1978033"
18:32:07.0 (70399684)|HEAP_ALLOCATE|[31]|Bytes:5
18:32:07.0 (70403749)|STATEMENT_EXECUTE|[30]
18:32:07.0 (70404759)|STATEMENT_EXECUTE|[31]
18:32:07.0 (73418415)|HEAP_ALLOCATE|[31]|Bytes:17
18:32:07.0 (73451310)|HEAP_ALLOCATE|[31]|Bytes:39
18:32:07.0 (73479700)|METHOD_ENTRY|[1]|01pa500000QOKzh|NavigatorService.NavigatorService()
18:32:07.0 (73485117)|STATEMENT_EXECUTE|[1]
18:32:07.0 (73490589)|STATEMENT_EXECUTE|[1]
18:32:07.0 (73503616)|HEAP_ALLOCATE|[31]|Bytes:5
18:32:07.0 (73505992)|STATEMENT_EXECUTE|[3]
18:32:07.0 (73506883)|STATEMENT_EXECUTE|[11]
18:32:07.0 (73517620)|METHOD_EXIT|[1]|NavigatorService
18:32:07.0 (73541945)|METHOD_ENTRY|[31]|01pa500000QOKzh|NavigatorService.loadConfig()
18:32:07.0 (73776652)|HEAP_ALLOCATE|[25]|Bytes:5
18:32:07.0 (73784762)|STATEMENT_EXECUTE|[24]
18:32:07.0 (73786143)|STATEMENT_EXECUTE|[25]
18:32:07.0 (73790166)|HEAP_ALLOCATE|[25]|Bytes:158
18:32:07.0 (73816642)|HEAP_ALLOCATE|[25]|Bytes:4
18:32:07.0 (74447859)|SOQL_EXECUTE_BEGIN|[25]|Aggregations:0|SELECT Integration_Key__c, User_Id__c, Private_Key__c, Auth_Server__c, Account_Id__c FROM DocuSign_JWT_Config_mdt__mdt WHERE DeveloperName = 'Default' LIMIT 1
18:32:07.0 (92649045)|SOQL_EXECUTE_END|[25]|Rows:1
18:32:07.0 (92704616)|HEAP_ALLOCATE|[25]|Bytes:8
18:32:07.0 (92726945)|HEAP_ALLOCATE|[25]|Bytes:1956
18:32:07.0 (92891398)|HEAP_ALLOCATE|[25]|Bytes:8
18:32:07.0 (92914400)|HEAP_ALLOCATE|[25]|Bytes:54
18:32:07.0 (93000576)|HEAP_ALLOCATE|[25]|Bytes:28
18:32:07.0 (93011490)|VARIABLE_SCOPE_BEGIN|[25]|mdt|DocuSign_JWT_Config_mdt__mdt|true|false
18:32:07.0 (93133213)|VARIABLE_ASSIGNMENT|[25]|mdt|{"User_Id__c":"21fb243e-b09c-4d23-a (16 more) ...","Auth_Server__c":"https://account-d.do (10 more) ...","Integration_Key__c":"b3e14877-7590-49d0-9 (16 more) ...","Id":"m0Ba500000KVLsfEAH","Account_Id__c":"6cba485c-0fae-4108-a (16 more) ...","Private_Key__c":"-----BEGIN RSA PRIVA (1680 more) ..."}|0x5636e34f
18:32:07.0 (93142468)|STATEMENT_EXECUTE|[32]
18:32:07.0 (93167423)|HEAP_ALLOCATE|[32]|Bytes:24
18:32:07.0 (93225751)|CONSTRUCTOR_ENTRY|[32]|01pa500000QOKzh|<init>()|NavigatorService.Config
18:32:07.0 (93300134)|VARIABLE_SCOPE_BEGIN|[3]|this|NavigatorService.Config|true|false
18:32:07.0 (93410172)|VARIABLE_ASSIGNMENT|[3]|this|{}|0x4cb09b5b
18:32:07.0 (93483020)|HEAP_ALLOCATE|[EXTERNAL]|Bytes:6
18:32:07.0 (94148316)|STATEMENT_EXECUTE|[3]
18:32:07.0 (94153965)|STATEMENT_EXECUTE|[4]
18:32:07.0 (94155560)|STATEMENT_EXECUTE|[5]
18:32:07.0 (94156628)|STATEMENT_EXECUTE|[6]
18:32:07.0 (94157409)|STATEMENT_EXECUTE|[7]
18:32:07.0 (94158193)|STATEMENT_EXECUTE|[8]
18:32:07.0 (94178552)|CONSTRUCTOR_EXIT|[32]|01pa500000QOKzh|<init>()|NavigatorService.Config
18:32:07.0 (94195679)|VARIABLE_SCOPE_BEGIN|[32]|cfg|NavigatorService.Config|true|false
18:32:07.0 (94245451)|VARIABLE_ASSIGNMENT|[32]|cfg|{}|0x4cb09b5b
18:32:07.0 (94250271)|STATEMENT_EXECUTE|[33]
18:32:07.0 (94324085)|VARIABLE_ASSIGNMENT|[33]|this.integrationKey|"b3e14877-7590-49d0-9 (16 more) ..."|0x4cb09b5b
18:32:07.0 (94328471)|STATEMENT_EXECUTE|[34]
18:32:07.0 (94338725)|VARIABLE_ASSIGNMENT|[34]|this.userId|"21fb243e-b09c-4d23-a (16 more) ..."|0x4cb09b5b
18:32:07.0 (94342062)|STATEMENT_EXECUTE|[35]
18:32:07.0 (94350361)|VARIABLE_ASSIGNMENT|[35]|this.privateKey|"-----BEGIN RSA PRIVA (1680 more) ..."|0x4cb09b5b
18:32:07.0 (94353323)|STATEMENT_EXECUTE|[36]
18:32:07.0 (94462171)|VARIABLE_ASSIGNMENT|[36]|this.authServer|"https://account-d.do (10 more) ..."|0x4cb09b5b
18:32:07.0 (94466607)|STATEMENT_EXECUTE|[39]
18:32:07.0 (94477509)|VARIABLE_ASSIGNMENT|[39]|this.accountId|"6cba485c-0fae-4108-a (16 more) ..."|0x4cb09b5b
18:32:07.0 (94480682)|STATEMENT_EXECUTE|[40]
18:32:07.0 (94494183)|METHOD_EXIT|[31]|01pa500000QOKzh|NavigatorService.loadConfig()
18:32:07.0 (94498167)|VARIABLE_SCOPE_BEGIN|[31]|cfg|NavigatorService.Config|true|false
18:32:07.0 (94521291)|VARIABLE_ASSIGNMENT|[31]|cfg|{"accountId":"6cba485c-0fae-4108-a (16 more) ...","authServer":"https://account-d.do (10 more) ...","integrationKey":"b3e14877-7590-49d0-9 (16 more) ...","privateKey":"-----BEGIN RSA PRIVA (1680 more) ...","userId":"21fb243e-b09c-4d23-a (16 more) ..."}|0x4cb09b5b
18:32:07.0 (94535224)|STATEMENT_EXECUTE|[32]
18:32:07.0 (94548007)|METHOD_ENTRY|[32]|01pa500000QOKzh|NavigatorService.getAccessToken(NavigatorService.Config)
18:32:07.0 (94561572)|VARIABLE_SCOPE_BEGIN|[43]|cfg|NavigatorService.Config|true|false
18:32:07.0 (94580761)|VARIABLE_ASSIGNMENT|[43]|cfg|{"accountId":"6cba485c-0fae-4108-a (16 more) ...","authServer":"https://account-d.do (10 more) ...","integrationKey":"b3e14877-7590-49d0-9 (16 more) ...","privateKey":"-----BEGIN RSA PRIVA (1680 more) ...","userId":"21fb243e-b09c-4d23-a (16 more) ..."}|0x4cb09b5b
18:32:07.0 (94601788)|HEAP_ALLOCATE|[44]|Bytes:5
18:32:07.0 (94605711)|STATEMENT_EXECUTE|[43]
18:32:07.0 (94606586)|STATEMENT_EXECUTE|[44]
18:32:07.0 (94662626)|HEAP_ALLOCATE|[44]|Bytes:56
18:32:07.0 (94702315)|HEAP_ALLOCATE|[95]|Bytes:4
18:32:07.0 (94722008)|HEAP_ALLOCATE|[44]|Bytes:12
18:32:07.0 (94746213)|HEAP_ALLOCATE|[44]|Bytes:12
18:32:07.0 (94761179)|HEAP_ALLOCATE|[44]|Bytes:12
18:32:07.0 (94764285)|VARIABLE_SCOPE_BEGIN|[44]|nowSec|Long|false|false
18:32:07.0 (94772981)|VARIABLE_ASSIGNMENT|[44]|nowSec|1778232727
18:32:07.0 (94776514)|STATEMENT_EXECUTE|[45]
18:32:07.0 (94778835)|HEAP_ALLOCATE|[45]|Bytes:12
18:32:07.0 (94787313)|HEAP_ALLOCATE|[45]|Bytes:12
18:32:07.0 (94789875)|VARIABLE_SCOPE_BEGIN|[45]|exp|Long|false|false
18:32:07.0 (94794641)|VARIABLE_ASSIGNMENT|[45]|exp|1778236327
18:32:07.0 (94796985)|STATEMENT_EXECUTE|[47]
18:32:07.0 (94812870)|HEAP_ALLOCATE|[47]|Bytes:4
18:32:07.0 (94819992)|HEAP_ALLOCATE|[48]|Bytes:3
18:32:07.0 (94822341)|HEAP_ALLOCATE|[48]|Bytes:5
18:32:07.0 (94864755)|HEAP_ALLOCATE|[49]|Bytes:3
18:32:07.0 (94867307)|HEAP_ALLOCATE|[49]|Bytes:3
18:32:07.0 (94872826)|VARIABLE_SCOPE_BEGIN|[47]|headerMap|Map<String,ANY>|true|false
18:32:07.0 (94898320)|VARIABLE_ASSIGNMENT|[47]|headerMap|{"alg":"RS256","typ":"JWT"}|0x65c6c16d
18:32:07.0 (94902231)|STATEMENT_EXECUTE|[51]
18:32:07.0 (94905397)|HEAP_ALLOCATE|[51]|Bytes:4
18:32:07.0 (94908729)|HEAP_ALLOCATE|[52]|Bytes:3
18:32:07.0 (94923447)|HEAP_ALLOCATE|[53]|Bytes:3
18:32:07.0 (94928952)|HEAP_ALLOCATE|[54]|Bytes:3
18:32:07.0 (94931238)|HEAP_ALLOCATE|[54]|Bytes:22
18:32:07.0 (94936020)|HEAP_ALLOCATE|[55]|Bytes:3
18:32:07.0 (94958157)|HEAP_ALLOCATE|[56]|Bytes:3
18:32:07.0 (94964223)|HEAP_ALLOCATE|[57]|Bytes:5
18:32:07.0 (94966437)|HEAP_ALLOCATE|[57]|Bytes:124
18:32:07.0 (94970964)|VARIABLE_SCOPE_BEGIN|[51]|payloadMap|Map<String,ANY>|true|false
18:32:07.0 (94980826)|VARIABLE_ASSIGNMENT|[51]|payloadMap|"Map of size 6 too large to display"|0x45d32dbe
18:32:07.0 (94983781)|STATEMENT_EXECUTE|[60]
18:32:07.0 (95064725)|HEAP_ALLOCATE|[60]|Bytes:24
18:32:07.0 (95076751)|SYSTEM_METHOD_ENTRY|[1]|JSON.JSON()
18:32:07.0 (95079220)|STATEMENT_EXECUTE|[1]
18:32:07.0 (95084937)|SYSTEM_METHOD_EXIT|[1]|JSON
18:32:07.0 (95092501)|METHOD_ENTRY|[60]||System.JSON.serialize(Object)
18:32:07.0 (95480220)|METHOD_EXIT|[60]||System.JSON.serialize(Object)
18:32:07.0 (95533678)|HEAP_ALLOCATE|[60]|Bytes:4
18:32:07.0 (95568848)|METHOD_ENTRY|[60]|01pa500000QOKzh|NavigatorService.base64UrlEncode(Blob)
18:32:07.0 (95574999)|VARIABLE_SCOPE_BEGIN|[134]|input|Blob|false|false
18:32:07.0 (95602832)|VARIABLE_ASSIGNMENT|[134]|input|BLOB(27 bytes)
18:32:07.0 (95610589)|HEAP_ALLOCATE|[135]|Bytes:5
18:32:07.0 (95613719)|STATEMENT_EXECUTE|[134]
18:32:07.0 (95614968)|STATEMENT_EXECUTE|[135]
18:32:07.0 (95634308)|HEAP_ALLOCATE|[135]|Bytes:15
18:32:07.0 (95640505)|SYSTEM_METHOD_ENTRY|[1]|EncodingUtil.EncodingUtil()
18:32:07.0 (95642467)|STATEMENT_EXECUTE|[1]
18:32:07.0 (95646338)|SYSTEM_METHOD_EXIT|[1]|EncodingUtil
18:32:07.0 (95661651)|METHOD_ENTRY|[135]||System.EncodingUtil.base64Encode(Blob)
18:32:07.0 (95723416)|METHOD_EXIT|[135]||System.EncodingUtil.base64Encode(Blob)
18:32:07.0 (95726684)|HEAP_ALLOCATE|[136]|Bytes:1
18:32:07.0 (95788116)|HEAP_ALLOCATE|[136]|Bytes:36
18:32:07.0 (95794444)|HEAP_ALLOCATE|[136]|Bytes:1
18:32:07.0 (95796449)|HEAP_ALLOCATE|[136]|Bytes:1
18:32:07.0 (95805673)|HEAP_ALLOCATE|[136]|Bytes:36
18:32:07.0 (95809842)|HEAP_ALLOCATE|[136]|Bytes:1
18:32:07.0 (95811963)|HEAP_ALLOCATE|[136]|Bytes:1
18:32:07.0 (95817346)|HEAP_ALLOCATE|[136]|Bytes:36
18:32:07.0 (95827113)|METHOD_EXIT|[60]|01pa500000QOKzh|NavigatorService.base64UrlEncode(Blob)
18:32:07.0 (95829929)|HEAP_ALLOCATE|[61]|Bytes:1
18:32:07.0 (95834029)|METHOD_ENTRY|[61]||System.JSON.serialize(Object)
18:32:07.0 (96108517)|METHOD_EXIT|[61]||System.JSON.serialize(Object)
18:32:07.0 (96145178)|HEAP_ALLOCATE|[61]|Bytes:4
18:32:07.0 (96154332)|METHOD_ENTRY|[61]|01pa500000QOKzh|NavigatorService.base64UrlEncode(Blob)
18:32:07.0 (96159640)|VARIABLE_SCOPE_BEGIN|[134]|input|Blob|false|false
18:32:07.0 (96177030)|VARIABLE_ASSIGNMENT|[134]|input|BLOB(291 bytes)
18:32:07.0 (96195662)|HEAP_ALLOCATE|[135]|Bytes:5
18:32:07.0 (96198725)|STATEMENT_EXECUTE|[134]
18:32:07.0 (96200200)|STATEMENT_EXECUTE|[135]
18:32:07.0 (96203983)|METHOD_ENTRY|[135]||System.EncodingUtil.base64Encode(Blob)
18:32:07.0 (96235082)|METHOD_EXIT|[135]||System.EncodingUtil.base64Encode(Blob)
18:32:07.0 (96253246)|HEAP_ALLOCATE|[136]|Bytes:388
18:32:07.0 (96271120)|HEAP_ALLOCATE|[136]|Bytes:388
18:32:07.0 (96288810)|HEAP_ALLOCATE|[136]|Bytes:388
18:32:07.0 (96298510)|METHOD_EXIT|[61]|01pa500000QOKzh|NavigatorService.base64UrlEncode(Blob)
18:32:07.0 (96309952)|HEAP_ALLOCATE|[60]|Bytes:425
18:32:07.0 (96314088)|VARIABLE_SCOPE_BEGIN|[60]|signingInput|String|false|false
18:32:07.0 (96325998)|VARIABLE_ASSIGNMENT|[60]|signingInput|"eyJ0eXAiOiJKV1QiLCJh (405 more) ..."
18:32:07.0 (96329639)|STATEMENT_EXECUTE|[62]
18:32:07.0 (96340642)|METHOD_ENTRY|[62]|01pa500000QOKzh|NavigatorService.pemToPrivateKeyBlob(String)
18:32:07.0 (96353350)|VARIABLE_SCOPE_BEGIN|[139]|pem|String|false|false
18:32:07.0 (96360927)|VARIABLE_ASSIGNMENT|[139]|pem|"-----BEGIN RSA PRIVA (1680 more) ..."
18:32:07.0 (96367846)|HEAP_ALLOCATE|[140]|Bytes:5
18:32:07.0 (96371087)|STATEMENT_EXECUTE|[139]
18:32:07.0 (96372206)|STATEMENT_EXECUTE|[140]
18:32:07.0 (96374159)|HEAP_ALLOCATE|[141]|Bytes:31
18:32:07.0 (96428733)|HEAP_ALLOCATE|[141]|Bytes:1669
18:32:07.0 (96436172)|HEAP_ALLOCATE|[142]|Bytes:29
18:32:07.0 (96468947)|HEAP_ALLOCATE|[142]|Bytes:1640
18:32:07.0 (96483490)|HEAP_ALLOCATE|[143]|Bytes:27
18:32:07.0 (96516425)|HEAP_ALLOCATE|[143]|Bytes:1640
18:32:07.0 (96523609)|HEAP_ALLOCATE|[144]|Bytes:25
18:32:07.0 (96555844)|HEAP_ALLOCATE|[144]|Bytes:1640
18:32:07.0 (96569253)|HEAP_ALLOCATE|[145]|Bytes:3
18:32:07.0 (96629523)|HEAP_ALLOCATE|[145]|Bytes:1588
18:32:07.0 (96648081)|VARIABLE_SCOPE_BEGIN|[140]|cleaned|String|false|false
18:32:07.0 (96665421)|VARIABLE_ASSIGNMENT|[140]|cleaned|"MIIEowIBAAKCAQEAnZtp (1568 more) ..."
18:32:07.0 (96670040)|STATEMENT_EXECUTE|[147]
18:32:07.0 (96680119)|METHOD_ENTRY|[147]||System.EncodingUtil.base64Decode(String)
18:32:07.0 (96783915)|METHOD_EXIT|[147]||System.EncodingUtil.base64Decode(String)
18:32:07.0 (96788368)|VARIABLE_SCOPE_BEGIN|[147]|keyBlob|Blob|false|false
18:32:07.0 (96810192)|VARIABLE_ASSIGNMENT|[147]|keyBlob|BLOB(1191 bytes)
18:32:07.0 (96842182)|STATEMENT_EXECUTE|[149]
18:32:07.0 (96844526)|STATEMENT_EXECUTE|[153]
18:32:07.0 (96852092)|METHOD_ENTRY|[153]||System.EncodingUtil.convertToHex(Blob)
18:32:07.0 (96979400)|METHOD_EXIT|[153]||System.EncodingUtil.convertToHex(Blob)
18:32:07.0 (96984415)|VARIABLE_SCOPE_BEGIN|[153]|pkcs1Hex|String|false|false
18:32:07.0 (96994764)|VARIABLE_ASSIGNMENT|[153]|pkcs1Hex|"308204a3020100028201 (2362 more) ..."
18:32:07.0 (97002339)|STATEMENT_EXECUTE|[154]
18:32:07.0 (97049903)|VARIABLE_SCOPE_BEGIN|[154]|pkcs1Len|Integer|false|false
18:32:07.0 (97071159)|HEAP_ALLOCATE|[154]|Bytes:4
18:32:07.0 (97081464)|VARIABLE_ASSIGNMENT|[154]|pkcs1Len|1191
18:32:07.0 (97091503)|STATEMENT_EXECUTE|[155]
18:32:07.0 (97099080)|HEAP_ALLOCATE|[155]|Bytes:30
18:32:07.0 (97103000)|VARIABLE_SCOPE_BEGIN|[155]|oidHex|String|false|false
18:32:07.0 (97117360)|VARIABLE_ASSIGNMENT|[155]|oidHex|"300d06092a864886f70d (10 more) ..."
18:32:07.0 (97123105)|STATEMENT_EXECUTE|[157]
18:32:07.0 (97125368)|VARIABLE_SCOPE_BEGIN|[157]|octetHex|String|false|false
18:32:07.0 (97146604)|VARIABLE_ASSIGNMENT|[157]|octetHex|null
18:32:07.0 (97155930)|STATEMENT_EXECUTE|[162]
18:32:07.0 (97157087)|STATEMENT_EXECUTE|[163]
18:32:07.0 (97158740)|HEAP_ALLOCATE|[163]|Bytes:4
18:32:07.0 (97166568)|METHOD_ENTRY|[163]|01pa500000QOKzh|NavigatorService.intToHex4(Integer)
18:32:07.0 (97175985)|VARIABLE_SCOPE_BEGIN|[187]|val|Integer|false|false
18:32:07.0 (97182512)|VARIABLE_ASSIGNMENT|[187]|val|1191
18:32:07.0 (97189194)|HEAP_ALLOCATE|[188]|Bytes:5
18:32:07.0 (97191989)|STATEMENT_EXECUTE|[187]
18:32:07.0 (97193450)|STATEMENT_EXECUTE|[188]
18:32:07.0 (97197917)|METHOD_ENTRY|[188]|01pa500000QOKzh|NavigatorService.intToHex(Integer)
18:32:07.0 (97204568)|VARIABLE_SCOPE_BEGIN|[193]|val|Integer|false|false
18:32:07.0 (97210025)|VARIABLE_ASSIGNMENT|[193]|val|1191
18:32:07.0 (97214884)|HEAP_ALLOCATE|[194]|Bytes:5
18:32:07.0 (97217938)|STATEMENT_EXECUTE|[193]
18:32:07.0 (97220687)|STATEMENT_EXECUTE|[194]
18:32:07.0 (97222180)|STATEMENT_EXECUTE|[195]
18:32:07.0 (97224266)|HEAP_ALLOCATE|[195]|Bytes:16
18:32:07.0 (97227052)|VARIABLE_SCOPE_BEGIN|[195]|chars|String|false|false
18:32:07.0 (97234546)|VARIABLE_ASSIGNMENT|[195]|chars|"0123456789abcdef"
18:32:07.0 (97237130)|STATEMENT_EXECUTE|[196]
18:32:07.0 (97238388)|VARIABLE_SCOPE_BEGIN|[196]|hex|String|false|false
18:32:07.0 (97243270)|VARIABLE_ASSIGNMENT|[196]|hex|""
18:32:07.0 (97249604)|STATEMENT_EXECUTE|[197]
18:32:07.0 (97250447)|STATEMENT_EXECUTE|[198]
18:32:07.0 (97288670)|VARIABLE_SCOPE_BEGIN|[2]|System.Math.E|Double|false|true
18:32:07.0 (97292817)|VARIABLE_SCOPE_BEGIN|[3]|System.Math.PI|Double|false|true
18:32:07.0 (97302660)|HEAP_ALLOCATE|[198]|Bytes:206
18:32:07.0 (97313215)|SYSTEM_METHOD_ENTRY|[1]|Math.Math()
18:32:07.0 (97315564)|STATEMENT_EXECUTE|[1]
18:32:07.0 (97364230)|SYSTEM_METHOD_EXIT|[1]|Math
18:32:07.0 (97370174)|METHOD_ENTRY|[198]||System.Math.mod(Integer, Integer)
18:32:07.0 (97408509)|METHOD_EXIT|[198]||System.Math.mod(Integer, Integer)
18:32:07.0 (97412588)|METHOD_ENTRY|[198]||System.Math.mod(Integer, Integer)
18:32:07.0 (97423834)|METHOD_EXIT|[198]||System.Math.mod(Integer, Integer)
18:32:07.0 (97437054)|HEAP_ALLOCATE|[198]|Bytes:1
18:32:07.0 (97446670)|HEAP_ALLOCATE|[198]|Bytes:1
18:32:07.0 (97451029)|VARIABLE_ASSIGNMENT|[198]|hex|"7"
18:32:07.0 (97453613)|STATEMENT_EXECUTE|[199]
18:32:07.0 (97458256)|HEAP_ALLOCATE|[199]|Bytes:4
18:32:07.0 (97461283)|VARIABLE_ASSIGNMENT|[199]|val|74
18:32:07.0 (97464813)|STATEMENT_EXECUTE|[197]
18:32:07.0 (97465652)|STATEMENT_EXECUTE|[198]
18:32:07.0 (97467534)|METHOD_ENTRY|[198]||System.Math.mod(Integer, Integer)
18:32:07.0 (97476911)|METHOD_EXIT|[198]||System.Math.mod(Integer, Integer)
18:32:07.0 (97479570)|METHOD_ENTRY|[198]||System.Math.mod(Integer, Integer)
18:32:07.0 (97488058)|METHOD_EXIT|[198]||System.Math.mod(Integer, Integer)
18:32:07.0 (97492801)|HEAP_ALLOCATE|[198]|Bytes:1
18:32:07.0 (97497403)|HEAP_ALLOCATE|[198]|Bytes:2
18:32:07.0 (97500689)|VARIABLE_ASSIGNMENT|[198]|hex|"a7"
18:32:07.0 (97502800)|STATEMENT_EXECUTE|[199]
18:32:07.0 (97504178)|HEAP_ALLOCATE|[199]|Bytes:4
18:32:07.0 (97507000)|VARIABLE_ASSIGNMENT|[199]|val|4
18:32:07.0 (97509364)|STATEMENT_EXECUTE|[197]
18:32:07.0 (97510335)|STATEMENT_EXECUTE|[198]
18:32:07.0 (97511882)|METHOD_ENTRY|[198]||System.Math.mod(Integer, Integer)
18:32:07.0 (97520676)|METHOD_EXIT|[198]||System.Math.mod(Integer, Integer)
18:32:07.0 (97523174)|METHOD_ENTRY|[198]||System.Math.mod(Integer, Integer)
18:32:07.0 (97531807)|METHOD_EXIT|[198]||System.Math.mod(Integer, Integer)
18:32:07.0 (97536439)|HEAP_ALLOCATE|[198]|Bytes:1
18:32:07.0 (97540804)|HEAP_ALLOCATE|[198]|Bytes:3
18:32:07.0 (97544287)|VARIABLE_ASSIGNMENT|[198]|hex|"4a7"
18:32:07.0 (97546449)|STATEMENT_EXECUTE|[199]
18:32:07.0 (97547632)|HEAP_ALLOCATE|[199]|Bytes:4
18:32:07.0 (97550267)|VARIABLE_ASSIGNMENT|[199]|val|0
18:32:07.0 (97553550)|STATEMENT_EXECUTE|[201]
18:32:07.0 (97563603)|METHOD_EXIT|[188]|01pa500000QOKzh|NavigatorService.intToHex(Integer)
18:32:07.0 (97566464)|VARIABLE_SCOPE_BEGIN|[188]|h|String|false|false
18:32:07.0 (97571011)|VARIABLE_ASSIGNMENT|[188]|h|"4a7"
18:32:07.0 (97587052)|STATEMENT_EXECUTE|[189]
18:32:07.0 (97588372)|HEAP_ALLOCATE|[189]|Bytes:1
18:32:07.0 (97591119)|HEAP_ALLOCATE|[189]|Bytes:4
18:32:07.0 (97594349)|VARIABLE_ASSIGNMENT|[189]|h|"04a7"
18:32:07.0 (97602849)|STATEMENT_EXECUTE|[190]
18:32:07.0 (97606079)|METHOD_EXIT|[163]|01pa500000QOKzh|NavigatorService.intToHex4(Integer)
18:32:07.0 (97609314)|HEAP_ALLOCATE|[163]|Bytes:8
18:32:07.0 (97612845)|VARIABLE_ASSIGNMENT|[163]|octetHex|"048204a7"
18:32:07.0 (97615029)|STATEMENT_EXECUTE|[166]
18:32:07.0 (97616601)|HEAP_ALLOCATE|[166]|Bytes:6
18:32:07.0 (97622377)|HEAP_ALLOCATE|[166]|Bytes:2426
18:32:07.0 (97624875)|VARIABLE_SCOPE_BEGIN|[166]|innerHex|String|false|false
18:32:07.0 (97630159)|VARIABLE_ASSIGNMENT|[166]|innerHex|"020100300d06092a8648 (2406 more) ..."
18:32:07.0 (97632699)|STATEMENT_EXECUTE|[167]
18:32:07.0 (97644174)|VARIABLE_SCOPE_BEGIN|[167]|innerLen|Integer|false|false
18:32:07.0 (97647650)|HEAP_ALLOCATE|[167]|Bytes:4
18:32:07.0 (97650508)|VARIABLE_ASSIGNMENT|[167]|innerLen|1213
18:32:07.0 (97652583)|STATEMENT_EXECUTE|[169]
18:32:07.0 (97654301)|VARIABLE_SCOPE_BEGIN|[169]|seqHex|String|false|false
18:32:07.0 (97658585)|VARIABLE_ASSIGNMENT|[169]|seqHex|null
18:32:07.0 (97662213)|STATEMENT_EXECUTE|[174]
18:32:07.0 (97663273)|STATEMENT_EXECUTE|[175]
18:32:07.0 (97664354)|HEAP_ALLOCATE|[175]|Bytes:4
18:32:07.0 (97667320)|METHOD_ENTRY|[175]|01pa500000QOKzh|NavigatorService.intToHex4(Integer)
18:32:07.0 (97671894)|VARIABLE_SCOPE_BEGIN|[187]|val|Integer|false|false
18:32:07.0 (97676058)|VARIABLE_ASSIGNMENT|[187]|val|1213
18:32:07.0 (97680814)|HEAP_ALLOCATE|[188]|Bytes:5
18:32:07.0 (97682548)|STATEMENT_EXECUTE|[187]
18:32:07.0 (97683780)|STATEMENT_EXECUTE|[188]
18:32:07.0 (97685639)|METHOD_ENTRY|[188]|01pa500000QOKzh|NavigatorService.intToHex(Integer)
18:32:07.0 (97688517)|VARIABLE_SCOPE_BEGIN|[193]|val|Integer|false|false
18:32:07.0 (97696548)|VARIABLE_ASSIGNMENT|[193]|val|1213
18:32:07.0 (97699941)|HEAP_ALLOCATE|[194]|Bytes:5
18:32:07.0 (97701822)|STATEMENT_EXECUTE|[193]
18:32:07.0 (97703231)|STATEMENT_EXECUTE|[194]
18:32:07.0 (97704067)|STATEMENT_EXECUTE|[195]
18:32:07.0 (97705297)|VARIABLE_SCOPE_BEGIN|[195]|chars|String|false|false
18:32:07.0 (97709975)|VARIABLE_ASSIGNMENT|[195]|chars|"0123456789abcdef"
18:32:07.0 (97712154)|STATEMENT_EXECUTE|[196]
18:32:07.0 (97713374)|VARIABLE_SCOPE_BEGIN|[196]|hex|String|false|false
18:32:07.0 (97717864)|VARIABLE_ASSIGNMENT|[196]|hex|""
18:32:07.0 (97721028)|STATEMENT_EXECUTE|[197]
18:32:07.0 (97721875)|STATEMENT_EXECUTE|[198]
18:32:07.0 (97723693)|METHOD_ENTRY|[198]||System.Math.mod(Integer, Integer)
18:32:07.0 (97734238)|METHOD_EXIT|[198]||System.Math.mod(Integer, Integer)
18:32:07.0 (97736664)|METHOD_ENTRY|[198]||System.Math.mod(Integer, Integer)
18:32:07.0 (97745126)|METHOD_EXIT|[198]||System.Math.mod(Integer, Integer)
18:32:07.0 (97750683)|HEAP_ALLOCATE|[198]|Bytes:1
18:32:07.0 (97755281)|HEAP_ALLOCATE|[198]|Bytes:1
18:32:07.0 (97758351)|VARIABLE_ASSIGNMENT|[198]|hex|"d"
18:32:07.0 (97760557)|STATEMENT_EXECUTE|[199]
18:32:07.0 (97761824)|HEAP_ALLOCATE|[199]|Bytes:4
18:32:07.0 (97764418)|VARIABLE_ASSIGNMENT|[199]|val|75
18:32:07.0 (97766839)|STATEMENT_EXECUTE|[197]
18:32:07.0 (97767666)|STATEMENT_EXECUTE|[198]
18:32:07.0 (97769219)|METHOD_ENTRY|[198]||System.Math.mod(Integer, Integer)
18:32:07.0 (97777898)|METHOD_EXIT|[198]||System.Math.mod(Integer, Integer)
18:32:07.0 (97780585)|METHOD_ENTRY|[198]||System.Math.mod(Integer, Integer)
18:32:07.0 (97788804)|METHOD_EXIT|[198]||System.Math.mod(Integer, Integer)
18:32:07.0 (97793350)|HEAP_ALLOCATE|[198]|Bytes:1
18:32:07.0 (97798047)|HEAP_ALLOCATE|[198]|Bytes:2
18:32:07.0 (97801109)|VARIABLE_ASSIGNMENT|[198]|hex|"bd"
18:32:07.0 (97803208)|STATEMENT_EXECUTE|[199]
18:32:07.0 (97804321)|HEAP_ALLOCATE|[199]|Bytes:4
18:32:07.0 (97806846)|VARIABLE_ASSIGNMENT|[199]|val|4
18:32:07.0 (97809197)|STATEMENT_EXECUTE|[197]
18:32:07.0 (97810019)|STATEMENT_EXECUTE|[198]
18:32:07.0 (97811612)|METHOD_ENTRY|[198]||System.Math.mod(Integer, Integer)
18:32:07.0 (97820047)|METHOD_EXIT|[198]||System.Math.mod(Integer, Integer)
18:32:07.0 (97825845)|METHOD_ENTRY|[198]||System.Math.mod(Integer, Integer)
18:32:07.0 (97834686)|METHOD_EXIT|[198]||System.Math.mod(Integer, Integer)
18:32:07.0 (97839109)|HEAP_ALLOCATE|[198]|Bytes:1
18:32:07.0 (97843353)|HEAP_ALLOCATE|[198]|Bytes:3
18:32:07.0 (97846538)|VARIABLE_ASSIGNMENT|[198]|hex|"4bd"
18:32:07.0 (97848568)|STATEMENT_EXECUTE|[199]
18:32:07.0 (97849718)|HEAP_ALLOCATE|[199]|Bytes:4
18:32:07.0 (97852487)|VARIABLE_ASSIGNMENT|[199]|val|0
18:32:07.0 (97854728)|STATEMENT_EXECUTE|[201]
18:32:07.0 (97857637)|METHOD_EXIT|[188]|01pa500000QOKzh|NavigatorService.intToHex(Integer)
18:32:07.0 (97860269)|VARIABLE_SCOPE_BEGIN|[188]|h|String|false|false
18:32:07.0 (97865009)|VARIABLE_ASSIGNMENT|[188]|h|"4bd"
18:32:07.0 (97872733)|STATEMENT_EXECUTE|[189]
18:32:07.0 (97874389)|HEAP_ALLOCATE|[189]|Bytes:4
18:32:07.0 (97877483)|VARIABLE_ASSIGNMENT|[189]|h|"04bd"
18:32:07.0 (97884558)|STATEMENT_EXECUTE|[190]
18:32:07.0 (97886955)|METHOD_EXIT|[175]|01pa500000QOKzh|NavigatorService.intToHex4(Integer)
18:32:07.0 (97889927)|HEAP_ALLOCATE|[175]|Bytes:8
18:32:07.0 (97893422)|VARIABLE_ASSIGNMENT|[175]|seqHex|"308204bd"
18:32:07.0 (97895608)|STATEMENT_EXECUTE|[178]
18:32:07.0 (97897552)|HEAP_ALLOCATE|[178]|Bytes:2434
18:32:07.0 (97910940)|METHOD_ENTRY|[178]||System.EncodingUtil.convertFromHex(String)
18:32:07.0 (97972816)|METHOD_EXIT|[178]||System.EncodingUtil.convertFromHex(String)
18:32:07.0 (97978316)|METHOD_EXIT|[62]|01pa500000QOKzh|NavigatorService.pemToPrivateKeyBlob(String)
18:32:07.0 (97981429)|VARIABLE_SCOPE_BEGIN|[62]|privateKeyBlob|Blob|false|false
18:32:07.0 (97990313)|VARIABLE_ASSIGNMENT|[62]|privateKeyBlob|BLOB(1217 bytes)
18:32:07.0 (97992903)|STATEMENT_EXECUTE|[63]
18:32:07.0 (97994661)|HEAP_ALLOCATE|[63]|Bytes:10
18:32:07.0 (98017427)|HEAP_ALLOCATE|[63]|Bytes:4
18:32:07.0 (98054726)|HEAP_ALLOCATE|[63]|Bytes:55
18:32:07.0 (98060858)|SYSTEM_METHOD_ENTRY|[1]|Crypto.Crypto()
18:32:07.0 (98063144)|STATEMENT_EXECUTE|[1]
18:32:07.0 (98067158)|SYSTEM_METHOD_EXIT|[1]|Crypto
18:32:07.0 (98078248)|METHOD_ENTRY|[63]||System.Crypto.sign(String, Blob, Blob)
18:32:07.0 (100444065)|METHOD_EXIT|[63]||System.Crypto.sign(String, Blob, Blob)
18:32:07.0 (100465456)|VARIABLE_SCOPE_BEGIN|[63]|sig|Blob|false|false
18:32:07.0 (100495347)|VARIABLE_ASSIGNMENT|[63]|sig|BLOB(256 bytes)
18:32:07.0 (100502193)|STATEMENT_EXECUTE|[64]
18:32:07.0 (100516109)|METHOD_ENTRY|[64]|01pa500000QOKzh|NavigatorService.base64UrlEncode(Blob)
18:32:07.0 (100552330)|VARIABLE_SCOPE_BEGIN|[134]|input|Blob|false|false
18:32:07.0 (100562485)|VARIABLE_ASSIGNMENT|[134]|input|BLOB(256 bytes)
18:32:07.0 (100582958)|HEAP_ALLOCATE|[135]|Bytes:5
18:32:07.0 (100588849)|STATEMENT_EXECUTE|[134]
18:32:07.0 (100590476)|STATEMENT_EXECUTE|[135]
18:32:07.0 (100595898)|METHOD_ENTRY|[135]||System.EncodingUtil.base64Encode(Blob)
18:32:07.0 (100644390)|METHOD_EXIT|[135]||System.EncodingUtil.base64Encode(Blob)
18:32:07.0 (100682169)|HEAP_ALLOCATE|[136]|Bytes:342
18:32:07.0 (100704694)|HEAP_ALLOCATE|[136]|Bytes:342
18:32:07.0 (100724816)|HEAP_ALLOCATE|[136]|Bytes:342
18:32:07.0 (100737087)|METHOD_EXIT|[64]|01pa500000QOKzh|NavigatorService.base64UrlEncode(Blob)
18:32:07.0 (100747042)|HEAP_ALLOCATE|[64]|Bytes:768
18:32:07.0 (100751974)|VARIABLE_SCOPE_BEGIN|[64]|jwt|String|false|false
18:32:07.0 (100767262)|VARIABLE_ASSIGNMENT|[64]|jwt|"eyJ0eXAiOiJKV1QiLCJh (748 more) ..."
18:32:07.0 (100771517)|STATEMENT_EXECUTE|[66]
18:32:07.0 (100826470)|VARIABLE_SCOPE_BEGIN|[66]|tokenReq|System.HttpRequest|true|false
18:32:07.0 (101143816)|VARIABLE_ASSIGNMENT|[66]|tokenReq|"System.HttpRequest[Endpoint=null, Method=null]"|0x24dad296
18:32:07.0 (101156746)|STATEMENT_EXECUTE|[67]
18:32:07.0 (101169709)|HEAP_ALLOCATE|[67]|Bytes:12
18:32:07.0 (101184608)|HEAP_ALLOCATE|[67]|Bytes:42
18:32:07.0 (101292476)|STATEMENT_EXECUTE|[68]
18:32:07.0 (101295716)|HEAP_ALLOCATE|[68]|Bytes:4
18:32:07.0 (101372226)|STATEMENT_EXECUTE|[69]
18:32:07.0 (101374723)|HEAP_ALLOCATE|[69]|Bytes:12
18:32:07.0 (101378684)|HEAP_ALLOCATE|[69]|Bytes:33
18:32:07.0 (101412761)|STATEMENT_EXECUTE|[70]
18:32:07.0 (101415254)|HEAP_ALLOCATE|[70]|Bytes:65
18:32:07.0 (101418954)|HEAP_ALLOCATE|[71]|Bytes:5
18:32:07.0 (101435319)|METHOD_ENTRY|[71]||System.EncodingUtil.urlEncode(String, String)
18:32:07.0 (101509705)|METHOD_EXIT|[71]||System.EncodingUtil.urlEncode(String, String)
18:32:07.0 (101516750)|HEAP_ALLOCATE|[70]|Bytes:833
18:32:07.0 (101599048)|STATEMENT_EXECUTE|[73]
18:32:07.0 (101733264)|CALLOUT_REQUEST|[73]|System.HttpRequest[Endpoint=https://account-d.docusign.com/oauth/token, Method=POST]
18:32:07.0 (829140802)|HEAP_ALLOCATE|[EXTERNAL]|Bytes:1819
18:32:07.0 (837125400)|CALLOUT_RESPONSE|[73]|System.HttpResponse[Status=OK, StatusCode=200]
18:32:07.0 (837173504)|HEAP_ALLOCATE|[73]|Bytes:1308
18:32:07.0 (837262209)|VARIABLE_SCOPE_BEGIN|[73]|tokenRes|System.HttpResponse|true|false
18:32:07.0 (837385484)|VARIABLE_ASSIGNMENT|[73]|tokenRes|"System.HttpResponse[Status=OK, StatusCode=200]"|0x7432ad92
18:32:07.0 (837545963)|STATEMENT_EXECUTE|[74]
18:32:07.0 (837549948)|STATEMENT_EXECUTE|[78]
18:32:07.0 (837624712)|HEAP_ALLOCATE|[78]|Bytes:1302
18:32:07.0 (837667366)|METHOD_ENTRY|[78]||System.JSON.deserializeUntyped(String)
18:32:07.0 (838453644)|METHOD_EXIT|[78]||System.JSON.deserializeUntyped(String)
18:32:07.0 (838475037)|VARIABLE_SCOPE_BEGIN|[78]|tokenMap|Map<String,ANY>|true|false
18:32:07.0 (838537412)|VARIABLE_ASSIGNMENT|[78]|tokenMap|{"access_token":"eyJ0eXAiOiJKV1QiLCJh (1088 more) ...","token_type":"Bearer","expires_in":3600,"scope":"signature adm_store_ (104 more) ..."}|0x1883d1b8
18:32:07.0 (838544142)|HEAP_ALLOCATE|[79]|Bytes:12
18:32:07.0 (838582807)|STATEMENT_EXECUTE|[79]
18:32:07.0 (838585351)|STATEMENT_EXECUTE|[82]
18:32:07.0 (838615051)|METHOD_EXIT|[32]|01pa500000QOKzh|NavigatorService.getAccessToken(NavigatorService.Config)
18:32:07.0 (838623883)|VARIABLE_SCOPE_BEGIN|[32]|token|String|false|false
18:32:07.0 (838633451)|VARIABLE_ASSIGNMENT|[32]|token|"eyJ0eXAiOiJKV1QiLCJh (1088 more) ..."
18:32:07.0 (838638472)|STATEMENT_EXECUTE|[33]
18:32:07.0 (838655184)|METHOD_ENTRY|[33]|01pa500000QRBV4|WorkspaceService.toApiId(String)
18:32:07.0 (838680851)|VARIABLE_SCOPE_BEGIN|[240]|workspaceId|String|false|false
18:32:07.0 (838686455)|VARIABLE_ASSIGNMENT|[240]|workspaceId|"1978033"
18:32:07.0 (838697584)|HEAP_ALLOCATE|[241]|Bytes:5
18:32:07.0 (838700922)|STATEMENT_EXECUTE|[240]
18:32:07.0 (838769522)|STATEMENT_EXECUTE|[241]
18:32:07.0 (838770849)|STATEMENT_EXECUTE|[242]
18:32:07.0 (838781905)|METHOD_ENTRY|[242]|01pa500000QRBV4|WorkspaceService.numericIdToUuid(String)
18:32:07.0 (838790758)|VARIABLE_SCOPE_BEGIN|[246]|numericId|String|false|false
18:32:07.0 (838796143)|VARIABLE_ASSIGNMENT|[246]|numericId|"1978033"
18:32:07.0 (838802651)|HEAP_ALLOCATE|[247]|Bytes:5
18:32:07.0 (838805254)|STATEMENT_EXECUTE|[246]
18:32:07.0 (838806235)|STATEMENT_EXECUTE|[247]
18:32:07.0 (838852841)|HEAP_ALLOCATE|[247]|Bytes:12
18:32:07.0 (838858445)|VARIABLE_SCOPE_BEGIN|[247]|val|Long|false|false
18:32:07.0 (838866656)|VARIABLE_ASSIGNMENT|[247]|val|1978033
18:32:07.0 (838869094)|STATEMENT_EXECUTE|[248]
18:32:07.0 (838871544)|VARIABLE_SCOPE_BEGIN|[248]|hexChars|String|false|false
18:32:07.0 (838876731)|VARIABLE_ASSIGNMENT|[248]|hexChars|"0123456789abcdef"
18:32:07.0 (838879200)|STATEMENT_EXECUTE|[249]
18:32:07.0 (838880863)|VARIABLE_SCOPE_BEGIN|[249]|hex|String|false|false
18:32:07.0 (838885394)|VARIABLE_ASSIGNMENT|[249]|hex|""
18:32:07.0 (838887376)|STATEMENT_EXECUTE|[250]
18:32:07.0 (838888600)|VARIABLE_SCOPE_BEGIN|[250]|remaining|Long|false|false
18:32:07.0 (838892869)|VARIABLE_ASSIGNMENT|[250]|remaining|1978033
18:32:07.0 (838910441)|HEAP_ALLOCATE|[251]|Bytes:12
18:32:07.0 (838921085)|STATEMENT_EXECUTE|[251]
18:32:07.0 (838921991)|STATEMENT_EXECUTE|[252]
18:32:07.0 (838924752)|HEAP_ALLOCATE|[252]|Bytes:12
18:32:07.0 (838964729)|METHOD_ENTRY|[252]||System.Math.mod(Long, Long)
18:32:07.0 (839021084)|METHOD_EXIT|[252]||System.Math.mod(Long, Long)
18:32:07.0 (839034331)|VARIABLE_SCOPE_BEGIN|[252]|digit|Integer|false|false
18:32:07.0 (839039405)|HEAP_ALLOCATE|[252]|Bytes:4
18:32:07.0 (839062871)|VARIABLE_ASSIGNMENT|[252]|digit|1
18:32:07.0 (839065152)|STATEMENT_EXECUTE|[253]
18:32:07.0 (839084330)|HEAP_ALLOCATE|[253]|Bytes:1
18:32:07.0 (839096604)|HEAP_ALLOCATE|[253]|Bytes:1
18:32:07.0 (839099905)|VARIABLE_ASSIGNMENT|[253]|hex|"1"
18:32:07.0 (839101971)|STATEMENT_EXECUTE|[254]
18:32:07.0 (839104255)|HEAP_ALLOCATE|[254]|Bytes:12
18:32:07.0 (839113930)|HEAP_ALLOCATE|[254]|Bytes:12
18:32:07.0 (839117103)|VARIABLE_ASSIGNMENT|[254]|remaining|123627
18:32:07.0 (839120851)|HEAP_ALLOCATE|[251]|Bytes:12
18:32:07.0 (839122901)|STATEMENT_EXECUTE|[251]
18:32:07.0 (839123697)|STATEMENT_EXECUTE|[252]
18:32:07.0 (839125120)|HEAP_ALLOCATE|[252]|Bytes:12
18:32:07.0 (839127930)|METHOD_ENTRY|[252]||System.Math.mod(Long, Long)
18:32:07.0 (839142932)|METHOD_EXIT|[252]||System.Math.mod(Long, Long)
18:32:07.0 (839149745)|VARIABLE_SCOPE_BEGIN|[252]|digit|Integer|false|false
18:32:07.0 (839153213)|HEAP_ALLOCATE|[252]|Bytes:4
18:32:07.0 (839155774)|VARIABLE_ASSIGNMENT|[252]|digit|11
18:32:07.0 (839157677)|STATEMENT_EXECUTE|[253]
18:32:07.0 (839161755)|HEAP_ALLOCATE|[253]|Bytes:1
18:32:07.0 (839166362)|HEAP_ALLOCATE|[253]|Bytes:2
18:32:07.0 (839169243)|VARIABLE_ASSIGNMENT|[253]|hex|"b1"
18:32:07.0 (839171148)|STATEMENT_EXECUTE|[254]
18:32:07.0 (839172848)|HEAP_ALLOCATE|[254]|Bytes:12
18:32:07.0 (839175401)|HEAP_ALLOCATE|[254]|Bytes:12
18:32:07.0 (839178104)|VARIABLE_ASSIGNMENT|[254]|remaining|7726
18:32:07.0 (839180980)|HEAP_ALLOCATE|[251]|Bytes:12
18:32:07.0 (839182778)|STATEMENT_EXECUTE|[251]
18:32:07.0 (839183583)|STATEMENT_EXECUTE|[252]
18:32:07.0 (839184953)|HEAP_ALLOCATE|[252]|Bytes:12
18:32:07.0 (839187117)|METHOD_ENTRY|[252]||System.Math.mod(Long, Long)
18:32:07.0 (839198260)|METHOD_EXIT|[252]||System.Math.mod(Long, Long)
18:32:07.0 (839206099)|VARIABLE_SCOPE_BEGIN|[252]|digit|Integer|false|false
18:32:07.0 (839211467)|HEAP_ALLOCATE|[252]|Bytes:4
18:32:07.0 (839215145)|VARIABLE_ASSIGNMENT|[252]|digit|14
18:32:07.0 (839217980)|STATEMENT_EXECUTE|[253]
18:32:07.0 (839223752)|HEAP_ALLOCATE|[253]|Bytes:1
18:32:07.0 (839231423)|HEAP_ALLOCATE|[253]|Bytes:3
18:32:07.0 (839234778)|VARIABLE_ASSIGNMENT|[253]|hex|"eb1"
18:32:07.0 (839237272)|STATEMENT_EXECUTE|[254]
18:32:07.0 (839239193)|HEAP_ALLOCATE|[254]|Bytes:12
18:32:07.0 (839241552)|HEAP_ALLOCATE|[254]|Bytes:12
18:32:07.0 (839244700)|VARIABLE_ASSIGNMENT|[254]|remaining|482
18:32:07.0 (839247628)|HEAP_ALLOCATE|[251]|Bytes:12
18:32:07.0 (839249513)|STATEMENT_EXECUTE|[251]
18:32:07.0 (839250315)|STATEMENT_EXECUTE|[252]
18:32:07.0 (839251677)|HEAP_ALLOCATE|[252]|Bytes:12
18:32:07.0 (839254285)|METHOD_ENTRY|[252]||System.Math.mod(Long, Long)
18:32:07.0 (839265128)|METHOD_EXIT|[252]||System.Math.mod(Long, Long)
18:32:07.0 (839271394)|VARIABLE_SCOPE_BEGIN|[252]|digit|Integer|false|false
18:32:07.0 (839274478)|HEAP_ALLOCATE|[252]|Bytes:4
18:32:07.0 (839276833)|VARIABLE_ASSIGNMENT|[252]|digit|2
18:32:07.0 (839278807)|STATEMENT_EXECUTE|[253]
18:32:07.0 (839282300)|HEAP_ALLOCATE|[253]|Bytes:1
18:32:07.0 (839286540)|HEAP_ALLOCATE|[253]|Bytes:4
18:32:07.0 (839289985)|VARIABLE_ASSIGNMENT|[253]|hex|"2eb1"
18:32:07.0 (839291928)|STATEMENT_EXECUTE|[254]
18:32:07.0 (839293588)|HEAP_ALLOCATE|[254]|Bytes:12
18:32:07.0 (839295950)|HEAP_ALLOCATE|[254]|Bytes:12
18:32:07.0 (839298833)|VARIABLE_ASSIGNMENT|[254]|remaining|30
18:32:07.0 (839301899)|HEAP_ALLOCATE|[251]|Bytes:12
18:32:07.0 (839303594)|STATEMENT_EXECUTE|[251]
18:32:07.0 (839304385)|STATEMENT_EXECUTE|[252]
18:32:07.0 (839305696)|HEAP_ALLOCATE|[252]|Bytes:12
18:32:07.0 (839308029)|METHOD_ENTRY|[252]||System.Math.mod(Long, Long)
18:32:07.0 (839318235)|METHOD_EXIT|[252]||System.Math.mod(Long, Long)
18:32:07.0 (839324103)|VARIABLE_SCOPE_BEGIN|[252]|digit|Integer|false|false
18:32:07.0 (839327069)|HEAP_ALLOCATE|[252]|Bytes:4
18:32:07.0 (839329548)|VARIABLE_ASSIGNMENT|[252]|digit|14
18:32:07.0 (839331444)|STATEMENT_EXECUTE|[253]
18:32:07.0 (839334977)|HEAP_ALLOCATE|[253]|Bytes:1
18:32:07.0 (839339284)|HEAP_ALLOCATE|[253]|Bytes:5
18:32:07.0 (839342281)|VARIABLE_ASSIGNMENT|[253]|hex|"e2eb1"
18:32:07.0 (839344161)|STATEMENT_EXECUTE|[254]
18:32:07.0 (839345705)|HEAP_ALLOCATE|[254]|Bytes:12
18:32:07.0 (839347933)|HEAP_ALLOCATE|[254]|Bytes:12
18:32:07.0 (839350480)|VARIABLE_ASSIGNMENT|[254]|remaining|1
18:32:07.0 (839353095)|HEAP_ALLOCATE|[251]|Bytes:12
18:32:07.0 (839354788)|STATEMENT_EXECUTE|[251]
18:32:07.0 (839355631)|STATEMENT_EXECUTE|[252]
18:32:07.0 (839356975)|HEAP_ALLOCATE|[252]|Bytes:12
18:32:07.0 (839359205)|METHOD_ENTRY|[252]||System.Math.mod(Long, Long)
18:32:07.0 (839369648)|METHOD_EXIT|[252]||System.Math.mod(Long, Long)
18:32:07.0 (839375585)|VARIABLE_SCOPE_BEGIN|[252]|digit|Integer|false|false
18:32:07.0 (839380517)|HEAP_ALLOCATE|[252]|Bytes:4
18:32:07.0 (839384008)|VARIABLE_ASSIGNMENT|[252]|digit|1
18:32:07.0 (839387006)|STATEMENT_EXECUTE|[253]
18:32:07.0 (839392435)|HEAP_ALLOCATE|[253]|Bytes:1
18:32:07.0 (839399670)|HEAP_ALLOCATE|[253]|Bytes:6
18:32:07.0 (839403220)|VARIABLE_ASSIGNMENT|[253]|hex|"1e2eb1"
18:32:07.0 (839405350)|STATEMENT_EXECUTE|[254]
18:32:07.0 (839407105)|HEAP_ALLOCATE|[254]|Bytes:12
18:32:07.0 (839409379)|HEAP_ALLOCATE|[254]|Bytes:12
18:32:07.0 (839411950)|VARIABLE_ASSIGNMENT|[254]|remaining|0
18:32:07.0 (839414610)|HEAP_ALLOCATE|[251]|Bytes:12
18:32:07.0 (839434138)|STATEMENT_EXECUTE|[256]
18:32:07.0 (839436472)|HEAP_ALLOCATE|[256]|Bytes:7
18:32:07.0 (839439788)|VARIABLE_ASSIGNMENT|[256]|hex|"01e2eb1"
18:32:07.0 (839447095)|STATEMENT_EXECUTE|[256]
18:32:07.0 (839448444)|HEAP_ALLOCATE|[256]|Bytes:8
18:32:07.0 (839451515)|VARIABLE_ASSIGNMENT|[256]|hex|"001e2eb1"
18:32:07.0 (839458761)|STATEMENT_EXECUTE|[257]
18:32:07.0 (839460690)|HEAP_ALLOCATE|[257]|Bytes:28
18:32:07.0 (839463289)|HEAP_ALLOCATE|[257]|Bytes:36
18:32:07.0 (839469121)|METHOD_EXIT|[242]|01pa500000QRBV4|WorkspaceService.numericIdToUuid(String)
18:32:07.0 (839473579)|METHOD_EXIT|[33]|01pa500000QRBV4|WorkspaceService.toApiId(String)
18:32:07.0 (839476878)|VARIABLE_SCOPE_BEGIN|[33]|apiId|String|false|false
18:32:07.0 (839484310)|VARIABLE_ASSIGNMENT|[33]|apiId|"001e2eb1-0000-0000-0 (16 more) ..."
18:32:07.0 (839491888)|STATEMENT_EXECUTE|[34]
18:32:07.0 (839503747)|HEAP_ALLOCATE|[34]|Bytes:12
18:32:07.0 (839514980)|HEAP_ALLOCATE|[34]|Bytes:123
18:32:07.0 (839518304)|VARIABLE_SCOPE_BEGIN|[34]|url|String|false|false
18:32:07.0 (839526000)|VARIABLE_ASSIGNMENT|[34]|url|"callout:DocuSign_Nav (103 more) ..."
18:32:07.0 (839529324)|STATEMENT_EXECUTE|[36]
18:32:07.0 (839544668)|METHOD_ENTRY|[36]|01pa500000QOKzh|NavigatorService.callGet(String, String)
18:32:07.0 (839558248)|VARIABLE_SCOPE_BEGIN|[112]|url|String|false|false
18:32:07.0 (839566018)|VARIABLE_ASSIGNMENT|[112]|url|"callout:DocuSign_Nav (103 more) ..."
18:32:07.0 (839569327)|VARIABLE_SCOPE_BEGIN|[112]|accessToken|String|false|false
18:32:07.0 (839576652)|VARIABLE_ASSIGNMENT|[112]|accessToken|"eyJ0eXAiOiJKV1QiLCJh (1088 more) ..."
18:32:07.0 (839586323)|HEAP_ALLOCATE|[113]|Bytes:5
18:32:07.0 (839589648)|STATEMENT_EXECUTE|[112]
18:32:07.0 (839591185)|STATEMENT_EXECUTE|[113]
18:32:07.0 (839633435)|VARIABLE_SCOPE_BEGIN|[113]|req|System.HttpRequest|true|false
18:32:07.0 (839708018)|VARIABLE_ASSIGNMENT|[113]|req|"System.HttpRequest[Endpoint=null, Method=null]"|0x342dcfec
18:32:07.0 (839712539)|STATEMENT_EXECUTE|[114]
18:32:07.0 (839804153)|STATEMENT_EXECUTE|[115]
18:32:07.0 (839807224)|HEAP_ALLOCATE|[115]|Bytes:3
18:32:07.0 (839826529)|STATEMENT_EXECUTE|[116]
18:32:07.0 (839829017)|HEAP_ALLOCATE|[116]|Bytes:13
18:32:07.0 (839832041)|HEAP_ALLOCATE|[116]|Bytes:7
18:32:07.0 (839838893)|HEAP_ALLOCATE|[116]|Bytes:1115
18:32:07.0 (839863394)|STATEMENT_EXECUTE|[117]
18:32:07.0 (839865367)|HEAP_ALLOCATE|[117]|Bytes:6
18:32:07.0 (839868427)|HEAP_ALLOCATE|[117]|Bytes:16
18:32:07.0 (839879527)|STATEMENT_EXECUTE|[118]
18:32:07.0 (839975927)|CALLOUT_REQUEST|[118]|System.HttpRequest[Endpoint=callout:DocuSign_Navigator/v1/accounts/6cba485c-0fae-4108-acc1-b0678559780c/workspaces/001e2eb1-0000-0000-0000-000000000000, Method=GET]
18:32:08.563 (1563415496)|NAMED_CREDENTIAL_REQUEST|NamedCallout[Named Credential Id=0XAa5000000TNyv, Named Credential Name=DocuSign_Navigator, Endpoint=https://api-d.docusign.com/v1/accounts/6cba485c-0fae-4108-acc1-b0678559780c/workspaces/001e2eb1-0000-0000-0000-000000000000, Method=GET, External Credential Type=EXTERNAL, HTTP Header Authorization=Method: Not set - Credential: Not set, Content-Type=null, Request Size bytes=-1, Retry on 401=True]
18:32:08.564 (1564021032)|HEAP_ALLOCATE|[EXTERNAL]|Bytes:666
18:32:08.564 (1564837052)|NAMED_CREDENTIAL_RESPONSE|NamedCallout[Named Credential Id=0XAa5000000TNyv, Named Credential Name=DocuSign_Navigator, Status Code=200, Content-Type=null, Response Size bytes=260, Overall Callout Time ms=706, Connect Time ms=5, Interceptor Time ms=0
18:32:08.564 (1565542865)|CALLOUT_RESPONSE|[118]|System.HttpResponse[Status=OK, StatusCode=200]
18:32:08.564 (1565567756)|HEAP_ALLOCATE|[118]|Bytes:266
18:32:08.564 (1565611219)|METHOD_EXIT|[36]|01pa500000QOKzh|NavigatorService.callGet(String, String)
18:32:08.564 (1565624384)|VARIABLE_SCOPE_BEGIN|[36]|res|System.HttpResponse|true|false
18:32:08.564 (1565681153)|VARIABLE_ASSIGNMENT|[36]|res|"System.HttpResponse[Status=OK, StatusCode=200]"|0x43d72e79
18:32:08.564 (1565754541)|STATEMENT_EXECUTE|[37]
18:32:08.564 (1565756743)|STATEMENT_EXECUTE|[40]
18:32:08.564 (1565788057)|HEAP_ALLOCATE|[40]|Bytes:240
18:32:08.564 (1565802862)|METHOD_ENTRY|[40]||System.JSON.deserializeUntyped(String)
18:32:08.564 (1566309338)|METHOD_EXIT|[40]||System.JSON.deserializeUntyped(String)
18:32:08.564 (1566321226)|VARIABLE_SCOPE_BEGIN|[40]|result|Map<String,ANY>|true|false
18:32:08.564 (1566338784)|HEAP_ALLOCATE|[EXTERNAL]|Bytes:8
18:32:08.564 (1566380578)|VARIABLE_ASSIGNMENT|[40]|result|{"workspace_id":"001e2eb1-0000-0000-0 (16 more) ...","name":"テストワークスペース","created_date":"2026-04-21T07:37:12. (4 more) ...","created_by_user_id":"00077b23-0000-0000-0 (16 more) ...","workspace_owner_ids":["00077b23-0000-0000-0 (16 more) ..."]}|0xd04916b
18:32:08.564 (1566392758)|STATEMENT_EXECUTE|[41]
18:32:08.564 (1566396192)|HEAP_ALLOCATE|[41]|Bytes:12
18:32:08.564 (1566425402)|VARIABLE_SCOPE_BEGIN|[41]|uuidId|String|false|false
18:32:08.564 (1566431937)|VARIABLE_ASSIGNMENT|[41]|uuidId|"001e2eb1-0000-0000-0 (16 more) ..."
18:32:08.564 (1566434994)|STATEMENT_EXECUTE|[42]
18:32:08.564 (1566447368)|METHOD_ENTRY|[42]|01pa500000QRBV4|WorkspaceService.uuidToNumericId(String)
18:32:08.564 (1566458336)|VARIABLE_SCOPE_BEGIN|[261]|uuid|String|false|false
18:32:08.564 (1566463348)|VARIABLE_ASSIGNMENT|[261]|uuid|"001e2eb1-0000-0000-0 (16 more) ..."
18:32:08.564 (1566477036)|HEAP_ALLOCATE|[262]|Bytes:5
18:32:08.564 (1566479611)|STATEMENT_EXECUTE|[261]
18:32:08.564 (1566516866)|STATEMENT_EXECUTE|[262]
18:32:08.564 (1566518039)|STATEMENT_EXECUTE|[263]
18:32:08.564 (1566531442)|HEAP_ALLOCATE|[263]|Bytes:8
18:32:08.564 (1566543163)|HEAP_ALLOCATE|[263]|Bytes:8
18:32:08.564 (1566547306)|VARIABLE_SCOPE_BEGIN|[263]|hex|String|false|false
18:32:08.564 (1566552631)|VARIABLE_ASSIGNMENT|[263]|hex|"001e2eb1"
18:32:08.564 (1566555055)|STATEMENT_EXECUTE|[264]
18:32:08.564 (1566557258)|VARIABLE_SCOPE_BEGIN|[264]|hexChars|String|false|false
18:32:08.564 (1566562962)|VARIABLE_ASSIGNMENT|[264]|hexChars|"0123456789abcdef"
18:32:08.564 (1566566469)|STATEMENT_EXECUTE|[265]
18:32:08.564 (1566571999)|HEAP_ALLOCATE|[265]|Bytes:12
18:32:08.564 (1566576972)|VARIABLE_SCOPE_BEGIN|[265]|val|Long|false|false
18:32:08.564 (1566586934)|VARIABLE_ASSIGNMENT|[265]|val|0
18:32:08.564 (1566591798)|STATEMENT_EXECUTE|[266]
18:32:08.564 (1566593506)|VARIABLE_SCOPE_BEGIN|[266]|i|Integer|false|false
18:32:08.564 (1566599583)|HEAP_ALLOCATE|[266]|Bytes:4
18:32:08.564 (1566603876)|VARIABLE_ASSIGNMENT|[266]|i|0
18:32:08.564 (1566620747)|STATEMENT_EXECUTE|[266]
18:32:08.564 (1566622083)|STATEMENT_EXECUTE|[267]
18:32:08.564 (1566632773)|HEAP_ALLOCATE|[267]|Bytes:1
18:32:08.564 (1566649730)|VARIABLE_SCOPE_BEGIN|[267]|digit|Integer|false|false
18:32:08.564 (1566653298)|HEAP_ALLOCATE|[267]|Bytes:4
18:32:08.564 (1566656136)|VARIABLE_ASSIGNMENT|[267]|digit|0
18:32:08.564 (1566659257)|STATEMENT_EXECUTE|[268]
18:32:08.564 (1566660099)|STATEMENT_EXECUTE|[269]
18:32:08.564 (1566664838)|HEAP_ALLOCATE|[269]|Bytes:12
18:32:08.564 (1566678567)|HEAP_ALLOCATE|[269]|Bytes:12
18:32:08.564 (1566683682)|HEAP_ALLOCATE|[269]|Bytes:12
18:32:08.564 (1566686566)|VARIABLE_ASSIGNMENT|[269]|val|0
18:32:08.564 (1566689777)|HEAP_ALLOCATE|[266]|Bytes:4
18:32:08.564 (1566692227)|VARIABLE_ASSIGNMENT|[266]|i|1
18:32:08.564 (1566700363)|STATEMENT_EXECUTE|[266]
18:32:08.564 (1566701254)|STATEMENT_EXECUTE|[267]
18:32:08.564 (1566705168)|HEAP_ALLOCATE|[267]|Bytes:1
18:32:08.564 (1566713708)|VARIABLE_SCOPE_BEGIN|[267]|digit|Integer|false|false
18:32:08.564 (1566716953)|HEAP_ALLOCATE|[267]|Bytes:4
18:32:08.564 (1566719354)|VARIABLE_ASSIGNMENT|[267]|digit|0
18:32:08.564 (1566721485)|STATEMENT_EXECUTE|[268]
18:32:08.564 (1566722322)|STATEMENT_EXECUTE|[269]
18:32:08.564 (1566723884)|HEAP_ALLOCATE|[269]|Bytes:12
18:32:08.564 (1566726406)|HEAP_ALLOCATE|[269]|Bytes:12
18:32:08.564 (1566728379)|HEAP_ALLOCATE|[269]|Bytes:12
18:32:08.564 (1566730956)|VARIABLE_ASSIGNMENT|[269]|val|0
18:32:08.564 (1566732990)|HEAP_ALLOCATE|[266]|Bytes:4
18:32:08.564 (1566735436)|VARIABLE_ASSIGNMENT|[266]|i|2
18:32:08.564 (1566742088)|STATEMENT_EXECUTE|[266]
18:32:08.564 (1566743091)|STATEMENT_EXECUTE|[267]
18:32:08.564 (1566746551)|HEAP_ALLOCATE|[267]|Bytes:1
18:32:08.564 (1566754775)|VARIABLE_SCOPE_BEGIN|[267]|digit|Integer|false|false
18:32:08.564 (1566757665)|HEAP_ALLOCATE|[267]|Bytes:4
18:32:08.564 (1566760121)|VARIABLE_ASSIGNMENT|[267]|digit|1
18:32:08.564 (1566762143)|STATEMENT_EXECUTE|[268]
18:32:08.564 (1566763032)|STATEMENT_EXECUTE|[269]
18:32:08.564 (1566764533)|HEAP_ALLOCATE|[269]|Bytes:12
18:32:08.564 (1566766775)|HEAP_ALLOCATE|[269]|Bytes:12
18:32:08.564 (1566768642)|HEAP_ALLOCATE|[269]|Bytes:12
18:32:08.564 (1566771153)|VARIABLE_ASSIGNMENT|[269]|val|1
18:32:08.564 (1566773148)|HEAP_ALLOCATE|[266]|Bytes:4
18:32:08.564 (1566775437)|VARIABLE_ASSIGNMENT|[266]|i|3
18:32:08.564 (1566782011)|STATEMENT_EXECUTE|[266]
18:32:08.564 (1566782898)|STATEMENT_EXECUTE|[267]
18:32:08.564 (1566786322)|HEAP_ALLOCATE|[267]|Bytes:1
18:32:08.564 (1566818534)|VARIABLE_SCOPE_BEGIN|[267]|digit|Integer|false|false
18:32:08.564 (1566821766)|HEAP_ALLOCATE|[267]|Bytes:4
18:32:08.564 (1566824466)|VARIABLE_ASSIGNMENT|[267]|digit|14
18:32:08.564 (1566826684)|STATEMENT_EXECUTE|[268]
18:32:08.564 (1566827532)|STATEMENT_EXECUTE|[269]
18:32:08.564 (1566829076)|HEAP_ALLOCATE|[269]|Bytes:12
18:32:08.564 (1566831511)|HEAP_ALLOCATE|[269]|Bytes:12
18:32:08.564 (1566833414)|HEAP_ALLOCATE|[269]|Bytes:12
18:32:08.564 (1566836076)|VARIABLE_ASSIGNMENT|[269]|val|30
18:32:08.564 (1566838056)|HEAP_ALLOCATE|[266]|Bytes:4
18:32:08.564 (1566840382)|VARIABLE_ASSIGNMENT|[266]|i|4
18:32:08.564 (1566847576)|STATEMENT_EXECUTE|[266]
18:32:08.564 (1566848474)|STATEMENT_EXECUTE|[267]
18:32:08.564 (1566851993)|HEAP_ALLOCATE|[267]|Bytes:1
18:32:08.564 (1566864788)|VARIABLE_SCOPE_BEGIN|[267]|digit|Integer|false|false
18:32:08.564 (1566869278)|HEAP_ALLOCATE|[267]|Bytes:4
18:32:08.564 (1566872590)|VARIABLE_ASSIGNMENT|[267]|digit|2
18:32:08.564 (1566875676)|STATEMENT_EXECUTE|[268]
18:32:08.564 (1566876831)|STATEMENT_EXECUTE|[269]
18:32:08.564 (1566879108)|HEAP_ALLOCATE|[269]|Bytes:12
18:32:08.564 (1566882945)|HEAP_ALLOCATE|[269]|Bytes:12
18:32:08.564 (1566885921)|HEAP_ALLOCATE|[269]|Bytes:12
18:32:08.564 (1566889897)|VARIABLE_ASSIGNMENT|[269]|val|482
18:32:08.564 (1566893661)|HEAP_ALLOCATE|[266]|Bytes:4
18:32:08.564 (1566895992)|VARIABLE_ASSIGNMENT|[266]|i|5
18:32:08.564 (1566903366)|STATEMENT_EXECUTE|[266]
18:32:08.564 (1566904258)|STATEMENT_EXECUTE|[267]
18:32:08.564 (1566908026)|HEAP_ALLOCATE|[267]|Bytes:1
18:32:08.564 (1566916298)|VARIABLE_SCOPE_BEGIN|[267]|digit|Integer|false|false
18:32:08.564 (1566919240)|HEAP_ALLOCATE|[267]|Bytes:4
18:32:08.564 (1566921562)|VARIABLE_ASSIGNMENT|[267]|digit|14
18:32:08.564 (1566923686)|STATEMENT_EXECUTE|[268]
18:32:08.564 (1566924517)|STATEMENT_EXECUTE|[269]
18:32:08.564 (1566926099)|HEAP_ALLOCATE|[269]|Bytes:12
18:32:08.564 (1566928453)|HEAP_ALLOCATE|[269]|Bytes:12
18:32:08.564 (1566930376)|HEAP_ALLOCATE|[269]|Bytes:12
18:32:08.564 (1566932993)|VARIABLE_ASSIGNMENT|[269]|val|7726
18:32:08.564 (1566934952)|HEAP_ALLOCATE|[266]|Bytes:4
18:32:08.564 (1566937245)|VARIABLE_ASSIGNMENT|[266]|i|6
18:32:08.564 (1566943986)|STATEMENT_EXECUTE|[266]
18:32:08.564 (1566944847)|STATEMENT_EXECUTE|[267]
18:32:08.564 (1566948351)|HEAP_ALLOCATE|[267]|Bytes:1
18:32:08.564 (1566956505)|VARIABLE_SCOPE_BEGIN|[267]|digit|Integer|false|false
18:32:08.564 (1566959410)|HEAP_ALLOCATE|[267]|Bytes:4
18:32:08.564 (1566961935)|VARIABLE_ASSIGNMENT|[267]|digit|11
18:32:08.564 (1566963991)|STATEMENT_EXECUTE|[268]
18:32:08.564 (1566964845)|STATEMENT_EXECUTE|[269]
18:32:08.564 (1566966585)|HEAP_ALLOCATE|[269]|Bytes:12
18:32:08.564 (1566969286)|HEAP_ALLOCATE|[269]|Bytes:12
18:32:08.564 (1566971170)|HEAP_ALLOCATE|[269]|Bytes:12
18:32:08.564 (1566973832)|VARIABLE_ASSIGNMENT|[269]|val|123627
18:32:08.564 (1566975803)|HEAP_ALLOCATE|[266]|Bytes:4
18:32:08.564 (1566978114)|VARIABLE_ASSIGNMENT|[266]|i|7
18:32:08.564 (1566984721)|STATEMENT_EXECUTE|[266]
18:32:08.564 (1566985585)|STATEMENT_EXECUTE|[267]
18:32:08.564 (1566988932)|HEAP_ALLOCATE|[267]|Bytes:1
18:32:08.564 (1566997167)|VARIABLE_SCOPE_BEGIN|[267]|digit|Integer|false|false
18:32:08.564 (1567000172)|HEAP_ALLOCATE|[267]|Bytes:4
18:32:08.564 (1567003415)|VARIABLE_ASSIGNMENT|[267]|digit|1
18:32:08.564 (1567005403)|STATEMENT_EXECUTE|[268]
18:32:08.564 (1567006245)|STATEMENT_EXECUTE|[269]
18:32:08.564 (1567007720)|HEAP_ALLOCATE|[269]|Bytes:12
18:32:08.564 (1567009976)|HEAP_ALLOCATE|[269]|Bytes:12
18:32:08.564 (1567011834)|HEAP_ALLOCATE|[269]|Bytes:12
18:32:08.564 (1567014425)|VARIABLE_ASSIGNMENT|[269]|val|1978033
18:32:08.564 (1567016491)|HEAP_ALLOCATE|[266]|Bytes:4
18:32:08.564 (1567018799)|VARIABLE_ASSIGNMENT|[266]|i|8
18:32:08.564 (1567026641)|STATEMENT_EXECUTE|[271]
18:32:08.564 (1567057314)|HEAP_ALLOCATE|[271]|Bytes:7
18:32:08.564 (1567069757)|METHOD_EXIT|[42]|01pa500000QRBV4|WorkspaceService.uuidToNumericId(String)
18:32:08.564 (1567073153)|VARIABLE_SCOPE_BEGIN|[42]|numericId|String|false|false
18:32:08.564 (1567078546)|VARIABLE_ASSIGNMENT|[42]|numericId|"1978033"
18:32:08.564 (1567080998)|STATEMENT_EXECUTE|[43]
18:32:08.564 (1567082907)|HEAP_ALLOCATE|[43]|Bytes:10
18:32:08.564 (1567109330)|HEAP_ALLOCATE|[EXTERNAL]|Bytes:-4
18:32:08.564 (1567113919)|STATEMENT_EXECUTE|[44]
18:32:08.564 (1567115400)|HEAP_ALLOCATE|[44]|Bytes:13
18:32:08.564 (1567125398)|HEAP_ALLOCATE|[44]|Bytes:46
18:32:08.564 (1567133932)|HEAP_ALLOCATE|[EXTERNAL]|Bytes:-4
18:32:08.564 (1567136742)|STATEMENT_EXECUTE|[45]
18:32:08.564 (1567142111)|METHOD_EXIT|[24]|01pa500000QRBV4|WorkspaceService.getWorkspace(String)
18:32:08.567 (1567177715)|CUMULATIVE_LIMIT_USAGE
18:32:08.567 (1567177715)|LIMIT_USAGE_FOR_NS|(default)|
  Number of SOQL queries: 1 out of 100
  Number of query rows: 1 out of 50000
  Number of SOSL queries: 0 out of 20
  Number of DML statements: 0 out of 150
  Number of Publish Immediate DML: 0 out of 150
  Number of DML rows: 0 out of 10000
  Maximum CPU time: 54 out of 10000
  Maximum heap size: 0 out of 6000000
  Number of callouts: 2 out of 100
  Number of Email Invocations: 0 out of 10
  Number of future calls: 0 out of 50
  Number of queueable jobs added to the queue: 0 out of 50
  Number of Mobile Apex push calls: 0 out of 10

18:32:08.567 (1567177715)|CUMULATIVE_LIMIT_USAGE_END

18:32:08.564 (1567244930)|CODE_UNIT_FINISHED|WorkspaceController.getWorkspaceInfo(String)
18:32:08.564 (1567476559)|CODE_UNIT_FINISHED|apex://WorkspaceController/ACTION$getWorkspaceInfo
18:32:08.564 (1567484348)|EXECUTION_FINISHED
