66.0 APEX_CODE,FINEST;APEX_PROFILING,INFO;CALLOUT,INFO;DATA_ACCESS,INFO;DB,INFO;NBA,INFO;SYSTEM,DEBUG;VALIDATION,INFO;VISUALFORCE,INFO;WAVE,INFO;WORKFLOW,INFO
18:32:03.1 (1391348)|USER_INFO|[EXTERNAL]|005a500001kpSnF|takahiro.nagai.docusigndemo20250910@gmail.com|(GMT+09:00) 日本標準時 (Asia/Tokyo)|GMT+09:00
18:32:03.1 (19008519)|ENTERING_MANAGED_PKG|dfsle
18:32:03.1 (20004298)|ENTERING_MANAGED_PKG|dfsle
18:32:03.1 (46931530)|ENTERING_MANAGED_PKG|dfsle
18:32:03.1 (55903112)|ENTERING_MANAGED_PKG|dfsle
18:32:03.1 (56541473)|ENTERING_MANAGED_PKG|dfsle
18:32:03.1 (56618411)|ENTERING_MANAGED_PKG|dfsle
18:32:03.1 (64701077)|SOQL_EXECUTE_BEGIN|[41]|Aggregations:0|SELECT InstanceName, IsSandbox, OrganizationType, NamespacePrefix FROM Organization LIMIT 1
18:32:03.1 (70297593)|SOQL_EXECUTE_END|[41]|Rows:1
18:32:03.1 (70687781)|ENTERING_MANAGED_PKG|dfsle
18:32:03.1 (70742932)|ENTERING_MANAGED_PKG|dfsle
18:32:03.1 (70798123)|ENTERING_MANAGED_PKG|dfsle
18:32:03.1 (70904739)|ENTERING_MANAGED_PKG|dfsle
18:32:03.1 (70930497)|ENTERING_MANAGED_PKG|dfsle
18:32:03.1 (70948194)|ENTERING_MANAGED_PKG|dfsle
18:32:03.1 (70989972)|ENTERING_MANAGED_PKG|dfsle
18:32:03.1 (71014479)|ENTERING_MANAGED_PKG|dfsle
18:32:03.1 (71034348)|ENTERING_MANAGED_PKG|dfsle
18:32:04.527 (1527847220)|ENTERING_MANAGED_PKG|dfsle
18:32:04.527 (1527975971)|ENTERING_MANAGED_PKG|dfsle
18:32:04.527 (1528048154)|ENTERING_MANAGED_PKG|dfsle
18:32:04.527 (1528385255)|ENTERING_MANAGED_PKG|dfsle
18:32:04.527 (1528424329)|ENTERING_MANAGED_PKG|dfsle
18:32:04.527 (1528445589)|ENTERING_MANAGED_PKG|dfsle
18:32:04.527 (1538602658)|ENTERING_MANAGED_PKG|dfsle
18:32:04.527 (1539052108)|ENTERING_MANAGED_PKG|dfsle
18:32:04.527 (1540142555)|ENTERING_MANAGED_PKG|dfsle
18:32:04.527 (1540373851)|ENTERING_MANAGED_PKG|dfsle
18:32:04.527 (1547956647)|ENTERING_MANAGED_PKG|dfsle
18:32:04.527 (1548036051)|ENTERING_MANAGED_PKG|dfsle
18:32:04.527 (1548386361)|ENTERING_MANAGED_PKG|dfsle
18:32:04.527 (1548430190)|ENTERING_MANAGED_PKG|dfsle
18:32:04.527 (1548882669)|ENTERING_MANAGED_PKG|dfsle
18:32:04.527 (1549089181)|ENTERING_MANAGED_PKG|dfsle
18:32:04.527 (1557440403)|ENTERING_MANAGED_PKG|dfsle
18:32:04.527 (1557497405)|ENTERING_MANAGED_PKG|dfsle
18:32:04.527 (1560613769)|ENTERING_MANAGED_PKG|dfsle
18:32:04.527 (1560742607)|ENTERING_MANAGED_PKG|dfsle
18:32:04.527 (1561383928)|ENTERING_MANAGED_PKG|dfsle
18:32:04.527 (1561431218)|ENTERING_MANAGED_PKG|dfsle
18:32:04.527 (1561455961)|ENTERING_MANAGED_PKG|dfsle
18:32:04.527 (1561481983)|ENTERING_MANAGED_PKG|dfsle
18:32:04.527 (1561491471)|ENTERING_MANAGED_PKG|dfsle
18:32:04.527 (1561613820)|ENTERING_MANAGED_PKG|dfsle
18:32:04.527 (1561644835)|ENTERING_MANAGED_PKG|dfsle
18:32:04.527 (1561754210)|ENTERING_MANAGED_PKG|dfsle
18:32:04.527 (1561793551)|ENTERING_MANAGED_PKG|dfsle
18:32:04.527 (1561856613)|ENTERING_MANAGED_PKG|dfsle
18:32:04.527 (1562659625)|ENTERING_MANAGED_PKG|dfsle
18:32:04.527 (1562752772)|ENTERING_MANAGED_PKG|dfsle
18:32:04.527 (1562787396)|ENTERING_MANAGED_PKG|dfsle
18:32:04.527 (1562800181)|ENTERING_MANAGED_PKG|dfsle
18:32:04.527 (1562819270)|ENTERING_MANAGED_PKG|dfsle
18:32:04.527 (1562828912)|ENTERING_MANAGED_PKG|dfsle
18:32:04.527 (1562903569)|ENTERING_MANAGED_PKG|dfsle
18:32:04.527 (1562941335)|ENTERING_MANAGED_PKG|dfsle
18:32:04.527 (1562962211)|ENTERING_MANAGED_PKG|dfsle
18:32:04.527 (1562979678)|ENTERING_MANAGED_PKG|dfsle
18:32:04.527 (1562994375)|ENTERING_MANAGED_PKG|dfsle
18:32:04.527 (1563022044)|ENTERING_MANAGED_PKG|dfsle
18:32:04.527 (1563443682)|SOQL_EXECUTE_BEGIN|[37]|Aggregations:0|SELECT Username__c FROM User WHERE Id = :tmpVar1 LIMIT 1
18:32:04.527 (1574616750)|SOQL_EXECUTE_END|[37]|Rows:1
18:32:04.527 (1574830299)|ENTERING_MANAGED_PKG|dfsle
18:32:04.527 (1574907290)|ENTERING_MANAGED_PKG|dfsle
18:32:04.527 (1575143947)|ENTERING_MANAGED_PKG|dfsle
18:32:04.527 (1575716866)|ENTERING_MANAGED_PKG|dfsle
18:32:04.527 (1575751341)|ENTERING_MANAGED_PKG|dfsle
18:32:04.527 (1575832199)|ENTERING_MANAGED_PKG|dfsle
18:32:04.527 (1575864754)|ENTERING_MANAGED_PKG|dfsle
18:32:04.527 (1575882130)|ENTERING_MANAGED_PKG|dfsle
18:32:04.527 (1575896789)|ENTERING_MANAGED_PKG|dfsle
18:32:04.527 (1575911546)|ENTERING_MANAGED_PKG|dfsle
18:32:04.527 (1575926344)|ENTERING_MANAGED_PKG|dfsle
