66.0 APEX_CODE,FINEST;APEX_PROFILING,INFO;CALLOUT,INFO;DATA_ACCESS,INFO;DB,INFO;NBA,INFO;SYSTEM,DEBUG;VALIDATION,INFO;VISUALFORCE,INFO;WAVE,INFO;WORKFLOW,INFO
18:19:33.6 (6216921)|USER_INFO|[EXTERNAL]|005a500001kpSnF|takahiro.nagai.docusigndemo20250910@gmail.com|(GMT+09:00) 日本標準時 (Asia/Tokyo)|GMT+09:00
18:19:33.6 (6276285)|EXECUTION_STARTED
18:19:33.6 (6299066)|CODE_UNIT_STARTED|[EXTERNAL]|apex://DocuSignEnvelopeController/ACTION$getOpportunityPDFFiles
18:19:33.6 (8966117)|CODE_UNIT_STARTED|[EXTERNAL]|01pa500000QHAX3|DocuSignEnvelopeController.getOpportunityPDFFiles(Id)
18:19:33.6 (11657304)|HEAP_ALLOCATE|[95]|Bytes:3
18:19:33.6 (11777386)|HEAP_ALLOCATE|[100]|Bytes:152
18:19:33.6 (11798875)|HEAP_ALLOCATE|[417]|Bytes:408
18:19:33.6 (11815232)|HEAP_ALLOCATE|[430]|Bytes:408
18:19:33.6 (11844843)|HEAP_ALLOCATE|[317]|Bytes:6
18:19:33.6 (11857185)|HEAP_ALLOCATE|[EXTERNAL]|Bytes:8
18:19:33.6 (11864030)|HEAP_ALLOCATE|[EXTERNAL]|Bytes:11
18:19:33.6 (11866798)|HEAP_ALLOCATE|[EXTERNAL]|Bytes:22
18:19:33.6 (11932089)|METHOD_ENTRY|[1]|01pa500000QHAX3|DocuSignEnvelopeController.DocuSignEnvelopeController()
18:19:33.6 (11962994)|STATEMENT_EXECUTE|[1]
18:19:33.6 (11970825)|STATEMENT_EXECUTE|[1]
18:19:33.6 (11996102)|HEAP_ALLOCATE|[68]|Bytes:5
18:19:33.6 (12027589)|HEAP_ALLOCATE|[74]|Bytes:5
18:19:33.6 (12035202)|HEAP_ALLOCATE|[82]|Bytes:7
18:19:33.6 (12591987)|HEAP_ALLOCATE|[EXTERNAL]|Bytes:5
18:19:33.6 (12606825)|STATEMENT_EXECUTE|[164]
18:19:33.6 (12626105)|METHOD_EXIT|[1]|DocuSignEnvelopeController
18:19:33.6 (12674936)|HEAP_ALLOCATE|[EXTERNAL]|Bytes:4
18:19:33.6 (12689786)|VARIABLE_SCOPE_BEGIN|[9]|recordId|Id|false|false
18:19:33.6 (12977453)|VARIABLE_ASSIGNMENT|[9]|recordId|"006a500000u0NM9AAM"
18:19:33.6 (13017657)|HEAP_ALLOCATE|[10]|Bytes:5
18:19:33.6 (13024912)|STATEMENT_EXECUTE|[9]
18:19:33.6 (13028046)|STATEMENT_EXECUTE|[10]
18:19:33.6 (13047972)|HEAP_ALLOCATE|[10]|Bytes:4
18:19:33.6 (13157265)|VARIABLE_SCOPE_BEGIN|[10]|files|List<DocuSignEnvelopeController.FileInfo>|true|false
18:19:33.6 (13203930)|HEAP_ALLOCATE|[EXTERNAL]|Bytes:4
18:19:33.6 (13230405)|VARIABLE_ASSIGNMENT|[10]|files|[]|0x573dae40
18:19:33.6 (13237723)|STATEMENT_EXECUTE|[12]
18:19:33.6 (13239325)|STATEMENT_EXECUTE|[12]
18:19:33.6 (13240803)|STATEMENT_EXECUTE|[14]
18:19:33.6 (13245278)|HEAP_ALLOCATE|[14]|Bytes:297
18:19:33.6 (13267979)|HEAP_ALLOCATE|[14]|Bytes:4
18:19:33.6 (13278013)|HEAP_ALLOCATE|[14]|Bytes:7
18:19:33.6 (34201541)|SOQL_EXECUTE_BEGIN|[14]|Aggregations:0|SELECT ContentDocumentId, ContentDocument.Title, ContentDocument.FileExtension, ContentDocument.ContentSize, ContentDocument.LatestPublishedVersionId FROM ContentDocumentLink WHERE (LinkedEntityId = :tmpVar1 AND ContentDocument.FileExtension = 'pdf') ORDER BY ContentDocument.Title ASC NULLS FIRST
18:19:33.6 (88314287)|SOQL_EXECUTE_END|[14]|Rows:1
18:19:33.6 (88362822)|HEAP_ALLOCATE|[14]|Bytes:8
18:19:33.6 (88471636)|HEAP_ALLOCATE|[14]|Bytes:214
18:19:33.6 (88596133)|HEAP_ALLOCATE|[14]|Bytes:8
18:19:33.6 (88643656)|VARIABLE_SCOPE_BEGIN|[14]|cdLinks|List<ContentDocumentLink>|true|false
18:19:33.6 (88906620)|VARIABLE_ASSIGNMENT|[14]|cdLinks|[{"ContentDocument":{"Title":"白紙の文書","Id":"069a500000FhWDhAAN","LatestPublishedVersionId":"068a500000Fou4nAAB","ContentSize":88372,"FileExtension":"pdf"},"ContentDocumentId":"069a500000FhWDhAAN","Id":"06Aa500000HdmJ8EAJ"}]|0x7b926660
18:19:33.6 (89231040)|HEAP_ALLOCATE|[24]|Bytes:5
18:19:33.6 (89288820)|HEAP_ALLOCATE|[24]|Bytes:16
18:19:33.6 (89302803)|VARIABLE_SCOPE_BEGIN|[24]|link|ContentDocumentLink|true|false
18:19:33.6 (89409488)|VARIABLE_ASSIGNMENT|[24]|link|{"ContentDocument":{"Title":"白紙の文書","Id":"069a500000FhWDhAAN","LatestPublishedVersionId":"068a500000Fou4nAAB","ContentSize":88372,"FileExtension":"pdf"},"ContentDocumentId":"069a500000FhWDhAAN","Id":"06Aa500000HdmJ8EAJ"}|0x5de81f7d
18:19:33.6 (89473904)|STATEMENT_EXECUTE|[24]
18:19:33.6 (89477439)|STATEMENT_EXECUTE|[25]
18:19:33.6 (89644354)|HEAP_ALLOCATE|[25]|Bytes:3
18:19:33.6 (89677012)|HEAP_ALLOCATE|[25]|Bytes:20
18:19:33.6 (89743935)|HEAP_ALLOCATE|[25]|Bytes:18
18:19:33.6 (89877809)|CONSTRUCTOR_ENTRY|[25]|01pa500000QHAX3|<init>(String,String,String,Integer)|DocuSignEnvelopeController.FileInfo
18:19:33.6 (89919252)|VARIABLE_SCOPE_BEGIN|[170]|this|DocuSignEnvelopeController.FileInfo|true|false
18:19:33.6 (90013026)|VARIABLE_ASSIGNMENT|[170]|this|{}|0x153cbd77
18:19:33.6 (90022135)|VARIABLE_SCOPE_BEGIN|[170]|docId|String|false|false
18:19:33.6 (90033389)|VARIABLE_ASSIGNMENT|[170]|docId|"069a500000FhWDhAAN"
18:19:33.6 (90041106)|VARIABLE_SCOPE_BEGIN|[170]|title|String|false|false
18:19:33.6 (90048588)|VARIABLE_ASSIGNMENT|[170]|title|"白紙の文書"
18:19:33.6 (90087100)|VARIABLE_SCOPE_BEGIN|[170]|ext|String|false|false
18:19:33.6 (90094216)|VARIABLE_ASSIGNMENT|[170]|ext|"pdf"
18:19:33.6 (90111570)|VARIABLE_SCOPE_BEGIN|[170]|size|Integer|false|false
18:19:33.6 (90120156)|VARIABLE_ASSIGNMENT|[170]|size|88372
18:19:33.6 (90127592)|STATEMENT_EXECUTE|[164]
18:19:33.6 (90129836)|STATEMENT_EXECUTE|[165]
18:19:33.6 (90132021)|STATEMENT_EXECUTE|[166]
18:19:33.6 (90133371)|STATEMENT_EXECUTE|[167]
18:19:33.6 (90134739)|STATEMENT_EXECUTE|[168]
18:19:33.6 (90143529)|HEAP_ALLOCATE|[171]|Bytes:6
18:19:33.6 (91239052)|STATEMENT_EXECUTE|[170]
18:19:33.6 (91244874)|STATEMENT_EXECUTE|[171]
18:19:33.6 (91275347)|VARIABLE_ASSIGNMENT|[171]|this.documentId|"069a500000FhWDhAAN"|0x153cbd77
18:19:33.6 (91289372)|STATEMENT_EXECUTE|[172]
18:19:33.6 (91296497)|VARIABLE_ASSIGNMENT|[172]|this.title|"白紙の文書"|0x153cbd77
18:19:33.6 (91318232)|STATEMENT_EXECUTE|[173]
18:19:33.6 (91323688)|VARIABLE_ASSIGNMENT|[173]|this.fileExtension|"pdf"|0x153cbd77
18:19:33.6 (91328125)|STATEMENT_EXECUTE|[174]
18:19:33.6 (91334147)|VARIABLE_ASSIGNMENT|[174]|this.fileSize|88372|0x153cbd77
18:19:33.6 (91357460)|CONSTRUCTOR_EXIT|[25]|01pa500000QHAX3|<init>(String,String,String,Integer)|DocuSignEnvelopeController.FileInfo
18:19:33.6 (91423671)|HEAP_ALLOCATE|[EXTERNAL]|Bytes:4
18:19:33.6 (91452121)|HEAP_ALLOCATE|[24]|Bytes:5
18:19:33.6 (91471227)|VARIABLE_ASSIGNMENT|[24]|link|null|
18:19:33.6 (91477419)|STATEMENT_EXECUTE|[37]
18:19:33.91 (91573359)|CUMULATIVE_LIMIT_USAGE
18:19:33.91 (91573359)|LIMIT_USAGE_FOR_NS|(default)|
  Number of SOQL queries: 1 out of 100
  Number of query rows: 1 out of 50000
  Number of SOSL queries: 0 out of 20
  Number of DML statements: 0 out of 0
  Number of Publish Immediate DML: 0 out of 150
  Number of DML rows: 0 out of 10000
  Maximum CPU time: 0 out of 10000
  Maximum heap size: 0 out of 6000000
  Number of callouts: 0 out of 100
  Number of Email Invocations: 0 out of 10
  Number of future calls: 0 out of 50
  Number of queueable jobs added to the queue: 0 out of 50
  Number of Mobile Apex push calls: 0 out of 10

18:19:33.91 (91573359)|CUMULATIVE_LIMIT_USAGE_END

18:19:33.6 (91634431)|CODE_UNIT_FINISHED|DocuSignEnvelopeController.getOpportunityPDFFiles(Id)
18:19:33.6 (92034802)|CODE_UNIT_FINISHED|apex://DocuSignEnvelopeController/ACTION$getOpportunityPDFFiles
18:19:33.6 (92047355)|EXECUTION_FINISHED
