66.0 APEX_CODE,FINEST;APEX_PROFILING,INFO;CALLOUT,INFO;DATA_ACCESS,INFO;DB,INFO;NBA,INFO;SYSTEM,DEBUG;VALIDATION,INFO;VISUALFORCE,INFO;WAVE,INFO;WORKFLOW,INFO
18:32:07.0 (195860)|USER_INFO|[EXTERNAL]|005a500001kpSnF|takahiro.nagai.docusigndemo20250910@gmail.com|(GMT+09:00) 日本標準時 (Asia/Tokyo)|GMT+09:00
18:32:07.0 (234171)|EXECUTION_STARTED
18:32:07.0 (243875)|CODE_UNIT_STARTED|[EXTERNAL]|apex://WorkspaceController/ACTION$getWorkspaceEnvelopes
18:32:07.0 (2581923)|CODE_UNIT_STARTED|[EXTERNAL]|01pa500000QRBV3|WorkspaceController.getWorkspaceEnvelopes(String)
18:32:07.0 (2963413)|HEAP_ALLOCATE|[95]|Bytes:3
18:32:07.0 (3060497)|HEAP_ALLOCATE|[100]|Bytes:152
18:32:07.0 (3078526)|HEAP_ALLOCATE|[417]|Bytes:408
18:32:07.0 (3089625)|HEAP_ALLOCATE|[430]|Bytes:408
18:32:07.0 (3112384)|HEAP_ALLOCATE|[317]|Bytes:6
18:32:07.0 (3123344)|HEAP_ALLOCATE|[EXTERNAL]|Bytes:43
18:32:07.0 (3136379)|METHOD_ENTRY|[1]|01pa500000QRBV3|WorkspaceController.WorkspaceController()
18:32:07.0 (3142754)|STATEMENT_EXECUTE|[1]
18:32:07.0 (3150617)|STATEMENT_EXECUTE|[1]
18:32:07.0 (3171227)|HEAP_ALLOCATE|[68]|Bytes:5
18:32:07.0 (3196418)|HEAP_ALLOCATE|[74]|Bytes:5
18:32:07.0 (3201140)|HEAP_ALLOCATE|[82]|Bytes:7
18:32:07.0 (3390164)|HEAP_ALLOCATE|[EXTERNAL]|Bytes:5
18:32:07.0 (3404354)|METHOD_EXIT|[1]|WorkspaceController
18:32:07.0 (3412047)|HEAP_ALLOCATE|[EXTERNAL]|Bytes:7
18:32:07.0 (3419728)|VARIABLE_SCOPE_BEGIN|[143]|workspaceId|String|false|false
18:32:07.0 (3465170)|VARIABLE_ASSIGNMENT|[143]|workspaceId|"1978033"
18:32:07.0 (3478517)|HEAP_ALLOCATE|[144]|Bytes:5
18:32:07.0 (3481473)|STATEMENT_EXECUTE|[143]
18:32:07.0 (3483147)|STATEMENT_EXECUTE|[144]
18:32:07.0 (71639521)|VARIABLE_SCOPE_BEGIN|[5]|WorkspaceService.MULTIPART_BOUNDARY|String|false|true
18:32:07.0 (71704129)|VARIABLE_SCOPE_BEGIN|[4]|WorkspaceService.WORKSPACE_APP_URL|String|false|true
18:32:07.0 (71708553)|VARIABLE_SCOPE_BEGIN|[3]|WorkspaceService.WORKSPACE_BASE_URL|String|false|true
18:32:07.0 (71726484)|HEAP_ALLOCATE|[144]|Bytes:53
18:32:07.0 (71735829)|HEAP_ALLOCATE|[144]|Bytes:19
18:32:07.0 (71737780)|HEAP_ALLOCATE|[144]|Bytes:24
18:32:07.0 (71768655)|VARIABLE_ASSIGNMENT|[144]|WorkspaceService.MULTIPART_BOUNDARY|"----DocuSignApexBoun (4 more) ..."
18:32:07.0 (71772041)|HEAP_ALLOCATE|[144]|Bytes:39
18:32:07.0 (71776189)|VARIABLE_ASSIGNMENT|[144]|WorkspaceService.WORKSPACE_APP_URL|"https://apps-d.docus (19 more) ..."
18:32:07.0 (71778519)|HEAP_ALLOCATE|[144]|Bytes:39
18:32:07.0 (71781932)|VARIABLE_ASSIGNMENT|[144]|WorkspaceService.WORKSPACE_BASE_URL|"callout:DocuSign_Nav (19 more) ..."
18:32:07.0 (71808058)|METHOD_ENTRY|[1]|01pa500000QRBV4|WorkspaceService.WorkspaceService()
18:32:07.0 (71814881)|STATEMENT_EXECUTE|[1]
18:32:07.0 (71822572)|STATEMENT_EXECUTE|[1]
18:32:07.0 (71834956)|HEAP_ALLOCATE|[144]|Bytes:5
18:32:07.0 (71844399)|METHOD_EXIT|[1]|WorkspaceService
18:32:07.0 (71871291)|METHOD_ENTRY|[144]|01pa500000QRBV4|WorkspaceService.getWorkspaceEnvelopes(String)
18:32:07.0 (71905341)|VARIABLE_SCOPE_BEGIN|[178]|workspaceId|String|false|false
18:32:07.0 (71916100)|VARIABLE_ASSIGNMENT|[178]|workspaceId|"1978033"
18:32:07.0 (71927492)|HEAP_ALLOCATE|[179]|Bytes:5
18:32:07.0 (71930803)|STATEMENT_EXECUTE|[178]
18:32:07.0 (71931909)|STATEMENT_EXECUTE|[179]
18:32:07.0 (82905974)|HEAP_ALLOCATE|[179]|Bytes:17
18:32:07.0 (82925737)|HEAP_ALLOCATE|[179]|Bytes:39
18:32:07.0 (82956953)|METHOD_ENTRY|[1]|01pa500000QOKzh|NavigatorService.NavigatorService()
18:32:07.0 (82964453)|STATEMENT_EXECUTE|[1]
18:32:07.0 (82973706)|STATEMENT_EXECUTE|[1]
18:32:07.0 (82984281)|HEAP_ALLOCATE|[179]|Bytes:5
18:32:07.0 (82987591)|STATEMENT_EXECUTE|[3]
18:32:07.0 (82988726)|STATEMENT_EXECUTE|[11]
18:32:07.0 (82998681)|METHOD_EXIT|[1]|NavigatorService
18:32:07.0 (83031655)|METHOD_ENTRY|[179]|01pa500000QOKzh|NavigatorService.loadConfig()
18:32:07.0 (83230440)|HEAP_ALLOCATE|[25]|Bytes:5
18:32:07.0 (83235215)|STATEMENT_EXECUTE|[24]
18:32:07.0 (83236495)|STATEMENT_EXECUTE|[25]
18:32:07.0 (83238585)|HEAP_ALLOCATE|[25]|Bytes:158
18:32:07.0 (83255640)|HEAP_ALLOCATE|[25]|Bytes:4
18:32:07.0 (83758091)|SOQL_EXECUTE_BEGIN|[25]|Aggregations:0|SELECT Integration_Key__c, User_Id__c, Private_Key__c, Auth_Server__c, Account_Id__c FROM DocuSign_JWT_Config_mdt__mdt WHERE DeveloperName = 'Default' LIMIT 1
18:32:07.0 (110649179)|SOQL_EXECUTE_END|[25]|Rows:1
18:32:07.0 (110686582)|HEAP_ALLOCATE|[25]|Bytes:8
18:32:07.0 (110701396)|HEAP_ALLOCATE|[25]|Bytes:1956
18:32:07.0 (110786706)|HEAP_ALLOCATE|[25]|Bytes:8
18:32:07.0 (110803607)|HEAP_ALLOCATE|[25]|Bytes:54
18:32:07.0 (110864349)|HEAP_ALLOCATE|[25]|Bytes:28
18:32:07.0 (110871743)|VARIABLE_SCOPE_BEGIN|[25]|mdt|DocuSign_JWT_Config_mdt__mdt|true|false
18:32:07.0 (110967169)|VARIABLE_ASSIGNMENT|[25]|mdt|{"User_Id__c":"21fb243e-b09c-4d23-a (16 more) ...","Auth_Server__c":"https://account-d.do (10 more) ...","Integration_Key__c":"b3e14877-7590-49d0-9 (16 more) ...","Id":"m0Ba500000KVLsfEAH","Account_Id__c":"6cba485c-0fae-4108-a (16 more) ...","Private_Key__c":"-----BEGIN RSA PRIVA (1680 more) ..."}|0x154dde1c
18:32:07.0 (110977672)|STATEMENT_EXECUTE|[32]
18:32:07.0 (110998183)|HEAP_ALLOCATE|[32]|Bytes:24
18:32:07.0 (111028471)|CONSTRUCTOR_ENTRY|[32]|01pa500000QOKzh|<init>()|NavigatorService.Config
18:32:07.0 (111069316)|VARIABLE_SCOPE_BEGIN|[3]|this|NavigatorService.Config|true|false
18:32:07.0 (111133725)|VARIABLE_ASSIGNMENT|[3]|this|{}|0x48d0edce
18:32:07.0 (111143825)|HEAP_ALLOCATE|[EXTERNAL]|Bytes:6
18:32:07.0 (111868277)|STATEMENT_EXECUTE|[3]
18:32:07.0 (111871183)|STATEMENT_EXECUTE|[4]
18:32:07.0 (111872342)|STATEMENT_EXECUTE|[5]
18:32:07.0 (111873125)|STATEMENT_EXECUTE|[6]
18:32:07.0 (111873851)|STATEMENT_EXECUTE|[7]
18:32:07.0 (111874599)|STATEMENT_EXECUTE|[8]
18:32:07.0 (111880215)|CONSTRUCTOR_EXIT|[32]|01pa500000QOKzh|<init>()|NavigatorService.Config
18:32:07.0 (111887122)|VARIABLE_SCOPE_BEGIN|[32]|cfg|NavigatorService.Config|true|false
18:32:07.0 (111906864)|VARIABLE_ASSIGNMENT|[32]|cfg|{}|0x48d0edce
18:32:07.0 (111910701)|STATEMENT_EXECUTE|[33]
18:32:07.0 (111956927)|VARIABLE_ASSIGNMENT|[33]|this.integrationKey|"b3e14877-7590-49d0-9 (16 more) ..."|0x48d0edce
18:32:07.0 (111962916)|STATEMENT_EXECUTE|[34]
18:32:07.0 (111972037)|VARIABLE_ASSIGNMENT|[34]|this.userId|"21fb243e-b09c-4d23-a (16 more) ..."|0x48d0edce
18:32:07.0 (111974865)|STATEMENT_EXECUTE|[35]
18:32:07.0 (111981612)|VARIABLE_ASSIGNMENT|[35]|this.privateKey|"-----BEGIN RSA PRIVA (1680 more) ..."|0x48d0edce
18:32:07.0 (111984660)|STATEMENT_EXECUTE|[36]
18:32:07.0 (112066373)|VARIABLE_ASSIGNMENT|[36]|this.authServer|"https://account-d.do (10 more) ..."|0x48d0edce
18:32:07.0 (112069936)|STATEMENT_EXECUTE|[39]
18:32:07.0 (112079541)|VARIABLE_ASSIGNMENT|[39]|this.accountId|"6cba485c-0fae-4108-a (16 more) ..."|0x48d0edce
18:32:07.0 (112082283)|STATEMENT_EXECUTE|[40]
18:32:07.0 (112091813)|METHOD_EXIT|[179]|01pa500000QOKzh|NavigatorService.loadConfig()
18:32:07.0 (112095510)|VARIABLE_SCOPE_BEGIN|[179]|cfg|NavigatorService.Config|true|false
18:32:07.0 (112111905)|VARIABLE_ASSIGNMENT|[179]|cfg|{"accountId":"6cba485c-0fae-4108-a (16 more) ...","authServer":"https://account-d.do (10 more) ...","integrationKey":"b3e14877-7590-49d0-9 (16 more) ...","privateKey":"-----BEGIN RSA PRIVA (1680 more) ...","userId":"21fb243e-b09c-4d23-a (16 more) ..."}|0x48d0edce
18:32:07.0 (112116236)|STATEMENT_EXECUTE|[180]
18:32:07.0 (112126654)|METHOD_ENTRY|[180]|01pa500000QOKzh|NavigatorService.getAccessToken(NavigatorService.Config)
18:32:07.0 (112136848)|VARIABLE_SCOPE_BEGIN|[43]|cfg|NavigatorService.Config|true|false
18:32:07.0 (112148440)|VARIABLE_ASSIGNMENT|[43]|cfg|{"accountId":"6cba485c-0fae-4108-a (16 more) ...","authServer":"https://account-d.do (10 more) ...","integrationKey":"b3e14877-7590-49d0-9 (16 more) ...","privateKey":"-----BEGIN RSA PRIVA (1680 more) ...","userId":"21fb243e-b09c-4d23-a (16 more) ..."}|0x48d0edce
18:32:07.0 (112163075)|HEAP_ALLOCATE|[44]|Bytes:5
18:32:07.0 (112166404)|STATEMENT_EXECUTE|[43]
18:32:07.0 (112167424)|STATEMENT_EXECUTE|[44]
18:32:07.0 (112215839)|HEAP_ALLOCATE|[44]|Bytes:56
18:32:07.0 (112250745)|HEAP_ALLOCATE|[95]|Bytes:4
18:32:07.0 (112269438)|HEAP_ALLOCATE|[44]|Bytes:12
18:32:07.0 (112287396)|HEAP_ALLOCATE|[44]|Bytes:12
18:32:07.0 (112296746)|HEAP_ALLOCATE|[44]|Bytes:12
18:32:07.0 (112301005)|VARIABLE_SCOPE_BEGIN|[44]|nowSec|Long|false|false
18:32:07.0 (112312380)|VARIABLE_ASSIGNMENT|[44]|nowSec|1778232727
18:32:07.0 (112321370)|STATEMENT_EXECUTE|[45]
18:32:07.0 (112324742)|HEAP_ALLOCATE|[45]|Bytes:12
18:32:07.0 (112358771)|HEAP_ALLOCATE|[45]|Bytes:12
18:32:07.0 (112362093)|VARIABLE_SCOPE_BEGIN|[45]|exp|Long|false|false
18:32:07.0 (112369707)|VARIABLE_ASSIGNMENT|[45]|exp|1778236327
18:32:07.0 (112373508)|STATEMENT_EXECUTE|[47]
18:32:07.0 (112389282)|HEAP_ALLOCATE|[47]|Bytes:4
18:32:07.0 (112399317)|HEAP_ALLOCATE|[48]|Bytes:3
18:32:07.0 (112402687)|HEAP_ALLOCATE|[48]|Bytes:5
18:32:07.0 (112452397)|HEAP_ALLOCATE|[49]|Bytes:3
18:32:07.0 (112455711)|HEAP_ALLOCATE|[49]|Bytes:3
18:32:07.0 (112467292)|VARIABLE_SCOPE_BEGIN|[47]|headerMap|Map<String,ANY>|true|false
18:32:07.0 (112489582)|VARIABLE_ASSIGNMENT|[47]|headerMap|{"alg":"RS256","typ":"JWT"}|0x6a0f6efc
18:32:07.0 (112495100)|STATEMENT_EXECUTE|[51]
18:32:07.0 (112501286)|HEAP_ALLOCATE|[51]|Bytes:4
18:32:07.0 (112505160)|HEAP_ALLOCATE|[52]|Bytes:3
18:32:07.0 (112521050)|HEAP_ALLOCATE|[53]|Bytes:3
18:32:07.0 (112527112)|HEAP_ALLOCATE|[54]|Bytes:3
18:32:07.0 (112529222)|HEAP_ALLOCATE|[54]|Bytes:22
18:32:07.0 (112535132)|HEAP_ALLOCATE|[55]|Bytes:3
18:32:07.0 (112563956)|HEAP_ALLOCATE|[56]|Bytes:3
18:32:07.0 (112573412)|HEAP_ALLOCATE|[57]|Bytes:5
18:32:07.0 (112576004)|HEAP_ALLOCATE|[57]|Bytes:124
18:32:07.0 (112580856)|VARIABLE_SCOPE_BEGIN|[51]|payloadMap|Map<String,ANY>|true|false
18:32:07.0 (112588820)|VARIABLE_ASSIGNMENT|[51]|payloadMap|"Map of size 6 too large to display"|0x32cade2b
18:32:07.0 (112591921)|STATEMENT_EXECUTE|[60]
18:32:07.0 (112639730)|HEAP_ALLOCATE|[60]|Bytes:24
18:32:07.0 (112673942)|SYSTEM_METHOD_ENTRY|[1]|JSON.JSON()
18:32:07.0 (112676509)|STATEMENT_EXECUTE|[1]
18:32:07.0 (112684119)|SYSTEM_METHOD_EXIT|[1]|JSON
18:32:07.0 (112692580)|METHOD_ENTRY|[60]||System.JSON.serialize(Object)
18:32:07.0 (113134376)|METHOD_EXIT|[60]||System.JSON.serialize(Object)
18:32:07.0 (113205861)|HEAP_ALLOCATE|[60]|Bytes:4
18:32:07.0 (113237593)|METHOD_ENTRY|[60]|01pa500000QOKzh|NavigatorService.base64UrlEncode(Blob)
18:32:07.0 (113245697)|VARIABLE_SCOPE_BEGIN|[134]|input|Blob|false|false
18:32:07.0 (113287972)|VARIABLE_ASSIGNMENT|[134]|input|BLOB(27 bytes)
18:32:07.0 (113300712)|HEAP_ALLOCATE|[135]|Bytes:5
18:32:07.0 (113305425)|STATEMENT_EXECUTE|[134]
18:32:07.0 (113307962)|STATEMENT_EXECUTE|[135]
18:32:07.0 (113341042)|HEAP_ALLOCATE|[135]|Bytes:15
18:32:07.0 (113351772)|SYSTEM_METHOD_ENTRY|[1]|EncodingUtil.EncodingUtil()
18:32:07.0 (113354519)|STATEMENT_EXECUTE|[1]
18:32:07.0 (113361008)|SYSTEM_METHOD_EXIT|[1]|EncodingUtil
18:32:07.0 (113396169)|METHOD_ENTRY|[135]||System.EncodingUtil.base64Encode(Blob)
18:32:07.0 (113463977)|METHOD_EXIT|[135]||System.EncodingUtil.base64Encode(Blob)
18:32:07.0 (113467842)|HEAP_ALLOCATE|[136]|Bytes:1
18:32:07.0 (113493087)|HEAP_ALLOCATE|[136]|Bytes:36
18:32:07.0 (113498009)|HEAP_ALLOCATE|[136]|Bytes:1
18:32:07.0 (113500029)|HEAP_ALLOCATE|[136]|Bytes:1
18:32:07.0 (113508370)|HEAP_ALLOCATE|[136]|Bytes:36
18:32:07.0 (113512452)|HEAP_ALLOCATE|[136]|Bytes:1
18:32:07.0 (113514387)|HEAP_ALLOCATE|[136]|Bytes:1
18:32:07.0 (113519714)|HEAP_ALLOCATE|[136]|Bytes:36
18:32:07.0 (113528057)|METHOD_EXIT|[60]|01pa500000QOKzh|NavigatorService.base64UrlEncode(Blob)
18:32:07.0 (113530892)|HEAP_ALLOCATE|[61]|Bytes:1
18:32:07.0 (113535327)|METHOD_ENTRY|[61]||System.JSON.serialize(Object)
18:32:07.0 (113821476)|METHOD_EXIT|[61]||System.JSON.serialize(Object)
18:32:07.0 (113854377)|HEAP_ALLOCATE|[61]|Bytes:4
18:32:07.0 (113861212)|METHOD_ENTRY|[61]|01pa500000QOKzh|NavigatorService.base64UrlEncode(Blob)
18:32:07.0 (113866042)|VARIABLE_SCOPE_BEGIN|[134]|input|Blob|false|false
18:32:07.0 (113893093)|VARIABLE_ASSIGNMENT|[134]|input|BLOB(291 bytes)
18:32:07.0 (113903308)|HEAP_ALLOCATE|[135]|Bytes:5
18:32:07.0 (113907191)|STATEMENT_EXECUTE|[134]
18:32:07.0 (113909459)|STATEMENT_EXECUTE|[135]
18:32:07.0 (113912999)|METHOD_ENTRY|[135]||System.EncodingUtil.base64Encode(Blob)
18:32:07.0 (113937526)|METHOD_EXIT|[135]||System.EncodingUtil.base64Encode(Blob)
18:32:07.0 (113955676)|HEAP_ALLOCATE|[136]|Bytes:388
18:32:07.0 (113974541)|HEAP_ALLOCATE|[136]|Bytes:388
18:32:07.0 (113991206)|HEAP_ALLOCATE|[136]|Bytes:388
18:32:07.0 (114000829)|METHOD_EXIT|[61]|01pa500000QOKzh|NavigatorService.base64UrlEncode(Blob)
18:32:07.0 (114011795)|HEAP_ALLOCATE|[60]|Bytes:425
18:32:07.0 (114016262)|VARIABLE_SCOPE_BEGIN|[60]|signingInput|String|false|false
18:32:07.0 (114031419)|VARIABLE_ASSIGNMENT|[60]|signingInput|"eyJ0eXAiOiJKV1QiLCJh (405 more) ..."
18:32:07.0 (114035786)|STATEMENT_EXECUTE|[62]
18:32:07.0 (114048451)|METHOD_ENTRY|[62]|01pa500000QOKzh|NavigatorService.pemToPrivateKeyBlob(String)
18:32:07.0 (114064271)|VARIABLE_SCOPE_BEGIN|[139]|pem|String|false|false
18:32:07.0 (114073366)|VARIABLE_ASSIGNMENT|[139]|pem|"-----BEGIN RSA PRIVA (1680 more) ..."
18:32:07.0 (114081266)|HEAP_ALLOCATE|[140]|Bytes:5
18:32:07.0 (114085246)|STATEMENT_EXECUTE|[139]
18:32:07.0 (114086666)|STATEMENT_EXECUTE|[140]
18:32:07.0 (114088711)|HEAP_ALLOCATE|[141]|Bytes:31
18:32:07.0 (114120199)|HEAP_ALLOCATE|[141]|Bytes:1669
18:32:07.0 (114127308)|HEAP_ALLOCATE|[142]|Bytes:29
18:32:07.0 (114161131)|HEAP_ALLOCATE|[142]|Bytes:1640
18:32:07.0 (114168007)|HEAP_ALLOCATE|[143]|Bytes:27
18:32:07.0 (114190066)|HEAP_ALLOCATE|[143]|Bytes:1640
18:32:07.0 (114196179)|HEAP_ALLOCATE|[144]|Bytes:25
18:32:07.0 (114218575)|HEAP_ALLOCATE|[144]|Bytes:1640
18:32:07.0 (114225036)|HEAP_ALLOCATE|[145]|Bytes:3
18:32:07.0 (114281361)|HEAP_ALLOCATE|[145]|Bytes:1588
18:32:07.0 (114312534)|VARIABLE_SCOPE_BEGIN|[140]|cleaned|String|false|false
18:32:07.0 (114324870)|VARIABLE_ASSIGNMENT|[140]|cleaned|"MIIEowIBAAKCAQEAnZtp (1568 more) ..."
18:32:07.0 (114329375)|STATEMENT_EXECUTE|[147]
18:32:07.0 (114335783)|METHOD_ENTRY|[147]||System.EncodingUtil.base64Decode(String)
18:32:07.0 (114426163)|METHOD_EXIT|[147]||System.EncodingUtil.base64Decode(String)
18:32:07.0 (114430927)|VARIABLE_SCOPE_BEGIN|[147]|keyBlob|Blob|false|false
18:32:07.0 (114453061)|VARIABLE_ASSIGNMENT|[147]|keyBlob|BLOB(1191 bytes)
18:32:07.0 (114472911)|STATEMENT_EXECUTE|[149]
18:32:07.0 (114474436)|STATEMENT_EXECUTE|[153]
18:32:07.0 (114478235)|METHOD_ENTRY|[153]||System.EncodingUtil.convertToHex(Blob)
18:32:07.0 (114560956)|METHOD_EXIT|[153]||System.EncodingUtil.convertToHex(Blob)
18:32:07.0 (114563063)|VARIABLE_SCOPE_BEGIN|[153]|pkcs1Hex|String|false|false
18:32:07.0 (114569376)|VARIABLE_ASSIGNMENT|[153]|pkcs1Hex|"308204a3020100028201 (2362 more) ..."
18:32:07.0 (114571966)|STATEMENT_EXECUTE|[154]
18:32:07.0 (114598910)|VARIABLE_SCOPE_BEGIN|[154]|pkcs1Len|Integer|false|false
18:32:07.0 (114602973)|HEAP_ALLOCATE|[154]|Bytes:4
18:32:07.0 (114608170)|VARIABLE_ASSIGNMENT|[154]|pkcs1Len|1191
18:32:07.0 (114610300)|STATEMENT_EXECUTE|[155]
18:32:07.0 (114611768)|HEAP_ALLOCATE|[155]|Bytes:30
18:32:07.0 (114613782)|VARIABLE_SCOPE_BEGIN|[155]|oidHex|String|false|false
18:32:07.0 (114618876)|VARIABLE_ASSIGNMENT|[155]|oidHex|"300d06092a864886f70d (10 more) ..."
18:32:07.0 (114621100)|STATEMENT_EXECUTE|[157]
18:32:07.0 (114622842)|VARIABLE_SCOPE_BEGIN|[157]|octetHex|String|false|false
18:32:07.0 (114626998)|VARIABLE_ASSIGNMENT|[157]|octetHex|null
18:32:07.0 (114633511)|STATEMENT_EXECUTE|[162]
18:32:07.0 (114634516)|STATEMENT_EXECUTE|[163]
18:32:07.0 (114636031)|HEAP_ALLOCATE|[163]|Bytes:4
18:32:07.0 (114642635)|METHOD_ENTRY|[163]|01pa500000QOKzh|NavigatorService.intToHex4(Integer)
18:32:07.0 (114649399)|VARIABLE_SCOPE_BEGIN|[187]|val|Integer|false|false
18:32:07.0 (114654873)|VARIABLE_ASSIGNMENT|[187]|val|1191
18:32:07.0 (114663485)|HEAP_ALLOCATE|[188]|Bytes:5
18:32:07.0 (114665946)|STATEMENT_EXECUTE|[187]
18:32:07.0 (114666856)|STATEMENT_EXECUTE|[188]
18:32:07.0 (114670631)|METHOD_ENTRY|[188]|01pa500000QOKzh|NavigatorService.intToHex(Integer)
18:32:07.0 (114675516)|VARIABLE_SCOPE_BEGIN|[193]|val|Integer|false|false
18:32:07.0 (114679292)|VARIABLE_ASSIGNMENT|[193]|val|1191
18:32:07.0 (114682981)|HEAP_ALLOCATE|[194]|Bytes:5
18:32:07.0 (114685272)|STATEMENT_EXECUTE|[193]
18:32:07.0 (114687579)|STATEMENT_EXECUTE|[194]
18:32:07.0 (114688499)|STATEMENT_EXECUTE|[195]
18:32:07.0 (114689974)|HEAP_ALLOCATE|[195]|Bytes:16
18:32:07.0 (114691802)|VARIABLE_SCOPE_BEGIN|[195]|chars|String|false|false
18:32:07.0 (114696434)|VARIABLE_ASSIGNMENT|[195]|chars|"0123456789abcdef"
18:32:07.0 (114698705)|STATEMENT_EXECUTE|[196]
18:32:07.0 (114699916)|VARIABLE_SCOPE_BEGIN|[196]|hex|String|false|false
18:32:07.0 (114705294)|VARIABLE_ASSIGNMENT|[196]|hex|""
18:32:07.0 (114710927)|STATEMENT_EXECUTE|[197]
18:32:07.0 (114711806)|STATEMENT_EXECUTE|[198]
18:32:07.0 (114750899)|VARIABLE_SCOPE_BEGIN|[2]|System.Math.E|Double|false|true
18:32:07.0 (114756155)|VARIABLE_SCOPE_BEGIN|[3]|System.Math.PI|Double|false|true
18:32:07.0 (114765937)|HEAP_ALLOCATE|[198]|Bytes:206
18:32:07.0 (114775910)|SYSTEM_METHOD_ENTRY|[1]|Math.Math()
18:32:07.0 (114777793)|STATEMENT_EXECUTE|[1]
18:32:07.0 (114815855)|SYSTEM_METHOD_EXIT|[1]|Math
18:32:07.0 (114821552)|METHOD_ENTRY|[198]||System.Math.mod(Integer, Integer)
18:32:07.0 (114846930)|METHOD_EXIT|[198]||System.Math.mod(Integer, Integer)
18:32:07.0 (114850442)|METHOD_ENTRY|[198]||System.Math.mod(Integer, Integer)
18:32:07.0 (114861286)|METHOD_EXIT|[198]||System.Math.mod(Integer, Integer)
18:32:07.0 (114872636)|HEAP_ALLOCATE|[198]|Bytes:1
18:32:07.0 (114880715)|HEAP_ALLOCATE|[198]|Bytes:1
18:32:07.0 (114884322)|VARIABLE_ASSIGNMENT|[198]|hex|"7"
18:32:07.0 (114886526)|STATEMENT_EXECUTE|[199]
18:32:07.0 (114889762)|HEAP_ALLOCATE|[199]|Bytes:4
18:32:07.0 (114892698)|VARIABLE_ASSIGNMENT|[199]|val|74
18:32:07.0 (114895537)|STATEMENT_EXECUTE|[197]
18:32:07.0 (114896388)|STATEMENT_EXECUTE|[198]
18:32:07.0 (114898298)|METHOD_ENTRY|[198]||System.Math.mod(Integer, Integer)
18:32:07.0 (114906875)|METHOD_EXIT|[198]||System.Math.mod(Integer, Integer)
18:32:07.0 (114909210)|METHOD_ENTRY|[198]||System.Math.mod(Integer, Integer)
18:32:07.0 (114923616)|METHOD_EXIT|[198]||System.Math.mod(Integer, Integer)
18:32:07.0 (114930685)|HEAP_ALLOCATE|[198]|Bytes:1
18:32:07.0 (114936822)|HEAP_ALLOCATE|[198]|Bytes:2
18:32:07.0 (114941463)|VARIABLE_ASSIGNMENT|[198]|hex|"a7"
18:32:07.0 (114944841)|STATEMENT_EXECUTE|[199]
18:32:07.0 (114946549)|HEAP_ALLOCATE|[199]|Bytes:4
18:32:07.0 (114949789)|VARIABLE_ASSIGNMENT|[199]|val|4
18:32:07.0 (114953455)|STATEMENT_EXECUTE|[197]
18:32:07.0 (114954495)|STATEMENT_EXECUTE|[198]
18:32:07.0 (114957071)|METHOD_ENTRY|[198]||System.Math.mod(Integer, Integer)
18:32:07.0 (114969225)|METHOD_EXIT|[198]||System.Math.mod(Integer, Integer)
18:32:07.0 (114972720)|METHOD_ENTRY|[198]||System.Math.mod(Integer, Integer)
18:32:07.0 (114984771)|METHOD_EXIT|[198]||System.Math.mod(Integer, Integer)
18:32:07.0 (114991432)|HEAP_ALLOCATE|[198]|Bytes:1
18:32:07.0 (114998088)|HEAP_ALLOCATE|[198]|Bytes:3
18:32:07.0 (115001392)|VARIABLE_ASSIGNMENT|[198]|hex|"4a7"
18:32:07.0 (115004658)|STATEMENT_EXECUTE|[199]
18:32:07.0 (115005915)|HEAP_ALLOCATE|[199]|Bytes:4
18:32:07.0 (115008440)|VARIABLE_ASSIGNMENT|[199]|val|0
18:32:07.0 (115011812)|STATEMENT_EXECUTE|[201]
18:32:07.0 (115016094)|METHOD_EXIT|[188]|01pa500000QOKzh|NavigatorService.intToHex(Integer)
18:32:07.0 (115018600)|VARIABLE_SCOPE_BEGIN|[188]|h|String|false|false
18:32:07.0 (115023410)|VARIABLE_ASSIGNMENT|[188]|h|"4a7"
18:32:07.0 (115040227)|STATEMENT_EXECUTE|[189]
18:32:07.0 (115041415)|HEAP_ALLOCATE|[189]|Bytes:1
18:32:07.0 (115044234)|HEAP_ALLOCATE|[189]|Bytes:4
18:32:07.0 (115047241)|VARIABLE_ASSIGNMENT|[189]|h|"04a7"
18:32:07.0 (115054603)|STATEMENT_EXECUTE|[190]
18:32:07.0 (115057433)|METHOD_EXIT|[163]|01pa500000QOKzh|NavigatorService.intToHex4(Integer)
18:32:07.0 (115060595)|HEAP_ALLOCATE|[163]|Bytes:8
18:32:07.0 (115063840)|VARIABLE_ASSIGNMENT|[163]|octetHex|"048204a7"
18:32:07.0 (115066261)|STATEMENT_EXECUTE|[166]
18:32:07.0 (115067684)|HEAP_ALLOCATE|[166]|Bytes:6
18:32:07.0 (115073710)|HEAP_ALLOCATE|[166]|Bytes:2426
18:32:07.0 (115075685)|VARIABLE_SCOPE_BEGIN|[166]|innerHex|String|false|false
18:32:07.0 (115080826)|VARIABLE_ASSIGNMENT|[166]|innerHex|"020100300d06092a8648 (2406 more) ..."
18:32:07.0 (115082942)|STATEMENT_EXECUTE|[167]
18:32:07.0 (115095000)|VARIABLE_SCOPE_BEGIN|[167]|innerLen|Integer|false|false
18:32:07.0 (115098170)|HEAP_ALLOCATE|[167]|Bytes:4
18:32:07.0 (115100830)|VARIABLE_ASSIGNMENT|[167]|innerLen|1213
18:32:07.0 (115102801)|STATEMENT_EXECUTE|[169]
18:32:07.0 (115104150)|VARIABLE_SCOPE_BEGIN|[169]|seqHex|String|false|false
18:32:07.0 (115108048)|VARIABLE_ASSIGNMENT|[169]|seqHex|null
18:32:07.0 (115111889)|STATEMENT_EXECUTE|[174]
18:32:07.0 (115113020)|STATEMENT_EXECUTE|[175]
18:32:07.0 (115114372)|HEAP_ALLOCATE|[175]|Bytes:4
18:32:07.0 (115119077)|METHOD_ENTRY|[175]|01pa500000QOKzh|NavigatorService.intToHex4(Integer)
18:32:07.0 (115126119)|VARIABLE_SCOPE_BEGIN|[187]|val|Integer|false|false
18:32:07.0 (115132499)|VARIABLE_ASSIGNMENT|[187]|val|1213
18:32:07.0 (115140155)|HEAP_ALLOCATE|[188]|Bytes:5
18:32:07.0 (115143058)|STATEMENT_EXECUTE|[187]
18:32:07.0 (115144301)|STATEMENT_EXECUTE|[188]
18:32:07.0 (115146785)|METHOD_ENTRY|[188]|01pa500000QOKzh|NavigatorService.intToHex(Integer)
18:32:07.0 (115151390)|VARIABLE_SCOPE_BEGIN|[193]|val|Integer|false|false
18:32:07.0 (115155959)|VARIABLE_ASSIGNMENT|[193]|val|1213
18:32:07.0 (115159490)|HEAP_ALLOCATE|[194]|Bytes:5
18:32:07.0 (115161383)|STATEMENT_EXECUTE|[193]
18:32:07.0 (115162710)|STATEMENT_EXECUTE|[194]
18:32:07.0 (115163533)|STATEMENT_EXECUTE|[195]
18:32:07.0 (115165010)|VARIABLE_SCOPE_BEGIN|[195]|chars|String|false|false
18:32:07.0 (115169793)|VARIABLE_ASSIGNMENT|[195]|chars|"0123456789abcdef"
18:32:07.0 (115171829)|STATEMENT_EXECUTE|[196]
18:32:07.0 (115172877)|VARIABLE_SCOPE_BEGIN|[196]|hex|String|false|false
18:32:07.0 (115176963)|VARIABLE_ASSIGNMENT|[196]|hex|""
18:32:07.0 (115179727)|STATEMENT_EXECUTE|[197]
18:32:07.0 (115180516)|STATEMENT_EXECUTE|[198]
18:32:07.0 (115182465)|METHOD_ENTRY|[198]||System.Math.mod(Integer, Integer)
18:32:07.0 (115192832)|METHOD_EXIT|[198]||System.Math.mod(Integer, Integer)
18:32:07.0 (115195166)|METHOD_ENTRY|[198]||System.Math.mod(Integer, Integer)
18:32:07.0 (115203100)|METHOD_EXIT|[198]||System.Math.mod(Integer, Integer)
18:32:07.0 (115208264)|HEAP_ALLOCATE|[198]|Bytes:1
18:32:07.0 (115212892)|HEAP_ALLOCATE|[198]|Bytes:1
18:32:07.0 (115215940)|VARIABLE_ASSIGNMENT|[198]|hex|"d"
18:32:07.0 (115218091)|STATEMENT_EXECUTE|[199]
18:32:07.0 (115219360)|HEAP_ALLOCATE|[199]|Bytes:4
18:32:07.0 (115221937)|VARIABLE_ASSIGNMENT|[199]|val|75
18:32:07.0 (115224237)|STATEMENT_EXECUTE|[197]
18:32:07.0 (115224995)|STATEMENT_EXECUTE|[198]
18:32:07.0 (115226450)|METHOD_ENTRY|[198]||System.Math.mod(Integer, Integer)
18:32:07.0 (115234940)|METHOD_EXIT|[198]||System.Math.mod(Integer, Integer)
18:32:07.0 (115237116)|METHOD_ENTRY|[198]||System.Math.mod(Integer, Integer)
18:32:07.0 (115244957)|METHOD_EXIT|[198]||System.Math.mod(Integer, Integer)
18:32:07.0 (115249201)|HEAP_ALLOCATE|[198]|Bytes:1
18:32:07.0 (115253250)|HEAP_ALLOCATE|[198]|Bytes:2
18:32:07.0 (115256040)|VARIABLE_ASSIGNMENT|[198]|hex|"bd"
18:32:07.0 (115257925)|STATEMENT_EXECUTE|[199]
18:32:07.0 (115259069)|HEAP_ALLOCATE|[199]|Bytes:4
18:32:07.0 (115261538)|VARIABLE_ASSIGNMENT|[199]|val|4
18:32:07.0 (115263655)|STATEMENT_EXECUTE|[197]
18:32:07.0 (115264435)|STATEMENT_EXECUTE|[198]
18:32:07.0 (115265898)|METHOD_ENTRY|[198]||System.Math.mod(Integer, Integer)
18:32:07.0 (115273980)|METHOD_EXIT|[198]||System.Math.mod(Integer, Integer)
18:32:07.0 (115276125)|METHOD_ENTRY|[198]||System.Math.mod(Integer, Integer)
18:32:07.0 (115283885)|METHOD_EXIT|[198]||System.Math.mod(Integer, Integer)
18:32:07.0 (115288015)|HEAP_ALLOCATE|[198]|Bytes:1
18:32:07.0 (115291927)|HEAP_ALLOCATE|[198]|Bytes:3
18:32:07.0 (115294738)|VARIABLE_ASSIGNMENT|[198]|hex|"4bd"
18:32:07.0 (115296653)|STATEMENT_EXECUTE|[199]
18:32:07.0 (115297765)|HEAP_ALLOCATE|[199]|Bytes:4
18:32:07.0 (115300378)|VARIABLE_ASSIGNMENT|[199]|val|0
18:32:07.0 (115302747)|STATEMENT_EXECUTE|[201]
18:32:07.0 (115304843)|METHOD_EXIT|[188]|01pa500000QOKzh|NavigatorService.intToHex(Integer)
18:32:07.0 (115307057)|VARIABLE_SCOPE_BEGIN|[188]|h|String|false|false
18:32:07.0 (115311005)|VARIABLE_ASSIGNMENT|[188]|h|"4bd"
18:32:07.0 (115318002)|STATEMENT_EXECUTE|[189]
18:32:07.0 (115319508)|HEAP_ALLOCATE|[189]|Bytes:4
18:32:07.0 (115322380)|VARIABLE_ASSIGNMENT|[189]|h|"04bd"
18:32:07.0 (115330554)|STATEMENT_EXECUTE|[190]
18:32:07.0 (115333530)|METHOD_EXIT|[175]|01pa500000QOKzh|NavigatorService.intToHex4(Integer)
18:32:07.0 (115338198)|HEAP_ALLOCATE|[175]|Bytes:8
18:32:07.0 (115342932)|VARIABLE_ASSIGNMENT|[175]|seqHex|"308204bd"
18:32:07.0 (115345983)|STATEMENT_EXECUTE|[178]
18:32:07.0 (115348529)|HEAP_ALLOCATE|[178]|Bytes:2434
18:32:07.0 (115367458)|METHOD_ENTRY|[178]||System.EncodingUtil.convertFromHex(String)
18:32:07.0 (115439970)|METHOD_EXIT|[178]||System.EncodingUtil.convertFromHex(String)
18:32:07.0 (115446431)|METHOD_EXIT|[62]|01pa500000QOKzh|NavigatorService.pemToPrivateKeyBlob(String)
18:32:07.0 (115449702)|VARIABLE_SCOPE_BEGIN|[62]|privateKeyBlob|Blob|false|false
18:32:07.0 (115485265)|VARIABLE_ASSIGNMENT|[62]|privateKeyBlob|BLOB(1217 bytes)
18:32:07.0 (115488275)|STATEMENT_EXECUTE|[63]
18:32:07.0 (115490034)|HEAP_ALLOCATE|[63]|Bytes:10
18:32:07.0 (115509711)|HEAP_ALLOCATE|[63]|Bytes:4
18:32:07.0 (115547025)|HEAP_ALLOCATE|[63]|Bytes:55
18:32:07.0 (115555320)|SYSTEM_METHOD_ENTRY|[1]|Crypto.Crypto()
18:32:07.0 (115557415)|STATEMENT_EXECUTE|[1]
18:32:07.0 (115562084)|SYSTEM_METHOD_EXIT|[1]|Crypto
18:32:07.0 (115576224)|METHOD_ENTRY|[63]||System.Crypto.sign(String, Blob, Blob)
18:32:07.0 (118141515)|METHOD_EXIT|[63]||System.Crypto.sign(String, Blob, Blob)
18:32:07.0 (118156705)|VARIABLE_SCOPE_BEGIN|[63]|sig|Blob|false|false
18:32:07.0 (118202000)|VARIABLE_ASSIGNMENT|[63]|sig|BLOB(256 bytes)
18:32:07.0 (118207785)|STATEMENT_EXECUTE|[64]
18:32:07.0 (118221208)|METHOD_ENTRY|[64]|01pa500000QOKzh|NavigatorService.base64UrlEncode(Blob)
18:32:07.0 (118246983)|VARIABLE_SCOPE_BEGIN|[134]|input|Blob|false|false
18:32:07.0 (118254625)|VARIABLE_ASSIGNMENT|[134]|input|BLOB(256 bytes)
18:32:07.0 (118269213)|HEAP_ALLOCATE|[135]|Bytes:5
18:32:07.0 (118273413)|STATEMENT_EXECUTE|[134]
18:32:07.0 (118274653)|STATEMENT_EXECUTE|[135]
18:32:07.0 (118278682)|METHOD_ENTRY|[135]||System.EncodingUtil.base64Encode(Blob)
18:32:07.0 (118337643)|METHOD_EXIT|[135]||System.EncodingUtil.base64Encode(Blob)
18:32:07.0 (118364601)|HEAP_ALLOCATE|[136]|Bytes:342
18:32:07.0 (118379265)|HEAP_ALLOCATE|[136]|Bytes:342
18:32:07.0 (118391387)|HEAP_ALLOCATE|[136]|Bytes:342
18:32:07.0 (118399048)|METHOD_EXIT|[64]|01pa500000QOKzh|NavigatorService.base64UrlEncode(Blob)
18:32:07.0 (118405524)|HEAP_ALLOCATE|[64]|Bytes:768
18:32:07.0 (118408385)|VARIABLE_SCOPE_BEGIN|[64]|jwt|String|false|false
18:32:07.0 (118419419)|VARIABLE_ASSIGNMENT|[64]|jwt|"eyJ0eXAiOiJKV1QiLCJh (748 more) ..."
18:32:07.0 (118422118)|STATEMENT_EXECUTE|[66]
18:32:07.0 (118450418)|VARIABLE_SCOPE_BEGIN|[66]|tokenReq|System.HttpRequest|true|false
18:32:07.0 (118628068)|VARIABLE_ASSIGNMENT|[66]|tokenReq|"System.HttpRequest[Endpoint=null, Method=null]"|0x1d88c9a7
18:32:07.0 (118633753)|STATEMENT_EXECUTE|[67]
18:32:07.0 (118640096)|HEAP_ALLOCATE|[67]|Bytes:12
18:32:07.0 (118646285)|HEAP_ALLOCATE|[67]|Bytes:42
18:32:07.0 (118712428)|STATEMENT_EXECUTE|[68]
18:32:07.0 (118714203)|HEAP_ALLOCATE|[68]|Bytes:4
18:32:07.0 (118729572)|STATEMENT_EXECUTE|[69]
18:32:07.0 (118731178)|HEAP_ALLOCATE|[69]|Bytes:12
18:32:07.0 (118734533)|HEAP_ALLOCATE|[69]|Bytes:33
18:32:07.0 (118763077)|STATEMENT_EXECUTE|[70]
18:32:07.0 (118764973)|HEAP_ALLOCATE|[70]|Bytes:65
18:32:07.0 (118768288)|HEAP_ALLOCATE|[71]|Bytes:5
18:32:07.0 (118779619)|METHOD_ENTRY|[71]||System.EncodingUtil.urlEncode(String, String)
18:32:07.0 (118834008)|METHOD_EXIT|[71]||System.EncodingUtil.urlEncode(String, String)
18:32:07.0 (118838195)|HEAP_ALLOCATE|[70]|Bytes:833
18:32:07.0 (118892576)|STATEMENT_EXECUTE|[73]
18:32:07.0 (119005229)|CALLOUT_REQUEST|[73]|System.HttpRequest[Endpoint=https://account-d.docusign.com/oauth/token, Method=POST]
18:32:07.0 (349949396)|HEAP_ALLOCATE|[EXTERNAL]|Bytes:1819
18:32:07.0 (351852733)|CALLOUT_RESPONSE|[73]|System.HttpResponse[Status=OK, StatusCode=200]
18:32:07.0 (351881546)|HEAP_ALLOCATE|[73]|Bytes:1308
18:32:07.0 (351911943)|VARIABLE_SCOPE_BEGIN|[73]|tokenRes|System.HttpResponse|true|false
18:32:07.0 (351973038)|VARIABLE_ASSIGNMENT|[73]|tokenRes|"System.HttpResponse[Status=OK, StatusCode=200]"|0x47e8cf52
18:32:07.0 (352045190)|STATEMENT_EXECUTE|[74]
18:32:07.0 (352050014)|STATEMENT_EXECUTE|[78]
18:32:07.0 (352121366)|HEAP_ALLOCATE|[78]|Bytes:1302
18:32:07.0 (352146052)|METHOD_ENTRY|[78]||System.JSON.deserializeUntyped(String)
18:32:07.0 (352470351)|METHOD_EXIT|[78]||System.JSON.deserializeUntyped(String)
18:32:07.0 (352478508)|VARIABLE_SCOPE_BEGIN|[78]|tokenMap|Map<String,ANY>|true|false
18:32:07.0 (352509433)|VARIABLE_ASSIGNMENT|[78]|tokenMap|{"access_token":"eyJ0eXAiOiJKV1QiLCJh (1088 more) ...","token_type":"Bearer","expires_in":3600,"scope":"signature adm_store_ (104 more) ..."}|0x791d789e
18:32:07.0 (352516307)|HEAP_ALLOCATE|[79]|Bytes:12
18:32:07.0 (352543655)|STATEMENT_EXECUTE|[79]
18:32:07.0 (352545575)|STATEMENT_EXECUTE|[82]
18:32:07.0 (352566674)|METHOD_EXIT|[180]|01pa500000QOKzh|NavigatorService.getAccessToken(NavigatorService.Config)
18:32:07.0 (352571539)|VARIABLE_SCOPE_BEGIN|[180]|token|String|false|false
18:32:07.0 (352578105)|VARIABLE_ASSIGNMENT|[180]|token|"eyJ0eXAiOiJKV1QiLCJh (1088 more) ..."
18:32:07.0 (352584735)|STATEMENT_EXECUTE|[181]
18:32:07.0 (352596753)|HEAP_ALLOCATE|[181]|Bytes:12
18:32:07.0 (352609102)|METHOD_ENTRY|[181]|01pa500000QRBV4|WorkspaceService.toApiId(String)
18:32:07.0 (352620989)|VARIABLE_SCOPE_BEGIN|[240]|workspaceId|String|false|false
18:32:07.0 (352629537)|VARIABLE_ASSIGNMENT|[240]|workspaceId|"1978033"
18:32:07.0 (352640710)|HEAP_ALLOCATE|[241]|Bytes:5
18:32:07.0 (352643195)|STATEMENT_EXECUTE|[240]
18:32:07.0 (352679566)|STATEMENT_EXECUTE|[241]
18:32:07.0 (352680735)|STATEMENT_EXECUTE|[242]
18:32:07.0 (352688589)|METHOD_ENTRY|[242]|01pa500000QRBV4|WorkspaceService.numericIdToUuid(String)
18:32:07.0 (352696040)|VARIABLE_SCOPE_BEGIN|[246]|numericId|String|false|false
18:32:07.0 (352702602)|VARIABLE_ASSIGNMENT|[246]|numericId|"1978033"
18:32:07.0 (352709829)|HEAP_ALLOCATE|[247]|Bytes:5
18:32:07.0 (352713029)|STATEMENT_EXECUTE|[246]
18:32:07.0 (352714201)|STATEMENT_EXECUTE|[247]
18:32:07.0 (352744389)|HEAP_ALLOCATE|[247]|Bytes:12
18:32:07.0 (352752285)|VARIABLE_SCOPE_BEGIN|[247]|val|Long|false|false
18:32:07.0 (352760275)|VARIABLE_ASSIGNMENT|[247]|val|1978033
18:32:07.0 (352763505)|STATEMENT_EXECUTE|[248]
18:32:07.0 (352766187)|VARIABLE_SCOPE_BEGIN|[248]|hexChars|String|false|false
18:32:07.0 (352773466)|VARIABLE_ASSIGNMENT|[248]|hexChars|"0123456789abcdef"
18:32:07.0 (352776655)|STATEMENT_EXECUTE|[249]
18:32:07.0 (352778944)|VARIABLE_SCOPE_BEGIN|[249]|hex|String|false|false
18:32:07.0 (352785520)|VARIABLE_ASSIGNMENT|[249]|hex|""
18:32:07.0 (352788708)|STATEMENT_EXECUTE|[250]
18:32:07.0 (352790265)|VARIABLE_SCOPE_BEGIN|[250]|remaining|Long|false|false
18:32:07.0 (352796240)|VARIABLE_ASSIGNMENT|[250]|remaining|1978033
18:32:07.0 (352807952)|HEAP_ALLOCATE|[251]|Bytes:12
18:32:07.0 (352813505)|STATEMENT_EXECUTE|[251]
18:32:07.0 (352814750)|STATEMENT_EXECUTE|[252]
18:32:07.0 (352818440)|HEAP_ALLOCATE|[252]|Bytes:12
18:32:07.0 (352860627)|METHOD_ENTRY|[252]||System.Math.mod(Long, Long)
18:32:07.0 (352926828)|METHOD_EXIT|[252]||System.Math.mod(Long, Long)
18:32:07.0 (352946364)|VARIABLE_SCOPE_BEGIN|[252]|digit|Integer|false|false
18:32:07.0 (352953250)|HEAP_ALLOCATE|[252]|Bytes:4
18:32:07.0 (352959220)|VARIABLE_ASSIGNMENT|[252]|digit|1
18:32:07.0 (352963210)|STATEMENT_EXECUTE|[253]
18:32:07.0 (352982845)|HEAP_ALLOCATE|[253]|Bytes:1
18:32:07.0 (352994590)|HEAP_ALLOCATE|[253]|Bytes:1
18:32:07.0 (352999899)|VARIABLE_ASSIGNMENT|[253]|hex|"1"
18:32:07.0 (353003185)|STATEMENT_EXECUTE|[254]
18:32:07.0 (353008930)|HEAP_ALLOCATE|[254]|Bytes:12
18:32:07.0 (353015755)|HEAP_ALLOCATE|[254]|Bytes:12
18:32:07.0 (353019455)|VARIABLE_ASSIGNMENT|[254]|remaining|123627
18:32:07.0 (353023515)|HEAP_ALLOCATE|[251]|Bytes:12
18:32:07.0 (353025846)|STATEMENT_EXECUTE|[251]
18:32:07.0 (353026770)|STATEMENT_EXECUTE|[252]
18:32:07.0 (353028096)|HEAP_ALLOCATE|[252]|Bytes:12
18:32:07.0 (353031262)|METHOD_ENTRY|[252]||System.Math.mod(Long, Long)
18:32:07.0 (353048165)|METHOD_EXIT|[252]||System.Math.mod(Long, Long)
18:32:07.0 (353055000)|VARIABLE_SCOPE_BEGIN|[252]|digit|Integer|false|false
18:32:07.0 (353058396)|HEAP_ALLOCATE|[252]|Bytes:4
18:32:07.0 (353060985)|VARIABLE_ASSIGNMENT|[252]|digit|11
18:32:07.0 (353063114)|STATEMENT_EXECUTE|[253]
18:32:07.0 (353067075)|HEAP_ALLOCATE|[253]|Bytes:1
18:32:07.0 (353071594)|HEAP_ALLOCATE|[253]|Bytes:2
18:32:07.0 (353074853)|VARIABLE_ASSIGNMENT|[253]|hex|"b1"
18:32:07.0 (353076795)|STATEMENT_EXECUTE|[254]
18:32:07.0 (353078474)|HEAP_ALLOCATE|[254]|Bytes:12
18:32:07.0 (353080817)|HEAP_ALLOCATE|[254]|Bytes:12
18:32:07.0 (353083547)|VARIABLE_ASSIGNMENT|[254]|remaining|7726
18:32:07.0 (353086411)|HEAP_ALLOCATE|[251]|Bytes:12
18:32:07.0 (353088215)|STATEMENT_EXECUTE|[251]
18:32:07.0 (353089076)|STATEMENT_EXECUTE|[252]
18:32:07.0 (353090374)|HEAP_ALLOCATE|[252]|Bytes:12
18:32:07.0 (353098050)|METHOD_ENTRY|[252]||System.Math.mod(Long, Long)
18:32:07.0 (353132597)|METHOD_EXIT|[252]||System.Math.mod(Long, Long)
18:32:07.0 (353139247)|VARIABLE_SCOPE_BEGIN|[252]|digit|Integer|false|false
18:32:07.0 (353142590)|HEAP_ALLOCATE|[252]|Bytes:4
18:32:07.0 (353145235)|VARIABLE_ASSIGNMENT|[252]|digit|14
18:32:07.0 (353147229)|STATEMENT_EXECUTE|[253]
18:32:07.0 (353150896)|HEAP_ALLOCATE|[253]|Bytes:1
18:32:07.0 (353155060)|HEAP_ALLOCATE|[253]|Bytes:3
18:32:07.0 (353157938)|VARIABLE_ASSIGNMENT|[253]|hex|"eb1"
18:32:07.0 (353159883)|STATEMENT_EXECUTE|[254]
18:32:07.0 (353161528)|HEAP_ALLOCATE|[254]|Bytes:12
18:32:07.0 (353163855)|HEAP_ALLOCATE|[254]|Bytes:12
18:32:07.0 (353166422)|VARIABLE_ASSIGNMENT|[254]|remaining|482
18:32:07.0 (353169210)|HEAP_ALLOCATE|[251]|Bytes:12
18:32:07.0 (353171243)|STATEMENT_EXECUTE|[251]
18:32:07.0 (353171994)|STATEMENT_EXECUTE|[252]
18:32:07.0 (353173300)|HEAP_ALLOCATE|[252]|Bytes:12
18:32:07.0 (353175610)|METHOD_ENTRY|[252]||System.Math.mod(Long, Long)
18:32:07.0 (353187463)|METHOD_EXIT|[252]||System.Math.mod(Long, Long)
18:32:07.0 (353193263)|VARIABLE_SCOPE_BEGIN|[252]|digit|Integer|false|false
18:32:07.0 (353196313)|HEAP_ALLOCATE|[252]|Bytes:4
18:32:07.0 (353198916)|VARIABLE_ASSIGNMENT|[252]|digit|2
18:32:07.0 (353200819)|STATEMENT_EXECUTE|[253]
18:32:07.0 (353204246)|HEAP_ALLOCATE|[253]|Bytes:1
18:32:07.0 (353208368)|HEAP_ALLOCATE|[253]|Bytes:4
18:32:07.0 (353211268)|VARIABLE_ASSIGNMENT|[253]|hex|"2eb1"
18:32:07.0 (353213362)|STATEMENT_EXECUTE|[254]
18:32:07.0 (353214953)|HEAP_ALLOCATE|[254]|Bytes:12
18:32:07.0 (353217327)|HEAP_ALLOCATE|[254]|Bytes:12
18:32:07.0 (353219972)|VARIABLE_ASSIGNMENT|[254]|remaining|30
18:32:07.0 (353222605)|HEAP_ALLOCATE|[251]|Bytes:12
18:32:07.0 (353224387)|STATEMENT_EXECUTE|[251]
18:32:07.0 (353225178)|STATEMENT_EXECUTE|[252]
18:32:07.0 (353226461)|HEAP_ALLOCATE|[252]|Bytes:12
18:32:07.0 (353228545)|METHOD_ENTRY|[252]||System.Math.mod(Long, Long)
18:32:07.0 (353238895)|METHOD_EXIT|[252]||System.Math.mod(Long, Long)
18:32:07.0 (353244812)|VARIABLE_SCOPE_BEGIN|[252]|digit|Integer|false|false
18:32:07.0 (353247879)|HEAP_ALLOCATE|[252]|Bytes:4
18:32:07.0 (353250375)|VARIABLE_ASSIGNMENT|[252]|digit|14
18:32:07.0 (353252294)|STATEMENT_EXECUTE|[253]
18:32:07.0 (353255646)|HEAP_ALLOCATE|[253]|Bytes:1
18:32:07.0 (353259586)|HEAP_ALLOCATE|[253]|Bytes:5
18:32:07.0 (353262580)|VARIABLE_ASSIGNMENT|[253]|hex|"e2eb1"
18:32:07.0 (353264501)|STATEMENT_EXECUTE|[254]
18:32:07.0 (353266125)|HEAP_ALLOCATE|[254]|Bytes:12
18:32:07.0 (353268336)|HEAP_ALLOCATE|[254]|Bytes:12
18:32:07.0 (353270921)|VARIABLE_ASSIGNMENT|[254]|remaining|1
18:32:07.0 (353273616)|HEAP_ALLOCATE|[251]|Bytes:12
18:32:07.0 (353275405)|STATEMENT_EXECUTE|[251]
18:32:07.0 (353276183)|STATEMENT_EXECUTE|[252]
18:32:07.0 (353277460)|HEAP_ALLOCATE|[252]|Bytes:12
18:32:07.0 (353279580)|METHOD_ENTRY|[252]||System.Math.mod(Long, Long)
18:32:07.0 (353289576)|METHOD_EXIT|[252]||System.Math.mod(Long, Long)
18:32:07.0 (353295505)|VARIABLE_SCOPE_BEGIN|[252]|digit|Integer|false|false
18:32:07.0 (353298410)|HEAP_ALLOCATE|[252]|Bytes:4
18:32:07.0 (353300868)|VARIABLE_ASSIGNMENT|[252]|digit|1
18:32:07.0 (353302765)|STATEMENT_EXECUTE|[253]
18:32:07.0 (353306070)|HEAP_ALLOCATE|[253]|Bytes:1
18:32:07.0 (353310092)|HEAP_ALLOCATE|[253]|Bytes:6
18:32:07.0 (353313093)|VARIABLE_ASSIGNMENT|[253]|hex|"1e2eb1"
18:32:07.0 (353314985)|STATEMENT_EXECUTE|[254]
18:32:07.0 (353316571)|HEAP_ALLOCATE|[254]|Bytes:12
18:32:07.0 (353318769)|HEAP_ALLOCATE|[254]|Bytes:12
18:32:07.0 (353321441)|VARIABLE_ASSIGNMENT|[254]|remaining|0
18:32:07.0 (353324105)|HEAP_ALLOCATE|[251]|Bytes:12
18:32:07.0 (353341215)|STATEMENT_EXECUTE|[256]
18:32:07.0 (353344045)|HEAP_ALLOCATE|[256]|Bytes:7
18:32:07.0 (353347378)|VARIABLE_ASSIGNMENT|[256]|hex|"01e2eb1"
18:32:07.0 (353354710)|STATEMENT_EXECUTE|[256]
18:32:07.0 (353356099)|HEAP_ALLOCATE|[256]|Bytes:8
18:32:07.0 (353359182)|VARIABLE_ASSIGNMENT|[256]|hex|"001e2eb1"
18:32:07.0 (353365930)|STATEMENT_EXECUTE|[257]
18:32:07.0 (353368000)|HEAP_ALLOCATE|[257]|Bytes:28
18:32:07.0 (353370470)|HEAP_ALLOCATE|[257]|Bytes:36
18:32:07.0 (353377447)|METHOD_EXIT|[242]|01pa500000QRBV4|WorkspaceService.numericIdToUuid(String)
18:32:07.0 (353382120)|METHOD_EXIT|[181]|01pa500000QRBV4|WorkspaceService.toApiId(String)
18:32:07.0 (353384923)|HEAP_ALLOCATE|[181]|Bytes:10
18:32:07.0 (353392391)|HEAP_ALLOCATE|[181]|Bytes:133
18:32:07.0 (353394519)|VARIABLE_SCOPE_BEGIN|[181]|url|String|false|false
18:32:07.0 (353400702)|VARIABLE_ASSIGNMENT|[181]|url|"callout:DocuSign_Nav (113 more) ..."
18:32:07.0 (353403271)|STATEMENT_EXECUTE|[183]
18:32:07.0 (353412139)|METHOD_ENTRY|[183]|01pa500000QOKzh|NavigatorService.callGet(String, String)
18:32:07.0 (353420985)|VARIABLE_SCOPE_BEGIN|[112]|url|String|false|false
18:32:07.0 (353427037)|VARIABLE_ASSIGNMENT|[112]|url|"callout:DocuSign_Nav (113 more) ..."
18:32:07.0 (353429229)|VARIABLE_SCOPE_BEGIN|[112]|accessToken|String|false|false
18:32:07.0 (353433933)|VARIABLE_ASSIGNMENT|[112]|accessToken|"eyJ0eXAiOiJKV1QiLCJh (1088 more) ..."
18:32:07.0 (353440952)|HEAP_ALLOCATE|[113]|Bytes:5
18:32:07.0 (353443425)|STATEMENT_EXECUTE|[112]
18:32:07.0 (353444388)|STATEMENT_EXECUTE|[113]
18:32:07.0 (353463785)|VARIABLE_SCOPE_BEGIN|[113]|req|System.HttpRequest|true|false
18:32:07.0 (353553164)|VARIABLE_ASSIGNMENT|[113]|req|"System.HttpRequest[Endpoint=null, Method=null]"|0x6756dee8
18:32:07.0 (353558173)|STATEMENT_EXECUTE|[114]
18:32:07.0 (353595610)|STATEMENT_EXECUTE|[115]
18:32:07.0 (353597629)|HEAP_ALLOCATE|[115]|Bytes:3
18:32:07.0 (353608525)|STATEMENT_EXECUTE|[116]
18:32:07.0 (353610088)|HEAP_ALLOCATE|[116]|Bytes:13
18:32:07.0 (353612384)|HEAP_ALLOCATE|[116]|Bytes:7
18:32:07.0 (353615987)|HEAP_ALLOCATE|[116]|Bytes:1115
18:32:07.0 (353630742)|STATEMENT_EXECUTE|[117]
18:32:07.0 (353631987)|HEAP_ALLOCATE|[117]|Bytes:6
18:32:07.0 (353634511)|HEAP_ALLOCATE|[117]|Bytes:16
18:32:07.0 (353641896)|STATEMENT_EXECUTE|[118]
18:32:07.0 (353684592)|CALLOUT_REQUEST|[118]|System.HttpRequest[Endpoint=callout:DocuSign_Navigator/v1/accounts/6cba485c-0fae-4108-acc1-b0678559780c/workspaces/001e2eb1-0000-0000-0000-000000000000/envelopes, Method=GET]
18:32:09.771 (2771236699)|NAMED_CREDENTIAL_REQUEST|NamedCallout[Named Credential Id=0XAa5000000TNyv, Named Credential Name=DocuSign_Navigator, Endpoint=https://api-d.docusign.com/v1/accounts/6cba485c-0fae-4108-acc1-b0678559780c/workspaces/001e2eb1-0000-0000-0000-000000000000/envelopes, Method=GET, External Credential Type=EXTERNAL, HTTP Header Authorization=Method: Not set - Credential: Not set, Content-Type=null, Request Size bytes=-1, Retry on 401=True]
18:32:09.772 (2772208991)|HEAP_ALLOCATE|[EXTERNAL]|Bytes:569
18:32:09.776 (2776244634)|NAMED_CREDENTIAL_RESPONSE|NamedCallout[Named Credential Id=0XAa5000000TNyv, Named Credential Name=DocuSign_Navigator, Status Code=200, Content-Type=null, Response Size bytes=163, Overall Callout Time ms=2393, Connect Time ms=4, Interceptor Time ms=0
18:32:09.772 (2777050396)|CALLOUT_RESPONSE|[118]|System.HttpResponse[Status=OK, StatusCode=200]
18:32:09.772 (2777078023)|HEAP_ALLOCATE|[118]|Bytes:169
18:32:09.772 (2777121330)|METHOD_EXIT|[183]|01pa500000QOKzh|NavigatorService.callGet(String, String)
18:32:09.772 (2777131120)|VARIABLE_SCOPE_BEGIN|[183]|res|System.HttpResponse|true|false
18:32:09.772 (2777190306)|VARIABLE_ASSIGNMENT|[183]|res|"System.HttpResponse[Status=OK, StatusCode=200]"|0x73488d71
18:32:09.772 (2777262014)|STATEMENT_EXECUTE|[184]
18:32:09.772 (2777267535)|STATEMENT_EXECUTE|[187]
18:32:09.772 (2777292883)|HEAP_ALLOCATE|[187]|Bytes:163
18:32:09.772 (2777307755)|METHOD_ENTRY|[187]||System.JSON.deserializeUntyped(String)
18:32:09.772 (2781395351)|METHOD_EXIT|[187]||System.JSON.deserializeUntyped(String)
18:32:09.772 (2781414851)|VARIABLE_SCOPE_BEGIN|[187]|body|Map<String,ANY>|true|false
18:32:09.772 (2781438405)|HEAP_ALLOCATE|[EXTERNAL]|Bytes:12
18:32:09.772 (2781476401)|VARIABLE_ASSIGNMENT|[187]|body|{"envelopes":[{"envelope_id":"76172113-0324-8b29-8 (16 more) ...","status":"created"},{"envelope_id":"2bed25bb-c6c5-89fc-8 (16 more) ...","status":"created"}]}|0x21b941d6
18:32:09.772 (2781484155)|STATEMENT_EXECUTE|[188]
18:32:09.772 (2781489754)|HEAP_ALLOCATE|[188]|Bytes:9
18:32:09.772 (2781550061)|METHOD_EXIT|[144]|01pa500000QRBV4|WorkspaceService.getWorkspaceEnvelopes(String)
18:32:09.781 (2781571636)|CUMULATIVE_LIMIT_USAGE
18:32:09.781 (2781571636)|LIMIT_USAGE_FOR_NS|(default)|
  Number of SOQL queries: 1 out of 100
  Number of query rows: 1 out of 50000
  Number of SOSL queries: 0 out of 20
  Number of DML statements: 0 out of 150
  Number of Publish Immediate DML: 0 out of 150
  Number of DML rows: 0 out of 10000
  Maximum CPU time: 0 out of 10000
  Maximum heap size: 0 out of 6000000
  Number of callouts: 2 out of 100
  Number of Email Invocations: 0 out of 10
  Number of future calls: 0 out of 50
  Number of queueable jobs added to the queue: 0 out of 50
  Number of Mobile Apex push calls: 0 out of 10

18:32:09.781 (2781571636)|CUMULATIVE_LIMIT_USAGE_END

18:32:09.772 (2810491148)|CODE_UNIT_FINISHED|WorkspaceController.getWorkspaceEnvelopes(String)
18:32:09.772 (2810788982)|CODE_UNIT_FINISHED|apex://WorkspaceController/ACTION$getWorkspaceEnvelopes
18:32:09.772 (2810799444)|EXECUTION_FINISHED
